#
# There is insufficient memory for the Java Runtime Environment to continue.
# Native memory allocation (malloc) failed to allocate 1048576 bytes for AllocateHeap
# Possible reasons:
#   The system is out of physical RAM or swap space
#   In 32 bit mode, the process size limit was hit
# Possible solutions:
#   Reduce memory load on the system
#   Increase physical memory or swap space
#   Check if swap backing store is full
#   Use 64 bit Java on a 64 bit OS
#   Decrease Java heap size (-Xmx/-Xms)
#   Decrease number of Java threads
#   Decrease Java thread stack sizes (-Xss)
#   Set larger code cache with -XX:ReservedCodeCacheSize=
# This output file may be truncated or incomplete.
#
#  Out of Memory Error (memory/allocation.inline.hpp:61), pid=3608, tid=0x0000000000001460
#
# JRE version:  (8.0_76-b03) (build )
# Java VM: OpenJDK 64-Bit Server VM (25.76-b03 mixed mode windows-amd64 compressed oops)
# Failed to write core dump. Minidumps are not enabled by default on client versions of Windows
#

---------------  T H R E A D  ---------------

Current thread (0x0000000002ec0800):  JavaThread "Unknown thread" [_thread_in_vm, id=5216, stack(0x0000000002dc0000,0x0000000002ec0000)]

Stack: [0x0000000002dc0000,0x0000000002ec0000]
[error occurred during error reporting (printing stack bounds), id 0xc0000005]

Native frames: (J=compiled Java code, j=interpreted, Vv=VM code, C=native code)


---------------  P R O C E S S  ---------------

Java Threads: ( => current thread )

Other Threads:

=>0x0000000002ec0800 (exited) JavaThread "Unknown thread" [_thread_in_vm, id=5216, stack(0x0000000002dc0000,0x0000000002ec0000)]

VM state:not at safepoint (normal execution)

VM Mutex/Monitor currently owned by a thread: None

Heap:
 PSYoungGen      total 38400K, used 665K [0x00000000eab00000, 0x00000000ed580000, 0x0000000100000000)
  eden space 33280K, 2% used [0x00000000eab00000,0x00000000eaba6670,0x00000000ecb80000)
  from space 5120K, 0% used [0x00000000ed080000,0x00000000ed080000,0x00000000ed580000)
  to   space 5120K, 0% used [0x00000000ecb80000,0x00000000ecb80000,0x00000000ed080000)
 ParOldGen       total 87552K, used 0K [0x00000000c0000000, 0x00000000c5580000, 0x00000000eab00000)
  object space 87552K, 0% used [0x00000000c0000000,0x00000000c0000000,0x00000000c5580000)
 Metaspace       used 771K, capacity 4480K, committed 4480K, reserved 1056768K
  class space    used 73K, capacity 384K, committed 384K, reserved 1048576K

Card table byte_map: [0x0000000012380000,0x0000000012590000] byte_map_base: 0x0000000011d80000

Marking Bits: (ParMarkBitMap*) 0x00000000678a9d00
 Begin Bits: [0x0000000012ef0000, 0x0000000013ef0000)
 End Bits:   [0x0000000013ef0000, 0x0000000014ef0000)

Polling page: 0x0000000002cb0000

CodeCache: size=245760Kb used=328Kb max_used=328Kb free=245431Kb
 bounds [0x0000000002fc0000, 0x0000000003230000, 0x0000000011fc0000]
 total_blobs=57 nmethods=0 adapters=38
 compilation: enabled

Compilation events (0 events):
No events

GC Heap History (0 events):
No events

Deoptimization events (0 events):
No events

Internal exceptions (0 events):
No events

Events (10 events):
Event: 0.023 loading class java/lang/Short
Event: 0.023 loading class java/lang/Short done
Event: 0.023 loading class java/lang/Integer
Event: 0.023 loading class java/lang/Integer done
Event: 0.024 loading class java/lang/Long
Event: 0.024 loading class java/lang/Long done
Event: 0.024 loading class java/lang/NullPointerException
Event: 0.025 loading class java/lang/NullPointerException done
Event: 0.025 loading class java/lang/ArithmeticException
Event: 0.025 loading class java/lang/ArithmeticException done


Dynamic libraries:
0x00007ff645f10000 - 0x00007ff645f41000 	C:\Program Files\Android\Android Studio\jre\bin\java.exe
0x00007ffbcdc90000 - 0x00007ffbcde51000 	C:\WINDOWS\SYSTEM32\ntdll.dll
0x00007ffbcc130000 - 0x00007ffbcc1dd000 	C:\WINDOWS\system32\KERNEL32.DLL
0x00007ffbca770000 - 0x00007ffbca958000 	C:\WINDOWS\system32\KERNELBASE.dll
0x00007ffbcbd40000 - 0x00007ffbcbde7000 	C:\WINDOWS\system32\ADVAPI32.dll
0x00007ffbcdbf0000 - 0x00007ffbcdc8d000 	C:\WINDOWS\system32\msvcrt.dll
0x00007ffbcbce0000 - 0x00007ffbcbd3b000 	C:\WINDOWS\system32\sechost.dll
0x00007ffbcbfd0000 - 0x00007ffbcc0ec000 	C:\WINDOWS\system32\RPCRT4.dll
0x00007ffbcba70000 - 0x00007ffbcbbc6000 	C:\WINDOWS\system32\USER32.dll
0x00007ffbcb090000 - 0x00007ffbcb216000 	C:\WINDOWS\system32\GDI32.dll
0x00007ffbc2f40000 - 0x00007ffbc31b4000 	C:\WINDOWS\WinSxS\amd64_microsoft.windows.common-controls_6595b64144ccf1df_6.0.10586.589_none_a2ddb3caa539acce\COMCTL32.dll
0x00007ffbcd970000 - 0x00007ffbcdbed000 	C:\WINDOWS\system32\combase.dll
0x00007ffbcafb0000 - 0x00007ffbcb01a000 	C:\WINDOWS\system32\bcryptPrimitives.dll
0x00007ffbcc0f0000 - 0x00007ffbcc12b000 	C:\WINDOWS\system32\IMM32.DLL
0x0000000066f30000 - 0x0000000067002000 	C:\Program Files\Android\Android Studio\jre\jre\bin\msvcr100.dll
0x00000000670f0000 - 0x0000000067924000 	C:\Program Files\Android\Android Studio\jre\jre\bin\server\jvm.dll
0x00007ffbcbe00000 - 0x00007ffbcbe08000 	C:\WINDOWS\system32\PSAPI.DLL
0x00007ffbaeba0000 - 0x00007ffbaeba9000 	C:\WINDOWS\SYSTEM32\WSOCK32.dll
0x00007ffbcbf00000 - 0x00007ffbcbf6b000 	C:\WINDOWS\system32\WS2_32.dll
0x00007ffbc85f0000 - 0x00007ffbc8613000 	C:\WINDOWS\SYSTEM32\WINMM.dll
0x00007ffbc3260000 - 0x00007ffbc326a000 	C:\WINDOWS\SYSTEM32\VERSION.dll
0x00007ffbc84d0000 - 0x00007ffbc84fc000 	C:\WINDOWS\SYSTEM32\WINMMBASE.dll
0x00007ffbcb040000 - 0x00007ffbcb083000 	C:\WINDOWS\system32\cfgmgr32.dll
0x00007ffbc8470000 - 0x00007ffbc847f000 	C:\Program Files\Android\Android Studio\jre\jre\bin\verify.dll
0x00007ffbc3d90000 - 0x00007ffbc3db9000 	C:\Program Files\Android\Android Studio\jre\jre\bin\java.dll
0x00007ffbbd720000 - 0x00007ffbbd736000 	C:\Program Files\Android\Android Studio\jre\jre\bin\zip.dll

VM Arguments:
jvm_args: -Djava.awt.headless=true -Xmx1024M -Dfile.encoding=windows-1251 -Duser.country=RU -Duser.language=ru -Duser.variant 
java_command: com.android.dx.command.Main --dex --force-jumbo --num-threads=4 --multi-dex --output C:\Users\ren95\AndroidStudioProjects\circles\app\build\intermediates\transforms\dex\debug\folders\1000\5\slice_4 C:\Users\ren95\AndroidStudioProjects\circles\app\build\intermediates\transforms\instantRunSlicer\debug\folders\1\5\slice_4
java_class_path (initial): C:\Users\ren95\AppData\Local\Android\sdk\build-tools\23.0.3\lib\dx.jar
Launcher Type: SUN_STANDARD

Environment Variables:
PATH=C:\ProgramData\Oracle\Java\javapath;C:\WINDOWS\system32;C:\WINDOWS;C:\WINDOWS\System32\Wbem;C:\WINDOWS\System32\WindowsPowerShell\v1.0\;C:\Program Files\Git\cmd
USERNAME=ren95
OS=Windows_NT
PROCESSOR_IDENTIFIER=Intel64 Family 6 Model 58 Stepping 9, GenuineIntel



---------------  S Y S T E M  ---------------

OS: Windows 10.0 , 64 bit Build 10586 (10.0.10586.589)

CPU:total 8 (4 cores per cpu, 2 threads per core) family 6 model 58 stepping 9, cmov, cx8, fxsr, mmx, sse, sse2, sse3, ssse3, sse4.1, sse4.2, popcnt, avx, aes, clmul, erms, ht, tsc, tscinvbit, tscinv

Memory: 4k page, physical 8266736k(1371556k free), swap 8266736k(6480k free)

vm_info: OpenJDK 64-Bit Server VM (25.76-b03) for windows-amd64 JRE (1.8.0_76-release-b03), built on Jun 29 2016 19:09:20 by "ralucas" with MS VC++ 10.0 (VS2010)

time: Sat Oct 22 14:17:03 2016
elapsed time: 0 seconds (0d 0h 0m 0s)

