#
# There is insufficient memory for the Java Runtime Environment to continue.
# Native memory allocation (malloc) failed to allocate 32744 bytes for ChunkPool::allocate
# Possible reasons:
#   The system is out of physical RAM or swap space
#   In 32 bit mode, the process size limit was hit
# Possible solutions:
#   Reduce memory load on the system
#   Increase physical memory or swap space
#   Check if swap backing store is full
#   Use 64 bit Java on a 64 bit OS
#   Decrease Java heap size (-Xmx/-Xms)
#   Decrease number of Java threads
#   Decrease Java thread stack sizes (-Xss)
#   Set larger code cache with -XX:ReservedCodeCacheSize=
# This output file may be truncated or incomplete.
#
#  Out of Memory Error (allocation.cpp:273), pid=364, tid=0x0000000000003964
#
# JRE version: OpenJDK Runtime Environment (8.0_76-b03) (build 1.8.0_76-release-b03)
# Java VM: OpenJDK 64-Bit Server VM (25.76-b03 mixed mode windows-amd64 compressed oops)
# Failed to write core dump. Minidumps are not enabled by default on client versions of Windows
#

---------------  T H R E A D  ---------------

Current thread (0x00000000157eb000):  JavaThread "C2 CompilerThread2" daemon [_thread_in_native, id=14692, stack(0x00000000180b0000,0x00000000181b0000)]

Stack: [0x00000000180b0000,0x00000000181b0000]
[error occurred during error reporting (printing stack bounds), id 0xc0000005]

Native frames: (J=compiled Java code, j=interpreted, Vv=VM code, C=native code)


Current CompileTask:
C2:   1551 1314       4       com.android.dx.ssa.SCCP::simulateBranch (666 bytes)


---------------  P R O C E S S  ---------------

Java Threads: ( => current thread )
  0x0000000017ab9000 JavaThread "pool-2-thread-4" [_thread_in_vm, id=14136, stack(0x00000000190b0000,0x00000000191b0000)]
  0x0000000017ab8800 JavaThread "pool-2-thread-3" [_thread_blocked, id=4204, stack(0x0000000018fb0000,0x00000000190b0000)]
  0x00000000179dc000 JavaThread "pool-2-thread-2" [_thread_blocked, id=6680, stack(0x0000000018eb0000,0x0000000018fb0000)]
  0x00000000179db800 JavaThread "pool-3-thread-1" [_thread_blocked, id=8632, stack(0x0000000018db0000,0x0000000018eb0000)]
  0x0000000017ab5000 JavaThread "pool-2-thread-1" [_thread_blocked, id=14200, stack(0x0000000018cb0000,0x0000000018db0000)]
  0x0000000017767800 JavaThread "Service Thread" daemon [_thread_blocked, id=7248, stack(0x00000000182b0000,0x00000000183b0000)]
  0x00000000157ee800 JavaThread "C1 CompilerThread3" daemon [_thread_in_native, id=6076, stack(0x00000000181b0000,0x00000000182b0000)]
=>0x00000000157eb000 JavaThread "C2 CompilerThread2" daemon [_thread_in_native, id=14692, stack(0x00000000180b0000,0x00000000181b0000)]
  0x00000000176eb000 JavaThread "C2 CompilerThread1" daemon [_thread_in_native, id=13704, stack(0x0000000017fb0000,0x00000000180b0000)]
  0x00000000176e8000 JavaThread "C2 CompilerThread0" daemon [_thread_in_native, id=15496, stack(0x0000000017eb0000,0x0000000017fb0000)]
  0x00000000176e6000 JavaThread "Attach Listener" daemon [_thread_blocked, id=14244, stack(0x0000000017db0000,0x0000000017eb0000)]
  0x00000000176f5800 JavaThread "Signal Dispatcher" daemon [_thread_blocked, id=13680, stack(0x0000000017cb0000,0x0000000017db0000)]
  0x00000000176e0800 JavaThread "Finalizer" daemon [_thread_blocked, id=12648, stack(0x0000000017ac0000,0x0000000017bc0000)]
  0x0000000002cb4000 JavaThread "Reference Handler" daemon [_thread_blocked, id=13440, stack(0x00000000175c0000,0x00000000176c0000)]
  0x0000000002bc0800 JavaThread "main" [_thread_in_Java, id=8652, stack(0x0000000002a50000,0x0000000002b50000)]

Other Threads:
  0x00000000157d5000 VMThread [stack: 0x00000000174c0000,0x00000000175c0000] [id=11628]
  0x0000000017768800 WatcherThread [stack: 0x00000000183b0000,0x00000000184b0000] [id=15212]

VM state:not at safepoint (normal execution)

VM Mutex/Monitor currently owned by a thread: None

Heap:
 PSYoungGen      total 38400K, used 25588K [0x00000000eab00000, 0x00000000ef600000, 0x0000000100000000)
  eden space 33280K, 61% used [0x00000000eab00000,0x00000000ebeffdf8,0x00000000ecb80000)
  from space 5120K, 99% used [0x00000000ecb80000,0x00000000ed07d5c0,0x00000000ed080000)
  to   space 5120K, 0% used [0x00000000ef100000,0x00000000ef100000,0x00000000ef600000)
 ParOldGen       total 87552K, used 1417K [0x00000000c0000000, 0x00000000c5580000, 0x00000000eab00000)
  object space 87552K, 1% used [0x00000000c0000000,0x00000000c0162448,0x00000000c5580000)
 Metaspace       used 6005K, capacity 6960K, committed 7040K, reserved 1056768K
  class space    used 578K, capacity 616K, committed 640K, reserved 1048576K

Card table byte_map: [0x0000000012080000,0x0000000012290000] byte_map_base: 0x0000000011a80000

Marking Bits: (ParMarkBitMap*) 0x0000000064dc9d00
 Begin Bits: [0x0000000012bf0000, 0x0000000013bf0000)
 End Bits:   [0x0000000013bf0000, 0x0000000014bf0000)

Polling page: 0x0000000001400000

CodeCache: size=245760Kb used=5214Kb max_used=5214Kb free=240545Kb
 bounds [0x0000000002cc0000, 0x00000000031e0000, 0x0000000011cc0000]
 total_blobs=1607 nmethods=1339 adapters=182
 compilation: enabled

Compilation events (10 events):
Event: 1.509 Thread 0x00000000157ee800 nmethod 1334 0x00000000031d1910 code [0x00000000031d1a60, 0x00000000031d1b70]
Event: 1.544 Thread 0x00000000157ee800 1342       3       com.android.dx.ssa.SsaMethod::makeExitBlock (134 bytes)
Event: 1.545 Thread 0x00000000157ee800 nmethod 1342 0x00000000031d1bd0 code [0x00000000031d1e60, 0x00000000031d2e08]
Event: 1.545 Thread 0x00000000157ee800 1341       3       com.android.dx.ssa.LocalVariableExtractor::doit (59 bytes)
Event: 1.546 Thread 0x00000000157ee800 nmethod 1341 0x00000000031d3710 code [0x00000000031d38c0, 0x00000000031d3de8]
Event: 1.546 Thread 0x00000000157ee800 1346       3       com.android.dx.dex.code.BlockAddresses::setupArrays (113 bytes)
Event: 1.547 Thread 0x00000000157ee800 nmethod 1346 0x00000000031d3fd0 code [0x00000000031d4280, 0x00000000031d5cd8]
Event: 1.547 Thread 0x00000000157ee800 1350       3       com.android.dx.cf.iface.StdAttributeList::findNext (85 bytes)
Event: 1.548 Thread 0x00000000157ee800 nmethod 1350 0x00000000031d6b10 code [0x00000000031d6d00, 0x00000000031d7908]
Event: 1.548 Thread 0x00000000157ee800 1354       3       com.android.dx.rop.cst.CstString::stringToUtf8Bytes (175 bytes)

GC Heap History (2 events):
Event: 1.344 GC heap before
{Heap before GC invocations=1 (full 0):
 PSYoungGen      total 38400K, used 33280K [0x00000000eab00000, 0x00000000ed580000, 0x0000000100000000)
  eden space 33280K, 100% used [0x00000000eab00000,0x00000000ecb80000,0x00000000ecb80000)
  from space 5120K, 0% used [0x00000000ed080000,0x00000000ed080000,0x00000000ed580000)
  to   space 5120K, 0% used [0x00000000ecb80000,0x00000000ecb80000,0x00000000ed080000)
 ParOldGen       total 87552K, used 0K [0x00000000c0000000, 0x00000000c5580000, 0x00000000eab00000)
  object space 87552K, 0% used [0x00000000c0000000,0x00000000c0000000,0x00000000c5580000)
 Metaspace       used 5852K, capacity 6832K, committed 7040K, reserved 1056768K
  class space    used 572K, capacity 616K, committed 640K, reserved 1048576K
Event: 1.362 GC heap after
Heap after GC invocations=1 (full 0):
 PSYoungGen      total 38400K, used 5109K [0x00000000eab00000, 0x00000000ef600000, 0x0000000100000000)
  eden space 33280K, 0% used [0x00000000eab00000,0x00000000eab00000,0x00000000ecb80000)
  from space 5120K, 99% used [0x00000000ecb80000,0x00000000ed07d5c0,0x00000000ed080000)
  to   space 5120K, 0% used [0x00000000ef100000,0x00000000ef100000,0x00000000ef600000)
 ParOldGen       total 87552K, used 1417K [0x00000000c0000000, 0x00000000c5580000, 0x00000000eab00000)
  object space 87552K, 1% used [0x00000000c0000000,0x00000000c0162448,0x00000000c5580000)
 Metaspace       used 5852K, capacity 6832K, committed 7040K, reserved 1056768K
  class space    used 572K, capacity 616K, committed 640K, reserved 1048576K
}

Deoptimization events (3 events):
Event: 0.289 Thread 0x0000000002bc0800 Uncommon trap: reason=unstable_if action=reinterpret pc=0x0000000002e11314 method=java.lang.String.compareTo(Ljava/lang/String;)I @ 38
Event: 1.002 Thread 0x00000000179dc000 Uncommon trap: reason=unstable_if action=reinterpret pc=0x0000000002f8745c method=com.android.dx.rop.cst.Constant.compareTo(Lcom/android/dx/rop/cst/Constant;)I @ 12
Event: 1.530 Thread 0x00000000179dc000 Uncommon trap: reason=null_check action=make_not_entrant pc=0x0000000003195fe0 method=com.android.dx.rop.type.Type.equals(Ljava/lang/Object;)Z @ 8

Internal exceptions (3 events):
Event: 0.036 Thread 0x0000000002bc0800 Exception <a 'java/lang/NoSuchMethodError': Method sun.misc.Unsafe.defineClass(Ljava/lang/String;[BII)Ljava/lang/Class; name or signature does not match> (0x00000000eab07cc0) thrown at [C:\src\android\AOSP-openjdk\external\jetbrains\jdk\hotspot\src\share\vÀÚH×@‡¢?
Event: 0.036 Thread 0x0000000002bc0800 Exception <a 'java/lang/NoSuchMethodError': Method sun.misc.Unsafe.prefetchRead(Ljava/lang/Object;J)V name or signature does not match> (0x00000000eab07fa8) thrown at [C:\src\android\AOSP-openjdk\external\jetbrains\jdk\hotspot\src\share\vm\prims\jni.cpp, l¥$×|yø?
Event: 1.530 Thread 0x00000000179dc000 Implicit null exception at 0x0000000003195ee2 to 0x0000000003195fd2

Events (10 events):
Event: 1.482 loading class com/android/dx/cf/attrib/BaseAnnotations done
Event: 1.487 loading class com/android/dx/dex/file/ParameterAnnotationStruct
Event: 1.487 loading class com/android/dx/dex/file/ParameterAnnotationStruct done
Event: 1.488 loading class com/android/dx/dex/file/UniformListItem
Event: 1.488 loading class com/android/dx/dex/file/UniformListItem done
Event: 1.489 loading class com/android/dx/dex/file/AnnotationSetRefItem
Event: 1.489 loading class com/android/dx/dex/file/AnnotationSetRefItem done
Event: 1.530 Thread 0x00000000179dc000 Uncommon trap: trap_request=0xfffffff4 fr.pc=0x0000000003195fe0
Event: 1.530 Thread 0x00000000179dc000 DEOPT PACKING pc=0x0000000003195fe0 sp=0x0000000018fae6b0
Event: 1.530 Thread 0x00000000179dc000 DEOPT UNPACKING pc=0x0000000002d0556a sp=0x0000000018fae638 mode 2


Dynamic libraries:
0x00007ff6e47b0000 - 0x00007ff6e47e1000 	C:\Program Files\Android\Android Studio\jre\bin\java.exe
0x00007ffe5a290000 - 0x00007ffe5a451000 	C:\WINDOWS\SYSTEM32\ntdll.dll
0x00007ffe58070000 - 0x00007ffe5811d000 	C:\WINDOWS\system32\KERNEL32.DLL
0x00007ffe574a0000 - 0x00007ffe57688000 	C:\WINDOWS\system32\KERNELBASE.dll
0x00007ffe57950000 - 0x00007ffe579f7000 	C:\WINDOWS\system32\ADVAPI32.dll
0x00007ffe57c30000 - 0x00007ffe57ccd000 	C:\WINDOWS\system32\msvcrt.dll
0x00007ffe59b10000 - 0x00007ffe59b6b000 	C:\WINDOWS\system32\sechost.dll
0x00007ffe57cd0000 - 0x00007ffe57dec000 	C:\WINDOWS\system32\RPCRT4.dll
0x00007ffe577f0000 - 0x00007ffe57946000 	C:\WINDOWS\system32\USER32.dll
0x00007ffe57df0000 - 0x00007ffe57f76000 	C:\WINDOWS\system32\GDI32.dll
0x00007ffe4f430000 - 0x00007ffe4f6a4000 	C:\WINDOWS\WinSxS\amd64_microsoft.windows.common-controls_6595b64144ccf1df_6.0.10586.589_none_a2ddb3caa539acce\COMCTL32.dll
0x00007ffe58270000 - 0x00007ffe584ed000 	C:\WINDOWS\system32\combase.dll
0x00007ffe57210000 - 0x00007ffe5727a000 	C:\WINDOWS\system32\bcryptPrimitives.dll
0x00007ffe577a0000 - 0x00007ffe577db000 	C:\WINDOWS\system32\IMM32.DLL
0x0000000065070000 - 0x0000000065142000 	C:\Program Files\Android\Android Studio\jre\jre\bin\msvcr100.dll
0x0000000064610000 - 0x0000000064e44000 	C:\Program Files\Android\Android Studio\jre\jre\bin\server\jvm.dll
0x00007ffe584f0000 - 0x00007ffe584f8000 	C:\WINDOWS\system32\PSAPI.DLL
0x00007ffe3dd20000 - 0x00007ffe3dd29000 	C:\WINDOWS\SYSTEM32\WSOCK32.dll
0x00007ffe57f80000 - 0x00007ffe57feb000 	C:\WINDOWS\system32\WS2_32.dll
0x00007ffe54bc0000 - 0x00007ffe54be3000 	C:\WINDOWS\SYSTEM32\WINMM.dll
0x00007ffe4f7a0000 - 0x00007ffe4f7aa000 	C:\WINDOWS\SYSTEM32\VERSION.dll
0x00007ffe54ad0000 - 0x00007ffe54afc000 	C:\WINDOWS\SYSTEM32\WINMMBASE.dll
0x00007ffe57280000 - 0x00007ffe572c3000 	C:\WINDOWS\system32\cfgmgr32.dll
0x00007ffe503f0000 - 0x00007ffe503ff000 	C:\Program Files\Android\Android Studio\jre\jre\bin\verify.dll
0x00007ffe496f0000 - 0x00007ffe49719000 	C:\Program Files\Android\Android Studio\jre\jre\bin\java.dll
0x00007ffe50390000 - 0x00007ffe503a6000 	C:\Program Files\Android\Android Studio\jre\jre\bin\zip.dll
0x00007ffe58500000 - 0x00007ffe59a5c000 	C:\WINDOWS\system32\SHELL32.dll
0x00007ffe56b60000 - 0x00007ffe571a5000 	C:\WINDOWS\system32\windows.storage.dll
0x00007ffe57ff0000 - 0x00007ffe58042000 	C:\WINDOWS\system32\shlwapi.dll
0x00007ffe56920000 - 0x00007ffe5692f000 	C:\WINDOWS\system32\kernel.appcore.dll
0x00007ffe569f0000 - 0x00007ffe56aa5000 	C:\WINDOWS\system32\shcore.dll
0x00007ffe568d0000 - 0x00007ffe5691b000 	C:\WINDOWS\system32\powrprof.dll
0x00007ffe568b0000 - 0x00007ffe568c4000 	C:\WINDOWS\system32\profapi.dll

VM Arguments:
jvm_args: -Djava.awt.headless=true -Xmx1024M -Dfile.encoding=windows-1251 -Duser.country=RU -Duser.language=ru -Duser.variant 
java_command: com.android.dx.command.Main --dex --force-jumbo --num-threads=4 --multi-dex --output C:\Users\ren95\AndroidStudioProjects\circles\app\build\intermediates\transforms\dex\debug\folders\1000\10\internal_impl-23.3.0_2887c93337ab83ddb6671952cf6a25e2eceb54f9 C:\Users\ren95\AndroidStudioProjects\circles\app\build\intermediates\exploded-aar\com.android.support\support-v4\23.3.0\jars\libs\internal_impl-23.3.0.jar
java_class_path (initial): C:\Users\ren95\AppData\Local\Android\sdk\build-tools\23.0.3\lib\dx.jar
Launcher Type: SUN_STANDARD

Environment Variables:
PATH=C:\ProgramData\Oracle\Java\javapath;C:\WINDOWS\system32;C:\WINDOWS;C:\WINDOWS\System32\Wbem;C:\WINDOWS\System32\WindowsPowerShell\v1.0\;C:\Program Files\Git\cmd
USERNAME=ren95
OS=Windows_NT
PROCESSOR_IDENTIFIER=Intel64 Family 6 Model 58 Stepping 9, GenuineIntel



---------------  S Y S T E M  ---------------

OS: Windows 10.0 , 64 bit Build 10586 (10.0.10586.589)

CPU:total 8 (4 cores per cpu, 2 threads per core) family 6 model 58 stepping 9, cmov, cx8, fxsr, mmx, sse, sse2, sse3, ssse3, sse4.1, sse4.2, popcnt, avx, aes, clmul, erms, ht, tsc, tscinvbit, tscinv

Memory: 4k page, physical 8266736k(1343740k free), swap 8266736k(4092k free)

vm_info: OpenJDK 64-Bit Server VM (25.76-b03) for windows-amd64 JRE (1.8.0_76-release-b03), built on Jun 29 2016 19:09:20 by "ralucas" with MS VC++ 10.0 (VS2010)

time: Wed Oct 12 02:51:30 2016
elapsed time: 1 seconds (0d 0h 0m 1s)

