#
# There is insufficient memory for the Java Runtime Environment to continue.
# Native memory allocation (malloc) failed to allocate 1048576 bytes for AllocateHeap
# Possible reasons:
#   The system is out of physical RAM or swap space
#   In 32 bit mode, the process size limit was hit
# Possible solutions:
#   Reduce memory load on the system
#   Increase physical memory or swap space
#   Check if swap backing store is full
#   Use 64 bit Java on a 64 bit OS
#   Decrease Java heap size (-Xmx/-Xms)
#   Decrease number of Java threads
#   Decrease Java thread stack sizes (-Xss)
#   Set larger code cache with -XX:ReservedCodeCacheSize=
# This output file may be truncated or incomplete.
#
#  Out of Memory Error (memory/allocation.inline.hpp:61), pid=6220, tid=0x0000000000003d98
#
# JRE version:  (8.0_76-b03) (build )
# Java VM: OpenJDK 64-Bit Server VM (25.76-b03 mixed mode windows-amd64 compressed oops)
# Failed to write core dump. Minidumps are not enabled by default on client versions of Windows
#

---------------  T H R E A D  ---------------

Current thread (0x0000000002f20800):  JavaThread "Unknown thread" [_thread_in_vm, id=15768, stack(0x0000000002e20000,0x0000000002f20000)]

Stack: [0x0000000002e20000,0x0000000002f20000]
[error occurred during error reporting (printing stack bounds), id 0xc0000005]

Native frames: (J=compiled Java code, j=interpreted, Vv=VM code, C=native code)


---------------  P R O C E S S  ---------------

Java Threads: ( => current thread )

Other Threads:

=>0x0000000002f20800 (exited) JavaThread "Unknown thread" [_thread_in_vm, id=15768, stack(0x0000000002e20000,0x0000000002f20000)]

VM state:not at safepoint (normal execution)

VM Mutex/Monitor currently owned by a thread: None

Heap:
 PSYoungGen      total 38400K, used 665K [0x00000000eab00000, 0x00000000ed580000, 0x0000000100000000)
  eden space 33280K, 2% used [0x00000000eab00000,0x00000000eaba6670,0x00000000ecb80000)
  from space 5120K, 0% used [0x00000000ed080000,0x00000000ed080000,0x00000000ed580000)
  to   space 5120K, 0% used [0x00000000ecb80000,0x00000000ecb80000,0x00000000ed080000)
 ParOldGen       total 87552K, used 0K [0x00000000c0000000, 0x00000000c5580000, 0x00000000eab00000)
  object space 87552K, 0% used [0x00000000c0000000,0x00000000c0000000,0x00000000c5580000)
 Metaspace       used 771K, capacity 4480K, committed 4480K, reserved 1056768K
  class space    used 73K, capacity 384K, committed 384K, reserved 1048576K

Card table byte_map: [0x00000000123e0000,0x00000000125f0000] byte_map_base: 0x0000000011de0000

Marking Bits: (ParMarkBitMap*) 0x0000000064dc9d00
 Begin Bits: [0x0000000012f50000, 0x0000000013f50000)
 End Bits:   [0x0000000013f50000, 0x0000000014f50000)

Polling page: 0x0000000001580000

CodeCache: size=245760Kb used=328Kb max_used=328Kb free=245431Kb
 bounds [0x0000000003020000, 0x0000000003290000, 0x0000000012020000]
 total_blobs=57 nmethods=0 adapters=38
 compilation: enabled

Compilation events (0 events):
No events

GC Heap History (0 events):
No events

Deoptimization events (0 events):
No events

Internal exceptions (0 events):
No events

Events (10 events):
Event: 0.027 loading class java/lang/Short
Event: 0.027 loading class java/lang/Short done
Event: 0.027 loading class java/lang/Integer
Event: 0.027 loading class java/lang/Integer done
Event: 0.027 loading class java/lang/Long
Event: 0.027 loading class java/lang/Long done
Event: 0.028 loading class java/lang/NullPointerException
Event: 0.028 loading class java/lang/NullPointerException done
Event: 0.028 loading class java/lang/ArithmeticException
Event: 0.028 loading class java/lang/ArithmeticException done


Dynamic libraries:
0x00007ff6e47b0000 - 0x00007ff6e47e1000 	C:\Program Files\Android\Android Studio\jre\bin\java.exe
0x00007ffe5a290000 - 0x00007ffe5a451000 	C:\WINDOWS\SYSTEM32\ntdll.dll
0x00007ffe58070000 - 0x00007ffe5811d000 	C:\WINDOWS\system32\KERNEL32.DLL
0x00007ffe574a0000 - 0x00007ffe57688000 	C:\WINDOWS\system32\KERNELBASE.dll
0x00007ffe57950000 - 0x00007ffe579f7000 	C:\WINDOWS\system32\ADVAPI32.dll
0x00007ffe57c30000 - 0x00007ffe57ccd000 	C:\WINDOWS\system32\msvcrt.dll
0x00007ffe59b10000 - 0x00007ffe59b6b000 	C:\WINDOWS\system32\sechost.dll
0x00007ffe57cd0000 - 0x00007ffe57dec000 	C:\WINDOWS\system32\RPCRT4.dll
0x00007ffe577f0000 - 0x00007ffe57946000 	C:\WINDOWS\system32\USER32.dll
0x00007ffe57df0000 - 0x00007ffe57f76000 	C:\WINDOWS\system32\GDI32.dll
0x00007ffe4f430000 - 0x00007ffe4f6a4000 	C:\WINDOWS\WinSxS\amd64_microsoft.windows.common-controls_6595b64144ccf1df_6.0.10586.589_none_a2ddb3caa539acce\COMCTL32.dll
0x00007ffe58270000 - 0x00007ffe584ed000 	C:\WINDOWS\system32\combase.dll
0x00007ffe57210000 - 0x00007ffe5727a000 	C:\WINDOWS\system32\bcryptPrimitives.dll
0x00007ffe577a0000 - 0x00007ffe577db000 	C:\WINDOWS\system32\IMM32.DLL
0x0000000065070000 - 0x0000000065142000 	C:\Program Files\Android\Android Studio\jre\jre\bin\msvcr100.dll
0x0000000064610000 - 0x0000000064e44000 	C:\Program Files\Android\Android Studio\jre\jre\bin\server\jvm.dll
0x00007ffe584f0000 - 0x00007ffe584f8000 	C:\WINDOWS\system32\PSAPI.DLL
0x00007ffe3dd20000 - 0x00007ffe3dd29000 	C:\WINDOWS\SYSTEM32\WSOCK32.dll
0x00007ffe57f80000 - 0x00007ffe57feb000 	C:\WINDOWS\system32\WS2_32.dll
0x00007ffe54bc0000 - 0x00007ffe54be3000 	C:\WINDOWS\SYSTEM32\WINMM.dll
0x00007ffe4f7a0000 - 0x00007ffe4f7aa000 	C:\WINDOWS\SYSTEM32\VERSION.dll
0x0000000001550000 - 0x000000000157c000 	C:\WINDOWS\SYSTEM32\WINMMBASE.dll
0x00007ffe57280000 - 0x00007ffe572c3000 	C:\WINDOWS\system32\cfgmgr32.dll
0x00007ffe503f0000 - 0x00007ffe503ff000 	C:\Program Files\Android\Android Studio\jre\jre\bin\verify.dll
0x00007ffe496f0000 - 0x00007ffe49719000 	C:\Program Files\Android\Android Studio\jre\jre\bin\java.dll
0x00007ffe50390000 - 0x00007ffe503a6000 	C:\Program Files\Android\Android Studio\jre\jre\bin\zip.dll

VM Arguments:
jvm_args: -Djava.awt.headless=true -Xmx1024M -Dfile.encoding=windows-1251 -Duser.country=RU -Duser.language=ru -Duser.variant 
java_command: com.android.dx.command.Main --dex --force-jumbo --num-threads=4 --multi-dex --output C:\Users\ren95\AndroidStudioProjects\circles\app\build\intermediates\transforms\dex\debug\folders\1000\10\com.android.support-support-vector-drawable-23.3.0_a3db7e87bb502d45216384a46d47059792d3f7c8 C:\Users\ren95\AndroidStudioProjects\circles\app\build\intermediates\exploded-aar\com.android.support\support-vector-drawable\23.3.0\jars\classes.jar
java_class_path (initial): C:\Users\ren95\AppData\Local\Android\sdk\build-tools\23.0.3\lib\dx.jar
Launcher Type: SUN_STANDARD

Environment Variables:
PATH=C:\ProgramData\Oracle\Java\javapath;C:\WINDOWS\system32;C:\WINDOWS;C:\WINDOWS\System32\Wbem;C:\WINDOWS\System32\WindowsPowerShell\v1.0\;C:\Program Files\Git\cmd
USERNAME=ren95
OS=Windows_NT
PROCESSOR_IDENTIFIER=Intel64 Family 6 Model 58 Stepping 9, GenuineIntel



---------------  S Y S T E M  ---------------

OS: Windows 10.0 , 64 bit Build 10586 (10.0.10586.589)

CPU:total 8 (4 cores per cpu, 2 threads per core) family 6 model 58 stepping 9, cmov, cx8, fxsr, mmx, sse, sse2, sse3, ssse3, sse4.1, sse4.2, popcnt, avx, aes, clmul, erms, ht, tsc, tscinvbit, tscinv

Memory: 4k page, physical 8266736k(1287344k free), swap 8266736k(5648k free)

vm_info: OpenJDK 64-Bit Server VM (25.76-b03) for windows-amd64 JRE (1.8.0_76-release-b03), built on Jun 29 2016 19:09:20 by "ralucas" with MS VC++ 10.0 (VS2010)

time: Wed Oct 12 03:04:26 2016
elapsed time: 0 seconds (0d 0h 0m 0s)

