#
# There is insufficient memory for the Java Runtime Environment to continue.
# Native memory allocation (malloc) failed to allocate 525136 bytes for Chunk::new
# Possible reasons:
#   The system is out of physical RAM or swap space
#   In 32 bit mode, the process size limit was hit
# Possible solutions:
#   Reduce memory load on the system
#   Increase physical memory or swap space
#   Check if swap backing store is full
#   Use 64 bit Java on a 64 bit OS
#   Decrease Java heap size (-Xmx/-Xms)
#   Decrease number of Java threads
#   Decrease Java thread stack sizes (-Xss)
#   Set larger code cache with -XX:ReservedCodeCacheSize=
# This output file may be truncated or incomplete.
#
#  Out of Memory Error (allocation.cpp:390), pid=10040, tid=0x0000000000002560
#
# JRE version: OpenJDK Runtime Environment (8.0_76-b03) (build 1.8.0_76-release-b03)
# Java VM: OpenJDK 64-Bit Server VM (25.76-b03 mixed mode windows-amd64 compressed oops)
# Failed to write core dump. Minidumps are not enabled by default on client versions of Windows
#

---------------  T H R E A D  ---------------

Current thread (0x00000000178fe000):  JavaThread "C2 CompilerThread0" daemon [_thread_in_native, id=9568, stack(0x00000000180c0000,0x00000000181c0000)]

Stack: [0x00000000180c0000,0x00000000181c0000]
[error occurred during error reporting (printing stack bounds), id 0xc0000005]

Native frames: (J=compiled Java code, j=interpreted, Vv=VM code, C=native code)


Current CompileTask:
C2:   3011 1396       4       com.android.dx.ssa.SCCP::simulatePhi (169 bytes)


---------------  P R O C E S S  ---------------

Java Threads: ( => current thread )
  0x0000000017c13000 JavaThread "pool-2-thread-4" [_thread_in_vm, id=6296, stack(0x00000000192c0000,0x00000000193c0000)]
  0x0000000017c12800 JavaThread "pool-2-thread-3" [_thread_in_Java, id=6368, stack(0x00000000191c0000,0x00000000192c0000)]
  0x0000000017c0d800 JavaThread "pool-2-thread-2" [_thread_blocked, id=1512, stack(0x00000000190c0000,0x00000000191c0000)]
  0x0000000017bc8000 JavaThread "pool-3-thread-1" [_thread_blocked, id=9396, stack(0x0000000018fc0000,0x00000000190c0000)]
  0x0000000017bc5800 JavaThread "pool-2-thread-1" [_thread_blocked, id=8988, stack(0x0000000018ec0000,0x0000000018fc0000)]
  0x000000001796b800 JavaThread "Service Thread" daemon [_thread_blocked, id=1104, stack(0x00000000184c0000,0x00000000185c0000)]
  0x00000000159e9800 JavaThread "C1 CompilerThread3" daemon [_thread_blocked, id=7140, stack(0x00000000183c0000,0x00000000184c0000)]
  0x0000000017902000 JavaThread "C2 CompilerThread2" daemon [_thread_blocked, id=6872, stack(0x00000000182c0000,0x00000000183c0000)]
  0x0000000017901000 JavaThread "C2 CompilerThread1" daemon [_thread_in_native, id=6212, stack(0x00000000181c0000,0x00000000182c0000)]
=>0x00000000178fe000 JavaThread "C2 CompilerThread0" daemon [_thread_in_native, id=9568, stack(0x00000000180c0000,0x00000000181c0000)]
  0x00000000178fb800 JavaThread "Attach Listener" daemon [_thread_blocked, id=3144, stack(0x0000000017fc0000,0x00000000180c0000)]
  0x00000000178fa000 JavaThread "Signal Dispatcher" daemon [_thread_blocked, id=8380, stack(0x0000000017ec0000,0x0000000017fc0000)]
  0x00000000178f0800 JavaThread "Finalizer" daemon [_thread_blocked, id=2336, stack(0x0000000017cd0000,0x0000000017dd0000)]
  0x0000000002dd4000 JavaThread "Reference Handler" daemon [_thread_blocked, id=3728, stack(0x00000000177d0000,0x00000000178d0000)]
  0x0000000002ce0800 JavaThread "main" [_thread_in_Java, id=6100, stack(0x0000000002b80000,0x0000000002c80000)]

Other Threads:
  0x00000000159d5000 VMThread [stack: 0x00000000176d0000,0x00000000177d0000] [id=4768]
  0x000000001796c800 WatcherThread [stack: 0x00000000185c0000,0x00000000186c0000] [id=5232]

VM state:not at safepoint (normal execution)

VM Mutex/Monitor currently owned by a thread: None

Heap:
 PSYoungGen      total 38400K, used 18834K [0x00000000eab00000, 0x00000000ed580000, 0x0000000100000000)
  eden space 33280K, 41% used [0x00000000eab00000,0x00000000eb8682e0,0x00000000ecb80000)
  from space 5120K, 99% used [0x00000000ecb80000,0x00000000ed07c730,0x00000000ed080000)
  to   space 5120K, 0% used [0x00000000ed080000,0x00000000ed080000,0x00000000ed580000)
 ParOldGen       total 87552K, used 581K [0x00000000c0000000, 0x00000000c5580000, 0x00000000eab00000)
  object space 87552K, 0% used [0x00000000c0000000,0x00000000c0091410,0x00000000c5580000)
 Metaspace       used 6021K, capacity 6960K, committed 7040K, reserved 1056768K
  class space    used 576K, capacity 616K, committed 640K, reserved 1048576K

Card table byte_map: [0x0000000012280000,0x0000000012490000] byte_map_base: 0x0000000011c80000

Marking Bits: (ParMarkBitMap*) 0x0000000052de9d00
 Begin Bits: [0x0000000012df0000, 0x0000000013df0000)
 End Bits:   [0x0000000013df0000, 0x0000000014df0000)

Polling page: 0x0000000002c80000

CodeCache: size=245760Kb used=5743Kb max_used=5756Kb free=240016Kb
 bounds [0x0000000002ec0000, 0x0000000003470000, 0x0000000011ec0000]
 total_blobs=1664 nmethods=1396 adapters=182
 compilation: enabled

Compilation events (10 events):
Event: 2.862 Thread 0x0000000017902000 nmethod 1393 0x0000000003458a50 code [0x0000000003458c20, 0x00000000034596f0]
Event: 2.872 Thread 0x00000000159e9800 1394       3       java.util.concurrent.locks.ReentrantLock$FairSync::tryAcquire (74 bytes)
Event: 2.872 Thread 0x00000000159e9800 nmethod 1394 0x00000000034441d0 code [0x0000000003444380, 0x0000000003444bb8]
Event: 2.872 Thread 0x00000000159e9800 1395       3       java.util.concurrent.locks.AbstractQueuedSynchronizer::hasQueuedPredecessors (40 bytes)
Event: 2.872 Thread 0x00000000159e9800 nmethod 1395 0x0000000003443c90 code [0x0000000003443e00, 0x0000000003444050]
Event: 2.873 Thread 0x00000000178fe000 1396       4       com.android.dx.ssa.SCCP::simulatePhi (169 bytes)
Event: 2.873 Thread 0x00000000159e9800 1397       3       com.android.dx.ssa.SsaBasicBlock::addMoveToEnd (172 bytes)
Event: 2.874 Thread 0x0000000017902000 1398       4       com.android.dx.rop.code.Rop::hashCode (54 bytes)
Event: 2.876 Thread 0x00000000159e9800 nmethod 1397 0x00000000034551d0 code [0x0000000003455560, 0x0000000003457488]
Event: 2.886 Thread 0x0000000017902000 nmethod 1398 0x0000000003448310 code [0x0000000003448480, 0x0000000003448b78]

GC Heap History (2 events):
Event: 2.280 GC heap before
{Heap before GC invocations=1 (full 0):
 PSYoungGen      total 38400K, used 33280K [0x00000000eab00000, 0x00000000ed580000, 0x0000000100000000)
  eden space 33280K, 100% used [0x00000000eab00000,0x00000000ecb80000,0x00000000ecb80000)
  from space 5120K, 0% used [0x00000000ed080000,0x00000000ed080000,0x00000000ed580000)
  to   space 5120K, 0% used [0x00000000ecb80000,0x00000000ecb80000,0x00000000ed080000)
 ParOldGen       total 87552K, used 0K [0x00000000c0000000, 0x00000000c5580000, 0x00000000eab00000)
  object space 87552K, 0% used [0x00000000c0000000,0x00000000c0000000,0x00000000c5580000)
 Metaspace       used 5878K, capacity 6896K, committed 7040K, reserved 1056768K
  class space    used 572K, capacity 616K, committed 640K, reserved 1048576K
Event: 2.450 GC heap after
Heap after GC invocations=1 (full 0):
 PSYoungGen      total 38400K, used 5105K [0x00000000eab00000, 0x00000000ed580000, 0x0000000100000000)
  eden space 33280K, 0% used [0x00000000eab00000,0x00000000eab00000,0x00000000ecb80000)
  from space 5120K, 99% used [0x00000000ecb80000,0x00000000ed07c730,0x00000000ed080000)
  to   space 5120K, 0% used [0x00000000ed080000,0x00000000ed080000,0x00000000ed580000)
 ParOldGen       total 87552K, used 581K [0x00000000c0000000, 0x00000000c5580000, 0x00000000eab00000)
  object space 87552K, 0% used [0x00000000c0000000,0x00000000c0091410,0x00000000c5580000)
 Metaspace       used 5878K, capacity 6896K, committed 7040K, reserved 1056768K
  class space    used 572K, capacity 616K, committed 640K, reserved 1048576K
}

Deoptimization events (7 events):
Event: 0.481 Thread 0x0000000002ce0800 Uncommon trap: reason=unstable_if action=reinterpret pc=0x000000000300dc14 method=java.lang.String.compareTo(Ljava/lang/String;)I @ 38
Event: 0.635 Thread 0x0000000002ce0800 Uncommon trap: reason=unstable_if action=reinterpret pc=0x000000000300ed58 method=java.lang.String.indexOf(II)I @ 49
Event: 1.065 Thread 0x0000000002ce0800 Uncommon trap: reason=unstable_if action=reinterpret pc=0x00000000030da670 method=java.util.BitSet.nextSetBit(I)I @ 87
Event: 1.097 Thread 0x0000000002ce0800 Uncommon trap: reason=unstable_if action=reinterpret pc=0x0000000003103dac method=java.util.HashMap.getNode(ILjava/lang/Object;)Ljava/util/HashMap$Node; @ 129
Event: 1.116 Thread 0x0000000002ce0800 Uncommon trap: reason=class_check action=maybe_recompile pc=0x0000000003117630 method=com.android.dx.ssa.NormalSsaInsn.accept(Lcom/android/dx/ssa/SsaInsn$Visitor;)V @ 9
Event: 1.131 Thread 0x0000000002ce0800 Uncommon trap: reason=class_check action=maybe_recompile pc=0x0000000003117630 method=com.android.dx.ssa.NormalSsaInsn.accept(Lcom/android/dx/ssa/SsaInsn$Visitor;)V @ 9
Event: 1.730 Thread 0x0000000017c13000 Uncommon trap: reason=unstable_if action=reinterpret pc=0x000000000322031c method=com.android.dx.rop.cst.Constant.compareTo(Lcom/android/dx/rop/cst/Constant;)I @ 12

Internal exceptions (2 events):
Event: 0.133 Thread 0x0000000002ce0800 Exception <a 'java/lang/NoSuchMethodError': Method sun.misc.Unsafe.defineClass(Ljava/lang/String;[BII)Ljava/lang/Class; name or signature does not match> (0x00000000eab07cc0) thrown at [C:\src\android\AOSP-openjdk\external\jetbrains\jdk\hotspot\src\share\vùT|å¡?
Event: 0.133 Thread 0x0000000002ce0800 Exception <a 'java/lang/NoSuchMethodError': Method sun.misc.Unsafe.prefetchRead(Ljava/lang/Object;J)V name or signature does not match> (0x00000000eab07fa8) thrown at [C:\src\android\AOSP-openjdk\external\jetbrains\jdk\hotspot\src\share\vm\prims\jni.cpp, l

Events (10 events):
Event: 2.658 loading class com/android/dx/dex/file/ParameterAnnotationStruct
Event: 2.658 loading class com/android/dx/dex/file/ParameterAnnotationStruct done
Event: 2.659 loading class com/android/dx/dex/file/UniformListItem
Event: 2.659 loading class com/android/dx/dex/file/UniformListItem done
Event: 2.664 loading class com/android/dx/dex/file/AnnotationSetRefItem
Event: 2.664 loading class com/android/dx/dex/file/AnnotationSetRefItem done
Event: 2.684 Thread 0x0000000017bc5800 DEOPT PACKING pc=0x000000000319c33c sp=0x0000000018fbe8d0
Event: 2.684 Thread 0x0000000017bc5800 DEOPT UNPACKING pc=0x0000000002f075bf sp=0x0000000018fbe698 mode 0
Event: 2.709 loading class com/android/dx/cf/attrib/AttExceptions
Event: 2.709 loading class com/android/dx/cf/attrib/AttExceptions done


Dynamic libraries:
0x00007ff614890000 - 0x00007ff6148c1000 	C:\Program Files\Android\Android Studio\jre\bin\java.exe
0x00007ffff36b0000 - 0x00007ffff3871000 	C:\WINDOWS\SYSTEM32\ntdll.dll
0x00007ffff2410000 - 0x00007ffff24bd000 	C:\WINDOWS\system32\KERNEL32.DLL
0x00007fffefdb0000 - 0x00007fffeff98000 	C:\WINDOWS\system32\KERNELBASE.dll
0x00007ffff3540000 - 0x00007ffff35e7000 	C:\WINDOWS\system32\ADVAPI32.dll
0x00007ffff2020000 - 0x00007ffff20bd000 	C:\WINDOWS\system32\msvcrt.dll
0x00007ffff20c0000 - 0x00007ffff211b000 	C:\WINDOWS\system32\sechost.dll
0x00007ffff2120000 - 0x00007ffff223c000 	C:\WINDOWS\system32\RPCRT4.dll
0x00007ffff33e0000 - 0x00007ffff3536000 	C:\WINDOWS\system32\USER32.dll
0x00007ffff2e70000 - 0x00007ffff2ff6000 	C:\WINDOWS\system32\GDI32.dll
0x00007fffe8b80000 - 0x00007fffe8df4000 	C:\WINDOWS\WinSxS\amd64_microsoft.windows.common-controls_6595b64144ccf1df_6.0.10586.589_none_a2ddb3caa539acce\COMCTL32.dll
0x00007ffff2bf0000 - 0x00007ffff2e6d000 	C:\WINDOWS\system32\combase.dll
0x00007ffff0900000 - 0x00007ffff096a000 	C:\WINDOWS\system32\bcryptPrimitives.dll
0x00007ffff33a0000 - 0x00007ffff33db000 	C:\WINDOWS\system32\IMM32.DLL
0x0000000052470000 - 0x0000000052542000 	C:\Program Files\Android\Android Studio\jre\jre\bin\msvcr100.dll
0x0000000052630000 - 0x0000000052e64000 	C:\Program Files\Android\Android Studio\jre\jre\bin\server\jvm.dll
0x00007ffff3180000 - 0x00007ffff3188000 	C:\WINDOWS\system32\PSAPI.DLL
0x00007fffd2020000 - 0x00007fffd2029000 	C:\WINDOWS\SYSTEM32\WSOCK32.dll
0x00007ffff3000000 - 0x00007ffff306b000 	C:\WINDOWS\system32\WS2_32.dll
0x00007fffee010000 - 0x00007fffee033000 	C:\WINDOWS\SYSTEM32\WINMM.dll
0x00007fffe8eb0000 - 0x00007fffe8eba000 	C:\WINDOWS\SYSTEM32\VERSION.dll
0x00007fffedef0000 - 0x00007fffedf1c000 	C:\WINDOWS\SYSTEM32\WINMMBASE.dll
0x00007fffefd60000 - 0x00007fffefda3000 	C:\WINDOWS\system32\cfgmgr32.dll
0x00007fffed250000 - 0x00007fffed25f000 	C:\Program Files\Android\Android Studio\jre\jre\bin\verify.dll
0x00007fffe9970000 - 0x00007fffe9999000 	C:\Program Files\Android\Android Studio\jre\jre\bin\java.dll
0x00007fffe9950000 - 0x00007fffe9966000 	C:\Program Files\Android\Android Studio\jre\jre\bin\zip.dll
0x00007ffff0ab0000 - 0x00007ffff200c000 	C:\WINDOWS\system32\SHELL32.dll
0x00007ffff0000000 - 0x00007ffff0645000 	C:\WINDOWS\system32\windows.storage.dll
0x00007ffff2ac0000 - 0x00007ffff2b12000 	C:\WINDOWS\system32\shlwapi.dll
0x00007fffefcd0000 - 0x00007fffefcdf000 	C:\WINDOWS\system32\kernel.appcore.dll
0x00007ffff0650000 - 0x00007ffff0705000 	C:\WINDOWS\system32\shcore.dll
0x00007fffefce0000 - 0x00007fffefd2b000 	C:\WINDOWS\system32\powrprof.dll
0x00007fffefd30000 - 0x00007fffefd44000 	C:\WINDOWS\system32\profapi.dll

VM Arguments:
jvm_args: -Djava.awt.headless=true -Xmx1024M -Dfile.encoding=windows-1251 -Duser.country=RU -Duser.language=ru -Duser.variant 
java_command: com.android.dx.command.Main --dex --force-jumbo --num-threads=4 --multi-dex --output C:\Users\ren95\AndroidStudioProjects\circles\app\build\intermediates\transforms\dex\debug\folders\1000\10\internal_impl-23.3.0_2887c93337ab83ddb6671952cf6a25e2eceb54f9 C:\Users\ren95\AndroidStudioProjects\circles\app\build\intermediates\exploded-aar\com.android.support\support-v4\23.3.0\jars\libs\internal_impl-23.3.0.jar
java_class_path (initial): C:\Users\ren95\AppData\Local\Android\sdk\build-tools\23.0.3\lib\dx.jar
Launcher Type: SUN_STANDARD

Environment Variables:
PATH=C:\ProgramData\Oracle\Java\javapath;C:\WINDOWS\system32;C:\WINDOWS;C:\WINDOWS\System32\Wbem;C:\WINDOWS\System32\WindowsPowerShell\v1.0\;C:\Program Files\Git\cmd
USERNAME=ren95
OS=Windows_NT
PROCESSOR_IDENTIFIER=Intel64 Family 6 Model 58 Stepping 9, GenuineIntel



---------------  S Y S T E M  ---------------

OS: Windows 10.0 , 64 bit Build 10586 (10.0.10586.589)

CPU:total 8 (4 cores per cpu, 2 threads per core) family 6 model 58 stepping 9, cmov, cx8, fxsr, mmx, sse, sse2, sse3, ssse3, sse4.1, sse4.2, popcnt, avx, aes, clmul, erms, ht, tsc, tscinvbit, tscinv

Memory: 4k page, physical 8266736k(1200572k free), swap 8266736k(5328k free)

vm_info: OpenJDK 64-Bit Server VM (25.76-b03) for windows-amd64 JRE (1.8.0_76-release-b03), built on Jun 29 2016 19:09:20 by "ralucas" with MS VC++ 10.0 (VS2010)

time: Wed Oct 12 20:57:21 2016
elapsed time: 3 seconds (0d 0h 0m 3s)

