#
# There is insufficient memory for the Java Runtime Environment to continue.
# Native memory allocation (malloc) failed to allocate 35520 bytes for Chunk::new
# Possible reasons:
#   The system is out of physical RAM or swap space
#   In 32 bit mode, the process size limit was hit
# Possible solutions:
#   Reduce memory load on the system
#   Increase physical memory or swap space
#   Check if swap backing store is full
#   Use 64 bit Java on a 64 bit OS
#   Decrease Java heap size (-Xmx/-Xms)
#   Decrease number of Java threads
#   Decrease Java thread stack sizes (-Xss)
#   Set larger code cache with -XX:ReservedCodeCacheSize=
# This output file may be truncated or incomplete.
#
#  Out of Memory Error (allocation.cpp:390), pid=5488, tid=0x0000000000002778
#
# JRE version: OpenJDK Runtime Environment (8.0_76-b03) (build 1.8.0_76-release-b03)
# Java VM: OpenJDK 64-Bit Server VM (25.76-b03 mixed mode windows-amd64 compressed oops)
# Failed to write core dump. Minidumps are not enabled by default on client versions of Windows
#

---------------  T H R E A D  ---------------

Current thread (0x0000000017160000):  JavaThread "C2 CompilerThread1" daemon [_thread_in_native, id=10104, stack(0x0000000017a20000,0x0000000017b20000)]

Stack: [0x0000000017a20000,0x0000000017b20000]
[error occurred during error reporting (printing stack bounds), id 0xc0000005]

Native frames: (J=compiled Java code, j=interpreted, Vv=VM code, C=native code)


Current CompileTask:
C2:   1964 1835       4       com.android.dx.dex.code.OutputFinisher::addConstants (93 bytes)


---------------  P R O C E S S  ---------------

Java Threads: ( => current thread )
  0x00000000174ec800 JavaThread "pool-1-thread-1" [_thread_in_vm, id=852, stack(0x000000001abc0000,0x000000001acc0000)]
  0x00000000171e2000 JavaThread "Service Thread" daemon [_thread_blocked, id=8408, stack(0x0000000017d20000,0x0000000017e20000)]
  0x000000001526c800 JavaThread "C1 CompilerThread3" daemon [_thread_in_native, id=3500, stack(0x0000000017c20000,0x0000000017d20000)]
  0x0000000017166000 JavaThread "C2 CompilerThread2" daemon [_thread_in_native, id=6384, stack(0x0000000017b20000,0x0000000017c20000)]
=>0x0000000017160000 JavaThread "C2 CompilerThread1" daemon [_thread_in_native, id=10104, stack(0x0000000017a20000,0x0000000017b20000)]
  0x000000001715a800 JavaThread "C2 CompilerThread0" daemon [_thread_in_native, id=3320, stack(0x0000000017920000,0x0000000017a20000)]
  0x0000000017158800 JavaThread "Attach Listener" daemon [_thread_blocked, id=9628, stack(0x0000000017820000,0x0000000017920000)]
  0x0000000017157000 JavaThread "Signal Dispatcher" daemon [_thread_blocked, id=6708, stack(0x0000000017720000,0x0000000017820000)]
  0x0000000002737800 JavaThread "Finalizer" daemon [_thread_blocked, id=6008, stack(0x0000000017530000,0x0000000017630000)]
  0x0000000002734000 JavaThread "Reference Handler" daemon [_thread_blocked, id=828, stack(0x0000000017030000,0x0000000017130000)]
  0x0000000002640800 JavaThread "main" [_thread_blocked, id=5956, stack(0x0000000002520000,0x0000000002620000)]

Other Threads:
  0x0000000015255000 VMThread [stack: 0x0000000016f30000,0x0000000017030000] [id=5388]
  0x00000000171e2800 WatcherThread [stack: 0x0000000017e20000,0x0000000017f20000] [id=3720]

VM state:not at safepoint (normal execution)

VM Mutex/Monitor currently owned by a thread: None

Heap:
 PSYoungGen      total 71680K, used 61067K [0x00000000eab00000, 0x00000000ef600000, 0x0000000100000000)
  eden space 66560K, 84% used [0x00000000eab00000,0x00000000ee1a82c0,0x00000000eec00000)
  from space 5120K, 99% used [0x00000000ef100000,0x00000000ef5faab8,0x00000000ef600000)
  to   space 5120K, 0% used [0x00000000eec00000,0x00000000eec00000,0x00000000ef100000)
 ParOldGen       total 87552K, used 4777K [0x00000000c0000000, 0x00000000c5580000, 0x00000000eab00000)
  object space 87552K, 5% used [0x00000000c0000000,0x00000000c04aa4d0,0x00000000c5580000)
 Metaspace       used 6380K, capacity 7216K, committed 7296K, reserved 1056768K
  class space    used 585K, capacity 616K, committed 640K, reserved 1048576K

Card table byte_map: [0x0000000011b00000,0x0000000011d10000] byte_map_base: 0x0000000011500000

Marking Bits: (ParMarkBitMap*) 0x0000000052de9d00
 Begin Bits: [0x0000000012670000, 0x0000000013670000)
 End Bits:   [0x0000000013670000, 0x0000000014670000)

Polling page: 0x0000000002490000

CodeCache: size=245760Kb used=7330Kb max_used=7330Kb free=238429Kb
 bounds [0x0000000002740000, 0x0000000002e80000, 0x0000000011740000]
 total_blobs=2112 nmethods=1843 adapters=182
 compilation: enabled

Compilation events (10 events):
Event: 1.953 Thread 0x000000001526c800 1870       3       com.android.dx.dex.file.TypeListItem::itemType (4 bytes)
Event: 1.953 Thread 0x000000001526c800 nmethod 1870 0x0000000002e58290 code [0x0000000002e583e0, 0x0000000002e58530]
Event: 1.954 Thread 0x000000001526c800 1871       3       com.android.dx.dex.file.TypeListItem::compareTo0 (19 bytes)
Event: 1.954 Thread 0x000000001526c800 nmethod 1871 0x0000000002e52ad0 code [0x0000000002e52c40, 0x0000000002e52ec8]
Event: 1.955 Thread 0x000000001526c800 1872       3       com.android.dx.dex.file.TypeListItem::addContents (47 bytes)
Event: 1.955 Thread 0x000000001526c800 nmethod 1872 0x0000000002e51d10 code [0x0000000002e51ea0, 0x0000000002e523a8]
Event: 1.957 Thread 0x000000001526c800 1874       1       com.android.dx.dex.file.IdItem::getDefiningClass (5 bytes)
Event: 1.957 Thread 0x000000001526c800 nmethod 1874 0x0000000002e51a50 code [0x0000000002e51ba0, 0x0000000002e51cb0]
Event: 1.958 Thread 0x000000001526c800 1875       3       com.android.dx.dex.file.TypeIdItem::addContents (16 bytes)
Event: 1.958 Thread 0x000000001526c800 nmethod 1875 0x0000000002e50a90 code [0x0000000002e50c60, 0x0000000002e51608]

GC Heap History (4 events):
Event: 1.100 GC heap before
{Heap before GC invocations=1 (full 0):
 PSYoungGen      total 38400K, used 33280K [0x00000000eab00000, 0x00000000ed580000, 0x0000000100000000)
  eden space 33280K, 100% used [0x00000000eab00000,0x00000000ecb80000,0x00000000ecb80000)
  from space 5120K, 0% used [0x00000000ed080000,0x00000000ed080000,0x00000000ed580000)
  to   space 5120K, 0% used [0x00000000ecb80000,0x00000000ecb80000,0x00000000ed080000)
 ParOldGen       total 87552K, used 0K [0x00000000c0000000, 0x00000000c5580000, 0x00000000eab00000)
  object space 87552K, 0% used [0x00000000c0000000,0x00000000c0000000,0x00000000c5580000)
 Metaspace       used 5861K, capacity 6832K, committed 7040K, reserved 1056768K
  class space    used 572K, capacity 616K, committed 640K, reserved 1048576K
Event: 1.117 GC heap after
Heap after GC invocations=1 (full 0):
 PSYoungGen      total 38400K, used 5092K [0x00000000eab00000, 0x00000000ef600000, 0x0000000100000000)
  eden space 33280K, 0% used [0x00000000eab00000,0x00000000eab00000,0x00000000ecb80000)
  from space 5120K, 99% used [0x00000000ecb80000,0x00000000ed0791a8,0x00000000ed080000)
  to   space 5120K, 0% used [0x00000000ef100000,0x00000000ef100000,0x00000000ef600000)
 ParOldGen       total 87552K, used 1003K [0x00000000c0000000, 0x00000000c5580000, 0x00000000eab00000)
  object space 87552K, 1% used [0x00000000c0000000,0x00000000c00faf50,0x00000000c5580000)
 Metaspace       used 5861K, capacity 6832K, committed 7040K, reserved 1056768K
  class space    used 572K, capacity 616K, committed 640K, reserved 1048576K
}
Event: 1.543 GC heap before
{Heap before GC invocations=2 (full 0):
 PSYoungGen      total 38400K, used 38372K [0x00000000eab00000, 0x00000000ef600000, 0x0000000100000000)
  eden space 33280K, 100% used [0x00000000eab00000,0x00000000ecb80000,0x00000000ecb80000)
  from space 5120K, 99% used [0x00000000ecb80000,0x00000000ed0791a8,0x00000000ed080000)
  to   space 5120K, 0% used [0x00000000ef100000,0x00000000ef100000,0x00000000ef600000)
 ParOldGen       total 87552K, used 1003K [0x00000000c0000000, 0x00000000c5580000, 0x00000000eab00000)
  object space 87552K, 1% used [0x00000000c0000000,0x00000000c00faf50,0x00000000c5580000)
 Metaspace       used 6154K, capacity 7088K, committed 7296K, reserved 1056768K
  class space    used 578K, capacity 616K, committed 640K, reserved 1048576K
Event: 1.570 GC heap after
Heap after GC invocations=2 (full 0):
 PSYoungGen      total 71680K, used 5098K [0x00000000eab00000, 0x00000000ef600000, 0x0000000100000000)
  eden space 66560K, 0% used [0x00000000eab00000,0x00000000eab00000,0x00000000eec00000)
  from space 5120K, 99% used [0x00000000ef100000,0x00000000ef5faab8,0x00000000ef600000)
  to   space 5120K, 0% used [0x00000000eec00000,0x00000000eec00000,0x00000000ef100000)
 ParOldGen       total 87552K, used 4777K [0x00000000c0000000, 0x00000000c5580000, 0x00000000eab00000)
  object space 87552K, 5% used [0x00000000c0000000,0x00000000c04aa4d0,0x00000000c5580000)
 Metaspace       used 6154K, capacity 7088K, committed 7296K, reserved 1056768K
  class space    used 578K, capacity 616K, committed 640K, reserved 1048576K
}

Deoptimization events (10 events):
Event: 1.811 Thread 0x00000000174ec800 Uncommon trap: reason=bimorphic action=maybe_recompile pc=0x00000000029681a8 method=java.util.HashMap.getNode(ILjava/lang/Object;)Ljava/util/HashMap$Node; @ 126
Event: 1.832 Thread 0x00000000174ec800 Uncommon trap: reason=bimorphic action=maybe_recompile pc=0x00000000029681a8 method=java.util.HashMap.getNode(ILjava/lang/Object;)Ljava/util/HashMap$Node; @ 126
Event: 1.832 Thread 0x00000000174ec800 Uncommon trap: reason=class_check action=maybe_recompile pc=0x0000000002b96c44 method=java.util.HashMap.putVal(ILjava/lang/Object;Ljava/lang/Object;ZZ)Ljava/lang/Object; @ 203
Event: 1.832 Thread 0x00000000174ec800 Uncommon trap: reason=bimorphic action=maybe_recompile pc=0x00000000029681a8 method=java.util.HashMap.getNode(ILjava/lang/Object;)Ljava/util/HashMap$Node; @ 126
Event: 1.832 Thread 0x00000000174ec800 Uncommon trap: reason=bimorphic action=maybe_recompile pc=0x00000000029681a8 method=java.util.HashMap.getNode(ILjava/lang/Object;)Ljava/util/HashMap$Node; @ 126
Event: 1.832 Thread 0x00000000174ec800 Uncommon trap: reason=bimorphic action=maybe_recompile pc=0x0000000002a52920 method=java.util.HashMap.getNode(ILjava/lang/Object;)Ljava/util/HashMap$Node; @ 126
Event: 1.832 Thread 0x00000000174ec800 Uncommon trap: reason=class_check action=maybe_recompile pc=0x0000000002b96c44 method=java.util.HashMap.putVal(ILjava/lang/Object;Ljava/lang/Object;ZZ)Ljava/lang/Object; @ 203
Event: 1.833 Thread 0x00000000174ec800 Uncommon trap: reason=class_check action=maybe_recompile pc=0x0000000002b96c44 method=java.util.HashMap.putVal(ILjava/lang/Object;Ljava/lang/Object;ZZ)Ljava/lang/Object; @ 203
Event: 1.833 Thread 0x00000000174ec800 Uncommon trap: reason=class_check action=maybe_recompile pc=0x0000000002b96c44 method=java.util.HashMap.putVal(ILjava/lang/Object;Ljava/lang/Object;ZZ)Ljava/lang/Object; @ 203
Event: 1.834 Thread 0x00000000174ec800 Uncommon trap: reason=class_check action=maybe_recompile pc=0x0000000002b93704 method=java.util.HashMap.putVal(ILjava/lang/Object;Ljava/lang/Object;ZZ)Ljava/lang/Object; @ 203

Internal exceptions (4 events):
Event: 0.091 Thread 0x0000000002640800 Exception <a 'java/lang/NoSuchMethodError': Method sun.misc.Unsafe.defineClass(Ljava/lang/String;[BII)Ljava/lang/Class; name or signature does not match> (0x00000000eab07cc0) thrown at [C:\src\android\AOSP-openjdk\external\jetbrains\jdk\hotspot\src\share\v`ﬁ≥6Ç2∑?
Event: 0.091 Thread 0x0000000002640800 Exception <a 'java/lang/NoSuchMethodError': Method sun.misc.Unsafe.prefetchRead(Ljava/lang/Object;J)V name or signature does not match> (0x00000000eab07fa8) thrown at [C:\src\android\AOSP-openjdk\external\jetbrains\jdk\hotspot\src\share\vm\prims\jni.cpp, l„¡Î+œÚ?
Event: 1.176 Thread 0x0000000002640800 Implicit null exception at 0x0000000002a53cf1 to 0x0000000002a56ba9
Event: 1.177 Thread 0x0000000002640800 Implicit null exception at 0x0000000002a5d7e6 to 0x0000000002a60001

Events (10 events):
Event: 1.833 Thread 0x00000000174ec800 DEOPT UNPACKING pc=0x000000000278556a sp=0x000000001acbee78 mode 2
Event: 1.834 Thread 0x00000000174ec800 Uncommon trap: trap_request=0xffffffde fr.pc=0x0000000002b93704
Event: 1.834 Thread 0x00000000174ec800 DEOPT PACKING pc=0x0000000002b93704 sp=0x000000001acbef00
Event: 1.834 Thread 0x00000000174ec800 DEOPT UNPACKING pc=0x000000000278556a sp=0x000000001acbee88 mode 2
Event: 1.838 loading class com/android/dx/dex/file/CatchStructs
Event: 1.838 loading class com/android/dx/dex/file/CatchStructs done
Event: 1.858 Thread 0x00000000174ec800 DEOPT PACKING pc=0x0000000002e34354 sp=0x000000001acbef50
Event: 1.858 Thread 0x00000000174ec800 DEOPT UNPACKING pc=0x00000000027875bf sp=0x000000001acbece0 mode 0
Event: 1.885 loading class com/android/dx/dex/file/ProtoIdItem
Event: 1.885 loading class com/android/dx/dex/file/ProtoIdItem done


Dynamic libraries:
0x00007ff614890000 - 0x00007ff6148c1000 	C:\Program Files\Android\Android Studio\jre\bin\java.exe
0x00007ffff36b0000 - 0x00007ffff3871000 	C:\WINDOWS\SYSTEM32\ntdll.dll
0x00007ffff2410000 - 0x00007ffff24bd000 	C:\WINDOWS\system32\KERNEL32.DLL
0x00007fffefdb0000 - 0x00007fffeff98000 	C:\WINDOWS\system32\KERNELBASE.dll
0x00007ffff3540000 - 0x00007ffff35e7000 	C:\WINDOWS\system32\ADVAPI32.dll
0x00007ffff2020000 - 0x00007ffff20bd000 	C:\WINDOWS\system32\msvcrt.dll
0x00007ffff20c0000 - 0x00007ffff211b000 	C:\WINDOWS\system32\sechost.dll
0x00007ffff2120000 - 0x00007ffff223c000 	C:\WINDOWS\system32\RPCRT4.dll
0x00007ffff33e0000 - 0x00007ffff3536000 	C:\WINDOWS\system32\USER32.dll
0x00007ffff2e70000 - 0x00007ffff2ff6000 	C:\WINDOWS\system32\GDI32.dll
0x00007fffe8b80000 - 0x00007fffe8df4000 	C:\WINDOWS\WinSxS\amd64_microsoft.windows.common-controls_6595b64144ccf1df_6.0.10586.589_none_a2ddb3caa539acce\COMCTL32.dll
0x00007ffff2bf0000 - 0x00007ffff2e6d000 	C:\WINDOWS\system32\combase.dll
0x00007ffff0900000 - 0x00007ffff096a000 	C:\WINDOWS\system32\bcryptPrimitives.dll
0x00007ffff33a0000 - 0x00007ffff33db000 	C:\WINDOWS\system32\IMM32.DLL
0x0000000052470000 - 0x0000000052542000 	C:\Program Files\Android\Android Studio\jre\jre\bin\msvcr100.dll
0x0000000052630000 - 0x0000000052e64000 	C:\Program Files\Android\Android Studio\jre\jre\bin\server\jvm.dll
0x00007ffff3180000 - 0x00007ffff3188000 	C:\WINDOWS\system32\PSAPI.DLL
0x00007fffd2020000 - 0x00007fffd2029000 	C:\WINDOWS\SYSTEM32\WSOCK32.dll
0x00007ffff3000000 - 0x00007ffff306b000 	C:\WINDOWS\system32\WS2_32.dll
0x00007fffee010000 - 0x00007fffee033000 	C:\WINDOWS\SYSTEM32\WINMM.dll
0x00007fffe8eb0000 - 0x00007fffe8eba000 	C:\WINDOWS\SYSTEM32\VERSION.dll
0x00007fffedef0000 - 0x00007fffedf1c000 	C:\WINDOWS\SYSTEM32\WINMMBASE.dll
0x00007fffefd60000 - 0x00007fffefda3000 	C:\WINDOWS\system32\cfgmgr32.dll
0x00007fffed250000 - 0x00007fffed25f000 	C:\Program Files\Android\Android Studio\jre\jre\bin\verify.dll
0x00007fffe9970000 - 0x00007fffe9999000 	C:\Program Files\Android\Android Studio\jre\jre\bin\java.dll
0x00007fffe9950000 - 0x00007fffe9966000 	C:\Program Files\Android\Android Studio\jre\jre\bin\zip.dll
0x00007ffff0ab0000 - 0x00007ffff200c000 	C:\WINDOWS\system32\SHELL32.dll
0x00007ffff0000000 - 0x00007ffff0645000 	C:\WINDOWS\system32\windows.storage.dll
0x00007ffff2ac0000 - 0x00007ffff2b12000 	C:\WINDOWS\system32\shlwapi.dll
0x00007fffefcd0000 - 0x00007fffefcdf000 	C:\WINDOWS\system32\kernel.appcore.dll
0x00007ffff0650000 - 0x00007ffff0705000 	C:\WINDOWS\system32\shcore.dll
0x00007fffefce0000 - 0x00007fffefd2b000 	C:\WINDOWS\system32\powrprof.dll
0x00007fffefd30000 - 0x00007fffefd44000 	C:\WINDOWS\system32\profapi.dll

VM Arguments:
jvm_args: -Djava.awt.headless=true -Xmx1024M -Dfile.encoding=windows-1251 -Duser.country=RU -Duser.language=ru -Duser.variant 
java_command: com.android.dx.command.Main --dex --force-jumbo --num-threads=4 --multi-dex --output C:\Users\ren95\AndroidStudioProjects\circles\app\build\intermediates\transforms\dex\debug\folders\1000\10\internal_impl-23.3.0_2887c93337ab83ddb6671952cf6a25e2eceb54f9 C:\Users\ren95\AndroidStudioProjects\circles\app\build\intermediates\exploded-aar\com.android.support\support-v4\23.3.0\jars\libs\internal_impl-23.3.0.jar
java_class_path (initial): C:\Users\ren95\AppData\Local\Android\sdk\build-tools\23.0.3\lib\dx.jar
Launcher Type: SUN_STANDARD

Environment Variables:
PATH=C:\ProgramData\Oracle\Java\javapath;C:\WINDOWS\system32;C:\WINDOWS;C:\WINDOWS\System32\Wbem;C:\WINDOWS\System32\WindowsPowerShell\v1.0\;C:\Program Files\Git\cmd
USERNAME=ren95
OS=Windows_NT
PROCESSOR_IDENTIFIER=Intel64 Family 6 Model 58 Stepping 9, GenuineIntel



---------------  S Y S T E M  ---------------

OS: Windows 10.0 , 64 bit Build 10586 (10.0.10586.589)

CPU:total 8 (4 cores per cpu, 2 threads per core) family 6 model 58 stepping 9, cmov, cx8, fxsr, mmx, sse, sse2, sse3, ssse3, sse4.1, sse4.2, popcnt, avx, aes, clmul, erms, ht, tsc, tscinvbit, tscinv

Memory: 4k page, physical 8266736k(946752k free), swap 8266736k(5244k free)

vm_info: OpenJDK 64-Bit Server VM (25.76-b03) for windows-amd64 JRE (1.8.0_76-release-b03), built on Jun 29 2016 19:09:20 by "ralucas" with MS VC++ 10.0 (VS2010)

time: Wed Oct 12 21:01:49 2016
elapsed time: 1 seconds (0d 0h 0m 1s)

