#
# There is insufficient memory for the Java Runtime Environment to continue.
# Native memory allocation (malloc) failed to allocate 365856 bytes for Chunk::new
# Possible reasons:
#   The system is out of physical RAM or swap space
#   In 32 bit mode, the process size limit was hit
# Possible solutions:
#   Reduce memory load on the system
#   Increase physical memory or swap space
#   Check if swap backing store is full
#   Use 64 bit Java on a 64 bit OS
#   Decrease Java heap size (-Xmx/-Xms)
#   Decrease number of Java threads
#   Decrease Java thread stack sizes (-Xss)
#   Set larger code cache with -XX:ReservedCodeCacheSize=
# This output file may be truncated or incomplete.
#
#  Out of Memory Error (allocation.cpp:390), pid=11052, tid=0x0000000000003e40
#
# JRE version: OpenJDK Runtime Environment (8.0_76-b03) (build 1.8.0_76-release-b03)
# Java VM: OpenJDK 64-Bit Server VM (25.76-b03 mixed mode windows-amd64 compressed oops)
# Failed to write core dump. Minidumps are not enabled by default on client versions of Windows
#

---------------  T H R E A D  ---------------

Current thread (0x000000001717d000):  JavaThread "C2 CompilerThread1" daemon [_thread_in_native, id=15936, stack(0x0000000017a40000,0x0000000017b40000)]

Stack: [0x0000000017a40000,0x0000000017b40000]
[error occurred during error reporting (printing stack bounds), id 0xc0000005]

Native frames: (J=compiled Java code, j=interpreted, Vv=VM code, C=native code)


Current CompileTask:
C2:   1266 1156       4       com.android.dx.ssa.SCCP::simulateStmt (481 bytes)


---------------  P R O C E S S  ---------------

Java Threads: ( => current thread )
  0x0000000017442000 JavaThread "pool-2-thread-4" [_thread_in_Java, id=8420, stack(0x0000000018b40000,0x0000000018c40000)]
  0x0000000017441800 JavaThread "pool-2-thread-3" [_thread_blocked, id=15084, stack(0x0000000018a40000,0x0000000018b40000)]
  0x000000001741d000 JavaThread "pool-2-thread-2" [_thread_blocked, id=15560, stack(0x0000000018940000,0x0000000018a40000)]
  0x000000001741c000 JavaThread "pool-3-thread-1" [_thread_blocked, id=2308, stack(0x0000000018840000,0x0000000018940000)]
  0x00000000174f6800 JavaThread "pool-2-thread-1" [_thread_in_Java, id=9932, stack(0x0000000018740000,0x0000000018840000)]
  0x0000000017203800 JavaThread "Service Thread" daemon [_thread_blocked, id=1368, stack(0x0000000017d40000,0x0000000017e40000)]
  0x0000000017187000 JavaThread "C1 CompilerThread3" daemon [_thread_in_native, id=13100, stack(0x0000000017c40000,0x0000000017d40000)]
  0x000000001717e000 JavaThread "C2 CompilerThread2" daemon [_thread_in_native, id=7816, stack(0x0000000017b40000,0x0000000017c40000)]
=>0x000000001717d000 JavaThread "C2 CompilerThread1" daemon [_thread_in_native, id=15936, stack(0x0000000017a40000,0x0000000017b40000)]
  0x0000000017179800 JavaThread "C2 CompilerThread0" daemon [_thread_in_native, id=4780, stack(0x0000000017940000,0x0000000017a40000)]
  0x0000000017177800 JavaThread "Attach Listener" daemon [_thread_blocked, id=6024, stack(0x0000000017840000,0x0000000017940000)]
  0x0000000017186800 JavaThread "Signal Dispatcher" daemon [_thread_blocked, id=10052, stack(0x0000000017740000,0x0000000017840000)]
  0x000000000276e000 JavaThread "Finalizer" daemon [_thread_blocked, id=10804, stack(0x0000000017550000,0x0000000017650000)]
  0x0000000002764000 JavaThread "Reference Handler" daemon [_thread_blocked, id=1172, stack(0x0000000017050000,0x0000000017150000)]
  0x0000000002670800 JavaThread "main" [_thread_blocked, id=9276, stack(0x0000000002570000,0x0000000002670000)]

Other Threads:
  0x0000000015285000 VMThread [stack: 0x0000000016f50000,0x0000000017050000] [id=14340]
  0x000000001720c000 WatcherThread [stack: 0x0000000017e40000,0x0000000017f40000] [id=16256]

VM state:not at safepoint (normal execution)

VM Mutex/Monitor currently owned by a thread: None

Heap:
 PSYoungGen      total 38400K, used 13583K [0x00000000eab00000, 0x00000000ed580000, 0x0000000100000000)
  eden space 33280K, 25% used [0x00000000eab00000,0x00000000eb347b70,0x00000000ecb80000)
  from space 5120K, 99% used [0x00000000ecb80000,0x00000000ed07c378,0x00000000ed080000)
  to   space 5120K, 0% used [0x00000000ed080000,0x00000000ed080000,0x00000000ed580000)
 ParOldGen       total 87552K, used 882K [0x00000000c0000000, 0x00000000c5580000, 0x00000000eab00000)
  object space 87552K, 1% used [0x00000000c0000000,0x00000000c00dcbd0,0x00000000c5580000)
 Metaspace       used 5948K, capacity 6896K, committed 7040K, reserved 1056768K
  class space    used 572K, capacity 616K, committed 640K, reserved 1048576K

Card table byte_map: [0x0000000011b30000,0x0000000011d40000] byte_map_base: 0x0000000011530000

Marking Bits: (ParMarkBitMap*) 0x0000000064dc9d00
 Begin Bits: [0x00000000126a0000, 0x00000000136a0000)
 End Bits:   [0x00000000136a0000, 0x00000000146a0000)

Polling page: 0x0000000002490000

CodeCache: size=245760Kb used=4912Kb max_used=4912Kb free=240847Kb
 bounds [0x0000000002770000, 0x0000000002c50000, 0x0000000011770000]
 total_blobs=1484 nmethods=1216 adapters=182
 compilation: enabled

Compilation events (10 events):
Event: 1.261 Thread 0x0000000017187000 nmethod 1236 0x0000000002c3d250 code [0x0000000002c3d3c0, 0x0000000002c3d7b0]
Event: 1.261 Thread 0x0000000017187000 1220       3       com.android.dx.cf.code.ConcreteMethod::getEffectiveDescriptor (10 bytes)
Event: 1.261 Thread 0x0000000017187000 nmethod 1220 0x0000000002c3d890 code [0x0000000002c3da00, 0x0000000002c3dc28]
Event: 1.261 Thread 0x0000000017187000 1226       3       com.android.dx.dex.file.Section::validateAlignment (23 bytes)
Event: 1.261 Thread 0x0000000017187000 nmethod 1226 0x0000000002c3dcd0 code [0x0000000002c3de40, 0x0000000002c3e0a8]
Event: 1.261 Thread 0x0000000017187000 1173       3       com.android.dx.dex.cf.AttributeTranslator::getAnnotations0 (62 bytes)
Event: 1.262 Thread 0x0000000017187000 nmethod 1173 0x0000000002c3e190 code [0x0000000002c3e3e0, 0x0000000002c3f258]
Event: 1.262 Thread 0x0000000017187000 1238       3       com.android.dx.rop.cst.CstString::stringToUtf8Bytes (175 bytes)
Event: 1.263 Thread 0x0000000017187000 nmethod 1238 0x0000000002c3f890 code [0x0000000002c3fa60, 0x0000000002c402d8]
Event: 1.263 Thread 0x0000000017187000 1239       3       com.android.dx.ssa.ConstCollector::getConstsSortedByCountUse (386 bytes)

GC Heap History (2 events):
Event: 1.089 GC heap before
{Heap before GC invocations=1 (full 0):
 PSYoungGen      total 38400K, used 33280K [0x00000000eab00000, 0x00000000ed580000, 0x0000000100000000)
  eden space 33280K, 100% used [0x00000000eab00000,0x00000000ecb80000,0x00000000ecb80000)
  from space 5120K, 0% used [0x00000000ed080000,0x00000000ed080000,0x00000000ed580000)
  to   space 5120K, 0% used [0x00000000ecb80000,0x00000000ecb80000,0x00000000ed080000)
 ParOldGen       total 87552K, used 0K [0x00000000c0000000, 0x00000000c5580000, 0x00000000eab00000)
  object space 87552K, 0% used [0x00000000c0000000,0x00000000c0000000,0x00000000c5580000)
 Metaspace       used 5864K, capacity 6832K, committed 7040K, reserved 1056768K
  class space    used 572K, capacity 616K, committed 640K, reserved 1048576K
Event: 1.180 GC heap after
Heap after GC invocations=1 (full 0):
 PSYoungGen      total 38400K, used 5104K [0x00000000eab00000, 0x00000000ed580000, 0x0000000100000000)
  eden space 33280K, 0% used [0x00000000eab00000,0x00000000eab00000,0x00000000ecb80000)
  from space 5120K, 99% used [0x00000000ecb80000,0x00000000ed07c378,0x00000000ed080000)
  to   space 5120K, 0% used [0x00000000ed080000,0x00000000ed080000,0x00000000ed580000)
 ParOldGen       total 87552K, used 882K [0x00000000c0000000, 0x00000000c5580000, 0x00000000eab00000)
  object space 87552K, 1% used [0x00000000c0000000,0x00000000c00dcbd0,0x00000000c5580000)
 Metaspace       used 5864K, capacity 6832K, committed 7040K, reserved 1056768K
  class space    used 572K, capacity 616K, committed 640K, reserved 1048576K
}

Deoptimization events (10 events):
Event: 0.727 Thread 0x0000000017441800 Uncommon trap: reason=unstable_if action=reinterpret pc=0x00000000029a4b94 method=com.android.dx.rop.code.RegisterSpec.equals(ILcom/android/dx/rop/type/TypeBearer;Lcom/android/dx/rop/code/LocalItem;)Z @ 16
Event: 0.743 Thread 0x00000000174f6800 Uncommon trap: reason=class_check action=maybe_recompile pc=0x00000000029a9b70 method=com.android.dx.ssa.NormalSsaInsn.accept(Lcom/android/dx/ssa/SsaInsn$Visitor;)V @ 9
Event: 0.743 Thread 0x00000000174f6800 Uncommon trap: reason=class_check action=maybe_recompile pc=0x00000000029a9b70 method=com.android.dx.ssa.NormalSsaInsn.accept(Lcom/android/dx/ssa/SsaInsn$Visitor;)V @ 9
Event: 0.743 Thread 0x00000000174f6800 Uncommon trap: reason=class_check action=maybe_recompile pc=0x00000000029a9b70 method=com.android.dx.ssa.NormalSsaInsn.accept(Lcom/android/dx/ssa/SsaInsn$Visitor;)V @ 9
Event: 0.744 Thread 0x00000000174f6800 Uncommon trap: reason=class_check action=maybe_recompile pc=0x00000000029a9b70 method=com.android.dx.ssa.NormalSsaInsn.accept(Lcom/android/dx/ssa/SsaInsn$Visitor;)V @ 9
Event: 0.909 Thread 0x0000000017441800 Uncommon trap: reason=unstable_if action=reinterpret pc=0x0000000002a1395c method=com.android.dx.rop.cst.Constant.compareTo(Lcom/android/dx/rop/cst/Constant;)I @ 12
Event: 0.917 Thread 0x000000001741d000 Uncommon trap: reason=unstable_if action=reinterpret pc=0x0000000002abc058 method=com.android.dx.rop.code.LocalItem.hashCode()I @ 25
Event: 0.918 Thread 0x000000001741d000 Uncommon trap: reason=unstable_if action=reinterpret pc=0x0000000002adc558 method=com.android.dx.rop.code.LocalItem.hashCode()I @ 25
Event: 1.260 Thread 0x00000000174f6800 Uncommon trap: reason=null_check action=make_not_entrant pc=0x0000000002bd2c44 method=com.android.dx.ssa.SsaRenamer.getLocalForNewReg(I)Lcom/android/dx/rop/code/LocalItem; @ 19
Event: 1.260 Thread 0x00000000174f6800 Uncommon trap: reason=null_check action=make_not_entrant pc=0x0000000002b877c8 method=com.android.dx.ssa.SsaRenamer.getLocalForNewReg(I)Lcom/android/dx/rop/code/LocalItem; @ 19

Internal exceptions (4 events):
Event: 0.033 Thread 0x0000000002670800 Exception <a 'java/lang/NoSuchMethodError': Method sun.misc.Unsafe.defineClass(Ljava/lang/String;[BII)Ljava/lang/Class; name or signature does not match> (0x00000000eab07cc0) thrown at [C:\src\android\AOSP-openjdk\external\jetbrains\jdk\hotspot\src\share\vTõ5üõ ?
Event: 0.033 Thread 0x0000000002670800 Exception <a 'java/lang/NoSuchMethodError': Method sun.misc.Unsafe.prefetchRead(Ljava/lang/Object;J)V name or signature does not match> (0x00000000eab07fa8) thrown at [C:\src\android\AOSP-openjdk\external\jetbrains\jdk\hotspot\src\share\vm\prims\jni.cpp, l^À÷^à(ô?
Event: 1.260 Thread 0x00000000174f6800 Implicit null exception at 0x0000000002bd178c to 0x0000000002bd2bfd
Event: 1.260 Thread 0x00000000174f6800 Implicit null exception at 0x0000000002b865ae to 0x0000000002b877a1

Events (10 events):
Event: 0.954 Executing VM operation: Deoptimize
Event: 0.999 Executing VM operation: Deoptimize done
Event: 1.087 Executing VM operation: ParallelGCFailedAllocation
Event: 1.180 Executing VM operation: ParallelGCFailedAllocation done
Event: 1.260 Thread 0x00000000174f6800 Uncommon trap: trap_request=0xfffffff4 fr.pc=0x0000000002bd2c44
Event: 1.260 Thread 0x00000000174f6800 DEOPT PACKING pc=0x0000000002bd2c44 sp=0x000000001883e6f0
Event: 1.260 Thread 0x00000000174f6800 DEOPT UNPACKING pc=0x00000000027b556a sp=0x000000001883e4f8 mode 2
Event: 1.260 Thread 0x00000000174f6800 Uncommon trap: trap_request=0xfffffff4 fr.pc=0x0000000002b877c8
Event: 1.260 Thread 0x00000000174f6800 DEOPT PACKING pc=0x0000000002b877c8 sp=0x000000001883e680
Event: 1.260 Thread 0x00000000174f6800 DEOPT UNPACKING pc=0x00000000027b556a sp=0x000000001883e4e8 mode 2


Dynamic libraries:
0x00007ff6e47b0000 - 0x00007ff6e47e1000 	C:\Program Files\Android\Android Studio\jre\bin\java.exe
0x00007ffe5a290000 - 0x00007ffe5a451000 	C:\WINDOWS\SYSTEM32\ntdll.dll
0x00007ffe58070000 - 0x00007ffe5811d000 	C:\WINDOWS\system32\KERNEL32.DLL
0x00007ffe574a0000 - 0x00007ffe57688000 	C:\WINDOWS\system32\KERNELBASE.dll
0x00007ffe57950000 - 0x00007ffe579f7000 	C:\WINDOWS\system32\ADVAPI32.dll
0x00007ffe57c30000 - 0x00007ffe57ccd000 	C:\WINDOWS\system32\msvcrt.dll
0x00007ffe59b10000 - 0x00007ffe59b6b000 	C:\WINDOWS\system32\sechost.dll
0x00007ffe57cd0000 - 0x00007ffe57dec000 	C:\WINDOWS\system32\RPCRT4.dll
0x00007ffe577f0000 - 0x00007ffe57946000 	C:\WINDOWS\system32\USER32.dll
0x00007ffe57df0000 - 0x00007ffe57f76000 	C:\WINDOWS\system32\GDI32.dll
0x00007ffe4f430000 - 0x00007ffe4f6a4000 	C:\WINDOWS\WinSxS\amd64_microsoft.windows.common-controls_6595b64144ccf1df_6.0.10586.589_none_a2ddb3caa539acce\COMCTL32.dll
0x00007ffe58270000 - 0x00007ffe584ed000 	C:\WINDOWS\system32\combase.dll
0x00007ffe57210000 - 0x00007ffe5727a000 	C:\WINDOWS\system32\bcryptPrimitives.dll
0x00007ffe577a0000 - 0x00007ffe577db000 	C:\WINDOWS\system32\IMM32.DLL
0x0000000065070000 - 0x0000000065142000 	C:\Program Files\Android\Android Studio\jre\jre\bin\msvcr100.dll
0x0000000064610000 - 0x0000000064e44000 	C:\Program Files\Android\Android Studio\jre\jre\bin\server\jvm.dll
0x00007ffe584f0000 - 0x00007ffe584f8000 	C:\WINDOWS\system32\PSAPI.DLL
0x00007ffe3dd20000 - 0x00007ffe3dd29000 	C:\WINDOWS\SYSTEM32\WSOCK32.dll
0x00007ffe57f80000 - 0x00007ffe57feb000 	C:\WINDOWS\system32\WS2_32.dll
0x00007ffe54bc0000 - 0x00007ffe54be3000 	C:\WINDOWS\SYSTEM32\WINMM.dll
0x00007ffe54ad0000 - 0x00007ffe54afc000 	C:\WINDOWS\SYSTEM32\WINMMBASE.dll
0x00007ffe57280000 - 0x00007ffe572c3000 	C:\WINDOWS\system32\cfgmgr32.dll
0x00007ffe4f7a0000 - 0x00007ffe4f7aa000 	C:\WINDOWS\SYSTEM32\VERSION.dll
0x00007ffe503f0000 - 0x00007ffe503ff000 	C:\Program Files\Android\Android Studio\jre\jre\bin\verify.dll
0x00007ffe496f0000 - 0x00007ffe49719000 	C:\Program Files\Android\Android Studio\jre\jre\bin\java.dll
0x00007ffe50390000 - 0x00007ffe503a6000 	C:\Program Files\Android\Android Studio\jre\jre\bin\zip.dll
0x00007ffe58500000 - 0x00007ffe59a5c000 	C:\WINDOWS\system32\SHELL32.dll
0x00007ffe56b60000 - 0x00007ffe571a5000 	C:\WINDOWS\system32\windows.storage.dll
0x00007ffe57ff0000 - 0x00007ffe58042000 	C:\WINDOWS\system32\shlwapi.dll
0x00007ffe56920000 - 0x00007ffe5692f000 	C:\WINDOWS\system32\kernel.appcore.dll
0x00007ffe569f0000 - 0x00007ffe56aa5000 	C:\WINDOWS\system32\shcore.dll
0x00007ffe568d0000 - 0x00007ffe5691b000 	C:\WINDOWS\system32\powrprof.dll
0x00007ffe568b0000 - 0x00007ffe568c4000 	C:\WINDOWS\system32\profapi.dll

VM Arguments:
jvm_args: -Djava.awt.headless=true -Xmx1024M -Dfile.encoding=windows-1251 -Duser.country=RU -Duser.language=ru -Duser.variant 
java_command: com.android.dx.command.Main --dex --force-jumbo --num-threads=4 --multi-dex --output C:\Users\ren95\AndroidStudioProjects\circles\app\build\intermediates\transforms\dex\debug\folders\1000\10\internal_impl-23.3.0_2887c93337ab83ddb6671952cf6a25e2eceb54f9 C:\Users\ren95\AndroidStudioProjects\circles\app\build\intermediates\exploded-aar\com.android.support\support-v4\23.3.0\jars\libs\internal_impl-23.3.0.jar
java_class_path (initial): C:\Users\ren95\AppData\Local\Android\sdk\build-tools\23.0.3\lib\dx.jar
Launcher Type: SUN_STANDARD

Environment Variables:
PATH=C:\ProgramData\Oracle\Java\javapath;C:\WINDOWS\system32;C:\WINDOWS;C:\WINDOWS\System32\Wbem;C:\WINDOWS\System32\WindowsPowerShell\v1.0\;C:\Program Files\Git\cmd
USERNAME=ren95
OS=Windows_NT
PROCESSOR_IDENTIFIER=Intel64 Family 6 Model 58 Stepping 9, GenuineIntel



---------------  S Y S T E M  ---------------

OS: Windows 10.0 , 64 bit Build 10586 (10.0.10586.589)

CPU:total 8 (4 cores per cpu, 2 threads per core) family 6 model 58 stepping 9, cmov, cx8, fxsr, mmx, sse, sse2, sse3, ssse3, sse4.1, sse4.2, popcnt, avx, aes, clmul, erms, ht, tsc, tscinvbit, tscinv

Memory: 4k page, physical 8266736k(1347792k free), swap 8266736k(5344k free)

vm_info: OpenJDK 64-Bit Server VM (25.76-b03) for windows-amd64 JRE (1.8.0_76-release-b03), built on Jun 29 2016 19:09:20 by "ralucas" with MS VC++ 10.0 (VS2010)

time: Wed Oct 12 02:52:28 2016
elapsed time: 1 seconds (0d 0h 0m 1s)

