#
# There is insufficient memory for the Java Runtime Environment to continue.
# Native memory allocation (malloc) failed to allocate 308816 bytes for Chunk::new
# Possible reasons:
#   The system is out of physical RAM or swap space
#   In 32 bit mode, the process size limit was hit
# Possible solutions:
#   Reduce memory load on the system
#   Increase physical memory or swap space
#   Check if swap backing store is full
#   Use 64 bit Java on a 64 bit OS
#   Decrease Java heap size (-Xmx/-Xms)
#   Decrease number of Java threads
#   Decrease Java thread stack sizes (-Xss)
#   Set larger code cache with -XX:ReservedCodeCacheSize=
# This output file may be truncated or incomplete.
#
#  Out of Memory Error (allocation.cpp:390), pid=2796, tid=0x00000000000016e0
#
# JRE version: OpenJDK Runtime Environment (8.0_76-b03) (build 1.8.0_76-release-b03)
# Java VM: OpenJDK 64-Bit Server VM (25.76-b03 mixed mode windows-amd64 compressed oops)
# Failed to write core dump. Minidumps are not enabled by default on client versions of Windows
#

---------------  T H R E A D  ---------------

Current thread (0x0000000017030000):  JavaThread "C2 CompilerThread1" daemon [_thread_in_native, id=5856, stack(0x00000000178f0000,0x00000000179f0000)]

Stack: [0x00000000178f0000,0x00000000179f0000]
[error occurred during error reporting (printing stack bounds), id 0xc0000005]

Native frames: (J=compiled Java code, j=interpreted, Vv=VM code, C=native code)


Current CompileTask:
C2:   2681 1780   !   4       com.android.dx.cf.code.BytecodeArray::parseInstruction (2764 bytes)


---------------  P R O C E S S  ---------------

Java Threads: ( => current thread )
  0x00000000173f3800 JavaThread "pool-2-thread-4" [_thread_blocked, id=10044, stack(0x00000000189f0000,0x0000000018af0000)]
  0x00000000173f7800 JavaThread "pool-2-thread-3" [_thread_blocked, id=3140, stack(0x00000000188f0000,0x00000000189f0000)]
  0x00000000173f0000 JavaThread "pool-2-thread-2" [_thread_blocked, id=10068, stack(0x00000000187f0000,0x00000000188f0000)]
  0x000000001735d800 JavaThread "pool-3-thread-1" [_thread_blocked, id=3820, stack(0x00000000186f0000,0x00000000187f0000)]
  0x000000001735c800 JavaThread "pool-2-thread-1" [_thread_in_vm, id=10012, stack(0x00000000185f0000,0x00000000186f0000)]
  0x00000000170c7800 JavaThread "Service Thread" daemon [_thread_blocked, id=6104, stack(0x0000000017bf0000,0x0000000017cf0000)]
  0x0000000017036800 JavaThread "C1 CompilerThread3" daemon [_thread_blocked, id=9952, stack(0x0000000017af0000,0x0000000017bf0000)]
  0x0000000017035000 JavaThread "C2 CompilerThread2" daemon [_thread_in_native, id=9196, stack(0x00000000179f0000,0x0000000017af0000)]
=>0x0000000017030000 JavaThread "C2 CompilerThread1" daemon [_thread_in_native, id=5856, stack(0x00000000178f0000,0x00000000179f0000)]
  0x000000001702d000 JavaThread "C2 CompilerThread0" daemon [_thread_in_native, id=9236, stack(0x00000000177f0000,0x00000000178f0000)]
  0x000000001702b000 JavaThread "Attach Listener" daemon [_thread_blocked, id=7684, stack(0x00000000176f0000,0x00000000177f0000)]
  0x000000001702a000 JavaThread "Signal Dispatcher" daemon [_thread_blocked, id=9524, stack(0x00000000175f0000,0x00000000176f0000)]
  0x0000000017020800 JavaThread "Finalizer" daemon [_thread_blocked, id=8384, stack(0x0000000017400000,0x0000000017500000)]
  0x00000000025f5000 JavaThread "Reference Handler" daemon [_thread_blocked, id=4980, stack(0x0000000016f00000,0x0000000017000000)]
  0x0000000002500800 JavaThread "main" [_thread_in_Java, id=8760, stack(0x0000000002400000,0x0000000002500000)]

Other Threads:
  0x0000000015115800 VMThread [stack: 0x0000000016e00000,0x0000000016f00000] [id=6848]
  0x00000000170c8000 WatcherThread [stack: 0x0000000017cf0000,0x0000000017df0000] [id=8548]

VM state:not at safepoint (normal execution)

VM Mutex/Monitor currently owned by a thread: None

Heap:
 PSYoungGen      total 71680K, used 48185K [0x00000000eab00000, 0x00000000f3700000, 0x0000000100000000)
  eden space 66560K, 64% used [0x00000000eab00000,0x00000000ed513258,0x00000000eec00000)
  from space 5120K, 99% used [0x00000000eec00000,0x00000000ef0fb4a8,0x00000000ef100000)
  to   space 5120K, 0% used [0x00000000f3200000,0x00000000f3200000,0x00000000f3700000)
 ParOldGen       total 87552K, used 14251K [0x00000000c0000000, 0x00000000c5580000, 0x00000000eab00000)
  object space 87552K, 16% used [0x00000000c0000000,0x00000000c0deac48,0x00000000c5580000)
 Metaspace       used 6264K, capacity 7152K, committed 7296K, reserved 1056768K
  class space    used 579K, capacity 616K, committed 640K, reserved 1048576K

Card table byte_map: [0x00000000119c0000,0x0000000011bd0000] byte_map_base: 0x00000000113c0000

Marking Bits: (ParMarkBitMap*) 0x0000000052de9d00
 Begin Bits: [0x0000000012530000, 0x0000000013530000)
 End Bits:   [0x0000000013530000, 0x0000000014530000)

Polling page: 0x0000000000b20000

CodeCache: size=245760Kb used=7678Kb max_used=7678Kb free=238081Kb
 bounds [0x0000000002600000, 0x0000000002d90000, 0x0000000011600000]
 total_blobs=2074 nmethods=1806 adapters=182
 compilation: enabled

Compilation events (10 events):
Event: 2.592 Thread 0x0000000017036800 1846       2       java.util.concurrent.ThreadPoolExecutor::afterExecute (1 bytes)
Event: 2.592 Thread 0x0000000017036800 nmethod 1846 0x0000000002d65790 code [0x0000000002d658e0, 0x0000000002d65a30]
Event: 2.592 Thread 0x0000000017036800 1847   !   2       java.util.concurrent.ThreadPoolExecutor::getTask (179 bytes)
Event: 2.593 Thread 0x0000000017036800 nmethod 1847 0x0000000002d64c10 code [0x0000000002d64de0, 0x0000000002d65398]
Event: 2.593 Thread 0x0000000017036800 1848       2       java.util.concurrent.locks.ReentrantLock::lockInterruptibly (9 bytes)
Event: 2.594 Thread 0x0000000017036800 nmethod 1848 0x0000000002d64610 code [0x0000000002d647a0, 0x0000000002d64a38]
Event: 2.594 Thread 0x0000000017036800 1849       1       com.android.dx.dex.file.ClassDefItem::getThisClass (5 bytes)
Event: 2.594 Thread 0x0000000017036800 nmethod 1849 0x0000000002d64350 code [0x0000000002d644a0, 0x0000000002d645b0]
Event: 2.596 Thread 0x0000000017036800 1850       2       java.util.concurrent.FutureTask::set (36 bytes)
Event: 2.596 Thread 0x0000000017036800 nmethod 1850 0x0000000002d85b50 code [0x0000000002d85cc0, 0x0000000002d85ea8]

GC Heap History (6 events):
Event: 0.668 GC heap before
{Heap before GC invocations=1 (full 0):
 PSYoungGen      total 38400K, used 33280K [0x00000000eab00000, 0x00000000ed580000, 0x0000000100000000)
  eden space 33280K, 100% used [0x00000000eab00000,0x00000000ecb80000,0x00000000ecb80000)
  from space 5120K, 0% used [0x00000000ed080000,0x00000000ed080000,0x00000000ed580000)
  to   space 5120K, 0% used [0x00000000ecb80000,0x00000000ecb80000,0x00000000ed080000)
 ParOldGen       total 87552K, used 0K [0x00000000c0000000, 0x00000000c5580000, 0x00000000eab00000)
  object space 87552K, 0% used [0x00000000c0000000,0x00000000c0000000,0x00000000c5580000)
 Metaspace       used 5823K, capacity 6832K, committed 7040K, reserved 1056768K
  class space    used 576K, capacity 616K, committed 640K, reserved 1048576K
Event: 0.720 GC heap after
Heap after GC invocations=1 (full 0):
 PSYoungGen      total 38400K, used 5098K [0x00000000eab00000, 0x00000000ef600000, 0x0000000100000000)
  eden space 33280K, 0% used [0x00000000eab00000,0x00000000eab00000,0x00000000ecb80000)
  from space 5120K, 99% used [0x00000000ecb80000,0x00000000ed07aa50,0x00000000ed080000)
  to   space 5120K, 0% used [0x00000000ef100000,0x00000000ef100000,0x00000000ef600000)
 ParOldGen       total 87552K, used 312K [0x00000000c0000000, 0x00000000c5580000, 0x00000000eab00000)
  object space 87552K, 0% used [0x00000000c0000000,0x00000000c004e3e8,0x00000000c5580000)
 Metaspace       used 5823K, capacity 6832K, committed 7040K, reserved 1056768K
  class space    used 576K, capacity 616K, committed 640K, reserved 1048576K
}
Event: 1.421 GC heap before
{Heap before GC invocations=2 (full 0):
 PSYoungGen      total 38400K, used 38378K [0x00000000eab00000, 0x00000000ef600000, 0x0000000100000000)
  eden space 33280K, 100% used [0x00000000eab00000,0x00000000ecb80000,0x00000000ecb80000)
  from space 5120K, 99% used [0x00000000ecb80000,0x00000000ed07aa50,0x00000000ed080000)
  to   space 5120K, 0% used [0x00000000ef100000,0x00000000ef100000,0x00000000ef600000)
 ParOldGen       total 87552K, used 312K [0x00000000c0000000, 0x00000000c5580000, 0x00000000eab00000)
  object space 87552K, 0% used [0x00000000c0000000,0x00000000c004e3e8,0x00000000c5580000)
 Metaspace       used 6143K, capacity 7088K, committed 7296K, reserved 1056768K
  class space    used 578K, capacity 616K, committed 640K, reserved 1048576K
Event: 1.443 GC heap after
Heap after GC invocations=2 (full 0):
 PSYoungGen      total 71680K, used 5099K [0x00000000eab00000, 0x00000000ef600000, 0x0000000100000000)
  eden space 66560K, 0% used [0x00000000eab00000,0x00000000eab00000,0x00000000eec00000)
  from space 5120K, 99% used [0x00000000ef100000,0x00000000ef5fad28,0x00000000ef600000)
  to   space 5120K, 0% used [0x00000000eec00000,0x00000000eec00000,0x00000000ef100000)
 ParOldGen       total 87552K, used 3852K [0x00000000c0000000, 0x00000000c5580000, 0x00000000eab00000)
  object space 87552K, 4% used [0x00000000c0000000,0x00000000c03c3390,0x00000000c5580000)
 Metaspace       used 6143K, capacity 7088K, committed 7296K, reserved 1056768K
  class space    used 578K, capacity 616K, committed 640K, reserved 1048576K
}
Event: 2.132 GC heap before
{Heap before GC invocations=3 (full 0):
 PSYoungGen      total 71680K, used 71659K [0x00000000eab00000, 0x00000000ef600000, 0x0000000100000000)
  eden space 66560K, 100% used [0x00000000eab00000,0x00000000eec00000,0x00000000eec00000)
  from space 5120K, 99% used [0x00000000ef100000,0x00000000ef5fad28,0x00000000ef600000)
  to   space 5120K, 0% used [0x00000000eec00000,0x00000000eec00000,0x00000000ef100000)
 ParOldGen       total 87552K, used 3852K [0x00000000c0000000, 0x00000000c5580000, 0x00000000eab00000)
  object space 87552K, 4% used [0x00000000c0000000,0x00000000c03c3390,0x00000000c5580000)
 Metaspace       used 6230K, capacity 7152K, committed 7296K, reserved 1056768K
  class space    used 579K, capacity 616K, committed 640K, reserved 1048576K
Event: 2.397 GC heap after
Heap after GC invocations=3 (full 0):
 PSYoungGen      total 71680K, used 5101K [0x00000000eab00000, 0x00000000f3700000, 0x0000000100000000)
  eden space 66560K, 0% used [0x00000000eab00000,0x00000000eab00000,0x00000000eec00000)
  from space 5120K, 99% used [0x00000000eec00000,0x00000000ef0fb4a8,0x00000000ef100000)
  to   space 5120K, 0% used [0x00000000f3200000,0x00000000f3200000,0x00000000f3700000)
 ParOldGen       total 87552K, used 14251K [0x00000000c0000000, 0x00000000c5580000, 0x00000000eab00000)
  object space 87552K, 16% used [0x00000000c0000000,0x00000000c0deac48,0x00000000c5580000)
 Metaspace       used 6230K, capacity 7152K, committed 7296K, reserved 1056768K
  class space    used 579K, capacity 616K, committed 640K, reserved 1048576K
}

Deoptimization events (10 events):
Event: 1.500 Thread 0x000000001735c800 Uncommon trap: reason=bimorphic action=maybe_recompile pc=0x000000000288dc38 method=java.util.HashMap.getNode(ILjava/lang/Object;)Ljava/util/HashMap$Node; @ 126
Event: 1.500 Thread 0x000000001735c800 Uncommon trap: reason=bimorphic action=maybe_recompile pc=0x000000000288dc38 method=java.util.HashMap.getNode(ILjava/lang/Object;)Ljava/util/HashMap$Node; @ 126
Event: 1.500 Thread 0x000000001735c800 Uncommon trap: reason=unstable_if action=reinterpret pc=0x00000000028abf5c method=com.android.dx.rop.cst.Constant.compareTo(Lcom/android/dx/rop/cst/Constant;)I @ 12
Event: 1.501 Thread 0x000000001735c800 Uncommon trap: reason=class_check action=maybe_recompile pc=0x0000000002ae3d84 method=java.util.HashMap.putVal(ILjava/lang/Object;Ljava/lang/Object;ZZ)Ljava/lang/Object; @ 203
Event: 1.501 Thread 0x000000001735c800 Uncommon trap: reason=bimorphic action=maybe_recompile pc=0x00000000028b7848 method=java.util.HashMap.getNode(ILjava/lang/Object;)Ljava/util/HashMap$Node; @ 126
Event: 1.522 Thread 0x000000001735c800 Uncommon trap: reason=unstable_if action=reinterpret pc=0x0000000002c50f6c method=com.android.dx.ssa.SsaRenamer$BlockRenamer.visitMoveInsn(Lcom/android/dx/ssa/NormalSsaInsn;)V @ 104
Event: 1.528 Thread 0x000000001735c800 Uncommon trap: reason=unstable_if action=reinterpret pc=0x0000000002b82848 method=com.android.dx.ssa.SCCP.simulateBranch(Lcom/android/dx/ssa/SsaInsn;)V @ 64
Event: 1.529 Thread 0x000000001735c800 Uncommon trap: reason=unstable_if action=reinterpret pc=0x0000000002a5c95c method=com.android.dx.ssa.SsaMethod.updateOneDefinition(Lcom/android/dx/ssa/SsaInsn;Lcom/android/dx/rop/code/RegisterSpec;)V @ 4
Event: 2.041 Thread 0x00000000173f3800 Uncommon trap: reason=bimorphic action=maybe_recompile pc=0x0000000002ccef04 method=com.android.dx.cf.code.BytecodeArray.parseInstruction(ILcom/android/dx/cf/code/BytecodeArray$Visitor;)I @ 1130
Event: 2.042 Thread 0x00000000173f3800 Uncommon trap: reason=bimorphic action=maybe_recompile pc=0x0000000002ccef04 method=com.android.dx.cf.code.BytecodeArray.parseInstruction(ILcom/android/dx/cf/code/BytecodeArray$Visitor;)I @ 1130

Internal exceptions (2 events):
Event: 0.027 Thread 0x0000000002500800 Exception <a 'java/lang/NoSuchMethodError': Method sun.misc.Unsafe.defineClass(Ljava/lang/String;[BII)Ljava/lang/Class; name or signature does not match> (0x00000000eab07cc0) thrown at [C:\src\android\AOSP-openjdk\external\jetbrains\jdk\hotspot\src\share\v´Ê„©×œ?
Event: 0.027 Thread 0x0000000002500800 Exception <a 'java/lang/NoSuchMethodError': Method sun.misc.Unsafe.prefetchRead(Ljava/lang/Object;J)V name or signature does not match> (0x00000000eab07fa8) thrown at [C:\src\android\AOSP-openjdk\external\jetbrains\jdk\hotspot\src\share\vm\prims\jni.cpp, l

Events (10 events):
Event: 1.529 Thread 0x000000001735c800 DEOPT PACKING pc=0x0000000002a5c95c sp=0x00000000186ee9f0
Event: 1.529 Thread 0x000000001735c800 DEOPT UNPACKING pc=0x000000000264556a sp=0x00000000186ee998 mode 2
Event: 2.041 Thread 0x00000000173f3800 Uncommon trap: trap_request=0xffffffc6 fr.pc=0x0000000002ccef04
Event: 2.041 Thread 0x00000000173f3800 DEOPT PACKING pc=0x0000000002ccef04 sp=0x0000000018aeebc0
Event: 2.041 Thread 0x00000000173f3800 DEOPT UNPACKING pc=0x000000000264556a sp=0x0000000018aeeb48 mode 2
Event: 2.042 Thread 0x00000000173f3800 Uncommon trap: trap_request=0xffffffc6 fr.pc=0x0000000002ccef04
Event: 2.042 Thread 0x00000000173f3800 DEOPT PACKING pc=0x0000000002ccef04 sp=0x0000000018aeea10
Event: 2.042 Thread 0x00000000173f3800 DEOPT UNPACKING pc=0x000000000264556a sp=0x0000000018aee998 mode 2
Event: 2.047 Executing VM operation: ParallelGCFailedAllocation
Event: 2.397 Executing VM operation: ParallelGCFailedAllocation done


Dynamic libraries:
0x00007ff614890000 - 0x00007ff6148c1000 	C:\Program Files\Android\Android Studio\jre\bin\java.exe
0x00007ffff36b0000 - 0x00007ffff3871000 	C:\WINDOWS\SYSTEM32\ntdll.dll
0x00007ffff2410000 - 0x00007ffff24bd000 	C:\WINDOWS\system32\KERNEL32.DLL
0x00007fffefdb0000 - 0x00007fffeff98000 	C:\WINDOWS\system32\KERNELBASE.dll
0x00007ffff3540000 - 0x00007ffff35e7000 	C:\WINDOWS\system32\ADVAPI32.dll
0x00007ffff2020000 - 0x00007ffff20bd000 	C:\WINDOWS\system32\msvcrt.dll
0x00007ffff20c0000 - 0x00007ffff211b000 	C:\WINDOWS\system32\sechost.dll
0x00007ffff2120000 - 0x00007ffff223c000 	C:\WINDOWS\system32\RPCRT4.dll
0x00007ffff33e0000 - 0x00007ffff3536000 	C:\WINDOWS\system32\USER32.dll
0x00007ffff2e70000 - 0x00007ffff2ff6000 	C:\WINDOWS\system32\GDI32.dll
0x00007fffe8b80000 - 0x00007fffe8df4000 	C:\WINDOWS\WinSxS\amd64_microsoft.windows.common-controls_6595b64144ccf1df_6.0.10586.589_none_a2ddb3caa539acce\COMCTL32.dll
0x00007ffff2bf0000 - 0x00007ffff2e6d000 	C:\WINDOWS\system32\combase.dll
0x00007ffff0900000 - 0x00007ffff096a000 	C:\WINDOWS\system32\bcryptPrimitives.dll
0x00007ffff33a0000 - 0x00007ffff33db000 	C:\WINDOWS\system32\IMM32.DLL
0x0000000052470000 - 0x0000000052542000 	C:\Program Files\Android\Android Studio\jre\jre\bin\msvcr100.dll
0x0000000052630000 - 0x0000000052e64000 	C:\Program Files\Android\Android Studio\jre\jre\bin\server\jvm.dll
0x00007ffff3180000 - 0x00007ffff3188000 	C:\WINDOWS\system32\PSAPI.DLL
0x00007fffd2020000 - 0x00007fffd2029000 	C:\WINDOWS\SYSTEM32\WSOCK32.dll
0x00007fffee010000 - 0x00007fffee033000 	C:\WINDOWS\SYSTEM32\WINMM.dll
0x00007fffe8eb0000 - 0x00007fffe8eba000 	C:\WINDOWS\SYSTEM32\VERSION.dll
0x00007ffff3000000 - 0x00007ffff306b000 	C:\WINDOWS\system32\WS2_32.dll
0x0000000000b50000 - 0x0000000000b7c000 	C:\WINDOWS\SYSTEM32\WINMMBASE.dll
0x00007fffefd60000 - 0x00007fffefda3000 	C:\WINDOWS\system32\cfgmgr32.dll
0x00007fffed250000 - 0x00007fffed25f000 	C:\Program Files\Android\Android Studio\jre\jre\bin\verify.dll
0x00007fffe9970000 - 0x00007fffe9999000 	C:\Program Files\Android\Android Studio\jre\jre\bin\java.dll
0x00007fffe9950000 - 0x00007fffe9966000 	C:\Program Files\Android\Android Studio\jre\jre\bin\zip.dll
0x00007ffff0ab0000 - 0x00007ffff200c000 	C:\WINDOWS\system32\SHELL32.dll
0x00007ffff0000000 - 0x00007ffff0645000 	C:\WINDOWS\system32\windows.storage.dll
0x00007ffff2ac0000 - 0x00007ffff2b12000 	C:\WINDOWS\system32\shlwapi.dll
0x00007fffefcd0000 - 0x00007fffefcdf000 	C:\WINDOWS\system32\kernel.appcore.dll
0x00007ffff0650000 - 0x00007ffff0705000 	C:\WINDOWS\system32\shcore.dll
0x00007fffefce0000 - 0x00007fffefd2b000 	C:\WINDOWS\system32\powrprof.dll
0x00007fffefd30000 - 0x00007fffefd44000 	C:\WINDOWS\system32\profapi.dll

VM Arguments:
jvm_args: -Djava.awt.headless=true -Xmx1024M -Dfile.encoding=windows-1251 -Duser.country=RU -Duser.language=ru -Duser.variant 
java_command: com.android.dx.command.Main --dex --force-jumbo --num-threads=4 --multi-dex --output C:\Users\ren95\AndroidStudioProjects\circles\app\build\intermediates\transforms\dex\debug\folders\1000\10\com.android.support-support-v4-23.3.0_138c057d6d7396cc315aecf902ea0758d0ae4ec4 C:\Users\ren95\AndroidStudioProjects\circles\app\build\intermediates\exploded-aar\com.android.support\support-v4\23.3.0\jars\classes.jar
java_class_path (initial): C:\Users\ren95\AppData\Local\Android\sdk\build-tools\23.0.3\lib\dx.jar
Launcher Type: SUN_STANDARD

Environment Variables:
PATH=C:\ProgramData\Oracle\Java\javapath;C:\WINDOWS\system32;C:\WINDOWS;C:\WINDOWS\System32\Wbem;C:\WINDOWS\System32\WindowsPowerShell\v1.0\;C:\Program Files\Git\cmd
USERNAME=ren95
OS=Windows_NT
PROCESSOR_IDENTIFIER=Intel64 Family 6 Model 58 Stepping 9, GenuineIntel



---------------  S Y S T E M  ---------------

OS: Windows 10.0 , 64 bit Build 10586 (10.0.10586.589)

CPU:total 8 (4 cores per cpu, 2 threads per core) family 6 model 58 stepping 9, cmov, cx8, fxsr, mmx, sse, sse2, sse3, ssse3, sse4.1, sse4.2, popcnt, avx, aes, clmul, erms, ht, tsc, tscinvbit, tscinv

Memory: 4k page, physical 8266736k(1088848k free), swap 8266736k(5284k free)

vm_info: OpenJDK 64-Bit Server VM (25.76-b03) for windows-amd64 JRE (1.8.0_76-release-b03), built on Jun 29 2016 19:09:20 by "ralucas" with MS VC++ 10.0 (VS2010)

time: Wed Oct 12 21:00:10 2016
elapsed time: 2 seconds (0d 0h 0m 2s)

