#
# There is insufficient memory for the Java Runtime Environment to continue.
# Native memory allocation (malloc) failed to allocate 718992 bytes for Chunk::new
# Possible reasons:
#   The system is out of physical RAM or swap space
#   In 32 bit mode, the process size limit was hit
# Possible solutions:
#   Reduce memory load on the system
#   Increase physical memory or swap space
#   Check if swap backing store is full
#   Use 64 bit Java on a 64 bit OS
#   Decrease Java heap size (-Xmx/-Xms)
#   Decrease number of Java threads
#   Decrease Java thread stack sizes (-Xss)
#   Set larger code cache with -XX:ReservedCodeCacheSize=
# This output file may be truncated or incomplete.
#
#  Out of Memory Error (allocation.cpp:390), pid=6816, tid=0x0000000000001350
#
# JRE version: OpenJDK Runtime Environment (8.0_76-b03) (build 1.8.0_76-release-b03)
# Java VM: OpenJDK 64-Bit Server VM (25.76-b03 mixed mode windows-amd64 compressed oops)
# Failed to write core dump. Minidumps are not enabled by default on client versions of Windows
#

---------------  T H R E A D  ---------------

Current thread (0x00000000151b9800):  JavaThread "C2 CompilerThread2" daemon [_thread_in_native, id=4944, stack(0x0000000017a80000,0x0000000017b80000)]

Stack: [0x0000000017a80000,0x0000000017b80000]
[error occurred during error reporting (printing stack bounds), id 0xc0000005]

Native frames: (J=compiled Java code, j=interpreted, Vv=VM code, C=native code)


Current CompileTask:
C2:   5020 2017   !   4       com.android.dx.cf.code.BytecodeArray::parseInstruction (2764 bytes)


---------------  P R O C E S S  ---------------

Java Threads: ( => current thread )
  0x000000001740d000 JavaThread "pool-2-thread-4" [_thread_in_Java, id=13412, stack(0x0000000018a80000,0x0000000018b80000)]
  0x000000001740a000 JavaThread "pool-2-thread-3" [_thread_in_Java, id=9428, stack(0x0000000018980000,0x0000000018a80000)]
  0x0000000017401800 JavaThread "pool-2-thread-2" [_thread_blocked, id=4036, stack(0x0000000018880000,0x0000000018980000)]
  0x0000000017ef1800 JavaThread "pool-3-thread-1" [_thread_blocked, id=9484, stack(0x0000000018780000,0x0000000018880000)]
  0x0000000017371000 JavaThread "pool-2-thread-1" [_thread_blocked, id=7336, stack(0x0000000018680000,0x0000000018780000)]
  0x0000000017104800 JavaThread "Service Thread" daemon [_thread_blocked, id=12492, stack(0x0000000017c80000,0x0000000017d80000)]
  0x00000000170cd000 JavaThread "C1 CompilerThread3" daemon [_thread_blocked, id=14048, stack(0x0000000017b80000,0x0000000017c80000)]
=>0x00000000151b9800 JavaThread "C2 CompilerThread2" daemon [_thread_in_native, id=4944, stack(0x0000000017a80000,0x0000000017b80000)]
  0x00000000170c0000 JavaThread "C2 CompilerThread1" daemon [_thread_in_native, id=12820, stack(0x0000000017980000,0x0000000017a80000)]
  0x00000000170be000 JavaThread "C2 CompilerThread0" daemon [_thread_in_native, id=11660, stack(0x0000000017880000,0x0000000017980000)]
  0x00000000170bb800 JavaThread "Attach Listener" daemon [_thread_blocked, id=12272, stack(0x0000000017780000,0x0000000017880000)]
  0x00000000170ba000 JavaThread "Signal Dispatcher" daemon [_thread_blocked, id=8004, stack(0x0000000017680000,0x0000000017780000)]
  0x00000000170b0800 JavaThread "Finalizer" daemon [_thread_blocked, id=1804, stack(0x0000000017490000,0x0000000017590000)]
  0x0000000002684000 JavaThread "Reference Handler" daemon [_thread_blocked, id=13852, stack(0x0000000016f90000,0x0000000017090000)]
  0x0000000002590800 JavaThread "main" [_thread_in_vm, id=10504, stack(0x0000000002490000,0x0000000002590000)]

Other Threads:
  0x00000000151a5000 VMThread [stack: 0x0000000016e90000,0x0000000016f90000] [id=7920]
  0x0000000017159800 WatcherThread [stack: 0x0000000017d80000,0x0000000017e80000] [id=14740]

VM state:not at safepoint (normal execution)

VM Mutex/Monitor currently owned by a thread: None

Heap:
 PSYoungGen      total 138240K, used 46307K [0x00000000eab00000, 0x00000000fe600000, 0x0000000100000000)
  eden space 133120K, 30% used [0x00000000eab00000,0x00000000ed33b168,0x00000000f2d00000)
  from space 5120K, 99% used [0x00000000f2d00000,0x00000000f31fdcd8,0x00000000f3200000)
  to   space 28160K, 0% used [0x00000000fca80000,0x00000000fca80000,0x00000000fe600000)
 ParOldGen       total 87552K, used 44525K [0x00000000c0000000, 0x00000000c5580000, 0x00000000eab00000)
  object space 87552K, 50% used [0x00000000c0000000,0x00000000c2b7b6a8,0x00000000c5580000)
 Metaspace       used 6446K, capacity 7218K, committed 7296K, reserved 1056768K
  class space    used 598K, capacity 618K, committed 640K, reserved 1048576K

Card table byte_map: [0x0000000011a50000,0x0000000011c60000] byte_map_base: 0x0000000011450000

Marking Bits: (ParMarkBitMap*) 0x000000006e429d00
 Begin Bits: [0x00000000125c0000, 0x00000000135c0000)
 End Bits:   [0x00000000135c0000, 0x00000000145c0000)

Polling page: 0x0000000000a80000

CodeCache: size=245760Kb used=8698Kb max_used=8731Kb free=237061Kb
 bounds [0x0000000002690000, 0x0000000002f30000, 0x0000000011690000]
 total_blobs=2328 nmethods=2059 adapters=182
 compilation: enabled

Compilation events (10 events):
Event: 4.678 Thread 0x00000000170cd000 2115       2       com.android.dx.cf.direct.AnnotationParser::<init> (69 bytes)
Event: 4.679 Thread 0x00000000170cd000 nmethod 2115 0x0000000002ef5590 code [0x0000000002ef5740, 0x0000000002ef5c68]
Event: 4.687 Thread 0x00000000170be000 nmethod 2059 0x0000000002f0d790 code [0x0000000002f0e220, 0x0000000002f16340]
Event: 4.688 Thread 0x00000000170be000 2038       4       com.android.dx.ssa.SsaConverter::placePhiFunctions (394 bytes)
Event: 4.704 Thread 0x00000000170cd000 2116       2       java.util.concurrent.locks.AbstractQueuedSynchronizer$Node::<init> (15 bytes)
Event: 4.705 Thread 0x00000000170cd000 nmethod 2116 0x0000000002ef7050 code [0x0000000002ef71a0, 0x0000000002ef7310]
Event: 4.705 Thread 0x00000000170cd000 2118       2       java.util.concurrent.locks.AbstractQueuedSynchronizer::enq (58 bytes)
Event: 4.705 Thread 0x00000000170cd000 nmethod 2118 0x0000000002ef5010 code [0x0000000002ef5180, 0x0000000002ef5470]
Event: 4.705 Thread 0x00000000170cd000 2117       2       java.util.concurrent.locks.AbstractQueuedSynchronizer::transferForSignal (45 bytes)
Event: 4.706 Thread 0x00000000170cd000 nmethod 2117 0x0000000002ef4b10 code [0x0000000002ef4c80, 0x0000000002ef4ed8]

GC Heap History (10 events):
Event: 1.112 GC heap before
{Heap before GC invocations=1 (full 0):
 PSYoungGen      total 38400K, used 33280K [0x00000000eab00000, 0x00000000ed580000, 0x0000000100000000)
  eden space 33280K, 100% used [0x00000000eab00000,0x00000000ecb80000,0x00000000ecb80000)
  from space 5120K, 0% used [0x00000000ed080000,0x00000000ed080000,0x00000000ed580000)
  to   space 5120K, 0% used [0x00000000ecb80000,0x00000000ecb80000,0x00000000ed080000)
 ParOldGen       total 87552K, used 0K [0x00000000c0000000, 0x00000000c5580000, 0x00000000eab00000)
  object space 87552K, 0% used [0x00000000c0000000,0x00000000c0000000,0x00000000c5580000)
 Metaspace       used 5857K, capacity 6832K, committed 7040K, reserved 1056768K
  class space    used 576K, capacity 616K, committed 640K, reserved 1048576K
Event: 1.261 GC heap after
Heap after GC invocations=1 (full 0):
 PSYoungGen      total 38400K, used 5104K [0x00000000eab00000, 0x00000000ef600000, 0x0000000100000000)
  eden space 33280K, 0% used [0x00000000eab00000,0x00000000eab00000,0x00000000ecb80000)
  from space 5120K, 99% used [0x00000000ecb80000,0x00000000ed07c0b8,0x00000000ed080000)
  to   space 5120K, 0% used [0x00000000ef100000,0x00000000ef100000,0x00000000ef600000)
 ParOldGen       total 87552K, used 142K [0x00000000c0000000, 0x00000000c5580000, 0x00000000eab00000)
  object space 87552K, 0% used [0x00000000c0000000,0x00000000c0023b58,0x00000000c5580000)
 Metaspace       used 5857K, capacity 6832K, committed 7040K, reserved 1056768K
  class space    used 576K, capacity 616K, committed 640K, reserved 1048576K
}
Event: 2.013 GC heap before
{Heap before GC invocations=2 (full 0):
 PSYoungGen      total 38400K, used 38384K [0x00000000eab00000, 0x00000000ef600000, 0x0000000100000000)
  eden space 33280K, 100% used [0x00000000eab00000,0x00000000ecb80000,0x00000000ecb80000)
  from space 5120K, 99% used [0x00000000ecb80000,0x00000000ed07c0b8,0x00000000ed080000)
  to   space 5120K, 0% used [0x00000000ef100000,0x00000000ef100000,0x00000000ef600000)
 ParOldGen       total 87552K, used 142K [0x00000000c0000000, 0x00000000c5580000, 0x00000000eab00000)
  object space 87552K, 0% used [0x00000000c0000000,0x00000000c0023b58,0x00000000c5580000)
 Metaspace       used 6069K, capacity 7024K, committed 7296K, reserved 1056768K
  class space    used 578K, capacity 616K, committed 640K, reserved 1048576K
Event: 2.358 GC heap after
Heap after GC invocations=2 (full 0):
 PSYoungGen      total 71680K, used 5089K [0x00000000eab00000, 0x00000000ef600000, 0x0000000100000000)
  eden space 66560K, 0% used [0x00000000eab00000,0x00000000eab00000,0x00000000eec00000)
  from space 5120K, 99% used [0x00000000ef100000,0x00000000ef5f86f8,0x00000000ef600000)
  to   space 5120K, 0% used [0x00000000eec00000,0x00000000eec00000,0x00000000ef100000)
 ParOldGen       total 87552K, used 3468K [0x00000000c0000000, 0x00000000c5580000, 0x00000000eab00000)
  object space 87552K, 3% used [0x00000000c0000000,0x00000000c0363320,0x00000000c5580000)
 Metaspace       used 6069K, capacity 7024K, committed 7296K, reserved 1056768K
  class space    used 578K, capacity 616K, committed 640K, reserved 1048576K
}
Event: 3.045 GC heap before
{Heap before GC invocations=3 (full 0):
 PSYoungGen      total 71680K, used 71649K [0x00000000eab00000, 0x00000000ef600000, 0x0000000100000000)
  eden space 66560K, 100% used [0x00000000eab00000,0x00000000eec00000,0x00000000eec00000)
  from space 5120K, 99% used [0x00000000ef100000,0x00000000ef5f86f8,0x00000000ef600000)
  to   space 5120K, 0% used [0x00000000eec00000,0x00000000eec00000,0x00000000ef100000)
 ParOldGen       total 87552K, used 3468K [0x00000000c0000000, 0x00000000c5580000, 0x00000000eab00000)
  object space 87552K, 3% used [0x00000000c0000000,0x00000000c0363320,0x00000000c5580000)
 Metaspace       used 6193K, capacity 7088K, committed 7296K, reserved 1056768K
  class space    used 579K, capacity 616K, committed 640K, reserved 1048576K
Event: 3.068 GC heap after
Heap after GC invocations=3 (full 0):
 PSYoungGen      total 71680K, used 5101K [0x00000000eab00000, 0x00000000f3700000, 0x0000000100000000)
  eden space 66560K, 0% used [0x00000000eab00000,0x00000000eab00000,0x00000000eec00000)
  from space 5120K, 99% used [0x00000000eec00000,0x00000000ef0fb488,0x00000000ef100000)
  to   space 5120K, 0% used [0x00000000f3200000,0x00000000f3200000,0x00000000f3700000)
 ParOldGen       total 87552K, used 13362K [0x00000000c0000000, 0x00000000c5580000, 0x00000000eab00000)
  object space 87552K, 15% used [0x00000000c0000000,0x00000000c0d0c890,0x00000000c5580000)
 Metaspace       used 6193K, capacity 7088K, committed 7296K, reserved 1056768K
  class space    used 579K, capacity 616K, committed 640K, reserved 1048576K
}
Event: 3.430 GC heap before
{Heap before GC invocations=4 (full 0):
 PSYoungGen      total 71680K, used 71661K [0x00000000eab00000, 0x00000000f3700000, 0x0000000100000000)
  eden space 66560K, 100% used [0x00000000eab00000,0x00000000eec00000,0x00000000eec00000)
  from space 5120K, 99% used [0x00000000eec00000,0x00000000ef0fb488,0x00000000ef100000)
  to   space 5120K, 0% used [0x00000000f3200000,0x00000000f3200000,0x00000000f3700000)
 ParOldGen       total 87552K, used 13362K [0x00000000c0000000, 0x00000000c5580000, 0x00000000eab00000)
  object space 87552K, 15% used [0x00000000c0000000,0x00000000c0d0c890,0x00000000c5580000)
 Metaspace       used 6272K, capacity 7152K, committed 7296K, reserved 1056768K
  class space    used 579K, capacity 616K, committed 640K, reserved 1048576K
Event: 3.489 GC heap after
Heap after GC invocations=4 (full 0):
 PSYoungGen      total 138240K, used 5101K [0x00000000eab00000, 0x00000000f3700000, 0x0000000100000000)
  eden space 133120K, 0% used [0x00000000eab00000,0x00000000eab00000,0x00000000f2d00000)
  from space 5120K, 99% used [0x00000000f3200000,0x00000000f36fb678,0x00000000f3700000)
  to   space 5120K, 0% used [0x00000000f2d00000,0x00000000f2d00000,0x00000000f3200000)
 ParOldGen       total 87552K, used 23821K [0x00000000c0000000, 0x00000000c5580000, 0x00000000eab00000)
  object space 87552K, 27% used [0x00000000c0000000,0x00000000c17436e8,0x00000000c5580000)
 Metaspace       used 6272K, capacity 7152K, committed 7296K, reserved 1056768K
  class space    used 579K, capacity 616K, committed 640K, reserved 1048576K
}
Event: 4.352 GC heap before
{Heap before GC invocations=5 (full 0):
 PSYoungGen      total 138240K, used 138221K [0x00000000eab00000, 0x00000000f3700000, 0x0000000100000000)
  eden space 133120K, 100% used [0x00000000eab00000,0x00000000f2d00000,0x00000000f2d00000)
  from space 5120K, 99% used [0x00000000f3200000,0x00000000f36fb678,0x00000000f3700000)
  to   space 5120K, 0% used [0x00000000f2d00000,0x00000000f2d00000,0x00000000f3200000)
 ParOldGen       total 87552K, used 23821K [0x00000000c0000000, 0x00000000c5580000, 0x00000000eab00000)
  object space 87552K, 27% used [0x00000000c0000000,0x00000000c17436e8,0x00000000c5580000)
 Metaspace       used 6441K, capacity 7218K, committed 7296K, reserved 1056768K
  class space    used 598K, capacity 618K, committed 640K, reserved 1048576K
Event: 4.500 GC heap after
Heap after GC invocations=5 (full 0):
 PSYoungGen      total 138240K, used 5111K [0x00000000eab00000, 0x00000000fe600000, 0x0000000100000000)
  eden space 133120K, 0% used [0x00000000eab00000,0x00000000eab00000,0x00000000f2d00000)
  from space 5120K, 99% used [0x00000000f2d00000,0x00000000f31fdcd8,0x00000000f3200000)
  to   space 28160K, 0% used [0x00000000fca80000,0x00000000fca80000,0x00000000fe600000)
 ParOldGen       total 87552K, used 44525K [0x00000000c0000000, 0x00000000c5580000, 0x00000000eab00000)
  object space 87552K, 50% used [0x00000000c0000000,0x00000000c2b7b6a8,0x00000000c5580000)
 Metaspace       used 6441K, capacity 7218K, committed 7296K, reserved 1056768K
  class space    used 598K, capacity 618K, committed 640K, reserved 1048576K
}

Deoptimization events (10 events):
Event: 3.779 Thread 0x000000001740a000 Uncommon trap: reason=class_check action=maybe_recompile pc=0x0000000002e74144 method=com.android.dx.cf.code.BytecodeArray.parseInstruction(ILcom/android/dx/cf/code/BytecodeArray$Visitor;)I @ 1417
Event: 3.850 Thread 0x000000001740a000 Uncommon trap: reason=unstable_if action=reinterpret pc=0x000000000298d918 method=java.util.HashMap.putVal(ILjava/lang/Object;Ljava/lang/Object;ZZ)Ljava/lang/Object; @ 162
Event: 3.854 Thread 0x000000001740a000 Uncommon trap: reason=unstable_if action=reinterpret pc=0x0000000002d78bd0 method=java.util.HashMap.getNode(ILjava/lang/Object;)Ljava/util/HashMap$Node; @ 84
Event: 3.956 Thread 0x0000000017371000 Uncommon trap: reason=bimorphic action=maybe_recompile pc=0x0000000002e3d3f8 method=com.android.dx.cf.code.RopperMachine.run(Lcom/android/dx/cf/code/Frame;II)V @ 988
Event: 3.956 Thread 0x0000000017371000 Uncommon trap: reason=bimorphic action=maybe_recompile pc=0x0000000002e3d3f8 method=com.android.dx.cf.code.RopperMachine.run(Lcom/android/dx/cf/code/Frame;II)V @ 988
Event: 3.956 Thread 0x0000000017371000 Uncommon trap: reason=bimorphic action=maybe_recompile pc=0x0000000002e3d3f8 method=com.android.dx.cf.code.RopperMachine.run(Lcom/android/dx/cf/code/Frame;II)V @ 988
Event: 3.958 Thread 0x0000000017371000 Uncommon trap: reason=bimorphic action=maybe_recompile pc=0x0000000002e3ecbc method=com.android.dx.cf.code.RopperMachine.run(Lcom/android/dx/cf/code/Frame;II)V @ 310
Event: 3.958 Thread 0x0000000017371000 Uncommon trap: reason=bimorphic action=maybe_recompile pc=0x0000000002e3ecbc method=com.android.dx.cf.code.RopperMachine.run(Lcom/android/dx/cf/code/Frame;II)V @ 310
Event: 3.965 Thread 0x000000001740a000 Uncommon trap: reason=unstable_if action=reinterpret pc=0x0000000002c0700c method=com.android.dx.ssa.MoveParamCombiner$1.visitNonMoveInsn(Lcom/android/dx/ssa/NormalSsaInsn;)V @ 27
Event: 4.315 Thread 0x000000001740d000 Uncommon trap: reason=unstable_if action=reinterpret pc=0x0000000002e366ec method=java.util.HashMap.putVal(ILjava/lang/Object;Ljava/lang/Object;ZZ)Ljava/lang/Object; @ 109

Internal exceptions (6 events):
Event: 0.041 Thread 0x0000000002590800 Exception <a 'java/lang/NoSuchMethodError': Method sun.misc.Unsafe.defineClass(Ljava/lang/String;[BII)Ljava/lang/Class; name or signature does not match> (0x00000000eab07cc0) thrown at [C:\src\android\AOSP-openjdk\external\jetbrains\jdk\hotspot\src\share\v9¾Æ€+¥?
Event: 0.041 Thread 0x0000000002590800 Exception <a 'java/lang/NoSuchMethodError': Method sun.misc.Unsafe.prefetchRead(Ljava/lang/Object;J)V name or signature does not match> (0x00000000eab07fa8) thrown at [C:\src\android\AOSP-openjdk\external\jetbrains\jdk\hotspot\src\share\vm\prims\jni.cpp, lT6«ìÙ4@
Event: 3.651 Thread 0x000000001740a000 Implicit null exception at 0x0000000002c14973 to 0x0000000002c16019
Event: 3.852 Thread 0x000000001740a000 Exception <a 'java/lang/ArrayIndexOutOfBoundsException': 18> (0x00000000efb24378) thrown at [C:\src\android\AOSP-openjdk\external\jetbrains\jdk\hotspot\src\share\vm\interpreter\interpreterRuntime.cpp, line 366]
Event: 3.852 Thread 0x000000001740a000 Exception <a 'java/lang/ArrayIndexOutOfBoundsException': 145> (0x00000000efb25ef8) thrown at [C:\src\android\AOSP-openjdk\external\jetbrains\jdk\hotspot\src\share\vm\interpreter\interpreterRuntime.cpp, line 366]
Event: 3.853 Thread 0x000000001740a000 Exception <a 'java/lang/ArrayIndexOutOfBoundsException'> (0x00000000efb271e0) thrown at [C:\src\android\AOSP-openjdk\external\jetbrains\jdk\hotspot\src\share\vm\runtime\sharedRuntime.cpp, line 605]

Events (10 events):
Event: 4.314 Thread 0x000000001740d000 DEOPT UNPACKING pc=0x00000000026d75bf sp=0x0000000018b7e640 mode 0
Event: 4.315 Thread 0x000000001740d000 Uncommon trap: trap_request=0xffffff65 fr.pc=0x0000000002e366ec
Event: 4.315 Thread 0x000000001740d000 DEOPT PACKING pc=0x0000000002e366ec sp=0x0000000018b7e610
Event: 4.315 Thread 0x000000001740d000 DEOPT UNPACKING pc=0x00000000026d556a sp=0x0000000018b7e5a0 mode 2
Event: 4.331 Executing VM operation: ParallelGCFailedAllocation
Event: 4.500 Executing VM operation: ParallelGCFailedAllocation done
Event: 4.697 Thread 0x0000000017401800 DEOPT PACKING pc=0x0000000002a10399 sp=0x000000001897e980
Event: 4.697 Thread 0x0000000017401800 DEOPT UNPACKING pc=0x00000000026d75bf sp=0x000000001897e7b0 mode 0
Event: 4.773 Thread 0x0000000017401800 DEOPT PACKING pc=0x0000000002a10399 sp=0x000000001897e980
Event: 4.773 Thread 0x0000000017401800 DEOPT UNPACKING pc=0x00000000026d75bf sp=0x000000001897e7b0 mode 0


Dynamic libraries:
0x00007ff7cb8f0000 - 0x00007ff7cb921000 	C:\Program Files\Android\Android Studio\jre\bin\java.exe
0x00007ffc1fda0000 - 0x00007ffc1ff61000 	C:\WINDOWS\SYSTEM32\ntdll.dll
0x00007ffc1f960000 - 0x00007ffc1fa0d000 	C:\WINDOWS\system32\KERNEL32.DLL
0x00007ffc1cb60000 - 0x00007ffc1cd48000 	C:\WINDOWS\system32\KERNELBASE.dll
0x00007ffc1ecf0000 - 0x00007ffc1ed97000 	C:\WINDOWS\system32\ADVAPI32.dll
0x00007ffc1f0a0000 - 0x00007ffc1f13d000 	C:\WINDOWS\system32\msvcrt.dll
0x00007ffc1e810000 - 0x00007ffc1e86b000 	C:\WINDOWS\system32\sechost.dll
0x00007ffc1e870000 - 0x00007ffc1e98c000 	C:\WINDOWS\system32\RPCRT4.dll
0x00007ffc1f6a0000 - 0x00007ffc1f7f6000 	C:\WINDOWS\system32\USER32.dll
0x00007ffc1fa10000 - 0x00007ffc1fb96000 	C:\WINDOWS\system32\GDI32.dll
0x00007ffc158e0000 - 0x00007ffc15b54000 	C:\WINDOWS\WinSxS\amd64_microsoft.windows.common-controls_6595b64144ccf1df_6.0.10586.589_none_a2ddb3caa539acce\COMCTL32.dll
0x00007ffc1ea40000 - 0x00007ffc1ecbd000 	C:\WINDOWS\system32\combase.dll
0x00007ffc1cff0000 - 0x00007ffc1d05a000 	C:\WINDOWS\system32\bcryptPrimitives.dll
0x00007ffc1fc00000 - 0x00007ffc1fc3b000 	C:\WINDOWS\system32\IMM32.DLL
0x000000006dab0000 - 0x000000006db82000 	C:\Program Files\Android\Android Studio\jre\jre\bin\msvcr100.dll
0x000000006dc70000 - 0x000000006e4a4000 	C:\Program Files\Android\Android Studio\jre\jre\bin\server\jvm.dll
0x00007ffc1fd90000 - 0x00007ffc1fd98000 	C:\WINDOWS\system32\PSAPI.DLL
0x00007ffc099e0000 - 0x00007ffc099e9000 	C:\WINDOWS\SYSTEM32\WSOCK32.dll
0x00007ffc1f140000 - 0x00007ffc1f1ab000 	C:\WINDOWS\system32\WS2_32.dll
0x00007ffc1a640000 - 0x00007ffc1a663000 	C:\WINDOWS\SYSTEM32\WINMM.dll
0x00007ffc198e0000 - 0x00007ffc198ea000 	C:\WINDOWS\SYSTEM32\VERSION.dll
0x00007ffc1a5e0000 - 0x00007ffc1a60c000 	C:\WINDOWS\SYSTEM32\WINMMBASE.dll
0x00007ffc1d0c0000 - 0x00007ffc1d103000 	C:\WINDOWS\system32\cfgmgr32.dll
0x00007ffc11e40000 - 0x00007ffc11e4f000 	C:\Program Files\Android\Android Studio\jre\jre\bin\verify.dll
0x00007ffbf9990000 - 0x00007ffbf99b9000 	C:\Program Files\Android\Android Studio\jre\jre\bin\java.dll
0x00007ffc11e20000 - 0x00007ffc11e36000 	C:\Program Files\Android\Android Studio\jre\jre\bin\zip.dll
0x00007ffc1d2b0000 - 0x00007ffc1e80c000 	C:\WINDOWS\system32\SHELL32.dll
0x00007ffc1c510000 - 0x00007ffc1cb55000 	C:\WINDOWS\system32\windows.storage.dll
0x00007ffc1f1b0000 - 0x00007ffc1f202000 	C:\WINDOWS\system32\shlwapi.dll
0x00007ffc1c3e0000 - 0x00007ffc1c3ef000 	C:\WINDOWS\system32\kernel.appcore.dll
0x00007ffc1c450000 - 0x00007ffc1c505000 	C:\WINDOWS\system32\shcore.dll
0x00007ffc1c3f0000 - 0x00007ffc1c43b000 	C:\WINDOWS\system32\powrprof.dll
0x00007ffc1c3c0000 - 0x00007ffc1c3d4000 	C:\WINDOWS\system32\profapi.dll

VM Arguments:
jvm_args: -Djava.awt.headless=true -Xmx1024M -Dfile.encoding=windows-1251 -Duser.country=RU -Duser.language=ru -Duser.variant 
java_command: com.android.dx.command.Main --dex --force-jumbo --num-threads=4 --multi-dex --output C:\Users\ren95\AndroidStudioProjects\circles\app\build\intermediates\transforms\dex\debug\folders\1000\10\com.android.support-support-v4-23.3.0_138c057d6d7396cc315aecf902ea0758d0ae4ec4 C:\Users\ren95\AndroidStudioProjects\circles\app\build\intermediates\exploded-aar\com.android.support\support-v4\23.3.0\jars\classes.jar
java_class_path (initial): C:\Users\ren95\AppData\Local\Android\sdk\build-tools\23.0.3\lib\dx.jar
Launcher Type: SUN_STANDARD

Environment Variables:
PATH=C:\ProgramData\Oracle\Java\javapath;C:\WINDOWS\system32;C:\WINDOWS;C:\WINDOWS\System32\Wbem;C:\WINDOWS\System32\WindowsPowerShell\v1.0\
USERNAME=ren95
OS=Windows_NT
PROCESSOR_IDENTIFIER=Intel64 Family 6 Model 58 Stepping 9, GenuineIntel



---------------  S Y S T E M  ---------------

OS: Windows 10.0 , 64 bit Build 10586 (10.0.10586.589)

CPU:total 8 (4 cores per cpu, 2 threads per core) family 6 model 58 stepping 9, cmov, cx8, fxsr, mmx, sse, sse2, sse3, ssse3, sse4.1, sse4.2, popcnt, avx, aes, clmul, erms, ht, tsc, tscinvbit, tscinv

Memory: 4k page, physical 8266736k(980696k free), swap 8266736k(4552k free)

vm_info: OpenJDK 64-Bit Server VM (25.76-b03) for windows-amd64 JRE (1.8.0_76-release-b03), built on Jun 29 2016 19:09:20 by "ralucas" with MS VC++ 10.0 (VS2010)

time: Mon Oct 10 03:13:14 2016
elapsed time: 5 seconds (0d 0h 0m 5s)

