#
# There is insufficient memory for the Java Runtime Environment to continue.
# Native memory allocation (malloc) failed to allocate 964176 bytes for Chunk::new
# Possible reasons:
#   The system is out of physical RAM or swap space
#   In 32 bit mode, the process size limit was hit
# Possible solutions:
#   Reduce memory load on the system
#   Increase physical memory or swap space
#   Check if swap backing store is full
#   Use 64 bit Java on a 64 bit OS
#   Decrease Java heap size (-Xmx/-Xms)
#   Decrease number of Java threads
#   Decrease Java thread stack sizes (-Xss)
#   Set larger code cache with -XX:ReservedCodeCacheSize=
# This output file may be truncated or incomplete.
#
#  Out of Memory Error (allocation.cpp:390), pid=5888, tid=0x0000000000000d24
#
# JRE version: OpenJDK Runtime Environment (8.0_76-b03) (build 1.8.0_76-release-b03)
# Java VM: OpenJDK 64-Bit Server VM (25.76-b03 mixed mode windows-amd64 compressed oops)
# Failed to write core dump. Minidumps are not enabled by default on client versions of Windows
#

---------------  T H R E A D  ---------------

Current thread (0x0000000017a1b800):  JavaThread "C2 CompilerThread1" daemon [_thread_in_native, id=3364, stack(0x00000000182f0000,0x00000000183f0000)]

Stack: [0x00000000182f0000,0x00000000183f0000]
[error occurred during error reporting (printing stack bounds), id 0xc0000005]

Native frames: (J=compiled Java code, j=interpreted, Vv=VM code, C=native code)


Current CompileTask:
C2:  18328 2238       4       com.android.dx.cf.code.Simulator$SimVisitor::visitConstant (332 bytes)


---------------  P R O C E S S  ---------------

Java Threads: ( => current thread )
  0x0000000017ce6800 JavaThread "pool-2-thread-4" [_thread_blocked, id=10180, stack(0x00000000193f0000,0x00000000194f0000)]
  0x0000000017ce3800 JavaThread "pool-2-thread-3" [_thread_blocked, id=12860, stack(0x00000000192f0000,0x00000000193f0000)]
  0x0000000017ce3000 JavaThread "pool-2-thread-2" [_thread_blocked, id=9472, stack(0x00000000191f0000,0x00000000192f0000)]
  0x0000000017cbb800 JavaThread "pool-3-thread-1" [_thread_blocked, id=13224, stack(0x00000000190f0000,0x00000000191f0000)]
  0x0000000017cb6800 JavaThread "pool-2-thread-1" [_thread_blocked, id=8160, stack(0x0000000018ff0000,0x00000000190f0000)]
  0x0000000017a8b800 JavaThread "Service Thread" daemon [_thread_blocked, id=2884, stack(0x00000000185f0000,0x00000000186f0000)]
  0x0000000015b3d800 JavaThread "C1 CompilerThread3" daemon [_thread_blocked, id=2684, stack(0x00000000184f0000,0x00000000185f0000)]
  0x0000000017a1d800 JavaThread "C2 CompilerThread2" daemon [_thread_in_native, id=6332, stack(0x00000000183f0000,0x00000000184f0000)]
=>0x0000000017a1b800 JavaThread "C2 CompilerThread1" daemon [_thread_in_native, id=3364, stack(0x00000000182f0000,0x00000000183f0000)]
  0x0000000017a19800 JavaThread "C2 CompilerThread0" daemon [_thread_blocked, id=12800, stack(0x00000000181f0000,0x00000000182f0000)]
  0x0000000017a17000 JavaThread "Attach Listener" daemon [_thread_blocked, id=12056, stack(0x00000000180f0000,0x00000000181f0000)]
  0x0000000017a26000 JavaThread "Signal Dispatcher" daemon [_thread_blocked, id=12580, stack(0x0000000017ff0000,0x00000000180f0000)]
  0x0000000017a10800 JavaThread "Finalizer" daemon [_thread_blocked, id=14864, stack(0x0000000017df0000,0x0000000017ef0000)]
  0x0000000003004000 JavaThread "Reference Handler" daemon [_thread_blocked, id=12320, stack(0x00000000178f0000,0x00000000179f0000)]
  0x0000000002f10800 JavaThread "main" [_thread_blocked, id=13452, stack(0x0000000002e10000,0x0000000002f10000)]

Other Threads:
  0x0000000015b25000 VMThread [stack: 0x00000000177f0000,0x00000000178f0000] [id=8624]
  0x0000000017a90000 WatcherThread [stack: 0x00000000186f0000,0x00000000187f0000] [id=9508]

VM state:not at safepoint (normal execution)

VM Mutex/Monitor currently owned by a thread: None

Heap:
 PSYoungGen      total 290304K, used 66038K [0x00000000eab00000, 0x00000000fee00000, 0x0000000100000000)
  eden space 262144K, 15% used [0x00000000eab00000,0x00000000ed2c1ce8,0x00000000fab00000)
  from space 28160K, 89% used [0x00000000fca80000,0x00000000fe33bcd0,0x00000000fe600000)
  to   space 32256K, 0% used [0x00000000fab00000,0x00000000fab00000,0x00000000fca80000)
 ParOldGen       total 87552K, used 44661K [0x00000000c0000000, 0x00000000c5580000, 0x00000000eab00000)
  object space 87552K, 51% used [0x00000000c0000000,0x00000000c2b9d770,0x00000000c5580000)
 Metaspace       used 6479K, capacity 7218K, committed 7296K, reserved 1056768K
  class space    used 599K, capacity 618K, committed 640K, reserved 1048576K

Card table byte_map: [0x00000000123d0000,0x00000000125e0000] byte_map_base: 0x0000000011dd0000

Marking Bits: (ParMarkBitMap*) 0x000000006e429d00
 Begin Bits: [0x0000000012f40000, 0x0000000013f40000)
 End Bits:   [0x0000000013f40000, 0x0000000014f40000)

Polling page: 0x0000000001580000

CodeCache: size=245760Kb used=11299Kb max_used=11310Kb free=234460Kb
 bounds [0x0000000003010000, 0x0000000003b30000, 0x0000000012010000]
 total_blobs=2505 nmethods=2236 adapters=182
 compilation: enabled

Compilation events (10 events):
Event: 18.200 Thread 0x0000000017a19800 2125       4       com.android.dx.rop.type.Type::getFrameType (5 bytes)
Event: 18.202 Thread 0x0000000017a19800 nmethod 2125 0x00000000038912d0 code [0x0000000003891400, 0x0000000003891498]
Event: 18.202 Thread 0x0000000017a19800 2127       4       com.android.dx.cf.code.Merger::isPossiblyAssignableFrom (202 bytes)
Event: 18.220 Thread 0x0000000017a19800 nmethod 2127 0x0000000003aec050 code [0x0000000003aec200, 0x0000000003aec788]
Event: 18.220 Thread 0x0000000017a19800 2102       4       com.android.dx.rop.code.BasicBlockList$RegCountVisitor::visitThrowingCstInsn (6 bytes)
Event: 18.232 Thread 0x0000000017a19800 nmethod 2102 0x0000000003aeb750 code [0x0000000003aeb8a0, 0x0000000003aebb18]
Event: 18.232 Thread 0x0000000017a19800 2307       4       com.android.dx.util.IntList::makeImmutable (20 bytes)
Event: 18.237 Thread 0x0000000017a19800 nmethod 2307 0x0000000003b1e090 code [0x0000000003b1e1e0, 0x0000000003b1e358]
Event: 18.237 Thread 0x0000000017a19800 1679       4       com.android.dx.dex.code.CodeAddress::<init> (11 bytes)
Event: 18.240 Thread 0x0000000017a19800 nmethod 1679 0x0000000003aef790 code [0x0000000003aef8e0, 0x0000000003aef998]

GC Heap History (10 events):
Event: 5.366 GC heap before
{Heap before GC invocations=2 (full 0):
 PSYoungGen      total 38400K, used 38372K [0x00000000eab00000, 0x00000000ef600000, 0x0000000100000000)
  eden space 33280K, 100% used [0x00000000eab00000,0x00000000ecb80000,0x00000000ecb80000)
  from space 5120K, 99% used [0x00000000ecb80000,0x00000000ed079298,0x00000000ed080000)
  to   space 5120K, 0% used [0x00000000ef100000,0x00000000ef100000,0x00000000ef600000)
 ParOldGen       total 87552K, used 211K [0x00000000c0000000, 0x00000000c5580000, 0x00000000eab00000)
  object space 87552K, 0% used [0x00000000c0000000,0x00000000c0034da0,0x00000000c5580000)
 Metaspace       used 6082K, capacity 7024K, committed 7296K, reserved 1056768K
  class space    used 578K, capacity 616K, committed 640K, reserved 1048576K
Event: 5.495 GC heap after
Heap after GC invocations=2 (full 0):
 PSYoungGen      total 71680K, used 5115K [0x00000000eab00000, 0x00000000ef600000, 0x0000000100000000)
  eden space 66560K, 0% used [0x00000000eab00000,0x00000000eab00000,0x00000000eec00000)
  from space 5120K, 99% used [0x00000000ef100000,0x00000000ef5fed18,0x00000000ef600000)
  to   space 5120K, 0% used [0x00000000eec00000,0x00000000eec00000,0x00000000ef100000)
 ParOldGen       total 87552K, used 3611K [0x00000000c0000000, 0x00000000c5580000, 0x00000000eab00000)
  object space 87552K, 4% used [0x00000000c0000000,0x00000000c0386c50,0x00000000c5580000)
 Metaspace       used 6082K, capacity 7024K, committed 7296K, reserved 1056768K
  class space    used 578K, capacity 616K, committed 640K, reserved 1048576K
}
Event: 7.959 GC heap before
{Heap before GC invocations=3 (full 0):
 PSYoungGen      total 71680K, used 71675K [0x00000000eab00000, 0x00000000ef600000, 0x0000000100000000)
  eden space 66560K, 100% used [0x00000000eab00000,0x00000000eec00000,0x00000000eec00000)
  from space 5120K, 99% used [0x00000000ef100000,0x00000000ef5fed18,0x00000000ef600000)
  to   space 5120K, 0% used [0x00000000eec00000,0x00000000eec00000,0x00000000ef100000)
 ParOldGen       total 87552K, used 3611K [0x00000000c0000000, 0x00000000c5580000, 0x00000000eab00000)
  object space 87552K, 4% used [0x00000000c0000000,0x00000000c0386c50,0x00000000c5580000)
 Metaspace       used 6194K, capacity 7088K, committed 7296K, reserved 1056768K
  class space    used 579K, capacity 616K, committed 640K, reserved 1048576K
Event: 8.020 GC heap after
Heap after GC invocations=3 (full 0):
 PSYoungGen      total 71680K, used 5089K [0x00000000eab00000, 0x00000000f3700000, 0x0000000100000000)
  eden space 66560K, 0% used [0x00000000eab00000,0x00000000eab00000,0x00000000eec00000)
  from space 5120K, 99% used [0x00000000eec00000,0x00000000ef0f86e8,0x00000000ef100000)
  to   space 5120K, 0% used [0x00000000f3200000,0x00000000f3200000,0x00000000f3700000)
 ParOldGen       total 87552K, used 12953K [0x00000000c0000000, 0x00000000c5580000, 0x00000000eab00000)
  object space 87552K, 14% used [0x00000000c0000000,0x00000000c0ca6678,0x00000000c5580000)
 Metaspace       used 6194K, capacity 7088K, committed 7296K, reserved 1056768K
  class space    used 579K, capacity 616K, committed 640K, reserved 1048576K
}
Event: 10.457 GC heap before
{Heap before GC invocations=4 (full 0):
 PSYoungGen      total 71680K, used 71649K [0x00000000eab00000, 0x00000000f3700000, 0x0000000100000000)
  eden space 66560K, 100% used [0x00000000eab00000,0x00000000eec00000,0x00000000eec00000)
  from space 5120K, 99% used [0x00000000eec00000,0x00000000ef0f86e8,0x00000000ef100000)
  to   space 5120K, 0% used [0x00000000f3200000,0x00000000f3200000,0x00000000f3700000)
 ParOldGen       total 87552K, used 12953K [0x00000000c0000000, 0x00000000c5580000, 0x00000000eab00000)
  object space 87552K, 14% used [0x00000000c0000000,0x00000000c0ca6678,0x00000000c5580000)
 Metaspace       used 6289K, capacity 7152K, committed 7296K, reserved 1056768K
  class space    used 580K, capacity 616K, committed 640K, reserved 1048576K
Event: 10.621 GC heap after
Heap after GC invocations=4 (full 0):
 PSYoungGen      total 138240K, used 5117K [0x00000000eab00000, 0x00000000f3700000, 0x0000000100000000)
  eden space 133120K, 0% used [0x00000000eab00000,0x00000000eab00000,0x00000000f2d00000)
  from space 5120K, 99% used [0x00000000f3200000,0x00000000f36ff658,0x00000000f3700000)
  to   space 5120K, 0% used [0x00000000f2d00000,0x00000000f2d00000,0x00000000f3200000)
 ParOldGen       total 87552K, used 23677K [0x00000000c0000000, 0x00000000c5580000, 0x00000000eab00000)
  object space 87552K, 27% used [0x00000000c0000000,0x00000000c171f7a8,0x00000000c5580000)
 Metaspace       used 6289K, capacity 7152K, committed 7296K, reserved 1056768K
  class space    used 580K, capacity 616K, committed 640K, reserved 1048576K
}
Event: 13.759 GC heap before
{Heap before GC invocations=5 (full 0):
 PSYoungGen      total 138240K, used 138237K [0x00000000eab00000, 0x00000000f3700000, 0x0000000100000000)
  eden space 133120K, 100% used [0x00000000eab00000,0x00000000f2d00000,0x00000000f2d00000)
  from space 5120K, 99% used [0x00000000f3200000,0x00000000f36ff658,0x00000000f3700000)
  to   space 5120K, 0% used [0x00000000f2d00000,0x00000000f2d00000,0x00000000f3200000)
 ParOldGen       total 87552K, used 23677K [0x00000000c0000000, 0x00000000c5580000, 0x00000000eab00000)
  object space 87552K, 27% used [0x00000000c0000000,0x00000000c171f7a8,0x00000000c5580000)
 Metaspace       used 6444K, capacity 7218K, committed 7296K, reserved 1056768K
  class space    used 599K, capacity 618K, committed 640K, reserved 1048576K
Event: 13.907 GC heap after
Heap after GC invocations=5 (full 0):
 PSYoungGen      total 138240K, used 5119K [0x00000000eab00000, 0x00000000fe600000, 0x0000000100000000)
  eden space 133120K, 0% used [0x00000000eab00000,0x00000000eab00000,0x00000000f2d00000)
  from space 5120K, 99% used [0x00000000f2d00000,0x00000000f31ffce8,0x00000000f3200000)
  to   space 28160K, 0% used [0x00000000fca80000,0x00000000fca80000,0x00000000fe600000)
 ParOldGen       total 87552K, used 44661K [0x00000000c0000000, 0x00000000c5580000, 0x00000000eab00000)
  object space 87552K, 51% used [0x00000000c0000000,0x00000000c2b9d770,0x00000000c5580000)
 Metaspace       used 6444K, capacity 7218K, committed 7296K, reserved 1056768K
  class space    used 599K, capacity 618K, committed 640K, reserved 1048576K
}
Event: 16.185 GC heap before
{Heap before GC invocations=6 (full 0):
 PSYoungGen      total 138240K, used 138239K [0x00000000eab00000, 0x00000000fe600000, 0x0000000100000000)
  eden space 133120K, 100% used [0x00000000eab00000,0x00000000f2d00000,0x00000000f2d00000)
  from space 5120K, 99% used [0x00000000f2d00000,0x00000000f31ffce8,0x00000000f3200000)
  to   space 28160K, 0% used [0x00000000fca80000,0x00000000fca80000,0x00000000fe600000)
 ParOldGen       total 87552K, used 44661K [0x00000000c0000000, 0x00000000c5580000, 0x00000000eab00000)
  object space 87552K, 51% used [0x00000000c0000000,0x00000000c2b9d770,0x00000000c5580000)
 Metaspace       used 6469K, capacity 7218K, committed 7296K, reserved 1056768K
  class space    used 599K, capacity 618K, committed 640K, reserved 1048576K
Event: 16.574 GC heap after
Heap after GC invocations=6 (full 0):
 PSYoungGen      total 290304K, used 25327K [0x00000000eab00000, 0x00000000fee00000, 0x0000000100000000)
  eden space 262144K, 0% used [0x00000000eab00000,0x00000000eab00000,0x00000000fab00000)
  from space 28160K, 89% used [0x00000000fca80000,0x00000000fe33bcd0,0x00000000fe600000)
  to   space 32256K, 0% used [0x00000000fab00000,0x00000000fab00000,0x00000000fca80000)
 ParOldGen       total 87552K, used 44661K [0x00000000c0000000, 0x00000000c5580000, 0x00000000eab00000)
  object space 87552K, 51% used [0x00000000c0000000,0x00000000c2b9d770,0x00000000c5580000)
 Metaspace       used 6469K, capacity 7218K, committed 7296K, reserved 1056768K
  class space    used 599K, capacity 618K, committed 640K, reserved 1048576K
}

Deoptimization events (10 events):
Event: 13.455 Thread 0x0000000017cb6800 Uncommon trap: reason=bimorphic action=maybe_recompile pc=0x00000000037aa748 method=com.android.dx.ssa.LiteralOpUpgrader.tryReplacingWithConstant(Lcom/android/dx/ssa/NormalSsaInsn;)Z @ 62
Event: 13.455 Thread 0x0000000017cb6800 Uncommon trap: reason=unstable_if action=reinterpret pc=0x0000000003823970 method=com.android.dx.ssa.LiteralOpUpgrader$1.visitNonMoveInsn(Lcom/android/dx/ssa/NormalSsaInsn;)V @ 24
Event: 13.488 Thread 0x0000000017cb6800 Uncommon trap: reason=bimorphic action=maybe_recompile pc=0x00000000037aa748 method=com.android.dx.ssa.LiteralOpUpgrader.tryReplacingWithConstant(Lcom/android/dx/ssa/NormalSsaInsn;)Z @ 62
Event: 13.923 Thread 0x0000000017ce3000 Uncommon trap: reason=unstable_if action=reinterpret pc=0x00000000039db620 method=java.util.HashMap.putVal(ILjava/lang/Object;Ljava/lang/Object;ZZ)Ljava/lang/Object; @ 109
Event: 14.362 Thread 0x0000000017ce3000 Uncommon trap: reason=unstable_if action=reinterpret pc=0x00000000038893cc method=java.util.HashMap.putVal(ILjava/lang/Object;Ljava/lang/Object;ZZ)Ljava/lang/Object; @ 162
Event: 14.673 Thread 0x0000000002f10800 Uncommon trap: reason=bimorphic action=maybe_recompile pc=0x0000000003a041a0 method=com.android.dx.cf.code.BytecodeArray.parseInstruction(ILcom/android/dx/cf/code/BytecodeArray$Visitor;)I @ 1035
Event: 14.673 Thread 0x0000000002f10800 Uncommon trap: reason=bimorphic action=maybe_recompile pc=0x0000000003a0422c method=com.android.dx.cf.code.BytecodeArray.parseInstruction(ILcom/android/dx/cf/code/BytecodeArray$Visitor;)I @ 1051
Event: 14.673 Thread 0x0000000002f10800 Uncommon trap: reason=bimorphic action=maybe_recompile pc=0x0000000003a041a0 method=com.android.dx.cf.code.BytecodeArray.parseInstruction(ILcom/android/dx/cf/code/BytecodeArray$Visitor;)I @ 1035
Event: 16.952 Thread 0x0000000017ce3800 Uncommon trap: reason=unstable_if action=reinterpret pc=0x000000000366f3c0 method=java.util.HashMap.resize()[Ljava/util/HashMap$Node; @ 206
Event: 17.834 Thread 0x0000000017cb6800 Uncommon trap: reason=unstable_if action=reinterpret pc=0x0000000003a9f164 method=com.android.dx.cf.code.BytecodeArray.parseInstruction(ILcom/android/dx/cf/code/BytecodeArray$Visitor;)I @ 1261

Internal exceptions (6 events):
Event: 0.117 Thread 0x0000000002f10800 Exception <a 'java/lang/NoSuchMethodError': Method sun.misc.Unsafe.defineClass(Ljava/lang/String;[BII)Ljava/lang/Class; name or signature does not match> (0x00000000eab07cc0) thrown at [C:\src\android\AOSP-openjdk\external\jetbrains\jdk\hotspot\src\share\vëš¥ºù½?
Event: 0.117 Thread 0x0000000002f10800 Exception <a 'java/lang/NoSuchMethodError': Method sun.misc.Unsafe.prefetchRead(Ljava/lang/Object;J)V name or signature does not match> (0x00000000eab07fa8) thrown at [C:\src\android\AOSP-openjdk\external\jetbrains\jdk\hotspot\src\share\vm\prims\jni.cpp, l$›sò&@
Event: 11.250 Thread 0x0000000017cb6800 Implicit null exception at 0x000000000358c0b2 to 0x000000000358d5d1
Event: 12.542 Thread 0x0000000017ce6800 Exception <a 'java/lang/ArrayIndexOutOfBoundsException': 18> (0x00000000efbd4938) thrown at [C:\src\android\AOSP-openjdk\external\jetbrains\jdk\hotspot\src\share\vm\interpreter\interpreterRuntime.cpp, line 366]
Event: 12.543 Thread 0x0000000017ce6800 Exception <a 'java/lang/ArrayIndexOutOfBoundsException': 145> (0x00000000efbd64b8) thrown at [C:\src\android\AOSP-openjdk\external\jetbrains\jdk\hotspot\src\share\vm\interpreter\interpreterRuntime.cpp, line 366]
Event: 12.547 Thread 0x0000000017ce6800 Exception <a 'java/lang/ArrayIndexOutOfBoundsException'> (0x00000000efbd77a0) thrown at [C:\src\android\AOSP-openjdk\external\jetbrains\jdk\hotspot\src\share\vm\runtime\sharedRuntime.cpp, line 605]

Events (10 events):
Event: 16.952 Thread 0x0000000017ce3800 Uncommon trap: trap_request=0xffffff65 fr.pc=0x000000000366f3c0
Event: 16.953 Thread 0x0000000017ce3800 DEOPT PACKING pc=0x000000000366f3c0 sp=0x00000000193ee200
Event: 16.953 Thread 0x0000000017ce3800 DEOPT UNPACKING pc=0x000000000305556a sp=0x00000000193ee168 mode 2
Event: 17.301 Thread 0x0000000017ce3800 DEOPT PACKING pc=0x00000000039a9361 sp=0x00000000193ee690
Event: 17.301 Thread 0x0000000017ce3800 DEOPT UNPACKING pc=0x00000000030575bf sp=0x00000000193ee4d0 mode 0
Event: 17.834 Thread 0x0000000017cb6800 Uncommon trap: trap_request=0xffffff65 fr.pc=0x0000000003a9f164
Event: 17.834 Thread 0x0000000017cb6800 DEOPT PACKING pc=0x0000000003a9f164 sp=0x00000000190ee3a0
Event: 17.834 Thread 0x0000000017cb6800 DEOPT UNPACKING pc=0x000000000305556a sp=0x00000000190ee390 mode 2
Event: 17.863 loading class com/android/dx/cf/iface/ParseObserver
Event: 17.863 loading class com/android/dx/cf/iface/ParseObserver done


Dynamic libraries:
0x00007ff7cb8f0000 - 0x00007ff7cb921000 	C:\Program Files\Android\Android Studio\jre\bin\java.exe
0x00007ffc1fda0000 - 0x00007ffc1ff61000 	C:\WINDOWS\SYSTEM32\ntdll.dll
0x00007ffc1f960000 - 0x00007ffc1fa0d000 	C:\WINDOWS\system32\KERNEL32.DLL
0x00007ffc1cb60000 - 0x00007ffc1cd48000 	C:\WINDOWS\system32\KERNELBASE.dll
0x00007ffc1ecf0000 - 0x00007ffc1ed97000 	C:\WINDOWS\system32\ADVAPI32.dll
0x00007ffc1f0a0000 - 0x00007ffc1f13d000 	C:\WINDOWS\system32\msvcrt.dll
0x00007ffc1e810000 - 0x00007ffc1e86b000 	C:\WINDOWS\system32\sechost.dll
0x00007ffc1e870000 - 0x00007ffc1e98c000 	C:\WINDOWS\system32\RPCRT4.dll
0x00007ffc1f6a0000 - 0x00007ffc1f7f6000 	C:\WINDOWS\system32\USER32.dll
0x00007ffc1fa10000 - 0x00007ffc1fb96000 	C:\WINDOWS\system32\GDI32.dll
0x00007ffc158e0000 - 0x00007ffc15b54000 	C:\WINDOWS\WinSxS\amd64_microsoft.windows.common-controls_6595b64144ccf1df_6.0.10586.589_none_a2ddb3caa539acce\COMCTL32.dll
0x00007ffc1ea40000 - 0x00007ffc1ecbd000 	C:\WINDOWS\system32\combase.dll
0x00007ffc1cff0000 - 0x00007ffc1d05a000 	C:\WINDOWS\system32\bcryptPrimitives.dll
0x00007ffc1fc00000 - 0x00007ffc1fc3b000 	C:\WINDOWS\system32\IMM32.DLL
0x000000006dab0000 - 0x000000006db82000 	C:\Program Files\Android\Android Studio\jre\jre\bin\msvcr100.dll
0x000000006dc70000 - 0x000000006e4a4000 	C:\Program Files\Android\Android Studio\jre\jre\bin\server\jvm.dll
0x00007ffc1fd90000 - 0x00007ffc1fd98000 	C:\WINDOWS\system32\PSAPI.DLL
0x00007ffc099e0000 - 0x00007ffc099e9000 	C:\WINDOWS\SYSTEM32\WSOCK32.dll
0x00007ffc1f140000 - 0x00007ffc1f1ab000 	C:\WINDOWS\system32\WS2_32.dll
0x00007ffc1a640000 - 0x00007ffc1a663000 	C:\WINDOWS\SYSTEM32\WINMM.dll
0x00007ffc198e0000 - 0x00007ffc198ea000 	C:\WINDOWS\SYSTEM32\VERSION.dll
0x0000000001510000 - 0x000000000153c000 	C:\WINDOWS\SYSTEM32\WINMMBASE.dll
0x00007ffc1d0c0000 - 0x00007ffc1d103000 	C:\WINDOWS\system32\cfgmgr32.dll
0x00007ffc11e40000 - 0x00007ffc11e4f000 	C:\Program Files\Android\Android Studio\jre\jre\bin\verify.dll
0x00007ffbf9990000 - 0x00007ffbf99b9000 	C:\Program Files\Android\Android Studio\jre\jre\bin\java.dll
0x00007ffc11e20000 - 0x00007ffc11e36000 	C:\Program Files\Android\Android Studio\jre\jre\bin\zip.dll
0x00007ffc1d2b0000 - 0x00007ffc1e80c000 	C:\WINDOWS\system32\SHELL32.dll
0x00007ffc1c510000 - 0x00007ffc1cb55000 	C:\WINDOWS\system32\windows.storage.dll
0x00007ffc1f1b0000 - 0x00007ffc1f202000 	C:\WINDOWS\system32\shlwapi.dll
0x00007ffc1c3e0000 - 0x00007ffc1c3ef000 	C:\WINDOWS\system32\kernel.appcore.dll
0x00007ffc1c450000 - 0x00007ffc1c505000 	C:\WINDOWS\system32\shcore.dll
0x00007ffc1c3f0000 - 0x00007ffc1c43b000 	C:\WINDOWS\system32\powrprof.dll
0x00007ffc1c3c0000 - 0x00007ffc1c3d4000 	C:\WINDOWS\system32\profapi.dll

VM Arguments:
jvm_args: -Djava.awt.headless=true -Xmx1024M -Dfile.encoding=windows-1251 -Duser.country=RU -Duser.language=ru -Duser.variant 
java_command: com.android.dx.command.Main --dex --force-jumbo --num-threads=4 --multi-dex --output C:\Users\ren95\AndroidStudioProjects\circles\app\build\intermediates\transforms\dex\debug\folders\1000\10\com.android.support-support-v4-23.3.0_138c057d6d7396cc315aecf902ea0758d0ae4ec4 C:\Users\ren95\AndroidStudioProjects\circles\app\build\intermediates\exploded-aar\com.android.support\support-v4\23.3.0\jars\classes.jar
java_class_path (initial): C:\Users\ren95\AppData\Local\Android\sdk\build-tools\23.0.3\lib\dx.jar
Launcher Type: SUN_STANDARD

Environment Variables:
PATH=C:\ProgramData\Oracle\Java\javapath;C:\WINDOWS\system32;C:\WINDOWS;C:\WINDOWS\System32\Wbem;C:\WINDOWS\System32\WindowsPowerShell\v1.0\
USERNAME=ren95
OS=Windows_NT
PROCESSOR_IDENTIFIER=Intel64 Family 6 Model 58 Stepping 9, GenuineIntel



---------------  S Y S T E M  ---------------

OS: Windows 10.0 , 64 bit Build 10586 (10.0.10586.589)

CPU:total 8 (4 cores per cpu, 2 threads per core) family 6 model 58 stepping 9, cmov, cx8, fxsr, mmx, sse, sse2, sse3, ssse3, sse4.1, sse4.2, popcnt, avx, aes, clmul, erms, ht, tsc, tscinvbit, tscinv

Memory: 4k page, physical 8266736k(1032600k free), swap 8266736k(8712k free)

vm_info: OpenJDK 64-Bit Server VM (25.76-b03) for windows-amd64 JRE (1.8.0_76-release-b03), built on Jun 29 2016 19:09:20 by "ralucas" with MS VC++ 10.0 (VS2010)

time: Mon Oct 10 02:10:20 2016
elapsed time: 18 seconds (0d 0h 0m 18s)

