#
# There is insufficient memory for the Java Runtime Environment to continue.
# Native memory allocation (malloc) failed to allocate 32784 bytes for Chunk::new
# Possible reasons:
#   The system is out of physical RAM or swap space
#   In 32 bit mode, the process size limit was hit
# Possible solutions:
#   Reduce memory load on the system
#   Increase physical memory or swap space
#   Check if swap backing store is full
#   Use 64 bit Java on a 64 bit OS
#   Decrease Java heap size (-Xmx/-Xms)
#   Decrease number of Java threads
#   Decrease Java thread stack sizes (-Xss)
#   Set larger code cache with -XX:ReservedCodeCacheSize=
# This output file may be truncated or incomplete.
#
#  Out of Memory Error (allocation.cpp:390), pid=16172, tid=0x00000000000002a0
#
# JRE version: OpenJDK Runtime Environment (8.0_76-b03) (build 1.8.0_76-release-b03)
# Java VM: OpenJDK 64-Bit Server VM (25.76-b03 mixed mode windows-amd64 compressed oops)
# Failed to write core dump. Minidumps are not enabled by default on client versions of Windows
#

---------------  T H R E A D  ---------------

Current thread (0x0000000016df8800):  JavaThread "C2 CompilerThread0" daemon [_thread_in_native, id=672, stack(0x00000000175c0000,0x00000000176c0000)]

Stack: [0x00000000175c0000,0x00000000176c0000]
[error occurred during error reporting (printing stack bounds), id 0xc0000005]

Native frames: (J=compiled Java code, j=interpreted, Vv=VM code, C=native code)


Current CompileTask:
C2:   1008 1035       4       com.android.dx.ssa.SsaMethod::forEachInsn (36 bytes)


---------------  P R O C E S S  ---------------

Java Threads: ( => current thread )
  0x0000000017147800 JavaThread "pool-2-thread-4" [_thread_blocked, id=9720, stack(0x00000000187c0000,0x00000000188c0000)]
  0x0000000017147000 JavaThread "pool-2-thread-3" [_thread_blocked, id=11328, stack(0x00000000186c0000,0x00000000187c0000)]
  0x00000000171bf800 JavaThread "pool-2-thread-2" [_thread_blocked, id=14672, stack(0x00000000185c0000,0x00000000186c0000)]
  0x0000000017129800 JavaThread "pool-3-thread-1" [_thread_blocked, id=4292, stack(0x00000000184c0000,0x00000000185c0000)]
  0x0000000017129000 JavaThread "pool-2-thread-1" [_thread_blocked, id=7324, stack(0x00000000183c0000,0x00000000184c0000)]
  0x0000000016e81800 JavaThread "Service Thread" daemon [_thread_blocked, id=13856, stack(0x00000000179c0000,0x0000000017ac0000)]
  0x0000000016e08000 JavaThread "C1 CompilerThread3" daemon [_thread_blocked, id=6844, stack(0x00000000178c0000,0x00000000179c0000)]
  0x0000000016e00800 JavaThread "C2 CompilerThread2" daemon [_thread_blocked, id=11168, stack(0x00000000177c0000,0x00000000178c0000)]
  0x0000000016dfb800 JavaThread "C2 CompilerThread1" daemon [_thread_blocked, id=16376, stack(0x00000000176c0000,0x00000000177c0000)]
=>0x0000000016df8800 JavaThread "C2 CompilerThread0" daemon [_thread_in_native, id=672, stack(0x00000000175c0000,0x00000000176c0000)]
  0x0000000016df6000 JavaThread "Attach Listener" daemon [_thread_blocked, id=10208, stack(0x00000000174c0000,0x00000000175c0000)]
  0x0000000016e05800 JavaThread "Signal Dispatcher" daemon [_thread_blocked, id=9356, stack(0x00000000173c0000,0x00000000174c0000)]
  0x00000000023e7800 JavaThread "Finalizer" daemon [_thread_blocked, id=9308, stack(0x00000000171d0000,0x00000000172d0000)]
  0x00000000023e4000 JavaThread "Reference Handler" daemon [_thread_blocked, id=4624, stack(0x0000000016cd0000,0x0000000016dd0000)]
  0x00000000022f0800 JavaThread "main" [_thread_in_Java, id=8184, stack(0x00000000021f0000,0x00000000022f0000)]

Other Threads:
  0x0000000014f05000 VMThread [stack: 0x0000000016bd0000,0x0000000016cd0000] [id=12368]
  0x0000000016e82000 WatcherThread [stack: 0x0000000017ac0000,0x0000000017bc0000] [id=10596]

VM state:not at safepoint (normal execution)

VM Mutex/Monitor currently owned by a thread: None

Heap:
 PSYoungGen      total 38400K, used 7018K [0x00000000eab00000, 0x00000000ed580000, 0x0000000100000000)
  eden space 33280K, 5% used [0x00000000eab00000,0x00000000eacf1568,0x00000000ecb80000)
  from space 5120K, 98% used [0x00000000ecb80000,0x00000000ed0695f8,0x00000000ed080000)
  to   space 5120K, 0% used [0x00000000ed080000,0x00000000ed080000,0x00000000ed580000)
 ParOldGen       total 87552K, used 16K [0x00000000c0000000, 0x00000000c5580000, 0x00000000eab00000)
  object space 87552K, 0% used [0x00000000c0000000,0x00000000c0004000,0x00000000c5580000)
 Metaspace       used 5843K, capacity 6832K, committed 7040K, reserved 1056768K
  class space    used 577K, capacity 616K, committed 640K, reserved 1048576K

Card table byte_map: [0x00000000117b0000,0x00000000119c0000] byte_map_base: 0x00000000111b0000

Marking Bits: (ParMarkBitMap*) 0x0000000064dc9d00
 Begin Bits: [0x0000000012320000, 0x0000000013320000)
 End Bits:   [0x0000000013320000, 0x0000000014320000)

Polling page: 0x0000000000910000

CodeCache: size=245760Kb used=3924Kb max_used=3942Kb free=241835Kb
 bounds [0x00000000023f0000, 0x00000000027d0000, 0x00000000113f0000]
 total_blobs=1306 nmethods=1037 adapters=182
 compilation: disabled (not enough contiguous free space left)

Compilation events (10 events):
Event: 0.999 Thread 0x0000000016e08000 nmethod 1041 0x00000000027c4e90 code [0x00000000027c4fe0, 0x00000000027c5190]
Event: 0.999 Thread 0x0000000016e08000 1048       3       com.android.dx.rop.code.BasicBlockList::getRegCount (34 bytes)
Event: 0.999 Thread 0x0000000016e08000 nmethod 1048 0x00000000027c4850 code [0x00000000027c49c0, 0x00000000027c4d48]
Event: 0.999 Thread 0x0000000016e08000 1025       3       com.android.dx.cf.code.Frame::copy (26 bytes)
Event: 1.000 Thread 0x0000000016e08000 nmethod 1025 0x00000000027c7f10 code [0x00000000027c80a0, 0x00000000027c8428]
Event: 1.000 Thread 0x0000000016e08000 1037       1       java.lang.Integer::intValue (5 bytes)
Event: 1.000 Thread 0x0000000016e08000 nmethod 1037 0x00000000027c8550 code [0x00000000027c86a0, 0x00000000027c87b0]
Event: 1.000 Thread 0x0000000016e08000  921       1       com.android.dx.cf.code.RopperMachine::getReturnPosition (5 bytes)
Event: 1.000 Thread 0x0000000016e08000 nmethod 921 0x00000000027c8810 code [0x00000000027c8960, 0x00000000027c8a70]
Event: 1.006 Thread 0x0000000016dfb800 


GC Heap History (2 events):
Event: 0.771 GC heap before
{Heap before GC invocations=1 (full 0):
 PSYoungGen      total 38400K, used 33280K [0x00000000eab00000, 0x00000000ed580000, 0x0000000100000000)
  eden space 33280K, 100% used [0x00000000eab00000,0x00000000ecb80000,0x00000000ecb80000)
  from space 5120K, 0% used [0x00000000ed080000,0x00000000ed080000,0x00000000ed580000)
  to   space 5120K, 0% used [0x00000000ecb80000,0x00000000ecb80000,0x00000000ed080000)
 ParOldGen       total 87552K, used 0K [0x00000000c0000000, 0x00000000c5580000, 0x00000000eab00000)
  object space 87552K, 0% used [0x00000000c0000000,0x00000000c0000000,0x00000000c5580000)
 Metaspace       used 5825K, capacity 6832K, committed 7040K, reserved 1056768K
  class space    used 577K, capacity 616K, committed 640K, reserved 1048576K
Event: 0.965 GC heap after
Heap after GC invocations=1 (full 0):
 PSYoungGen      total 38400K, used 5029K [0x00000000eab00000, 0x00000000ed580000, 0x0000000100000000)
  eden space 33280K, 0% used [0x00000000eab00000,0x00000000eab00000,0x00000000ecb80000)
  from space 5120K, 98% used [0x00000000ecb80000,0x00000000ed0695f8,0x00000000ed080000)
  to   space 5120K, 0% used [0x00000000ed080000,0x00000000ed080000,0x00000000ed580000)
 ParOldGen       total 87552K, used 16K [0x00000000c0000000, 0x00000000c5580000, 0x00000000eab00000)
  object space 87552K, 0% used [0x00000000c0000000,0x00000000c0004000,0x00000000c5580000)
 Metaspace       used 5825K, capacity 6832K, committed 7040K, reserved 1056768K
  class space    used 577K, capacity 616K, committed 640K, reserved 1048576K
}

Deoptimization events (4 events):
Event: 0.251 Thread 0x00000000022f0800 Uncommon trap: reason=unstable_if action=reinterpret pc=0x000000000254ca14 method=java.lang.String.compareTo(Ljava/lang/String;)I @ 38
Event: 0.305 Thread 0x00000000022f0800 Uncommon trap: reason=unstable_if action=reinterpret pc=0x0000000002536d90 method=java.lang.String.indexOf(II)I @ 49
Event: 0.527 Thread 0x0000000017147800 Uncommon trap: reason=unstable_if action=reinterpret pc=0x000000000261b1fc method=java.util.HashMap.getNode(ILjava/lang/Object;)Ljava/util/HashMap$Node; @ 62
Event: 0.726 Thread 0x00000000022f0800 Uncommon trap: reason=unstable_if action=reinterpret pc=0x00000000026194b0 method=java.util.BitSet.nextSetBit(I)I @ 87

Internal exceptions (2 events):
Event: 0.037 Thread 0x00000000022f0800 Exception <a 'java/lang/NoSuchMethodError': Method sun.misc.Unsafe.defineClass(Ljava/lang/String;[BII)Ljava/lang/Class; name or signature does not match> (0x00000000eab07cc0) thrown at [C:\src\android\AOSP-openjdk\external\jetbrains\jdk\hotspot\src\share\vÿÌ SÁ¢?
Event: 0.037 Thread 0x00000000022f0800 Exception <a 'java/lang/NoSuchMethodError': Method sun.misc.Unsafe.prefetchRead(Ljava/lang/Object;J)V name or signature does not match> (0x00000000eab07fa8) thrown at [C:\src\android\AOSP-openjdk\external\jetbrains\jdk\hotspot\src\share\vm\prims\jni.cpp, l

Events (10 events):
Event: 0.577 loading class java/util/DualPivotQuicksort done
Event: 0.621 loading class com/android/dx/dex/file/FieldAnnotationStruct
Event: 0.621 loading class com/android/dx/dex/file/FieldAnnotationStruct done
Event: 0.632 Executing VM operation: ForceSafepoint
Event: 0.645 Executing VM operation: ForceSafepoint done
Event: 0.726 Thread 0x00000000022f0800 Uncommon trap: trap_request=0xffffff65 fr.pc=0x00000000026194b0
Event: 0.726 Thread 0x00000000022f0800 DEOPT PACKING pc=0x00000000026194b0 sp=0x00000000022ee7e0
Event: 0.726 Thread 0x00000000022f0800 DEOPT UNPACKING pc=0x000000000243556a sp=0x00000000022ee778 mode 2
Event: 0.771 Executing VM operation: ParallelGCFailedAllocation
Event: 0.965 Executing VM operation: ParallelGCFailedAllocation done


Dynamic libraries:
0x00007ff6e47b0000 - 0x00007ff6e47e1000 	C:\Program Files\Android\Android Studio\jre\bin\java.exe
0x00007ffe5a290000 - 0x00007ffe5a451000 	C:\WINDOWS\SYSTEM32\ntdll.dll
0x00007ffe58070000 - 0x00007ffe5811d000 	C:\WINDOWS\system32\KERNEL32.DLL
0x00007ffe574a0000 - 0x00007ffe57688000 	C:\WINDOWS\system32\KERNELBASE.dll
0x00007ffe57950000 - 0x00007ffe579f7000 	C:\WINDOWS\system32\ADVAPI32.dll
0x00007ffe57c30000 - 0x00007ffe57ccd000 	C:\WINDOWS\system32\msvcrt.dll
0x00007ffe59b10000 - 0x00007ffe59b6b000 	C:\WINDOWS\system32\sechost.dll
0x00007ffe57cd0000 - 0x00007ffe57dec000 	C:\WINDOWS\system32\RPCRT4.dll
0x00007ffe577f0000 - 0x00007ffe57946000 	C:\WINDOWS\system32\USER32.dll
0x00007ffe57df0000 - 0x00007ffe57f76000 	C:\WINDOWS\system32\GDI32.dll
0x00007ffe4f430000 - 0x00007ffe4f6a4000 	C:\WINDOWS\WinSxS\amd64_microsoft.windows.common-controls_6595b64144ccf1df_6.0.10586.589_none_a2ddb3caa539acce\COMCTL32.dll
0x00007ffe58270000 - 0x00007ffe584ed000 	C:\WINDOWS\system32\combase.dll
0x00007ffe57210000 - 0x00007ffe5727a000 	C:\WINDOWS\system32\bcryptPrimitives.dll
0x00007ffe577a0000 - 0x00007ffe577db000 	C:\WINDOWS\system32\IMM32.DLL
0x0000000065070000 - 0x0000000065142000 	C:\Program Files\Android\Android Studio\jre\jre\bin\msvcr100.dll
0x0000000064610000 - 0x0000000064e44000 	C:\Program Files\Android\Android Studio\jre\jre\bin\server\jvm.dll
0x00007ffe584f0000 - 0x00007ffe584f8000 	C:\WINDOWS\system32\PSAPI.DLL
0x00007ffe3dd20000 - 0x00007ffe3dd29000 	C:\WINDOWS\SYSTEM32\WSOCK32.dll
0x00007ffe54bc0000 - 0x00007ffe54be3000 	C:\WINDOWS\SYSTEM32\WINMM.dll
0x00007ffe57f80000 - 0x00007ffe57feb000 	C:\WINDOWS\system32\WS2_32.dll
0x00007ffe4f7a0000 - 0x00007ffe4f7aa000 	C:\WINDOWS\SYSTEM32\VERSION.dll
0x0000000000890000 - 0x00000000008bc000 	C:\WINDOWS\SYSTEM32\WINMMBASE.dll
0x00007ffe57280000 - 0x00007ffe572c3000 	C:\WINDOWS\system32\cfgmgr32.dll
0x00007ffe503f0000 - 0x00007ffe503ff000 	C:\Program Files\Android\Android Studio\jre\jre\bin\verify.dll
0x00007ffe496f0000 - 0x00007ffe49719000 	C:\Program Files\Android\Android Studio\jre\jre\bin\java.dll
0x00007ffe50390000 - 0x00007ffe503a6000 	C:\Program Files\Android\Android Studio\jre\jre\bin\zip.dll
0x00007ffe58500000 - 0x00007ffe59a5c000 	C:\WINDOWS\system32\SHELL32.dll
0x00007ffe56b60000 - 0x00007ffe571a5000 	C:\WINDOWS\system32\windows.storage.dll
0x00007ffe57ff0000 - 0x00007ffe58042000 	C:\WINDOWS\system32\shlwapi.dll
0x00007ffe56920000 - 0x00007ffe5692f000 	C:\WINDOWS\system32\kernel.appcore.dll
0x00007ffe569f0000 - 0x00007ffe56aa5000 	C:\WINDOWS\system32\shcore.dll
0x00007ffe568d0000 - 0x00007ffe5691b000 	C:\WINDOWS\system32\powrprof.dll
0x00007ffe568b0000 - 0x00007ffe568c4000 	C:\WINDOWS\system32\profapi.dll

VM Arguments:
jvm_args: -Djava.awt.headless=true -Xmx1024M -Dfile.encoding=windows-1251 -Duser.country=RU -Duser.language=ru -Duser.variant 
java_command: com.android.dx.command.Main --dex --force-jumbo --num-threads=4 --multi-dex --output C:\Users\ren95\AndroidStudioProjects\circles\app\build\intermediates\transforms\dex\debug\folders\1000\10\com.android.support-support-v4-23.3.0_138c057d6d7396cc315aecf902ea0758d0ae4ec4 C:\Users\ren95\AndroidStudioProjects\circles\app\build\intermediates\exploded-aar\com.android.support\support-v4\23.3.0\jars\classes.jar
java_class_path (initial): C:\Users\ren95\AppData\Local\Android\sdk\build-tools\23.0.3\lib\dx.jar
Launcher Type: SUN_STANDARD

Environment Variables:
PATH=C:\ProgramData\Oracle\Java\javapath;C:\WINDOWS\system32;C:\WINDOWS;C:\WINDOWS\System32\Wbem;C:\WINDOWS\System32\WindowsPowerShell\v1.0\;C:\Program Files\Git\cmd
USERNAME=ren95
OS=Windows_NT
PROCESSOR_IDENTIFIER=Intel64 Family 6 Model 58 Stepping 9, GenuineIntel



---------------  S Y S T E M  ---------------

OS: Windows 10.0 , 64 bit Build 10586 (10.0.10586.589)

CPU:total 8 (4 cores per cpu, 2 threads per core) family 6 model 58 stepping 9, cmov, cx8, fxsr, mmx, sse, sse2, sse3, ssse3, sse4.1, sse4.2, popcnt, avx, aes, clmul, erms, ht, tsc, tscinvbit, tscinv

Memory: 4k page, physical 8266736k(1346364k free), swap 8266736k(3572k free)

vm_info: OpenJDK 64-Bit Server VM (25.76-b03) for windows-amd64 JRE (1.8.0_76-release-b03), built on Jun 29 2016 19:09:20 by "ralucas" with MS VC++ 10.0 (VS2010)

time: Wed Oct 12 02:52:27 2016
elapsed time: 1 seconds (0d 0h 0m 1s)

