#
# There is insufficient memory for the Java Runtime Environment to continue.
# Native memory allocation (malloc) failed to allocate 32744 bytes for ChunkPool::allocate
# Possible reasons:
#   The system is out of physical RAM or swap space
#   In 32 bit mode, the process size limit was hit
# Possible solutions:
#   Reduce memory load on the system
#   Increase physical memory or swap space
#   Check if swap backing store is full
#   Use 64 bit Java on a 64 bit OS
#   Decrease Java heap size (-Xmx/-Xms)
#   Decrease number of Java threads
#   Decrease Java thread stack sizes (-Xss)
#   Set larger code cache with -XX:ReservedCodeCacheSize=
# This output file may be truncated or incomplete.
#
#  Out of Memory Error (allocation.cpp:273), pid=7216, tid=0x0000000000000e28
#
# JRE version: OpenJDK Runtime Environment (8.0_76-b03) (build 1.8.0_76-release-b03)
# Java VM: OpenJDK 64-Bit Server VM (25.76-b03 mixed mode windows-amd64 compressed oops)
# Failed to write core dump. Minidumps are not enabled by default on client versions of Windows
#

---------------  T H R E A D  ---------------

Current thread (0x0000000016db1800):  JavaThread "C2 CompilerThread2" daemon [_thread_in_native, id=3624, stack(0x0000000017770000,0x0000000017870000)]

Stack: [0x0000000017770000,0x0000000017870000]
[error occurred during error reporting (printing stack bounds), id 0xc0000005]

Native frames: (J=compiled Java code, j=interpreted, Vv=VM code, C=native code)


Current CompileTask:
C2:   2413 1169   !   4       com.android.dx.cf.code.RopperMachine::run (1550 bytes)


---------------  P R O C E S S  ---------------

Java Threads: ( => current thread )
  0x0000000017079000 JavaThread "pool-2-thread-3" [_thread_in_Java, id=9828, stack(0x0000000017e70000,0x0000000017f70000)]
  0x0000000016f61000 JavaThread "pool-2-thread-2" [_thread_in_Java, id=6528, stack(0x0000000017d70000,0x0000000017e70000)]
  0x0000000016f4d000 JavaThread "pool-3-thread-1" [_thread_blocked, id=5308, stack(0x0000000017c70000,0x0000000017d70000)]
  0x0000000016e15800 JavaThread "Service Thread" daemon [_thread_blocked, id=9856, stack(0x0000000017970000,0x0000000017a70000)]
  0x0000000016e0f000 JavaThread "C1 CompilerThread3" daemon [_thread_blocked, id=8560, stack(0x0000000017870000,0x0000000017970000)]
=>0x0000000016db1800 JavaThread "C2 CompilerThread2" daemon [_thread_in_native, id=3624, stack(0x0000000017770000,0x0000000017870000)]
  0x0000000016dae000 JavaThread "C2 CompilerThread1" daemon [_thread_in_native, id=7220, stack(0x0000000017670000,0x0000000017770000)]
  0x0000000016dab000 JavaThread "C2 CompilerThread0" daemon [_thread_in_native, id=9484, stack(0x0000000017570000,0x0000000017670000)]
  0x0000000016da8800 JavaThread "Attach Listener" daemon [_thread_blocked, id=6828, stack(0x0000000017470000,0x0000000017570000)]
  0x0000000016db6800 JavaThread "Signal Dispatcher" daemon [_thread_blocked, id=1032, stack(0x0000000017370000,0x0000000017470000)]
  0x0000000016da0800 JavaThread "Finalizer" daemon [_thread_blocked, id=7648, stack(0x0000000017180000,0x0000000017280000)]
  0x0000000002384000 JavaThread "Reference Handler" daemon [_thread_blocked, id=6964, stack(0x0000000016c80000,0x0000000016d80000)]
  0x0000000002290800 JavaThread "main" [_thread_blocked, id=5040, stack(0x00000000020b0000,0x00000000021b0000)]

Other Threads:
  0x0000000014ea5000 VMThread [stack: 0x0000000016b80000,0x0000000016c80000] [id=10004]
  0x0000000016e16000 WatcherThread [stack: 0x0000000017a70000,0x0000000017b70000] [id=864]

VM state:not at safepoint (normal execution)

VM Mutex/Monitor currently owned by a thread: None

Heap:
 PSYoungGen      total 38400K, used 16352K [0x00000000eab00000, 0x00000000ed580000, 0x0000000100000000)
  eden space 33280K, 33% used [0x00000000eab00000,0x00000000eb5fa170,0x00000000ecb80000)
  from space 5120K, 99% used [0x00000000ecb80000,0x00000000ed07e040,0x00000000ed080000)
  to   space 5120K, 0% used [0x00000000ed080000,0x00000000ed080000,0x00000000ed580000)
 ParOldGen       total 87552K, used 3519K [0x00000000c0000000, 0x00000000c5580000, 0x00000000eab00000)
  object space 87552K, 4% used [0x00000000c0000000,0x00000000c036ffd8,0x00000000c5580000)
 Metaspace       used 5648K, capacity 6832K, committed 7040K, reserved 1056768K
  class space    used 556K, capacity 616K, committed 640K, reserved 1048576K

Card table byte_map: [0x0000000011750000,0x0000000011960000] byte_map_base: 0x0000000011150000

Marking Bits: (ParMarkBitMap*) 0x0000000052de9d00
 Begin Bits: [0x00000000122c0000, 0x00000000132c0000)
 End Bits:   [0x00000000132c0000, 0x00000000142c0000)

Polling page: 0x0000000000920000

CodeCache: size=245760Kb used=4695Kb max_used=4704Kb free=241064Kb
 bounds [0x0000000002390000, 0x0000000002830000, 0x0000000011390000]
 total_blobs=1427 nmethods=1166 adapters=175
 compilation: enabled

Compilation events (10 events):
Event: 2.292 Thread 0x0000000016e0f000 1172       3       com.android.dx.rop.type.Type::asUninitialized (140 bytes)
Event: 2.294 Thread 0x0000000016e0f000 nmethod 1172 0x0000000002820190 code [0x00000000028204e0, 0x0000000002822118]
Event: 2.301 Thread 0x0000000016db1800 nmethod 1166 0x0000000002824d90 code [0x0000000002825720, 0x0000000002825e68]
Event: 2.301 Thread 0x0000000016db1800 1168       4       com.android.dx.cf.code.BaseMachine::storeResults (90 bytes)
Event: 2.311 Thread 0x0000000016dab000 nmethod 1170 0x0000000002828810 code [0x0000000002828a00, 0x0000000002829498]
Event: 2.311 Thread 0x0000000016dab000 1175   !   4       com.android.dx.cf.code.Ropper::processBlock (1101 bytes)
Event: 2.319 Thread 0x0000000016db1800 nmethod 1168 0x0000000002826c10 code [0x0000000002826de0, 0x00000000028278b8]
Event: 2.319 Thread 0x0000000016db1800 1169   !   4       com.android.dx.cf.code.RopperMachine::run (1550 bytes)
Event: 2.337 Thread 0x0000000016e0f000 1182       3       com.android.dx.rop.code.RegisterSpecSet::intersect (117 bytes)
Event: 2.337 Thread 0x0000000016e0f000 nmethod 1182 0x0000000002823b50 code [0x0000000002823d40, 0x0000000002824738]

GC Heap History (2 events):
Event: 2.151 GC heap before
{Heap before GC invocations=1 (full 0):
 PSYoungGen      total 38400K, used 33280K [0x00000000eab00000, 0x00000000ed580000, 0x0000000100000000)
  eden space 33280K, 100% used [0x00000000eab00000,0x00000000ecb80000,0x00000000ecb80000)
  from space 5120K, 0% used [0x00000000ed080000,0x00000000ed080000,0x00000000ed580000)
  to   space 5120K, 0% used [0x00000000ecb80000,0x00000000ecb80000,0x00000000ed080000)
 ParOldGen       total 87552K, used 0K [0x00000000c0000000, 0x00000000c5580000, 0x00000000eab00000)
  object space 87552K, 0% used [0x00000000c0000000,0x00000000c0000000,0x00000000c5580000)
 Metaspace       used 5646K, capacity 6832K, committed 7040K, reserved 1056768K
  class space    used 556K, capacity 616K, committed 640K, reserved 1048576K
Event: 2.266 GC heap after
Heap after GC invocations=1 (full 0):
 PSYoungGen      total 38400K, used 5112K [0x00000000eab00000, 0x00000000ed580000, 0x0000000100000000)
  eden space 33280K, 0% used [0x00000000eab00000,0x00000000eab00000,0x00000000ecb80000)
  from space 5120K, 99% used [0x00000000ecb80000,0x00000000ed07e040,0x00000000ed080000)
  to   space 5120K, 0% used [0x00000000ed080000,0x00000000ed080000,0x00000000ed580000)
 ParOldGen       total 87552K, used 3519K [0x00000000c0000000, 0x00000000c5580000, 0x00000000eab00000)
  object space 87552K, 4% used [0x00000000c0000000,0x00000000c036ffd8,0x00000000c5580000)
 Metaspace       used 5646K, capacity 6832K, committed 7040K, reserved 1056768K
  class space    used 556K, capacity 616K, committed 640K, reserved 1048576K
}

Deoptimization events (10 events):
Event: 1.861 Thread 0x00000000170b2800 Uncommon trap: reason=unstable_if action=reinterpret pc=0x00000000026283b0 method=java.util.BitSet.nextSetBit(I)I @ 87
Event: 1.924 Thread 0x0000000016f49800 Uncommon trap: reason=class_check action=maybe_recompile pc=0x0000000002695b0c method=com.android.dx.ssa.NormalSsaInsn.accept(Lcom/android/dx/ssa/SsaInsn$Visitor;)V @ 9
Event: 1.924 Thread 0x0000000016f49800 Uncommon trap: reason=class_check action=maybe_recompile pc=0x0000000002695b0c method=com.android.dx.ssa.NormalSsaInsn.accept(Lcom/android/dx/ssa/SsaInsn$Visitor;)V @ 9
Event: 1.924 Thread 0x0000000016f49800 Uncommon trap: reason=class_check action=maybe_recompile pc=0x0000000002695b0c method=com.android.dx.ssa.NormalSsaInsn.accept(Lcom/android/dx/ssa/SsaInsn$Visitor;)V @ 9
Event: 1.925 Thread 0x0000000016f49800 Uncommon trap: reason=class_check action=maybe_recompile pc=0x0000000002695b0c method=com.android.dx.ssa.NormalSsaInsn.accept(Lcom/android/dx/ssa/SsaInsn$Visitor;)V @ 9
Event: 1.956 Thread 0x00000000170b2800 Uncommon trap: reason=class_check action=maybe_recompile pc=0x00000000026d6700 method=com.android.dx.ssa.NormalSsaInsn.accept(Lcom/android/dx/ssa/SsaInsn$Visitor;)V @ 9
Event: 2.059 Thread 0x0000000016f49800 Uncommon trap: reason=class_check action=maybe_recompile pc=0x00000000027b017c method=com.android.dx.cf.code.BytecodeArray.parseInstruction(ILcom/android/dx/cf/code/BytecodeArray$Visitor;)I @ 1287
Event: 2.059 Thread 0x0000000016f49800 Uncommon trap: reason=class_check action=maybe_recompile pc=0x00000000027b017c method=com.android.dx.cf.code.BytecodeArray.parseInstruction(ILcom/android/dx/cf/code/BytecodeArray$Visitor;)I @ 1287
Event: 2.062 Thread 0x0000000016f49800 Uncommon trap: reason=class_check action=maybe_recompile pc=0x00000000027b017c method=com.android.dx.cf.code.BytecodeArray.parseInstruction(ILcom/android/dx/cf/code/BytecodeArray$Visitor;)I @ 1287
Event: 2.063 Thread 0x0000000016f49800 Uncommon trap: reason=class_check action=maybe_recompile pc=0x00000000027b017c method=com.android.dx.cf.code.BytecodeArray.parseInstruction(ILcom/android/dx/cf/code/BytecodeArray$Visitor;)I @ 1287

Internal exceptions (2 events):
Event: 0.046 Thread 0x0000000002290800 Exception <a 'java/lang/NoSuchMethodError': Method sun.misc.Unsafe.defineClass(Ljava/lang/String;[BII)Ljava/lang/Class; name or signature does not match> (0x00000000eab07cc0) thrown at [C:\src\android\AOSP-openjdk\external\jetbrains\jdk\hotspot\src\share\vT7…Ëîk§?
Event: 0.046 Thread 0x0000000002290800 Exception <a 'java/lang/NoSuchMethodError': Method sun.misc.Unsafe.prefetchRead(Ljava/lang/Object;J)V name or signature does not match> (0x00000000eab07fa8) thrown at [C:\src\android\AOSP-openjdk\external\jetbrains\jdk\hotspot\src\share\vm\prims\jni.cpp, l

Events (10 events):
Event: 2.069 loading class com/android/dx/cf/code/BytecodeArray$ConstantParserVisitor
Event: 2.069 loading class com/android/dx/cf/code/BytecodeArray$ConstantParserVisitor done
Event: 2.092 Thread 0x00000000170b2800 DEOPT PACKING pc=0x000000000279405b sp=0x000000001806ea90
Event: 2.092 Thread 0x00000000170b2800 DEOPT UNPACKING pc=0x00000000023d75bf sp=0x000000001806e828 mode 0
Event: 2.100 Thread 0x0000000016f49800 Thread exited: 0x0000000016f49800
Event: 2.112 Executing VM operation: ForceSafepoint
Event: 2.120 Executing VM operation: ForceSafepoint done
Event: 2.130 Executing VM operation: ParallelGCFailedAllocation
Event: 2.266 Executing VM operation: ParallelGCFailedAllocation done
Event: 2.278 Thread 0x00000000170b2800 Thread exited: 0x00000000170b2800


Dynamic libraries:
0x00007ff614890000 - 0x00007ff6148c1000 	C:\Program Files\Android\Android Studio\jre\bin\java.exe
0x00007ffff36b0000 - 0x00007ffff3871000 	C:\WINDOWS\SYSTEM32\ntdll.dll
0x00007ffff2410000 - 0x00007ffff24bd000 	C:\WINDOWS\system32\KERNEL32.DLL
0x00007fffefdb0000 - 0x00007fffeff98000 	C:\WINDOWS\system32\KERNELBASE.dll
0x00007ffff3540000 - 0x00007ffff35e7000 	C:\WINDOWS\system32\ADVAPI32.dll
0x00007ffff2020000 - 0x00007ffff20bd000 	C:\WINDOWS\system32\msvcrt.dll
0x00007ffff20c0000 - 0x00007ffff211b000 	C:\WINDOWS\system32\sechost.dll
0x00007ffff2120000 - 0x00007ffff223c000 	C:\WINDOWS\system32\RPCRT4.dll
0x00007ffff33e0000 - 0x00007ffff3536000 	C:\WINDOWS\system32\USER32.dll
0x00007ffff2e70000 - 0x00007ffff2ff6000 	C:\WINDOWS\system32\GDI32.dll
0x00007fffe8b80000 - 0x00007fffe8df4000 	C:\WINDOWS\WinSxS\amd64_microsoft.windows.common-controls_6595b64144ccf1df_6.0.10586.589_none_a2ddb3caa539acce\COMCTL32.dll
0x00007ffff2bf0000 - 0x00007ffff2e6d000 	C:\WINDOWS\system32\combase.dll
0x00007ffff0900000 - 0x00007ffff096a000 	C:\WINDOWS\system32\bcryptPrimitives.dll
0x00007ffff33a0000 - 0x00007ffff33db000 	C:\WINDOWS\system32\IMM32.DLL
0x0000000052470000 - 0x0000000052542000 	C:\Program Files\Android\Android Studio\jre\jre\bin\msvcr100.dll
0x0000000052630000 - 0x0000000052e64000 	C:\Program Files\Android\Android Studio\jre\jre\bin\server\jvm.dll
0x00007ffff3180000 - 0x00007ffff3188000 	C:\WINDOWS\system32\PSAPI.DLL
0x00007fffd2020000 - 0x00007fffd2029000 	C:\WINDOWS\SYSTEM32\WSOCK32.dll
0x00007ffff3000000 - 0x00007ffff306b000 	C:\WINDOWS\system32\WS2_32.dll
0x00007fffee010000 - 0x00007fffee033000 	C:\WINDOWS\SYSTEM32\WINMM.dll
0x00007fffe8eb0000 - 0x00007fffe8eba000 	C:\WINDOWS\SYSTEM32\VERSION.dll
0x00007fffedef0000 - 0x00007fffedf1c000 	C:\WINDOWS\SYSTEM32\WINMMBASE.dll
0x00007fffefd60000 - 0x00007fffefda3000 	C:\WINDOWS\system32\cfgmgr32.dll
0x00007fffed250000 - 0x00007fffed25f000 	C:\Program Files\Android\Android Studio\jre\jre\bin\verify.dll
0x00007fffe9970000 - 0x00007fffe9999000 	C:\Program Files\Android\Android Studio\jre\jre\bin\java.dll
0x00007fffe9950000 - 0x00007fffe9966000 	C:\Program Files\Android\Android Studio\jre\jre\bin\zip.dll
0x00007ffff0ab0000 - 0x00007ffff200c000 	C:\WINDOWS\system32\SHELL32.dll
0x00007ffff0000000 - 0x00007ffff0645000 	C:\WINDOWS\system32\windows.storage.dll
0x00007ffff2ac0000 - 0x00007ffff2b12000 	C:\WINDOWS\system32\shlwapi.dll
0x00007fffefcd0000 - 0x00007fffefcdf000 	C:\WINDOWS\system32\kernel.appcore.dll
0x00007ffff0650000 - 0x00007ffff0705000 	C:\WINDOWS\system32\shcore.dll
0x00007fffefce0000 - 0x00007fffefd2b000 	C:\WINDOWS\system32\powrprof.dll
0x00007fffefd30000 - 0x00007fffefd44000 	C:\WINDOWS\system32\profapi.dll

VM Arguments:
jvm_args: -Djava.awt.headless=true -Xmx1024M -Dfile.encoding=windows-1251 -Duser.country=RU -Duser.language=ru -Duser.variant 
java_command: com.android.dx.command.Main --dex --force-jumbo --num-threads=4 --multi-dex --output C:\Users\ren95\AndroidStudioProjects\circles\app\build\intermediates\transforms\dex\debug\folders\1000\5\slice_3 C:\Users\ren95\AndroidStudioProjects\circles\app\build\intermediates\transforms\instantRunSlicer\debug\folders\1\5\slice_3
java_class_path (initial): C:\Users\ren95\AppData\Local\Android\sdk\build-tools\23.0.3\lib\dx.jar
Launcher Type: SUN_STANDARD

Environment Variables:
PATH=C:\ProgramData\Oracle\Java\javapath;C:\WINDOWS\system32;C:\WINDOWS;C:\WINDOWS\System32\Wbem;C:\WINDOWS\System32\WindowsPowerShell\v1.0\;C:\Program Files\Git\cmd
USERNAME=ren95
OS=Windows_NT
PROCESSOR_IDENTIFIER=Intel64 Family 6 Model 58 Stepping 9, GenuineIntel



---------------  S Y S T E M  ---------------

OS: Windows 10.0 , 64 bit Build 10586 (10.0.10586.589)

CPU:total 8 (4 cores per cpu, 2 threads per core) family 6 model 58 stepping 9, cmov, cx8, fxsr, mmx, sse, sse2, sse3, ssse3, sse4.1, sse4.2, popcnt, avx, aes, clmul, erms, ht, tsc, tscinvbit, tscinv

Memory: 4k page, physical 8266736k(1084284k free), swap 8266736k(5124k free)

vm_info: OpenJDK 64-Bit Server VM (25.76-b03) for windows-amd64 JRE (1.8.0_76-release-b03), built on Jun 29 2016 19:09:20 by "ralucas" with MS VC++ 10.0 (VS2010)

time: Wed Oct 12 21:00:11 2016
elapsed time: 2 seconds (0d 0h 0m 2s)

