#
# There is insufficient memory for the Java Runtime Environment to continue.
# Native memory allocation (malloc) failed to allocate 432496 bytes for Chunk::new
# Possible reasons:
#   The system is out of physical RAM or swap space
#   In 32 bit mode, the process size limit was hit
# Possible solutions:
#   Reduce memory load on the system
#   Increase physical memory or swap space
#   Check if swap backing store is full
#   Use 64 bit Java on a 64 bit OS
#   Decrease Java heap size (-Xmx/-Xms)
#   Decrease number of Java threads
#   Decrease Java thread stack sizes (-Xss)
#   Set larger code cache with -XX:ReservedCodeCacheSize=
# This output file may be truncated or incomplete.
#
#  Out of Memory Error (allocation.cpp:390), pid=9956, tid=0x00000000000024c4
#
# JRE version: OpenJDK Runtime Environment (8.0_76-b03) (build 1.8.0_76-release-b03)
# Java VM: OpenJDK 64-Bit Server VM (25.76-b03 mixed mode windows-amd64 compressed oops)
# Failed to write core dump. Minidumps are not enabled by default on client versions of Windows
#

---------------  T H R E A D  ---------------

Current thread (0x00000000179c1800):  JavaThread "C2 CompilerThread0" daemon [_thread_in_native, id=9412, stack(0x0000000018190000,0x0000000018290000)]

Stack: [0x0000000018190000,0x0000000018290000]
[error occurred during error reporting (printing stack bounds), id 0xc0000005]

Native frames: (J=compiled Java code, j=interpreted, Vv=VM code, C=native code)


Current CompileTask:
C2:   2405  996       4       com.android.dx.dex.code.OutputFinisher::addConstants (93 bytes)


---------------  P R O C E S S  ---------------

Java Threads: ( => current thread )
  0x0000000017ca0800 JavaThread "pool-1-thread-1" [_thread_in_vm, id=6352, stack(0x0000000019490000,0x0000000019590000)]
  0x0000000017a2d800 JavaThread "Service Thread" daemon [_thread_blocked, id=6008, stack(0x0000000018590000,0x0000000018690000)]
  0x0000000017a11800 JavaThread "C1 CompilerThread3" daemon [_thread_blocked, id=5724, stack(0x0000000018490000,0x0000000018590000)]
  0x0000000017a0d800 JavaThread "C2 CompilerThread2" daemon [_thread_blocked, id=6228, stack(0x0000000018390000,0x0000000018490000)]
  0x00000000179c4800 JavaThread "C2 CompilerThread1" daemon [_thread_blocked, id=7300, stack(0x0000000018290000,0x0000000018390000)]
=>0x00000000179c1800 JavaThread "C2 CompilerThread0" daemon [_thread_in_native, id=9412, stack(0x0000000018190000,0x0000000018290000)]
  0x00000000179bb800 JavaThread "Attach Listener" daemon [_thread_blocked, id=3752, stack(0x0000000018090000,0x0000000018190000)]
  0x00000000179ba800 JavaThread "Signal Dispatcher" daemon [_thread_blocked, id=3208, stack(0x0000000017f90000,0x0000000018090000)]
  0x00000000179b0800 JavaThread "Finalizer" daemon [_thread_blocked, id=8776, stack(0x0000000017d90000,0x0000000017e90000)]
  0x0000000015abb800 JavaThread "Reference Handler" daemon [_thread_blocked, id=1080, stack(0x0000000017890000,0x0000000017990000)]
  0x0000000002ea0800 JavaThread "main" [_thread_blocked, id=8224, stack(0x0000000002da0000,0x0000000002ea0000)]

Other Threads:
  0x0000000015ab5000 VMThread [stack: 0x0000000017790000,0x0000000017890000] [id=6708]
  0x0000000017a2e800 WatcherThread [stack: 0x0000000018690000,0x0000000018790000] [id=1736]

VM state:not at safepoint (normal execution)

VM Mutex/Monitor currently owned by a thread: None

Heap:
 PSYoungGen      total 38400K, used 20045K [0x00000000eab00000, 0x00000000ed580000, 0x0000000100000000)
  eden space 33280K, 60% used [0x00000000eab00000,0x00000000ebe937b8,0x00000000ecb80000)
  from space 5120K, 0% used [0x00000000ed080000,0x00000000ed080000,0x00000000ed580000)
  to   space 5120K, 0% used [0x00000000ecb80000,0x00000000ecb80000,0x00000000ed080000)
 ParOldGen       total 87552K, used 0K [0x00000000c0000000, 0x00000000c5580000, 0x00000000eab00000)
  object space 87552K, 0% used [0x00000000c0000000,0x00000000c0000000,0x00000000c5580000)
 Metaspace       used 5727K, capacity 6896K, committed 7040K, reserved 1056768K
  class space    used 567K, capacity 616K, committed 640K, reserved 1048576K

Card table byte_map: [0x0000000012360000,0x0000000012570000] byte_map_base: 0x0000000011d60000

Marking Bits: (ParMarkBitMap*) 0x0000000052de9d00
 Begin Bits: [0x0000000012ed0000, 0x0000000013ed0000)
 End Bits:   [0x0000000013ed0000, 0x0000000014ed0000)

Polling page: 0x0000000001710000

CodeCache: size=245760Kb used=4078Kb max_used=4083Kb free=241681Kb
 bounds [0x0000000002fa0000, 0x00000000033a0000, 0x0000000011fa0000]
 total_blobs=1311 nmethods=1051 adapters=174
 compilation: enabled

Compilation events (10 events):
Event: 2.384 Thread 0x0000000017a11800 1048       3       com.android.dx.rop.code.SourcePosition::sameLine (17 bytes)
Event: 2.385 Thread 0x0000000017a11800 nmethod 1048 0x000000000339c2d0 code [0x000000000339c420, 0x000000000339c5d0]
Event: 2.385 Thread 0x00000000179c4800 1049   !   4       com.android.dx.rop.code.RegisterSpecSet::get (18 bytes)
Event: 2.385 Thread 0x00000000179c4800 nmethod 1049 0x000000000339f310 code [0x000000000339f440, 0x000000000339f4d8]
Event: 2.385 Thread 0x0000000017a11800 1050       3       com.android.dx.rop.code.RegisterSpec::isCategory2 (13 bytes)
Event: 2.386 Thread 0x0000000017a11800 nmethod 1050 0x000000000339edd0 code [0x000000000339ef40, 0x000000000339f218]
Event: 2.386 Thread 0x0000000017a11800 1051       3       com.android.dx.dex.code.DalvInsn::getAddress (22 bytes)
Event: 2.386 Thread 0x0000000017a11800 nmethod 1051 0x000000000339e950 code [0x000000000339eac0, 0x000000000339ed08]
Event: 2.387 Thread 0x0000000017a11800 1052       3       com.android.dx.dex.code.LocalList$MakeState::aboutToProcess (127 bytes)
Event: 2.387 Thread 0x0000000017a11800 nmethod 1052 0x000000000339d9d0 code [0x000000000339dbc0, 0x000000000339e568]

GC Heap History (0 events):
No events

Deoptimization events (10 events):
Event: 0.924 Thread 0x0000000017ca0800 Uncommon trap: reason=unstable_if action=reinterpret pc=0x000000000315605c method=com.android.dx.rop.cst.CstMemberRef.compareTo0(Lcom/android/dx/rop/cst/Constant;)I @ 18
Event: 0.924 Thread 0x0000000017ca0800 Uncommon trap: reason=unstable_if action=reinterpret pc=0x0000000003150654 method=com.android.dx.rop.cst.CstMemberRef.compareTo0(Lcom/android/dx/rop/cst/Constant;)I @ 18
Event: 1.344 Thread 0x0000000017b72800 Uncommon trap: reason=speculate_class_check action=maybe_recompile pc=0x000000000315facc method=com.android.dx.rop.cst.Constant.compareTo(Lcom/android/dx/rop/cst/Constant;)I @ 29
Event: 1.344 Thread 0x0000000017b72800 Uncommon trap: reason=speculate_class_check action=maybe_recompile pc=0x000000000315facc method=com.android.dx.rop.cst.Constant.compareTo(Lcom/android/dx/rop/cst/Constant;)I @ 29
Event: 1.344 Thread 0x0000000017b72800 Uncommon trap: reason=speculate_class_check action=maybe_recompile pc=0x000000000315facc method=com.android.dx.rop.cst.Constant.compareTo(Lcom/android/dx/rop/cst/Constant;)I @ 29
Event: 1.344 Thread 0x0000000017b72800 Uncommon trap: reason=speculate_class_check action=maybe_recompile pc=0x000000000315facc method=com.android.dx.rop.cst.Constant.compareTo(Lcom/android/dx/rop/cst/Constant;)I @ 29
Event: 1.490 Thread 0x0000000017ca0800 Uncommon trap: reason=unstable_if action=reinterpret pc=0x00000000031ba358 method=java.util.HashMap.getNode(ILjava/lang/Object;)Ljava/util/HashMap$Node; @ 129
Event: 1.551 Thread 0x0000000002ea0800 Uncommon trap: reason=unstable_if action=reinterpret pc=0x00000000031bb530 method=java.util.BitSet.nextSetBit(I)I @ 87
Event: 2.337 Thread 0x0000000017ca0800 Uncommon trap: reason=class_check action=maybe_recompile pc=0x000000000337dc50 method=java.util.HashMap.putVal(ILjava/lang/Object;Ljava/lang/Object;ZZ)Ljava/lang/Object; @ 203
Event: 2.337 Thread 0x0000000017ca0800 Uncommon trap: reason=class_check action=maybe_recompile pc=0x000000000337dc50 method=java.util.HashMap.putVal(ILjava/lang/Object;Ljava/lang/Object;ZZ)Ljava/lang/Object; @ 203

Internal exceptions (2 events):
Event: 0.047 Thread 0x0000000002ea0800 Exception <a 'java/lang/NoSuchMethodError': Method sun.misc.Unsafe.defineClass(Ljava/lang/String;[BII)Ljava/lang/Class; name or signature does not match> (0x00000000eab07cc0) thrown at [C:\src\android\AOSP-openjdk\external\jetbrains\jdk\hotspot\src\share\v@×¬ò÷§?
Event: 0.047 Thread 0x0000000002ea0800 Exception <a 'java/lang/NoSuchMethodError': Method sun.misc.Unsafe.prefetchRead(Ljava/lang/Object;J)V name or signature does not match> (0x00000000eab07fa8) thrown at [C:\src\android\AOSP-openjdk\external\jetbrains\jdk\hotspot\src\share\vm\prims\jni.cpp, l

Events (10 events):
Event: 2.377 loading class com/android/dx/dex/code/LocalList$MakeState
Event: 2.377 loading class com/android/dx/dex/code/LocalList$MakeState done
Event: 2.378 loading class com/android/dx/dex/code/LocalList$Disposition
Event: 2.378 loading class com/android/dx/dex/code/LocalList$Disposition done
Event: 2.378 loading class com/android/dx/dex/code/LocalList$Entry
Event: 2.378 loading class com/android/dx/dex/code/LocalList$Entry done
Event: 2.379 loading class com/android/dx/dex/code/CatchHandlerList
Event: 2.379 loading class com/android/dx/dex/code/CatchHandlerList done
Event: 2.379 loading class com/android/dx/dex/code/CatchTable
Event: 2.379 loading class com/android/dx/dex/code/CatchTable done


Dynamic libraries:
0x00007ff614890000 - 0x00007ff6148c1000 	C:\Program Files\Android\Android Studio\jre\bin\java.exe
0x00007ffff36b0000 - 0x00007ffff3871000 	C:\WINDOWS\SYSTEM32\ntdll.dll
0x00007ffff2410000 - 0x00007ffff24bd000 	C:\WINDOWS\system32\KERNEL32.DLL
0x00007fffefdb0000 - 0x00007fffeff98000 	C:\WINDOWS\system32\KERNELBASE.dll
0x00007ffff3540000 - 0x00007ffff35e7000 	C:\WINDOWS\system32\ADVAPI32.dll
0x00007ffff2020000 - 0x00007ffff20bd000 	C:\WINDOWS\system32\msvcrt.dll
0x00007ffff20c0000 - 0x00007ffff211b000 	C:\WINDOWS\system32\sechost.dll
0x00007ffff2120000 - 0x00007ffff223c000 	C:\WINDOWS\system32\RPCRT4.dll
0x00007ffff33e0000 - 0x00007ffff3536000 	C:\WINDOWS\system32\USER32.dll
0x00007ffff2e70000 - 0x00007ffff2ff6000 	C:\WINDOWS\system32\GDI32.dll
0x00007fffe8b80000 - 0x00007fffe8df4000 	C:\WINDOWS\WinSxS\amd64_microsoft.windows.common-controls_6595b64144ccf1df_6.0.10586.589_none_a2ddb3caa539acce\COMCTL32.dll
0x00007ffff2bf0000 - 0x00007ffff2e6d000 	C:\WINDOWS\system32\combase.dll
0x00007ffff0900000 - 0x00007ffff096a000 	C:\WINDOWS\system32\bcryptPrimitives.dll
0x00007ffff33a0000 - 0x00007ffff33db000 	C:\WINDOWS\system32\IMM32.DLL
0x0000000052470000 - 0x0000000052542000 	C:\Program Files\Android\Android Studio\jre\jre\bin\msvcr100.dll
0x0000000052630000 - 0x0000000052e64000 	C:\Program Files\Android\Android Studio\jre\jre\bin\server\jvm.dll
0x00007ffff3180000 - 0x00007ffff3188000 	C:\WINDOWS\system32\PSAPI.DLL
0x00007fffd2020000 - 0x00007fffd2029000 	C:\WINDOWS\SYSTEM32\WSOCK32.dll
0x00007ffff3000000 - 0x00007ffff306b000 	C:\WINDOWS\system32\WS2_32.dll
0x00007fffe8eb0000 - 0x00007fffe8eba000 	C:\WINDOWS\SYSTEM32\VERSION.dll
0x00007fffee010000 - 0x00007fffee033000 	C:\WINDOWS\SYSTEM32\WINMM.dll
0x00007fffedef0000 - 0x00007fffedf1c000 	C:\WINDOWS\SYSTEM32\WINMMBASE.dll
0x00007fffefd60000 - 0x00007fffefda3000 	C:\WINDOWS\system32\cfgmgr32.dll
0x00007fffed250000 - 0x00007fffed25f000 	C:\Program Files\Android\Android Studio\jre\jre\bin\verify.dll
0x00007fffe9970000 - 0x00007fffe9999000 	C:\Program Files\Android\Android Studio\jre\jre\bin\java.dll
0x00007fffe9950000 - 0x00007fffe9966000 	C:\Program Files\Android\Android Studio\jre\jre\bin\zip.dll
0x00007ffff0ab0000 - 0x00007ffff200c000 	C:\WINDOWS\system32\SHELL32.dll
0x00007ffff0000000 - 0x00007ffff0645000 	C:\WINDOWS\system32\windows.storage.dll
0x00007ffff2ac0000 - 0x00007ffff2b12000 	C:\WINDOWS\system32\shlwapi.dll
0x00007fffefcd0000 - 0x00007fffefcdf000 	C:\WINDOWS\system32\kernel.appcore.dll
0x00007ffff0650000 - 0x00007ffff0705000 	C:\WINDOWS\system32\shcore.dll
0x00007fffefce0000 - 0x00007fffefd2b000 	C:\WINDOWS\system32\powrprof.dll
0x00007fffefd30000 - 0x00007fffefd44000 	C:\WINDOWS\system32\profapi.dll

VM Arguments:
jvm_args: -Djava.awt.headless=true -Xmx1024M -Dfile.encoding=windows-1251 -Duser.country=RU -Duser.language=ru -Duser.variant 
java_command: com.android.dx.command.Main --dex --force-jumbo --num-threads=4 --multi-dex --output C:\Users\ren95\AndroidStudioProjects\circles\app\build\intermediates\transforms\dex\debug\folders\1000\5\slice_2 C:\Users\ren95\AndroidStudioProjects\circles\app\build\intermediates\transforms\instantRunSlicer\debug\folders\1\5\slice_2
java_class_path (initial): C:\Users\ren95\AppData\Local\Android\sdk\build-tools\23.0.3\lib\dx.jar
Launcher Type: SUN_STANDARD

Environment Variables:
PATH=C:\ProgramData\Oracle\Java\javapath;C:\WINDOWS\system32;C:\WINDOWS;C:\WINDOWS\System32\Wbem;C:\WINDOWS\System32\WindowsPowerShell\v1.0\;C:\Program Files\Git\cmd
USERNAME=ren95
OS=Windows_NT
PROCESSOR_IDENTIFIER=Intel64 Family 6 Model 58 Stepping 9, GenuineIntel



---------------  S Y S T E M  ---------------

OS: Windows 10.0 , 64 bit Build 10586 (10.0.10586.589)

CPU:total 8 (4 cores per cpu, 2 threads per core) family 6 model 58 stepping 9, cmov, cx8, fxsr, mmx, sse, sse2, sse3, ssse3, sse4.1, sse4.2, popcnt, avx, aes, clmul, erms, ht, tsc, tscinvbit, tscinv

Memory: 4k page, physical 8266736k(1088140k free), swap 8266736k(5284k free)

vm_info: OpenJDK 64-Bit Server VM (25.76-b03) for windows-amd64 JRE (1.8.0_76-release-b03), built on Jun 29 2016 19:09:20 by "ralucas" with MS VC++ 10.0 (VS2010)

time: Wed Oct 12 21:00:10 2016
elapsed time: 2 seconds (0d 0h 0m 2s)

