#
# There is insufficient memory for the Java Runtime Environment to continue.
# Native memory allocation (malloc) failed to allocate 385296 bytes for Chunk::new
# Possible reasons:
#   The system is out of physical RAM or swap space
#   In 32 bit mode, the process size limit was hit
# Possible solutions:
#   Reduce memory load on the system
#   Increase physical memory or swap space
#   Check if swap backing store is full
#   Use 64 bit Java on a 64 bit OS
#   Decrease Java heap size (-Xmx/-Xms)
#   Decrease number of Java threads
#   Decrease Java thread stack sizes (-Xss)
#   Set larger code cache with -XX:ReservedCodeCacheSize=
# This output file may be truncated or incomplete.
#
#  Out of Memory Error (allocation.cpp:390), pid=6256, tid=0x000000000000048c
#
# JRE version: OpenJDK Runtime Environment (8.0_76-b03) (build 1.8.0_76-release-b03)
# Java VM: OpenJDK 64-Bit Server VM (25.76-b03 mixed mode windows-amd64 compressed oops)
# Failed to write core dump. Minidumps are not enabled by default on client versions of Windows
#

---------------  T H R E A D  ---------------

Current thread (0x00000000170a4000):  JavaThread "C2 CompilerThread0" daemon [_thread_in_native, id=1164, stack(0x0000000017870000,0x0000000017970000)]

Stack: [0x0000000017870000,0x0000000017970000]
[error occurred during error reporting (printing stack bounds), id 0xc0000005]

Native frames: (J=compiled Java code, j=interpreted, Vv=VM code, C=native code)


Current CompileTask:
C2:   1171 1053   !   4       com.android.dx.cf.code.Ropper::processBlock (1101 bytes)


---------------  P R O C E S S  ---------------

Java Threads: ( => current thread )
  0x0000000017384000 JavaThread "pool-2-thread-4" [_thread_blocked, id=11204, stack(0x0000000018270000,0x0000000018370000)]
  0x0000000017361000 JavaThread "pool-2-thread-3" [_thread_in_Java, id=9512, stack(0x0000000018170000,0x0000000018270000)]
  0x0000000017276800 JavaThread "pool-2-thread-2" [_thread_blocked, id=4324, stack(0x0000000018070000,0x0000000018170000)]
  0x000000001724b800 JavaThread "pool-3-thread-1" [_thread_blocked, id=13152, stack(0x0000000017f70000,0x0000000018070000)]
  0x000000001724a800 JavaThread "pool-2-thread-1" [_thread_blocked, id=11356, stack(0x0000000017e70000,0x0000000017f70000)]
  0x00000000151be000 JavaThread "Service Thread" daemon [_thread_blocked, id=4484, stack(0x0000000017c70000,0x0000000017d70000)]
  0x00000000170af800 JavaThread "C1 CompilerThread3" daemon [_thread_blocked, id=14352, stack(0x0000000017b70000,0x0000000017c70000)]
  0x00000000170ad800 JavaThread "C2 CompilerThread2" daemon [_thread_in_native, id=9892, stack(0x0000000017a70000,0x0000000017b70000)]
  0x00000000170a6800 JavaThread "C2 CompilerThread1" daemon [_thread_in_native, id=10768, stack(0x0000000017970000,0x0000000017a70000)]
=>0x00000000170a4000 JavaThread "C2 CompilerThread0" daemon [_thread_in_native, id=1164, stack(0x0000000017870000,0x0000000017970000)]
  0x00000000170b5000 JavaThread "Attach Listener" daemon [_thread_blocked, id=4016, stack(0x0000000017770000,0x0000000017870000)]
  0x00000000170b3800 JavaThread "Signal Dispatcher" daemon [_thread_blocked, id=14936, stack(0x0000000017670000,0x0000000017770000)]
  0x0000000002687800 JavaThread "Finalizer" daemon [_thread_blocked, id=13124, stack(0x0000000017480000,0x0000000017580000)]
  0x0000000002684000 JavaThread "Reference Handler" daemon [_thread_blocked, id=14596, stack(0x0000000016f80000,0x0000000017080000)]
  0x0000000002590800 JavaThread "main" [_thread_blocked, id=9040, stack(0x0000000002490000,0x0000000002590000)]

Other Threads:
  0x00000000151a5000 VMThread [stack: 0x0000000016e80000,0x0000000016f80000] [id=15000]
  0x000000001713d000 WatcherThread [stack: 0x0000000017d70000,0x0000000017e70000] [id=3500]

VM state:not at safepoint (normal execution)

VM Mutex/Monitor currently owned by a thread: None

Heap:
 PSYoungGen      total 38400K, used 10438K [0x00000000eab00000, 0x00000000ed580000, 0x0000000100000000)
  eden space 33280K, 16% used [0x00000000eab00000,0x00000000eb038670,0x00000000ecb80000)
  from space 5120K, 99% used [0x00000000ecb80000,0x00000000ed079290,0x00000000ed080000)
  to   space 5120K, 0% used [0x00000000ed080000,0x00000000ed080000,0x00000000ed580000)
 ParOldGen       total 87552K, used 6797K [0x00000000c0000000, 0x00000000c5580000, 0x00000000eab00000)
  object space 87552K, 7% used [0x00000000c0000000,0x00000000c06a3590,0x00000000c5580000)
 Metaspace       used 5619K, capacity 6832K, committed 7040K, reserved 1056768K
  class space    used 556K, capacity 616K, committed 640K, reserved 1048576K

Card table byte_map: [0x0000000011a50000,0x0000000011c60000] byte_map_base: 0x0000000011450000

Marking Bits: (ParMarkBitMap*) 0x000000006e429d00
 Begin Bits: [0x00000000125c0000, 0x00000000135c0000)
 End Bits:   [0x00000000135c0000, 0x00000000145c0000)

Polling page: 0x0000000000950000

CodeCache: size=245760Kb used=4531Kb max_used=4531Kb free=241228Kb
 bounds [0x0000000002690000, 0x0000000002b10000, 0x0000000011690000]
 total_blobs=1354 nmethods=1093 adapters=175
 compilation: enabled

Compilation events (10 events):
Event: 1.105 Thread 0x00000000170af800 1098       3       com.android.dx.util.LabeledList::getMaxLabel (47 bytes)
Event: 1.105 Thread 0x00000000170af800 nmethod 1098 0x0000000002aff850 code [0x0000000002aff9e0, 0x0000000002affe58]
Event: 1.105 Thread 0x00000000170af800 1104       1       com.android.dx.cf.code.ByteOps::opInfo (6 bytes)
Event: 1.105 Thread 0x00000000170af800 nmethod 1104 0x0000000002aef650 code [0x0000000002aef7a0, 0x0000000002aef8b0]
Event: 1.105 Thread 0x00000000170af800 1100       3       com.android.dx.ssa.LocalVariableInfo::getStarts (19 bytes)
Event: 1.105 Thread 0x00000000170af800 nmethod 1100 0x0000000002afffd0 code [0x0000000002b00160, 0x0000000002b00488]
Event: 1.105 Thread 0x00000000170af800 1103       1       com.android.dx.dex.code.RopTranslator::access$200 (5 bytes)
Event: 1.106 Thread 0x00000000170af800 nmethod 1103 0x0000000002af0cd0 code [0x0000000002af0e20, 0x0000000002af0f10]
Event: 1.106 Thread 0x00000000170af800 1096       1       com.android.dx.ssa.BasicRegisterMapper::getNewRegisterCount (5 bytes)
Event: 1.106 Thread 0x00000000170af800 nmethod 1096 0x0000000002af0990 code [0x0000000002af0ae0, 0x0000000002af0bf0]

GC Heap History (2 events):
Event: 0.880 GC heap before
{Heap before GC invocations=1 (full 0):
 PSYoungGen      total 38400K, used 33280K [0x00000000eab00000, 0x00000000ed580000, 0x0000000100000000)
  eden space 33280K, 100% used [0x00000000eab00000,0x00000000ecb80000,0x00000000ecb80000)
  from space 5120K, 0% used [0x00000000ed080000,0x00000000ed080000,0x00000000ed580000)
  to   space 5120K, 0% used [0x00000000ecb80000,0x00000000ecb80000,0x00000000ed080000)
 ParOldGen       total 87552K, used 0K [0x00000000c0000000, 0x00000000c5580000, 0x00000000eab00000)
  object space 87552K, 0% used [0x00000000c0000000,0x00000000c0000000,0x00000000c5580000)
 Metaspace       used 5587K, capacity 6832K, committed 7040K, reserved 1056768K
  class space    used 554K, capacity 616K, committed 640K, reserved 1048576K
Event: 0.900 GC heap after
Heap after GC invocations=1 (full 0):
 PSYoungGen      total 38400K, used 5092K [0x00000000eab00000, 0x00000000ed580000, 0x0000000100000000)
  eden space 33280K, 0% used [0x00000000eab00000,0x00000000eab00000,0x00000000ecb80000)
  from space 5120K, 99% used [0x00000000ecb80000,0x00000000ed079290,0x00000000ed080000)
  to   space 5120K, 0% used [0x00000000ed080000,0x00000000ed080000,0x00000000ed580000)
 ParOldGen       total 87552K, used 6797K [0x00000000c0000000, 0x00000000c5580000, 0x00000000eab00000)
  object space 87552K, 7% used [0x00000000c0000000,0x00000000c06a3590,0x00000000c5580000)
 Metaspace       used 5587K, capacity 6832K, committed 7040K, reserved 1056768K
  class space    used 554K, capacity 616K, committed 640K, reserved 1048576K
}

Deoptimization events (9 events):
Event: 0.211 Thread 0x0000000002590800 Uncommon trap: reason=unstable_if action=reinterpret pc=0x00000000027ce294 method=java.lang.String.indexOf(II)I @ 49
Event: 0.344 Thread 0x0000000017361000 Uncommon trap: reason=unstable_if action=reinterpret pc=0x000000000287a9f0 method=java.util.HashMap.getNode(ILjava/lang/Object;)Ljava/util/HashMap$Node; @ 62
Event: 0.466 Thread 0x000000001724a800 Uncommon trap: reason=unstable_if action=reinterpret pc=0x0000000002903b60 method=com.android.dx.cf.code.BasicBlocker.addWorkIfNecessary(IZ)V @ 8
Event: 0.686 Thread 0x0000000017384000 Uncommon trap: reason=class_check action=maybe_recompile pc=0x000000000296fc6c method=com.android.dx.ssa.NormalSsaInsn.accept(Lcom/android/dx/ssa/SsaInsn$Visitor;)V @ 9
Event: 0.762 Thread 0x0000000002590800 Uncommon trap: reason=unloaded action=reinterpret pc=0x0000000002854628 method=com.android.dx.cf.cst.ConstantPoolParser.parse0(ILjava/util/BitSet;)Lcom/android/dx/rop/cst/Constant; @ 220
Event: 0.919 Thread 0x0000000017384000 Uncommon trap: reason=class_check action=maybe_recompile pc=0x0000000002a6f9e0 method=com.android.dx.cf.code.BytecodeArray.parseInstruction(ILcom/android/dx/cf/code/BytecodeArray$Visitor;)I @ 1287
Event: 0.920 Thread 0x0000000017384000 Uncommon trap: reason=class_check action=maybe_recompile pc=0x0000000002a6f9e0 method=com.android.dx.cf.code.BytecodeArray.parseInstruction(ILcom/android/dx/cf/code/BytecodeArray$Visitor;)I @ 1287
Event: 0.923 Thread 0x0000000017384000 Uncommon trap: reason=class_check action=maybe_recompile pc=0x0000000002a6f9e0 method=com.android.dx.cf.code.BytecodeArray.parseInstruction(ILcom/android/dx/cf/code/BytecodeArray$Visitor;)I @ 1287
Event: 0.923 Thread 0x0000000017384000 Uncommon trap: reason=class_check action=maybe_recompile pc=0x0000000002a6f9e0 method=com.android.dx.cf.code.BytecodeArray.parseInstruction(ILcom/android/dx/cf/code/BytecodeArray$Visitor;)I @ 1287

Internal exceptions (2 events):
Event: 0.041 Thread 0x0000000002590800 Exception <a 'java/lang/NoSuchMethodError': Method sun.misc.Unsafe.defineClass(Ljava/lang/String;[BII)Ljava/lang/Class; name or signature does not match> (0x00000000eab07cc0) thrown at [C:\src\android\AOSP-openjdk\external\jetbrains\jdk\hotspot\src\share\vWÒ@Å­E¥?
Event: 0.042 Thread 0x0000000002590800 Exception <a 'java/lang/NoSuchMethodError': Method sun.misc.Unsafe.prefetchRead(Ljava/lang/Object;J)V name or signature does not match> (0x00000000eab07fa8) thrown at [C:\src\android\AOSP-openjdk\external\jetbrains\jdk\hotspot\src\share\vm\prims\jni.cpp, l

Events (10 events):
Event: 0.923 Thread 0x0000000017384000 DEOPT PACKING pc=0x0000000002a6f9e0 sp=0x000000001836ea70
Event: 0.923 Thread 0x0000000017384000 DEOPT UNPACKING pc=0x00000000026d556a sp=0x000000001836e9e0 mode 2
Event: 0.924 loading class com/android/dx/util/ListIntSet
Event: 0.924 loading class com/android/dx/util/ListIntSet done
Event: 0.925 Executing VM operation: Deoptimize
Event: 0.931 Executing VM operation: Deoptimize done
Event: 1.102 loading class java/util/HashMap$KeySet
Event: 1.102 loading class java/util/HashMap$KeySet done
Event: 1.102 loading class java/util/HashMap$KeyIterator
Event: 1.102 loading class java/util/HashMap$KeyIterator done


Dynamic libraries:
0x00007ff7cb8f0000 - 0x00007ff7cb921000 	C:\Program Files\Android\Android Studio\jre\bin\java.exe
0x00007ffc1fda0000 - 0x00007ffc1ff61000 	C:\WINDOWS\SYSTEM32\ntdll.dll
0x00007ffc1f960000 - 0x00007ffc1fa0d000 	C:\WINDOWS\system32\KERNEL32.DLL
0x00007ffc1cb60000 - 0x00007ffc1cd48000 	C:\WINDOWS\system32\KERNELBASE.dll
0x00007ffc1ecf0000 - 0x00007ffc1ed97000 	C:\WINDOWS\system32\ADVAPI32.dll
0x00007ffc1f0a0000 - 0x00007ffc1f13d000 	C:\WINDOWS\system32\msvcrt.dll
0x00007ffc1e810000 - 0x00007ffc1e86b000 	C:\WINDOWS\system32\sechost.dll
0x00007ffc1e870000 - 0x00007ffc1e98c000 	C:\WINDOWS\system32\RPCRT4.dll
0x00007ffc1f6a0000 - 0x00007ffc1f7f6000 	C:\WINDOWS\system32\USER32.dll
0x00007ffc1fa10000 - 0x00007ffc1fb96000 	C:\WINDOWS\system32\GDI32.dll
0x00007ffc158e0000 - 0x00007ffc15b54000 	C:\WINDOWS\WinSxS\amd64_microsoft.windows.common-controls_6595b64144ccf1df_6.0.10586.589_none_a2ddb3caa539acce\COMCTL32.dll
0x00007ffc1ea40000 - 0x00007ffc1ecbd000 	C:\WINDOWS\system32\combase.dll
0x00007ffc1cff0000 - 0x00007ffc1d05a000 	C:\WINDOWS\system32\bcryptPrimitives.dll
0x00007ffc1fc00000 - 0x00007ffc1fc3b000 	C:\WINDOWS\system32\IMM32.DLL
0x000000006dab0000 - 0x000000006db82000 	C:\Program Files\Android\Android Studio\jre\jre\bin\msvcr100.dll
0x000000006dc70000 - 0x000000006e4a4000 	C:\Program Files\Android\Android Studio\jre\jre\bin\server\jvm.dll
0x00007ffc1fd90000 - 0x00007ffc1fd98000 	C:\WINDOWS\system32\PSAPI.DLL
0x00007ffc099e0000 - 0x00007ffc099e9000 	C:\WINDOWS\SYSTEM32\WSOCK32.dll
0x00007ffc1f140000 - 0x00007ffc1f1ab000 	C:\WINDOWS\system32\WS2_32.dll
0x00007ffc1a640000 - 0x00007ffc1a663000 	C:\WINDOWS\SYSTEM32\WINMM.dll
0x00007ffc198e0000 - 0x00007ffc198ea000 	C:\WINDOWS\SYSTEM32\VERSION.dll
0x00007ffc1a5e0000 - 0x00007ffc1a60c000 	C:\WINDOWS\SYSTEM32\WINMMBASE.dll
0x00007ffc1d0c0000 - 0x00007ffc1d103000 	C:\WINDOWS\system32\cfgmgr32.dll
0x00007ffc11e40000 - 0x00007ffc11e4f000 	C:\Program Files\Android\Android Studio\jre\jre\bin\verify.dll
0x00007ffbf9990000 - 0x00007ffbf99b9000 	C:\Program Files\Android\Android Studio\jre\jre\bin\java.dll
0x00007ffc11e20000 - 0x00007ffc11e36000 	C:\Program Files\Android\Android Studio\jre\jre\bin\zip.dll
0x00007ffc1d2b0000 - 0x00007ffc1e80c000 	C:\WINDOWS\system32\SHELL32.dll
0x00007ffc1c510000 - 0x00007ffc1cb55000 	C:\WINDOWS\system32\windows.storage.dll
0x00007ffc1f1b0000 - 0x00007ffc1f202000 	C:\WINDOWS\system32\shlwapi.dll
0x00007ffc1c3e0000 - 0x00007ffc1c3ef000 	C:\WINDOWS\system32\kernel.appcore.dll
0x00007ffc1c450000 - 0x00007ffc1c505000 	C:\WINDOWS\system32\shcore.dll
0x00007ffc1c3f0000 - 0x00007ffc1c43b000 	C:\WINDOWS\system32\powrprof.dll
0x00007ffc1c3c0000 - 0x00007ffc1c3d4000 	C:\WINDOWS\system32\profapi.dll

VM Arguments:
jvm_args: -Djava.awt.headless=true -Xmx1024M -Dfile.encoding=windows-1251 -Duser.country=RU -Duser.language=ru -Duser.variant 
java_command: com.android.dx.command.Main --dex --force-jumbo --num-threads=4 --multi-dex --output C:\Users\ren95\AndroidStudioProjects\circles\app\build\intermediates\transforms\dex\debug\folders\1000\5\slice_3 C:\Users\ren95\AndroidStudioProjects\circles\app\build\intermediates\transforms\instantRunSlicer\debug\folders\1\5\slice_3
java_class_path (initial): C:\Users\ren95\AppData\Local\Android\sdk\build-tools\23.0.3\lib\dx.jar
Launcher Type: SUN_STANDARD

Environment Variables:
PATH=C:\ProgramData\Oracle\Java\javapath;C:\WINDOWS\system32;C:\WINDOWS;C:\WINDOWS\System32\Wbem;C:\WINDOWS\System32\WindowsPowerShell\v1.0\
USERNAME=ren95
OS=Windows_NT
PROCESSOR_IDENTIFIER=Intel64 Family 6 Model 58 Stepping 9, GenuineIntel



---------------  S Y S T E M  ---------------

OS: Windows 10.0 , 64 bit Build 10586 (10.0.10586.589)

CPU:total 8 (4 cores per cpu, 2 threads per core) family 6 model 58 stepping 9, cmov, cx8, fxsr, mmx, sse, sse2, sse3, ssse3, sse4.1, sse4.2, popcnt, avx, aes, clmul, erms, ht, tsc, tscinvbit, tscinv

Memory: 4k page, physical 8266736k(969916k free), swap 8266736k(3364k free)

vm_info: OpenJDK 64-Bit Server VM (25.76-b03) for windows-amd64 JRE (1.8.0_76-release-b03), built on Jun 29 2016 19:09:20 by "ralucas" with MS VC++ 10.0 (VS2010)

time: Mon Oct 10 03:14:18 2016
elapsed time: 1 seconds (0d 0h 0m 1s)

