#
# There is insufficient memory for the Java Runtime Environment to continue.
# Native memory allocation (malloc) failed to allocate 978576 bytes for Chunk::new
# Possible reasons:
#   The system is out of physical RAM or swap space
#   In 32 bit mode, the process size limit was hit
# Possible solutions:
#   Reduce memory load on the system
#   Increase physical memory or swap space
#   Check if swap backing store is full
#   Use 64 bit Java on a 64 bit OS
#   Decrease Java heap size (-Xmx/-Xms)
#   Decrease number of Java threads
#   Decrease Java thread stack sizes (-Xss)
#   Set larger code cache with -XX:ReservedCodeCacheSize=
# This output file may be truncated or incomplete.
#
#  Out of Memory Error (allocation.cpp:390), pid=6304, tid=0x0000000000002420
#
# JRE version: OpenJDK Runtime Environment (8.0_76-b03) (build 1.8.0_76-release-b03)
# Java VM: OpenJDK 64-Bit Server VM (25.76-b03 mixed mode windows-amd64 compressed oops)
# Failed to write core dump. Minidumps are not enabled by default on client versions of Windows
#

---------------  T H R E A D  ---------------

Current thread (0x00000000170ce800):  JavaThread "C2 CompilerThread1" daemon [_thread_in_native, id=9248, stack(0x0000000017990000,0x0000000017a90000)]

Stack: [0x0000000017990000,0x0000000017a90000]
[error occurred during error reporting (printing stack bounds), id 0xc0000005]

Native frames: (J=compiled Java code, j=interpreted, Vv=VM code, C=native code)


Current CompileTask:
C2:   5166 1673       4       com.android.dx.rop.code.Rops::ropFor (771 bytes)


---------------  P R O C E S S  ---------------

Java Threads: ( => current thread )
  0x0000000017388800 JavaThread "pool-1-thread-1" [_thread_new, id=7388, stack(0x0000000000000000,0x0000000000000000)]
  0x0000000017165000 JavaThread "Service Thread" daemon [_thread_blocked, id=3712, stack(0x0000000017c90000,0x0000000017d90000)]
  0x00000000151da000 JavaThread "C1 CompilerThread3" daemon [_thread_blocked, id=744, stack(0x0000000017b90000,0x0000000017c90000)]
  0x00000000170cf800 JavaThread "C2 CompilerThread2" daemon [_thread_in_native, id=6756, stack(0x0000000017a90000,0x0000000017b90000)]
=>0x00000000170ce800 JavaThread "C2 CompilerThread1" daemon [_thread_in_native, id=9248, stack(0x0000000017990000,0x0000000017a90000)]
  0x00000000170cb800 JavaThread "C2 CompilerThread0" daemon [_thread_in_native, id=4312, stack(0x0000000017890000,0x0000000017990000)]
  0x00000000170c9000 JavaThread "Attach Listener" daemon [_thread_blocked, id=8948, stack(0x0000000017790000,0x0000000017890000)]
  0x00000000170c8000 JavaThread "Signal Dispatcher" daemon [_thread_blocked, id=10020, stack(0x0000000017690000,0x0000000017790000)]
  0x00000000170c0800 JavaThread "Finalizer" daemon [_thread_blocked, id=7932, stack(0x00000000174a0000,0x00000000175a0000)]
  0x00000000026a6000 JavaThread "Reference Handler" daemon [_thread_blocked, id=5576, stack(0x0000000016fa0000,0x00000000170a0000)]
  0x00000000025b0800 JavaThread "main" [_thread_blocked, id=804, stack(0x00000000024b0000,0x00000000025b0000)]

Other Threads:
  0x00000000151c5000 VMThread [stack: 0x0000000016ea0000,0x0000000016fa0000] [id=3128]
  0x0000000017165800 WatcherThread [stack: 0x0000000017d90000,0x0000000017e90000] [id=6652]

VM state:not at safepoint (normal execution)

VM Mutex/Monitor currently owned by a thread: None

Heap:
 PSYoungGen      total 291840K, used 76928K [0x00000000eab00000, 0x00000000fef00000, 0x0000000100000000)
  eden space 262656K, 19% used [0x00000000eab00000,0x00000000eddd5e10,0x00000000fab80000)
  from space 29184K, 85% used [0x00000000fcb80000,0x00000000fe3ca500,0x00000000fe800000)
  to   space 32768K, 0% used [0x00000000fab80000,0x00000000fab80000,0x00000000fcb80000)
 ParOldGen       total 87552K, used 45221K [0x00000000c0000000, 0x00000000c5580000, 0x00000000eab00000)
  object space 87552K, 51% used [0x00000000c0000000,0x00000000c2c29748,0x00000000c5580000)
 Metaspace       used 6496K, capacity 7220K, committed 7296K, reserved 1056768K
  class space    used 602K, capacity 620K, committed 640K, reserved 1048576K

Card table byte_map: [0x0000000011a70000,0x0000000011c80000] byte_map_base: 0x0000000011470000

Marking Bits: (ParMarkBitMap*) 0x0000000052de9d00
 Begin Bits: [0x00000000125e0000, 0x00000000135e0000)
 End Bits:   [0x00000000135e0000, 0x00000000145e0000)

Polling page: 0x0000000000780000

CodeCache: size=245760Kb used=9662Kb max_used=9674Kb free=236097Kb
 bounds [0x00000000026b0000, 0x0000000003030000, 0x00000000116b0000]
 total_blobs=2441 nmethods=2172 adapters=182
 compilation: enabled

Compilation events (10 events):
Event: 5.004 Thread 0x00000000170cb800 nmethod 2148 0x0000000003028a10 code [0x0000000003028ba0, 0x00000000030290c8]
Event: 5.004 Thread 0x00000000170ce800 nmethod 1480 0x0000000003029a50 code [0x0000000003029f20, 0x000000000302af70]
Event: 5.004 Thread 0x00000000170cb800 1704       4       com.android.dx.ssa.back.LivenessAnalyzer::<init> (55 bytes)
Event: 5.004 Thread 0x00000000170ce800 1732       4       com.android.dx.rop.cst.CstFieldRef::compareTo0 (43 bytes)
Event: 5.008 Thread 0x00000000170ce800 nmethod 1732 0x0000000003027d90 code [0x0000000003027f00, 0x0000000003028358]
Event: 5.008 Thread 0x00000000170ce800 1535       4       com.android.dx.ssa.SsaConverter::needsNewSuccessor (53 bytes)
Event: 5.008 Thread 0x00000000170cb800 nmethod 1704 0x00000000030275d0 code [0x0000000003027740, 0x0000000003027b18]
Event: 5.008 Thread 0x00000000170cb800 1532       4       com.android.dx.cf.code.BaseMachine::getLocalTarget (151 bytes)
Event: 5.011 Thread 0x00000000170ce800 nmethod 1535 0x0000000003026f10 code [0x0000000003027060, 0x0000000003027258]
Event: 5.011 Thread 0x00000000170ce800 1673       4       com.android.dx.rop.code.Rops::ropFor (771 bytes)

GC Heap History (10 events):
Event: 1.655 GC heap before
{Heap before GC invocations=2 (full 0):
 PSYoungGen      total 38400K, used 38168K [0x00000000eab00000, 0x00000000ef600000, 0x0000000100000000)
  eden space 33280K, 100% used [0x00000000eab00000,0x00000000ecb80000,0x00000000ecb80000)
  from space 5120K, 95% used [0x00000000ecb80000,0x00000000ed0462e0,0x00000000ed080000)
  to   space 5120K, 0% used [0x00000000ef100000,0x00000000ef100000,0x00000000ef600000)
 ParOldGen       total 87552K, used 16K [0x00000000c0000000, 0x00000000c5580000, 0x00000000eab00000)
  object space 87552K, 0% used [0x00000000c0000000,0x00000000c0004000,0x00000000c5580000)
 Metaspace       used 6086K, capacity 7024K, committed 7296K, reserved 1056768K
  class space    used 579K, capacity 616K, committed 640K, reserved 1048576K
Event: 1.708 GC heap after
Heap after GC invocations=2 (full 0):
 PSYoungGen      total 71680K, used 5099K [0x00000000eab00000, 0x00000000ef600000, 0x0000000100000000)
  eden space 66560K, 0% used [0x00000000eab00000,0x00000000eab00000,0x00000000eec00000)
  from space 5120K, 99% used [0x00000000ef100000,0x00000000ef5fad28,0x00000000ef600000)
  to   space 5120K, 0% used [0x00000000eec00000,0x00000000eec00000,0x00000000ef100000)
 ParOldGen       total 87552K, used 3481K [0x00000000c0000000, 0x00000000c5580000, 0x00000000eab00000)
  object space 87552K, 3% used [0x00000000c0000000,0x00000000c0366538,0x00000000c5580000)
 Metaspace       used 6086K, capacity 7024K, committed 7296K, reserved 1056768K
  class space    used 579K, capacity 616K, committed 640K, reserved 1048576K
}
Event: 2.383 GC heap before
{Heap before GC invocations=3 (full 0):
 PSYoungGen      total 71680K, used 71659K [0x00000000eab00000, 0x00000000ef600000, 0x0000000100000000)
  eden space 66560K, 100% used [0x00000000eab00000,0x00000000eec00000,0x00000000eec00000)
  from space 5120K, 99% used [0x00000000ef100000,0x00000000ef5fad28,0x00000000ef600000)
  to   space 5120K, 0% used [0x00000000eec00000,0x00000000eec00000,0x00000000ef100000)
 ParOldGen       total 87552K, used 3481K [0x00000000c0000000, 0x00000000c5580000, 0x00000000eab00000)
  object space 87552K, 3% used [0x00000000c0000000,0x00000000c0366538,0x00000000c5580000)
 Metaspace       used 6200K, capacity 7152K, committed 7296K, reserved 1056768K
  class space    used 580K, capacity 616K, committed 640K, reserved 1048576K
Event: 2.442 GC heap after
Heap after GC invocations=3 (full 0):
 PSYoungGen      total 71680K, used 5089K [0x00000000eab00000, 0x00000000f3700000, 0x0000000100000000)
  eden space 66560K, 0% used [0x00000000eab00000,0x00000000eab00000,0x00000000eec00000)
  from space 5120K, 99% used [0x00000000eec00000,0x00000000ef0f86f8,0x00000000ef100000)
  to   space 5120K, 0% used [0x00000000f3200000,0x00000000f3200000,0x00000000f3700000)
 ParOldGen       total 87552K, used 12868K [0x00000000c0000000, 0x00000000c5580000, 0x00000000eab00000)
  object space 87552K, 14% used [0x00000000c0000000,0x00000000c0c91208,0x00000000c5580000)
 Metaspace       used 6200K, capacity 7152K, committed 7296K, reserved 1056768K
  class space    used 580K, capacity 616K, committed 640K, reserved 1048576K
}
Event: 3.102 GC heap before
{Heap before GC invocations=4 (full 0):
 PSYoungGen      total 71680K, used 71649K [0x00000000eab00000, 0x00000000f3700000, 0x0000000100000000)
  eden space 66560K, 100% used [0x00000000eab00000,0x00000000eec00000,0x00000000eec00000)
  from space 5120K, 99% used [0x00000000eec00000,0x00000000ef0f86f8,0x00000000ef100000)
  to   space 5120K, 0% used [0x00000000f3200000,0x00000000f3200000,0x00000000f3700000)
 ParOldGen       total 87552K, used 12868K [0x00000000c0000000, 0x00000000c5580000, 0x00000000eab00000)
  object space 87552K, 14% used [0x00000000c0000000,0x00000000c0c91208,0x00000000c5580000)
 Metaspace       used 6290K, capacity 7152K, committed 7296K, reserved 1056768K
  class space    used 580K, capacity 616K, committed 640K, reserved 1048576K
Event: 3.133 GC heap after
Heap after GC invocations=4 (full 0):
 PSYoungGen      total 138240K, used 5105K [0x00000000eab00000, 0x00000000f3700000, 0x0000000100000000)
  eden space 133120K, 0% used [0x00000000eab00000,0x00000000eab00000,0x00000000f2d00000)
  from space 5120K, 99% used [0x00000000f3200000,0x00000000f36fc708,0x00000000f3700000)
  to   space 5120K, 0% used [0x00000000f2d00000,0x00000000f2d00000,0x00000000f3200000)
 ParOldGen       total 87552K, used 23722K [0x00000000c0000000, 0x00000000c5580000, 0x00000000eab00000)
  object space 87552K, 27% used [0x00000000c0000000,0x00000000c172a9c0,0x00000000c5580000)
 Metaspace       used 6290K, capacity 7152K, committed 7296K, reserved 1056768K
  class space    used 580K, capacity 616K, committed 640K, reserved 1048576K
}
Event: 3.460 GC heap before
{Heap before GC invocations=5 (full 0):
 PSYoungGen      total 138240K, used 138225K [0x00000000eab00000, 0x00000000f3700000, 0x0000000100000000)
  eden space 133120K, 100% used [0x00000000eab00000,0x00000000f2d00000,0x00000000f2d00000)
  from space 5120K, 99% used [0x00000000f3200000,0x00000000f36fc708,0x00000000f3700000)
  to   space 5120K, 0% used [0x00000000f2d00000,0x00000000f2d00000,0x00000000f3200000)
 ParOldGen       total 87552K, used 23722K [0x00000000c0000000, 0x00000000c5580000, 0x00000000eab00000)
  object space 87552K, 27% used [0x00000000c0000000,0x00000000c172a9c0,0x00000000c5580000)
 Metaspace       used 6448K, capacity 7218K, committed 7296K, reserved 1056768K
  class space    used 599K, capacity 618K, committed 640K, reserved 1048576K
Event: 3.497 GC heap after
Heap after GC invocations=5 (full 0):
 PSYoungGen      total 138240K, used 5114K [0x00000000eab00000, 0x00000000fe800000, 0x0000000100000000)
  eden space 133120K, 0% used [0x00000000eab00000,0x00000000eab00000,0x00000000f2d00000)
  from space 5120K, 99% used [0x00000000f2d00000,0x00000000f31feb50,0x00000000f3200000)
  to   space 29184K, 0% used [0x00000000fcb80000,0x00000000fcb80000,0x00000000fe800000)
 ParOldGen       total 87552K, used 45221K [0x00000000c0000000, 0x00000000c5580000, 0x00000000eab00000)
  object space 87552K, 51% used [0x00000000c0000000,0x00000000c2c29748,0x00000000c5580000)
 Metaspace       used 6448K, capacity 7218K, committed 7296K, reserved 1056768K
  class space    used 599K, capacity 618K, committed 640K, reserved 1048576K
}
Event: 3.898 GC heap before
{Heap before GC invocations=6 (full 0):
 PSYoungGen      total 138240K, used 138234K [0x00000000eab00000, 0x00000000fe800000, 0x0000000100000000)
  eden space 133120K, 100% used [0x00000000eab00000,0x00000000f2d00000,0x00000000f2d00000)
  from space 5120K, 99% used [0x00000000f2d00000,0x00000000f31feb50,0x00000000f3200000)
  to   space 29184K, 0% used [0x00000000fcb80000,0x00000000fcb80000,0x00000000fe800000)
 ParOldGen       total 87552K, used 45221K [0x00000000c0000000, 0x00000000c5580000, 0x00000000eab00000)
  object space 87552K, 51% used [0x00000000c0000000,0x00000000c2c29748,0x00000000c5580000)
 Metaspace       used 6474K, capacity 7218K, committed 7296K, reserved 1056768K
  class space    used 599K, capacity 618K, committed 640K, reserved 1048576K
Event: 4.004 GC heap after
Heap after GC invocations=6 (full 0):
 PSYoungGen      total 291840K, used 24873K [0x00000000eab00000, 0x00000000fef00000, 0x0000000100000000)
  eden space 262656K, 0% used [0x00000000eab00000,0x00000000eab00000,0x00000000fab80000)
  from space 29184K, 85% used [0x00000000fcb80000,0x00000000fe3ca500,0x00000000fe800000)
  to   space 32768K, 0% used [0x00000000fab80000,0x00000000fab80000,0x00000000fcb80000)
 ParOldGen       total 87552K, used 45221K [0x00000000c0000000, 0x00000000c5580000, 0x00000000eab00000)
  object space 87552K, 51% used [0x00000000c0000000,0x00000000c2c29748,0x00000000c5580000)
 Metaspace       used 6474K, capacity 7218K, committed 7296K, reserved 1056768K
  class space    used 599K, capacity 618K, committed 640K, reserved 1048576K
}

Deoptimization events (10 events):
Event: 3.077 Thread 0x00000000173c3800 Uncommon trap: reason=uninitialized action=reinterpret pc=0x0000000002ea81f0 method=com.android.dx.cf.code.BytecodeArray.parseInstruction(ILcom/android/dx/cf/code/BytecodeArray$Visitor;)I @ 1095
Event: 3.202 Thread 0x0000000017ee4000 Uncommon trap: reason=unstable_if action=reinterpret pc=0x0000000002ba2920 method=com.android.dx.rop.code.LocalItem.compareHandlesNulls(Lcom/android/dx/rop/cst/CstString;Lcom/android/dx/rop/cst/CstString;)I @ 14
Event: 3.323 Thread 0x00000000173c3800 Uncommon trap: reason=unstable_if action=reinterpret pc=0x00000000029c35d0 method=java.util.HashMap.putVal(ILjava/lang/Object;Ljava/lang/Object;ZZ)Ljava/lang/Object; @ 162
Event: 3.377 Thread 0x0000000017ee4000 Uncommon trap: reason=unstable_if action=reinterpret pc=0x0000000002bb370c method=com.android.dx.ssa.MoveParamCombiner$1.visitNonMoveInsn(Lcom/android/dx/ssa/NormalSsaInsn;)V @ 27
Event: 3.392 Thread 0x00000000173c3800 Uncommon trap: reason=bimorphic action=maybe_recompile pc=0x0000000002ca6a14 method=com.android.dx.ssa.LiteralOpUpgrader.tryReplacingWithConstant(Lcom/android/dx/ssa/NormalSsaInsn;)Z @ 62
Event: 3.392 Thread 0x00000000173c3800 Uncommon trap: reason=unstable_if action=reinterpret pc=0x0000000002e2e100 method=com.android.dx.ssa.LiteralOpUpgrader$1.visitNonMoveInsn(Lcom/android/dx/ssa/NormalSsaInsn;)V @ 24
Event: 3.404 Thread 0x00000000173c3800 Uncommon trap: reason=bimorphic action=maybe_recompile pc=0x0000000002ca6a14 method=com.android.dx.ssa.LiteralOpUpgrader.tryReplacingWithConstant(Lcom/android/dx/ssa/NormalSsaInsn;)Z @ 62
Event: 3.503 Thread 0x00000000173b9800 Uncommon trap: reason=unstable_if action=reinterpret pc=0x0000000002ef02ac method=java.util.HashMap.putVal(ILjava/lang/Object;Ljava/lang/Object;ZZ)Ljava/lang/Object; @ 109
Event: 4.192 Thread 0x0000000017ee4000 Uncommon trap: reason=unstable_if action=reinterpret pc=0x0000000002d19e5c method=java.util.HashMap.resize()[Ljava/util/HashMap$Node; @ 206
Event: 4.665 Thread 0x0000000017ee4000 Uncommon trap: reason=unstable_if action=reinterpret pc=0x0000000002dadf04 method=java.util.HashMap.getNode(ILjava/lang/Object;)Ljava/util/HashMap$Node; @ 84

Internal exceptions (7 events):
Event: 0.033 Thread 0x00000000025b0800 Exception <a 'java/lang/NoSuchMethodError': Method sun.misc.Unsafe.defineClass(Ljava/lang/String;[BII)Ljava/lang/Class; name or signature does not match> (0x00000000eab07cc0) thrown at [C:\src\android\AOSP-openjdk\external\jetbrains\jdk\hotspot\src\share\vÓá´~¡?
Event: 0.033 Thread 0x00000000025b0800 Exception <a 'java/lang/NoSuchMethodError': Method sun.misc.Unsafe.prefetchRead(Ljava/lang/Object;J)V name or signature does not match> (0x00000000eab07fa8) thrown at [C:\src\android\AOSP-openjdk\external\jetbrains\jdk\hotspot\src\share\vm\prims\jni.cpp, l½·=ê´¹ö?
Event: 1.420 Thread 0x0000000017ea1800 Implicit null exception at 0x00000000029b3b22 to 0x00000000029b3c21
Event: 3.202 Thread 0x0000000017ee4000 Implicit null exception at 0x0000000002ba113d to 0x0000000002ba28f9
Event: 3.325 Thread 0x00000000173c3800 Exception <a 'java/lang/ArrayIndexOutOfBoundsException': 18> (0x00000000efc168d8) thrown at [C:\src\android\AOSP-openjdk\external\jetbrains\jdk\hotspot\src\share\vm\interpreter\interpreterRuntime.cpp, line 366]
Event: 3.325 Thread 0x00000000173c3800 Exception <a 'java/lang/ArrayIndexOutOfBoundsException': 145> (0x00000000efc18458) thrown at [C:\src\android\AOSP-openjdk\external\jetbrains\jdk\hotspot\src\share\vm\interpreter\interpreterRuntime.cpp, line 366]
Event: 3.328 Thread 0x00000000173c3800 Exception <a 'java/lang/ArrayIndexOutOfBoundsException'> (0x00000000efc19740) thrown at [C:\src\android\AOSP-openjdk\external\jetbrains\jdk\hotspot\src\share\vm\runtime\sharedRuntime.cpp, line 605]

Events (10 events):
Event: 4.672 loading class java/util/HashMap$KeyIterator
Event: 4.672 loading class java/util/HashMap$KeyIterator done
Event: 4.673 Thread 0x00000000173c3800 Thread exited: 0x00000000173c3800
Event: 4.674 Thread 0x00000000173b9800 Thread exited: 0x00000000173b9800
Event: 4.828 Thread 0x0000000017ee4000 Thread exited: 0x0000000017ee4000
Event: 4.890 Thread 0x0000000017ea1800 Thread exited: 0x0000000017ea1800
Event: 5.111 Thread 0x0000000017388800 Thread exited: 0x0000000017388800
Event: 5.116 loading class com/android/dx/command/dexer/Main$DexWriter
Event: 5.116 loading class com/android/dx/command/dexer/Main$DexWriter done
Event: 5.117 Thread 0x0000000017388800 Thread added: 0x0000000017388800


Dynamic libraries:
0x00007ff614890000 - 0x00007ff6148c1000 	C:\Program Files\Android\Android Studio\jre\bin\java.exe
0x00007ffff36b0000 - 0x00007ffff3871000 	C:\WINDOWS\SYSTEM32\ntdll.dll
0x00007ffff2410000 - 0x00007ffff24bd000 	C:\WINDOWS\system32\KERNEL32.DLL
0x00007fffefdb0000 - 0x00007fffeff98000 	C:\WINDOWS\system32\KERNELBASE.dll
0x00007ffff3540000 - 0x00007ffff35e7000 	C:\WINDOWS\system32\ADVAPI32.dll
0x00007ffff2020000 - 0x00007ffff20bd000 	C:\WINDOWS\system32\msvcrt.dll
0x00007ffff20c0000 - 0x00007ffff211b000 	C:\WINDOWS\system32\sechost.dll
0x00007ffff2120000 - 0x00007ffff223c000 	C:\WINDOWS\system32\RPCRT4.dll
0x00007ffff33e0000 - 0x00007ffff3536000 	C:\WINDOWS\system32\USER32.dll
0x00007ffff2e70000 - 0x00007ffff2ff6000 	C:\WINDOWS\system32\GDI32.dll
0x00007fffe8b80000 - 0x00007fffe8df4000 	C:\WINDOWS\WinSxS\amd64_microsoft.windows.common-controls_6595b64144ccf1df_6.0.10586.589_none_a2ddb3caa539acce\COMCTL32.dll
0x00007ffff2bf0000 - 0x00007ffff2e6d000 	C:\WINDOWS\system32\combase.dll
0x00007ffff0900000 - 0x00007ffff096a000 	C:\WINDOWS\system32\bcryptPrimitives.dll
0x00007ffff33a0000 - 0x00007ffff33db000 	C:\WINDOWS\system32\IMM32.DLL
0x0000000052470000 - 0x0000000052542000 	C:\Program Files\Android\Android Studio\jre\jre\bin\msvcr100.dll
0x0000000052630000 - 0x0000000052e64000 	C:\Program Files\Android\Android Studio\jre\jre\bin\server\jvm.dll
0x00007ffff3180000 - 0x00007ffff3188000 	C:\WINDOWS\system32\PSAPI.DLL
0x00007fffd2020000 - 0x00007fffd2029000 	C:\WINDOWS\SYSTEM32\WSOCK32.dll
0x00007ffff3000000 - 0x00007ffff306b000 	C:\WINDOWS\system32\WS2_32.dll
0x00007fffee010000 - 0x00007fffee033000 	C:\WINDOWS\SYSTEM32\WINMM.dll
0x00007fffe8eb0000 - 0x00007fffe8eba000 	C:\WINDOWS\SYSTEM32\VERSION.dll
0x00007fffedef0000 - 0x00007fffedf1c000 	C:\WINDOWS\SYSTEM32\winmmbase.dll
0x00007fffefd60000 - 0x00007fffefda3000 	C:\WINDOWS\system32\cfgmgr32.dll
0x00007fffed250000 - 0x00007fffed25f000 	C:\Program Files\Android\Android Studio\jre\jre\bin\verify.dll
0x00007fffe9970000 - 0x00007fffe9999000 	C:\Program Files\Android\Android Studio\jre\jre\bin\java.dll
0x00007fffe9950000 - 0x00007fffe9966000 	C:\Program Files\Android\Android Studio\jre\jre\bin\zip.dll
0x00007ffff0ab0000 - 0x00007ffff200c000 	C:\WINDOWS\system32\SHELL32.dll
0x00007ffff0000000 - 0x00007ffff0645000 	C:\WINDOWS\system32\windows.storage.dll
0x00007ffff2ac0000 - 0x00007ffff2b12000 	C:\WINDOWS\system32\shlwapi.dll
0x00007fffefcd0000 - 0x00007fffefcdf000 	C:\WINDOWS\system32\kernel.appcore.dll
0x00007ffff0650000 - 0x00007ffff0705000 	C:\WINDOWS\system32\shcore.dll
0x00007fffefce0000 - 0x00007fffefd2b000 	C:\WINDOWS\system32\powrprof.dll
0x00007fffefd30000 - 0x00007fffefd44000 	C:\WINDOWS\system32\profapi.dll

VM Arguments:
jvm_args: -Djava.awt.headless=true -Xmx1024M -Dfile.encoding=windows-1251 -Duser.country=RU -Duser.language=ru -Duser.variant 
java_command: com.android.dx.command.Main --dex --force-jumbo --num-threads=4 --multi-dex --output C:\Users\ren95\AndroidStudioProjects\circles\app\build\intermediates\transforms\dex\debug\folders\1000\10\com.android.support-support-v4-23.3.0_138c057d6d7396cc315aecf902ea0758d0ae4ec4 C:\Users\ren95\AndroidStudioProjects\circles\app\build\intermediates\exploded-aar\com.android.support\support-v4\23.3.0\jars\classes.jar
java_class_path (initial): C:\Users\ren95\AppData\Local\Android\sdk\build-tools\23.0.3\lib\dx.jar
Launcher Type: SUN_STANDARD

Environment Variables:
PATH=C:\ProgramData\Oracle\Java\javapath;C:\WINDOWS\system32;C:\WINDOWS;C:\WINDOWS\System32\Wbem;C:\WINDOWS\System32\WindowsPowerShell\v1.0\;C:\Program Files\Git\cmd
USERNAME=ren95
OS=Windows_NT
PROCESSOR_IDENTIFIER=Intel64 Family 6 Model 58 Stepping 9, GenuineIntel



---------------  S Y S T E M  ---------------

OS: Windows 10.0 , 64 bit Build 10586 (10.0.10586.589)

CPU:total 8 (4 cores per cpu, 2 threads per core) family 6 model 58 stepping 9, cmov, cx8, fxsr, mmx, sse, sse2, sse3, ssse3, sse4.1, sse4.2, popcnt, avx, aes, clmul, erms, ht, tsc, tscinvbit, tscinv

Memory: 4k page, physical 8266736k(988120k free), swap 8266736k(5200k free)

vm_info: OpenJDK 64-Bit Server VM (25.76-b03) for windows-amd64 JRE (1.8.0_76-release-b03), built on Jun 29 2016 19:09:20 by "ralucas" with MS VC++ 10.0 (VS2010)

time: Wed Oct 12 20:58:54 2016
elapsed time: 5 seconds (0d 0h 0m 5s)

