#
# There is insufficient memory for the Java Runtime Environment to continue.
# Native memory allocation (malloc) failed to allocate 509296 bytes for Chunk::new
# Possible reasons:
#   The system is out of physical RAM or swap space
#   In 32 bit mode, the process size limit was hit
# Possible solutions:
#   Reduce memory load on the system
#   Increase physical memory or swap space
#   Check if swap backing store is full
#   Use 64 bit Java on a 64 bit OS
#   Decrease Java heap size (-Xmx/-Xms)
#   Decrease number of Java threads
#   Decrease Java thread stack sizes (-Xss)
#   Set larger code cache with -XX:ReservedCodeCacheSize=
# This output file may be truncated or incomplete.
#
#  Out of Memory Error (allocation.cpp:390), pid=1340, tid=0x00000000000035a4
#
# JRE version: OpenJDK Runtime Environment (8.0_76-b03) (build 1.8.0_76-release-b03)
# Java VM: OpenJDK 64-Bit Server VM (25.76-b03 mixed mode windows-amd64 compressed oops)
# Failed to write core dump. Minidumps are not enabled by default on client versions of Windows
#

---------------  T H R E A D  ---------------

Current thread (0x0000000017710000):  JavaThread "C2 CompilerThread1" daemon [_thread_in_native, id=13732, stack(0x0000000017fd0000,0x00000000180d0000)]

Stack: [0x0000000017fd0000,0x00000000180d0000]
[error occurred during error reporting (printing stack bounds), id 0xc0000005]

Native frames: (J=compiled Java code, j=interpreted, Vv=VM code, C=native code)


Current CompileTask:
C2:   1209 1237       4       com.android.dx.ssa.LocalVariableExtractor::processBlock (383 bytes)


---------------  P R O C E S S  ---------------

Java Threads: ( => current thread )
  0x00000000184d4800 JavaThread "pool-2-thread-4" [_thread_in_Java, id=12916, stack(0x00000000190d0000,0x00000000191d0000)]
  0x0000000017a97000 JavaThread "pool-2-thread-3" [_thread_in_Java, id=4228, stack(0x0000000018fd0000,0x00000000190d0000)]
  0x0000000017a94800 JavaThread "pool-2-thread-2" [_thread_in_Java, id=2972, stack(0x0000000018ed0000,0x0000000018fd0000)]
  0x00000000179fb000 JavaThread "pool-3-thread-1" [_thread_blocked, id=12092, stack(0x0000000018dd0000,0x0000000018ed0000)]
  0x00000000179fe800 JavaThread "pool-2-thread-1" [_thread_in_Java, id=11316, stack(0x0000000018cd0000,0x0000000018dd0000)]
  0x00000000177a4800 JavaThread "Service Thread" daemon [_thread_blocked, id=10560, stack(0x00000000182d0000,0x00000000183d0000)]
  0x000000001772f000 JavaThread "C1 CompilerThread3" daemon [_thread_blocked, id=12104, stack(0x00000000181d0000,0x00000000182d0000)]
  0x000000001581a000 JavaThread "C2 CompilerThread2" daemon [_thread_in_native, id=14732, stack(0x00000000180d0000,0x00000000181d0000)]
=>0x0000000017710000 JavaThread "C2 CompilerThread1" daemon [_thread_in_native, id=13732, stack(0x0000000017fd0000,0x00000000180d0000)]
  0x000000001770e000 JavaThread "C2 CompilerThread0" daemon [_thread_in_native, id=12420, stack(0x0000000017ed0000,0x0000000017fd0000)]
  0x000000001770b800 JavaThread "Attach Listener" daemon [_thread_blocked, id=4068, stack(0x0000000017dd0000,0x0000000017ed0000)]
  0x000000001770a000 JavaThread "Signal Dispatcher" daemon [_thread_blocked, id=10440, stack(0x0000000017cd0000,0x0000000017dd0000)]
  0x0000000017700800 JavaThread "Finalizer" daemon [_thread_blocked, id=12648, stack(0x0000000017ae0000,0x0000000017be0000)]
  0x0000000002ce4000 JavaThread "Reference Handler" daemon [_thread_blocked, id=11992, stack(0x00000000175e0000,0x00000000176e0000)]
  0x0000000002bf0800 JavaThread "main" [_thread_in_Java, id=14072, stack(0x0000000002af0000,0x0000000002bf0000)]

Other Threads:
  0x0000000015805000 VMThread [stack: 0x00000000174e0000,0x00000000175e0000] [id=4316]
  0x00000000177a5000 WatcherThread [stack: 0x00000000183d0000,0x00000000184d0000] [id=3656]

VM state:not at safepoint (normal execution)

VM Mutex/Monitor currently owned by a thread: None

Heap:
 PSYoungGen      total 38400K, used 24162K [0x00000000eab00000, 0x00000000ed580000, 0x0000000100000000)
  eden space 33280K, 57% used [0x00000000eab00000,0x00000000ebd9c3c8,0x00000000ecb80000)
  from space 5120K, 99% used [0x00000000ecb80000,0x00000000ed07c808,0x00000000ed080000)
  to   space 5120K, 0% used [0x00000000ed080000,0x00000000ed080000,0x00000000ed580000)
 ParOldGen       total 87552K, used 449K [0x00000000c0000000, 0x00000000c5580000, 0x00000000eab00000)
  object space 87552K, 0% used [0x00000000c0000000,0x00000000c0070448,0x00000000c5580000)
 Metaspace       used 6024K, capacity 6960K, committed 7040K, reserved 1056768K
  class space    used 579K, capacity 616K, committed 640K, reserved 1048576K

Card table byte_map: [0x00000000120b0000,0x00000000122c0000] byte_map_base: 0x0000000011ab0000

Marking Bits: (ParMarkBitMap*) 0x000000006e429d00
 Begin Bits: [0x0000000012c20000, 0x0000000013c20000)
 End Bits:   [0x0000000013c20000, 0x0000000014c20000)

Polling page: 0x0000000002a70000

CodeCache: size=245760Kb used=5260Kb max_used=5260Kb free=240499Kb
 bounds [0x0000000002cf0000, 0x0000000003220000, 0x0000000011cf0000]
 total_blobs=1571 nmethods=1303 adapters=182
 compilation: enabled

Compilation events (10 events):
Event: 1.205 Thread 0x000000001772f000 1311       3       com.android.dx.dex.file.ClassDefItem::addVirtualMethod (9 bytes)
Event: 1.206 Thread 0x000000001772f000 nmethod 1311 0x00000000032136d0 code [0x0000000003213880, 0x0000000003213f38]
Event: 1.206 Thread 0x000000001772f000 1312       3       com.android.dx.dex.file.ClassDataItem::addVirtualMethod (24 bytes)
Event: 1.207 Thread 0x000000001772f000 nmethod 1312 0x0000000003214310 code [0x00000000032144e0, 0x0000000003214b78]
Event: 1.207 Thread 0x000000001772f000 1313       3       com.android.dx.rop.type.Prototype::makeParameterArray (131 bytes)
Event: 1.208 Thread 0x000000001772f000 nmethod 1313 0x0000000003214f10 code [0x0000000003215140, 0x0000000003215d18]
Event: 1.208 Thread 0x000000001772f000 1315       3       com.android.dx.cf.iface.StdFieldList::get (9 bytes)
Event: 1.208 Thread 0x000000001772f000 nmethod 1315 0x0000000003216290 code [0x0000000003216400, 0x0000000003216708]
Event: 1.208 Thread 0x000000001772f000 1314       3       java.util.concurrent.ThreadPoolExecutor::isRunning (10 bytes)
Event: 1.208 Thread 0x000000001772f000 nmethod 1314 0x00000000032167d0 code [0x0000000003216920, 0x0000000003216ab0]

GC Heap History (2 events):
Event: 0.930 GC heap before
{Heap before GC invocations=1 (full 0):
 PSYoungGen      total 38400K, used 33280K [0x00000000eab00000, 0x00000000ed580000, 0x0000000100000000)
  eden space 33280K, 100% used [0x00000000eab00000,0x00000000ecb80000,0x00000000ecb80000)
  from space 5120K, 0% used [0x00000000ed080000,0x00000000ed080000,0x00000000ed580000)
  to   space 5120K, 0% used [0x00000000ecb80000,0x00000000ecb80000,0x00000000ed080000)
 ParOldGen       total 87552K, used 0K [0x00000000c0000000, 0x00000000c5580000, 0x00000000eab00000)
  object space 87552K, 0% used [0x00000000c0000000,0x00000000c0000000,0x00000000c5580000)
 Metaspace       used 5837K, capacity 6832K, committed 7040K, reserved 1056768K
  class space    used 577K, capacity 616K, committed 640K, reserved 1048576K
Event: 0.936 GC heap after
Heap after GC invocations=1 (full 0):
 PSYoungGen      total 38400K, used 5106K [0x00000000eab00000, 0x00000000ed580000, 0x0000000100000000)
  eden space 33280K, 0% used [0x00000000eab00000,0x00000000eab00000,0x00000000ecb80000)
  from space 5120K, 99% used [0x00000000ecb80000,0x00000000ed07c808,0x00000000ed080000)
  to   space 5120K, 0% used [0x00000000ed080000,0x00000000ed080000,0x00000000ed580000)
 ParOldGen       total 87552K, used 449K [0x00000000c0000000, 0x00000000c5580000, 0x00000000eab00000)
  object space 87552K, 0% used [0x00000000c0000000,0x00000000c0070448,0x00000000c5580000)
 Metaspace       used 5837K, capacity 6832K, committed 7040K, reserved 1056768K
  class space    used 577K, capacity 616K, committed 640K, reserved 1048576K
}

Deoptimization events (10 events):
Event: 0.242 Thread 0x0000000002bf0800 Uncommon trap: reason=unstable_if action=reinterpret pc=0x0000000002e4bf14 method=java.lang.String.compareTo(Ljava/lang/String;)I @ 38
Event: 0.305 Thread 0x0000000002bf0800 Uncommon trap: reason=unstable_if action=reinterpret pc=0x0000000002e378d0 method=java.lang.String.indexOf(II)I @ 49
Event: 0.546 Thread 0x00000000179fe800 Uncommon trap: reason=unstable_if action=reinterpret pc=0x0000000002f0da38 method=java.util.HashMap.getNode(ILjava/lang/Object;)Ljava/util/HashMap$Node; @ 62
Event: 0.924 Thread 0x00000000184d4800 Uncommon trap: reason=class_check action=maybe_recompile pc=0x00000000030682a0 method=com.android.dx.rop.type.Type.equals(Ljava/lang/Object;)Z @ 8
Event: 0.926 Thread 0x00000000184d4800 Uncommon trap: reason=null_check action=make_not_entrant pc=0x00000000030682b0 method=com.android.dx.rop.type.Type.equals(Ljava/lang/Object;)Z @ 8
Event: 0.936 Thread 0x00000000184d4800 Uncommon trap: reason=unstable_if action=reinterpret pc=0x0000000002f1e770 method=java.util.BitSet.nextSetBit(I)I @ 87
Event: 1.001 Thread 0x00000000179fe800 Uncommon trap: reason=class_check action=maybe_recompile pc=0x0000000002f7f2a0 method=com.android.dx.rop.type.Type.equals(Ljava/lang/Object;)Z @ 8
Event: 1.001 Thread 0x00000000179fe800 Uncommon trap: reason=class_check action=maybe_recompile pc=0x0000000002f7f2a0 method=com.android.dx.rop.type.Type.equals(Ljava/lang/Object;)Z @ 8
Event: 1.003 Thread 0x00000000179fe800 Uncommon trap: reason=class_check action=maybe_recompile pc=0x0000000002f7f2a0 method=com.android.dx.rop.type.Type.equals(Ljava/lang/Object;)Z @ 8
Event: 1.050 Thread 0x0000000002bf0800 Uncommon trap: reason=unloaded action=reinterpret pc=0x0000000003100454 method=com.android.dx.cf.cst.ConstantPoolParser.parse0(ILjava/util/BitSet;)Lcom/android/dx/rop/cst/Constant; @ 198

Internal exceptions (3 events):
Event: 0.054 Thread 0x0000000002bf0800 Exception <a 'java/lang/NoSuchMethodError': Method sun.misc.Unsafe.defineClass(Ljava/lang/String;[BII)Ljava/lang/Class; name or signature does not match> (0x00000000eab07cc0) thrown at [C:\src\android\AOSP-openjdk\external\jetbrains\jdk\hotspot\src\share\vªÈB	’X¬?
Event: 0.055 Thread 0x0000000002bf0800 Exception <a 'java/lang/NoSuchMethodError': Method sun.misc.Unsafe.prefetchRead(Ljava/lang/Object;J)V name or signature does not match> (0x00000000eab07fa8) thrown at [C:\src\android\AOSP-openjdk\external\jetbrains\jdk\hotspot\src\share\vm\prims\jni.cpp, l¸úvè·Ÿí?
Event: 0.926 Thread 0x00000000184d4800 Implicit null exception at 0x00000000030681a2 to 0x00000000030682a1

Events (10 events):
Event: 1.001 Thread 0x00000000179fe800 DEOPT PACKING pc=0x0000000002f7f2a0 sp=0x0000000018dcdd50
Event: 1.001 Thread 0x00000000179fe800 DEOPT UNPACKING pc=0x0000000002d3556a sp=0x0000000018dcdb30 mode 2
Event: 1.003 Thread 0x00000000179fe800 Uncommon trap: trap_request=0xffffffde fr.pc=0x0000000002f7f2a0
Event: 1.003 Thread 0x00000000179fe800 DEOPT PACKING pc=0x0000000002f7f2a0 sp=0x0000000018dce7e0
Event: 1.003 Thread 0x00000000179fe800 DEOPT UNPACKING pc=0x0000000002d3556a sp=0x0000000018dce5c0 mode 2
Event: 1.026 Thread 0x0000000002bf0800 DEOPT PACKING pc=0x0000000002f7388f sp=0x0000000002bee3f0
Event: 1.026 Thread 0x0000000002bf0800 DEOPT UNPACKING pc=0x0000000002d375bf sp=0x0000000002bee1e0 mode 0
Event: 1.050 Thread 0x0000000002bf0800 Uncommon trap: trap_request=0x000000d0 fr.pc=0x0000000003100454
Event: 1.050 Thread 0x0000000002bf0800 DEOPT PACKING pc=0x0000000003100454 sp=0x0000000002beead0
Event: 1.050 Thread 0x0000000002bf0800 DEOPT UNPACKING pc=0x0000000002d3556a sp=0x0000000002beea98 mode 2


Dynamic libraries:
0x00007ff7cb8f0000 - 0x00007ff7cb921000 	C:\Program Files\Android\Android Studio\jre\bin\java.exe
0x00007ffc1fda0000 - 0x00007ffc1ff61000 	C:\WINDOWS\SYSTEM32\ntdll.dll
0x00007ffc1f960000 - 0x00007ffc1fa0d000 	C:\WINDOWS\system32\KERNEL32.DLL
0x00007ffc1cb60000 - 0x00007ffc1cd48000 	C:\WINDOWS\system32\KERNELBASE.dll
0x00007ffc1ecf0000 - 0x00007ffc1ed97000 	C:\WINDOWS\system32\ADVAPI32.dll
0x00007ffc1f0a0000 - 0x00007ffc1f13d000 	C:\WINDOWS\system32\msvcrt.dll
0x00007ffc1e810000 - 0x00007ffc1e86b000 	C:\WINDOWS\system32\sechost.dll
0x00007ffc1e870000 - 0x00007ffc1e98c000 	C:\WINDOWS\system32\RPCRT4.dll
0x00007ffc1f6a0000 - 0x00007ffc1f7f6000 	C:\WINDOWS\system32\USER32.dll
0x00007ffc1fa10000 - 0x00007ffc1fb96000 	C:\WINDOWS\system32\GDI32.dll
0x00007ffc158e0000 - 0x00007ffc15b54000 	C:\WINDOWS\WinSxS\amd64_microsoft.windows.common-controls_6595b64144ccf1df_6.0.10586.589_none_a2ddb3caa539acce\COMCTL32.dll
0x00007ffc1ea40000 - 0x00007ffc1ecbd000 	C:\WINDOWS\system32\combase.dll
0x00007ffc1cff0000 - 0x00007ffc1d05a000 	C:\WINDOWS\system32\bcryptPrimitives.dll
0x00007ffc1fc00000 - 0x00007ffc1fc3b000 	C:\WINDOWS\system32\IMM32.DLL
0x000000006dab0000 - 0x000000006db82000 	C:\Program Files\Android\Android Studio\jre\jre\bin\msvcr100.dll
0x000000006dc70000 - 0x000000006e4a4000 	C:\Program Files\Android\Android Studio\jre\jre\bin\server\jvm.dll
0x00007ffc1fd90000 - 0x00007ffc1fd98000 	C:\WINDOWS\system32\PSAPI.DLL
0x00007ffc099e0000 - 0x00007ffc099e9000 	C:\WINDOWS\SYSTEM32\WSOCK32.dll
0x00007ffc1f140000 - 0x00007ffc1f1ab000 	C:\WINDOWS\system32\WS2_32.dll
0x00007ffc1a640000 - 0x00007ffc1a663000 	C:\WINDOWS\SYSTEM32\WINMM.dll
0x00007ffc198e0000 - 0x00007ffc198ea000 	C:\WINDOWS\SYSTEM32\VERSION.dll
0x00007ffc1a5e0000 - 0x00007ffc1a60c000 	C:\WINDOWS\SYSTEM32\WINMMBASE.dll
0x00007ffc1d0c0000 - 0x00007ffc1d103000 	C:\WINDOWS\system32\cfgmgr32.dll
0x00007ffc11e40000 - 0x00007ffc11e4f000 	C:\Program Files\Android\Android Studio\jre\jre\bin\verify.dll
0x00007ffbf9990000 - 0x00007ffbf99b9000 	C:\Program Files\Android\Android Studio\jre\jre\bin\java.dll
0x00007ffc11e20000 - 0x00007ffc11e36000 	C:\Program Files\Android\Android Studio\jre\jre\bin\zip.dll
0x00007ffc1d2b0000 - 0x00007ffc1e80c000 	C:\WINDOWS\system32\SHELL32.dll
0x00007ffc1c510000 - 0x00007ffc1cb55000 	C:\WINDOWS\system32\windows.storage.dll
0x00007ffc1f1b0000 - 0x00007ffc1f202000 	C:\WINDOWS\system32\shlwapi.dll
0x00007ffc1c3e0000 - 0x00007ffc1c3ef000 	C:\WINDOWS\system32\kernel.appcore.dll
0x00007ffc1c450000 - 0x00007ffc1c505000 	C:\WINDOWS\system32\shcore.dll
0x00007ffc1c3f0000 - 0x00007ffc1c43b000 	C:\WINDOWS\system32\powrprof.dll
0x00007ffc1c3c0000 - 0x00007ffc1c3d4000 	C:\WINDOWS\system32\profapi.dll

VM Arguments:
jvm_args: -Djava.awt.headless=true -Xmx1024M -Dfile.encoding=windows-1251 -Duser.country=RU -Duser.language=ru -Duser.variant 
java_command: com.android.dx.command.Main --dex --force-jumbo --num-threads=4 --multi-dex --output C:\Users\ren95\AndroidStudioProjects\circles\app\build\intermediates\transforms\dex\debug\folders\1000\10\com.android.support-support-v4-23.3.0_138c057d6d7396cc315aecf902ea0758d0ae4ec4 C:\Users\ren95\AndroidStudioProjects\circles\app\build\intermediates\exploded-aar\com.android.support\support-v4\23.3.0\jars\classes.jar
java_class_path (initial): C:\Users\ren95\AppData\Local\Android\sdk\build-tools\23.0.3\lib\dx.jar
Launcher Type: SUN_STANDARD

Environment Variables:
PATH=C:\ProgramData\Oracle\Java\javapath;C:\WINDOWS\system32;C:\WINDOWS;C:\WINDOWS\System32\Wbem;C:\WINDOWS\System32\WindowsPowerShell\v1.0\
USERNAME=ren95
OS=Windows_NT
PROCESSOR_IDENTIFIER=Intel64 Family 6 Model 58 Stepping 9, GenuineIntel



---------------  S Y S T E M  ---------------

OS: Windows 10.0 , 64 bit Build 10586 (10.0.10586.589)

CPU:total 8 (4 cores per cpu, 2 threads per core) family 6 model 58 stepping 9, cmov, cx8, fxsr, mmx, sse, sse2, sse3, ssse3, sse4.1, sse4.2, popcnt, avx, aes, clmul, erms, ht, tsc, tscinvbit, tscinv

Memory: 4k page, physical 8266736k(969600k free), swap 8266736k(3364k free)

vm_info: OpenJDK 64-Bit Server VM (25.76-b03) for windows-amd64 JRE (1.8.0_76-release-b03), built on Jun 29 2016 19:09:20 by "ralucas" with MS VC++ 10.0 (VS2010)

time: Mon Oct 10 03:14:18 2016
elapsed time: 1 seconds (0d 0h 0m 1s)

