#
# There is insufficient memory for the Java Runtime Environment to continue.
# Native memory allocation (malloc) failed to allocate 194000 bytes for Chunk::new
# Possible reasons:
#   The system is out of physical RAM or swap space
#   In 32 bit mode, the process size limit was hit
# Possible solutions:
#   Reduce memory load on the system
#   Increase physical memory or swap space
#   Check if swap backing store is full
#   Use 64 bit Java on a 64 bit OS
#   Decrease Java heap size (-Xmx/-Xms)
#   Decrease number of Java threads
#   Decrease Java thread stack sizes (-Xss)
#   Set larger code cache with -XX:ReservedCodeCacheSize=
# This output file may be truncated or incomplete.
#
#  Out of Memory Error (allocation.cpp:390), pid=6200, tid=0x0000000000001788
#
# JRE version: OpenJDK Runtime Environment (8.0_76-b03) (build 1.8.0_76-release-b03)
# Java VM: OpenJDK 64-Bit Server VM (25.76-b03 mixed mode windows-amd64 compressed oops)
# Failed to write core dump. Minidumps are not enabled by default on client versions of Windows
#

---------------  T H R E A D  ---------------

Current thread (0x0000000016e4b800):  JavaThread "C2 CompilerThread0" daemon [_thread_in_native, id=6024, stack(0x0000000017610000,0x0000000017710000)]

Stack: [0x0000000017610000,0x0000000017710000]
[error occurred during error reporting (printing stack bounds), id 0xc0000005]

Native frames: (J=compiled Java code, j=interpreted, Vv=VM code, C=native code)


Current CompileTask:
C2:    780  919       4       com.android.dx.ssa.back.LivenessAnalyzer::handleTailRecursion (94 bytes)


---------------  P R O C E S S  ---------------

Java Threads: ( => current thread )
  0x0000000017175800 JavaThread "pool-2-thread-4" [_thread_in_Java, id=7220, stack(0x0000000018810000,0x0000000018910000)]
  0x0000000017173000 JavaThread "pool-2-thread-3" [_thread_blocked, id=6696, stack(0x0000000018710000,0x0000000018810000)]
  0x0000000017104000 JavaThread "pool-2-thread-2" [_thread_in_Java, id=10188, stack(0x0000000018610000,0x0000000018710000)]
  0x0000000017155800 JavaThread "pool-3-thread-1" [_thread_blocked, id=10136, stack(0x0000000018510000,0x0000000018610000)]
  0x0000000017189000 JavaThread "pool-2-thread-1" [_thread_blocked, id=5308, stack(0x0000000018410000,0x0000000018510000)]
  0x0000000016eec000 JavaThread "Service Thread" daemon [_thread_blocked, id=3720, stack(0x0000000017a10000,0x0000000017b10000)]
  0x0000000014f5c000 JavaThread "C1 CompilerThread3" daemon [_thread_in_native, id=4512, stack(0x0000000017910000,0x0000000017a10000)]
  0x0000000016e53800 JavaThread "C2 CompilerThread2" daemon [_thread_in_native, id=3164, stack(0x0000000017810000,0x0000000017910000)]
  0x0000000016e52800 JavaThread "C2 CompilerThread1" daemon [_thread_in_native, id=8764, stack(0x0000000017710000,0x0000000017810000)]
=>0x0000000016e4b800 JavaThread "C2 CompilerThread0" daemon [_thread_in_native, id=6024, stack(0x0000000017610000,0x0000000017710000)]
  0x0000000016e49800 JavaThread "Attach Listener" daemon [_thread_blocked, id=9288, stack(0x0000000017510000,0x0000000017610000)]
  0x0000000016e48000 JavaThread "Signal Dispatcher" daemon [_thread_blocked, id=9504, stack(0x0000000017410000,0x0000000017510000)]
  0x0000000016e40800 JavaThread "Finalizer" daemon [_thread_blocked, id=4316, stack(0x0000000017220000,0x0000000017320000)]
  0x0000000002407000 JavaThread "Reference Handler" daemon [_thread_blocked, id=2652, stack(0x0000000016d20000,0x0000000016e20000)]
  0x0000000002310800 JavaThread "main" [_thread_in_Java, id=8304, stack(0x0000000002210000,0x0000000002310000)]

Other Threads:
  0x0000000014f45800 VMThread [stack: 0x0000000016c20000,0x0000000016d20000] [id=984]
  0x0000000016eed000 WatcherThread [stack: 0x0000000017b10000,0x0000000017c10000] [id=10100]

VM state:not at safepoint (normal execution)

VM Mutex/Monitor currently owned by a thread: None

Heap:
 PSYoungGen      total 38400K, used 10592K [0x00000000eab00000, 0x00000000ef600000, 0x0000000100000000)
  eden space 33280K, 16% used [0x00000000eab00000,0x00000000eb0644a0,0x00000000ecb80000)
  from space 5120K, 99% used [0x00000000ecb80000,0x00000000ed073cb8,0x00000000ed080000)
  to   space 5120K, 0% used [0x00000000ef100000,0x00000000ef100000,0x00000000ef600000)
 ParOldGen       total 87552K, used 8K [0x00000000c0000000, 0x00000000c5580000, 0x00000000eab00000)
  object space 87552K, 0% used [0x00000000c0000000,0x00000000c0002000,0x00000000c5580000)
 Metaspace       used 5869K, capacity 6832K, committed 7040K, reserved 1056768K
  class space    used 576K, capacity 616K, committed 640K, reserved 1048576K

Card table byte_map: [0x00000000117d0000,0x00000000119e0000] byte_map_base: 0x00000000111d0000

Marking Bits: (ParMarkBitMap*) 0x0000000052de9d00
 Begin Bits: [0x0000000012340000, 0x0000000013340000)
 End Bits:   [0x0000000013340000, 0x0000000014340000)

Polling page: 0x0000000002170000

CodeCache: size=245760Kb used=3676Kb max_used=3680Kb free=242084Kb
 bounds [0x0000000002410000, 0x00000000027b0000, 0x0000000011410000]
 total_blobs=1213 nmethods=944 adapters=182
 compilation: enabled

Compilation events (10 events):
Event: 0.778 Thread 0x0000000014f5c000 nmethod 974 0x000000000279f610 code [0x000000000279f880, 0x00000000027a0968]
Event: 0.778 Thread 0x0000000014f5c000  957       3       com.android.dx.ssa.SCCP::setLatticeValueTo (67 bytes)
Event: 0.778 Thread 0x0000000014f5c000 nmethod 957 0x0000000002791dd0 code [0x0000000002791f80, 0x00000000027924e8]
Event: 0.778 Thread 0x0000000014f5c000  966       3       java.util.TreeMap::setColor (10 bytes)
Event: 0.778 Thread 0x0000000014f5c000 nmethod 966 0x0000000002783f10 code [0x0000000002784060, 0x00000000027841d0]
Event: 0.778 Thread 0x0000000014f5c000  968       3       com.android.dx.rop.code.BasicBlockList$RegCountVisitor::visitThrowingCstInsn (6 bytes)
Event: 0.778 Thread 0x0000000014f5c000 nmethod 968 0x0000000002791a50 code [0x0000000002791bc0, 0x0000000002791d48]
Event: 0.778 Thread 0x0000000014f5c000  976       3       com.android.dx.rop.code.RegisterSpec::getBasicType (10 bytes)
Event: 0.779 Thread 0x0000000014f5c000 nmethod 976 0x00000000027a5210 code [0x00000000027a5380, 0x00000000027a55a8]
Event: 0.779 Thread 0x0000000014f5c000  959   !   3       com.android.dx.cf.code.BaseMachine::result (36 bytes)

GC Heap History (2 events):
Event: 0.678 GC heap before
{Heap before GC invocations=1 (full 0):
 PSYoungGen      total 38400K, used 33280K [0x00000000eab00000, 0x00000000ed580000, 0x0000000100000000)
  eden space 33280K, 100% used [0x00000000eab00000,0x00000000ecb80000,0x00000000ecb80000)
  from space 5120K, 0% used [0x00000000ed080000,0x00000000ed080000,0x00000000ed580000)
  to   space 5120K, 0% used [0x00000000ecb80000,0x00000000ecb80000,0x00000000ed080000)
 ParOldGen       total 87552K, used 0K [0x00000000c0000000, 0x00000000c5580000, 0x00000000eab00000)
  object space 87552K, 0% used [0x00000000c0000000,0x00000000c0000000,0x00000000c5580000)
 Metaspace       used 5825K, capacity 6832K, committed 7040K, reserved 1056768K
  class space    used 576K, capacity 616K, committed 640K, reserved 1048576K
Event: 0.709 GC heap after
Heap after GC invocations=1 (full 0):
 PSYoungGen      total 38400K, used 5071K [0x00000000eab00000, 0x00000000ef600000, 0x0000000100000000)
  eden space 33280K, 0% used [0x00000000eab00000,0x00000000eab00000,0x00000000ecb80000)
  from space 5120K, 99% used [0x00000000ecb80000,0x00000000ed073cb8,0x00000000ed080000)
  to   space 5120K, 0% used [0x00000000ef100000,0x00000000ef100000,0x00000000ef600000)
 ParOldGen       total 87552K, used 8K [0x00000000c0000000, 0x00000000c5580000, 0x00000000eab00000)
  object space 87552K, 0% used [0x00000000c0000000,0x00000000c0002000,0x00000000c5580000)
 Metaspace       used 5825K, capacity 6832K, committed 7040K, reserved 1056768K
  class space    used 576K, capacity 616K, committed 640K, reserved 1048576K
}

Deoptimization events (3 events):
Event: 0.188 Thread 0x0000000002310800 Uncommon trap: reason=unstable_if action=reinterpret pc=0x000000000255f414 method=java.lang.String.compareTo(Ljava/lang/String;)I @ 38
Event: 0.458 Thread 0x0000000002310800 Uncommon trap: reason=unstable_if action=reinterpret pc=0x000000000261fffc method=java.util.HashMap.getNode(ILjava/lang/Object;)Ljava/util/HashMap$Node; @ 62
Event: 0.579 Thread 0x0000000002310800 Uncommon trap: reason=unstable_if action=reinterpret pc=0x000000000261d6f0 method=java.util.BitSet.nextSetBit(I)I @ 87

Internal exceptions (2 events):
Event: 0.029 Thread 0x0000000002310800 Exception <a 'java/lang/NoSuchMethodError': Method sun.misc.Unsafe.defineClass(Ljava/lang/String;[BII)Ljava/lang/Class; name or signature does not match> (0x00000000eab07cc0) thrown at [C:\src\android\AOSP-openjdk\external\jetbrains\jdk\hotspot\src\share\vß9´Ÿ∫Ωù?
Event: 0.029 Thread 0x0000000002310800 Exception <a 'java/lang/NoSuchMethodError': Method sun.misc.Unsafe.prefetchRead(Ljava/lang/Object;J)V name or signature does not match> (0x00000000eab07fa8) thrown at [C:\src\android\AOSP-openjdk\external\jetbrains\jdk\hotspot\src\share\vm\prims\jni.cpp, l

Events (10 events):
Event: 0.500 loading class com/android/dx/cf/code/BytecodeArray$ConstantParserVisitor done
Event: 0.524 Executing VM operation: ForceSafepoint
Event: 0.551 Executing VM operation: ForceSafepoint done
Event: 0.571 loading class com/android/dx/dex/file/FieldAnnotationStruct
Event: 0.571 loading class com/android/dx/dex/file/FieldAnnotationStruct done
Event: 0.579 Thread 0x0000000002310800 Uncommon trap: trap_request=0xffffff65 fr.pc=0x000000000261d6f0
Event: 0.579 Thread 0x0000000002310800 DEOPT PACKING pc=0x000000000261d6f0 sp=0x000000000230e670
Event: 0.579 Thread 0x0000000002310800 DEOPT UNPACKING pc=0x000000000245556a sp=0x000000000230e608 mode 2
Event: 0.625 Executing VM operation: ParallelGCFailedAllocation
Event: 0.709 Executing VM operation: ParallelGCFailedAllocation done


Dynamic libraries:
0x00007ff614890000 - 0x00007ff6148c1000 	C:\Program Files\Android\Android Studio\jre\bin\java.exe
0x00007ffff36b0000 - 0x00007ffff3871000 	C:\WINDOWS\SYSTEM32\ntdll.dll
0x00007ffff2410000 - 0x00007ffff24bd000 	C:\WINDOWS\system32\KERNEL32.DLL
0x00007fffefdb0000 - 0x00007fffeff98000 	C:\WINDOWS\system32\KERNELBASE.dll
0x00007ffff3540000 - 0x00007ffff35e7000 	C:\WINDOWS\system32\ADVAPI32.dll
0x00007ffff2020000 - 0x00007ffff20bd000 	C:\WINDOWS\system32\msvcrt.dll
0x00007ffff20c0000 - 0x00007ffff211b000 	C:\WINDOWS\system32\sechost.dll
0x00007ffff2120000 - 0x00007ffff223c000 	C:\WINDOWS\system32\RPCRT4.dll
0x00007ffff33e0000 - 0x00007ffff3536000 	C:\WINDOWS\system32\USER32.dll
0x00007ffff2e70000 - 0x00007ffff2ff6000 	C:\WINDOWS\system32\GDI32.dll
0x00007fffe8b80000 - 0x00007fffe8df4000 	C:\WINDOWS\WinSxS\amd64_microsoft.windows.common-controls_6595b64144ccf1df_6.0.10586.589_none_a2ddb3caa539acce\COMCTL32.dll
0x00007ffff2bf0000 - 0x00007ffff2e6d000 	C:\WINDOWS\system32\combase.dll
0x00007ffff0900000 - 0x00007ffff096a000 	C:\WINDOWS\system32\bcryptPrimitives.dll
0x00007ffff33a0000 - 0x00007ffff33db000 	C:\WINDOWS\system32\IMM32.DLL
0x0000000052470000 - 0x0000000052542000 	C:\Program Files\Android\Android Studio\jre\jre\bin\msvcr100.dll
0x0000000052630000 - 0x0000000052e64000 	C:\Program Files\Android\Android Studio\jre\jre\bin\server\jvm.dll
0x00007ffff3180000 - 0x00007ffff3188000 	C:\WINDOWS\system32\PSAPI.DLL
0x00007fffd2020000 - 0x00007fffd2029000 	C:\WINDOWS\SYSTEM32\WSOCK32.dll
0x00007fffee010000 - 0x00007fffee033000 	C:\WINDOWS\SYSTEM32\WINMM.dll
0x00007fffe8eb0000 - 0x00007fffe8eba000 	C:\WINDOWS\SYSTEM32\VERSION.dll
0x00007ffff3000000 - 0x00007ffff306b000 	C:\WINDOWS\system32\WS2_32.dll
0x0000000002140000 - 0x000000000216c000 	C:\WINDOWS\SYSTEM32\WINMMBASE.dll
0x00007fffefd60000 - 0x00007fffefda3000 	C:\WINDOWS\system32\cfgmgr32.dll
0x00007fffed250000 - 0x00007fffed25f000 	C:\Program Files\Android\Android Studio\jre\jre\bin\verify.dll
0x00007fffe9970000 - 0x00007fffe9999000 	C:\Program Files\Android\Android Studio\jre\jre\bin\java.dll
0x00007fffe9950000 - 0x00007fffe9966000 	C:\Program Files\Android\Android Studio\jre\jre\bin\zip.dll
0x00007ffff0ab0000 - 0x00007ffff200c000 	C:\WINDOWS\system32\SHELL32.dll
0x00007ffff0000000 - 0x00007ffff0645000 	C:\WINDOWS\system32\windows.storage.dll
0x00007ffff2ac0000 - 0x00007ffff2b12000 	C:\WINDOWS\system32\shlwapi.dll
0x00007fffefcd0000 - 0x00007fffefcdf000 	C:\WINDOWS\system32\kernel.appcore.dll
0x00007ffff0650000 - 0x00007ffff0705000 	C:\WINDOWS\system32\shcore.dll
0x00007fffefce0000 - 0x00007fffefd2b000 	C:\WINDOWS\system32\powrprof.dll
0x00007fffefd30000 - 0x00007fffefd44000 	C:\WINDOWS\system32\profapi.dll

VM Arguments:
jvm_args: -Djava.awt.headless=true -Xmx1024M -Dfile.encoding=windows-1251 -Duser.country=RU -Duser.language=ru -Duser.variant 
java_command: com.android.dx.command.Main --dex --force-jumbo --num-threads=4 --multi-dex --output C:\Users\ren95\AndroidStudioProjects\circles\app\build\intermediates\transforms\dex\debug\folders\1000\10\com.android.support-support-v4-23.3.0_138c057d6d7396cc315aecf902ea0758d0ae4ec4 C:\Users\ren95\AndroidStudioProjects\circles\app\build\intermediates\exploded-aar\com.android.support\support-v4\23.3.0\jars\classes.jar
java_class_path (initial): C:\Users\ren95\AppData\Local\Android\sdk\build-tools\23.0.3\lib\dx.jar
Launcher Type: SUN_STANDARD

Environment Variables:
PATH=C:\ProgramData\Oracle\Java\javapath;C:\WINDOWS\system32;C:\WINDOWS;C:\WINDOWS\System32\Wbem;C:\WINDOWS\System32\WindowsPowerShell\v1.0\;C:\Program Files\Git\cmd
USERNAME=ren95
OS=Windows_NT
PROCESSOR_IDENTIFIER=Intel64 Family 6 Model 58 Stepping 9, GenuineIntel



---------------  S Y S T E M  ---------------

OS: Windows 10.0 , 64 bit Build 10586 (10.0.10586.589)

CPU:total 8 (4 cores per cpu, 2 threads per core) family 6 model 58 stepping 9, cmov, cx8, fxsr, mmx, sse, sse2, sse3, ssse3, sse4.1, sse4.2, popcnt, avx, aes, clmul, erms, ht, tsc, tscinvbit, tscinv

Memory: 4k page, physical 8266736k(1048912k free), swap 8266736k(5240k free)

vm_info: OpenJDK 64-Bit Server VM (25.76-b03) for windows-amd64 JRE (1.8.0_76-release-b03), built on Jun 29 2016 19:09:20 by "ralucas" with MS VC++ 10.0 (VS2010)

time: Wed Oct 12 21:07:28 2016
elapsed time: 0 seconds (0d 0h 0m 0s)

