#
# There is insufficient memory for the Java Runtime Environment to continue.
# Native memory allocation (malloc) failed to allocate 32744 bytes for ChunkPool::allocate
# Possible reasons:
#   The system is out of physical RAM or swap space
#   In 32 bit mode, the process size limit was hit
# Possible solutions:
#   Reduce memory load on the system
#   Increase physical memory or swap space
#   Check if swap backing store is full
#   Use 64 bit Java on a 64 bit OS
#   Decrease Java heap size (-Xmx/-Xms)
#   Decrease number of Java threads
#   Decrease Java thread stack sizes (-Xss)
#   Set larger code cache with -XX:ReservedCodeCacheSize=
# This output file may be truncated or incomplete.
#
#  Out of Memory Error (allocation.cpp:273), pid=2848, tid=0x0000000000002ec8
#
# JRE version: OpenJDK Runtime Environment (8.0_76-b03) (build 1.8.0_76-release-b03)
# Java VM: OpenJDK 64-Bit Server VM (25.76-b03 mixed mode windows-amd64 compressed oops)
# Failed to write core dump. Minidumps are not enabled by default on client versions of Windows
#

---------------  T H R E A D  ---------------

Current thread (0x000000001704c000):  JavaThread "C2 CompilerThread1" daemon [_thread_in_native, id=11976, stack(0x0000000017910000,0x0000000017a10000)]

Stack: [0x0000000017910000,0x0000000017a10000]
[error occurred during error reporting (printing stack bounds), id 0xc0000005]

Native frames: (J=compiled Java code, j=interpreted, Vv=VM code, C=native code)


Current CompileTask:
C2:   1179 1199   !   4       com.android.dx.cf.code.BytecodeArray::parseInstruction (2764 bytes)


---------------  P R O C E S S  ---------------

Java Threads: ( => current thread )
  0x0000000017e1e000 JavaThread "pool-2-thread-4" [_thread_in_Java, id=10228, stack(0x0000000018a10000,0x0000000018b10000)]
  0x0000000017e1d800 JavaThread "pool-2-thread-3" [_thread_in_Java, id=13408, stack(0x0000000018910000,0x0000000018a10000)]
  0x0000000017e1a800 JavaThread "pool-2-thread-2" [_thread_blocked, id=14164, stack(0x0000000018810000,0x0000000018910000)]
  0x0000000017e14000 JavaThread "pool-3-thread-1" [_thread_blocked, id=14276, stack(0x0000000018710000,0x0000000018810000)]
  0x0000000017359000 JavaThread "pool-2-thread-1" [_thread_in_Java, id=632, stack(0x0000000018610000,0x0000000018710000)]
  0x00000000170d0000 JavaThread "Service Thread" daemon [_thread_blocked, id=11496, stack(0x0000000017c10000,0x0000000017d10000)]
  0x0000000017051800 JavaThread "C1 CompilerThread3" daemon [_thread_in_native, id=6568, stack(0x0000000017b10000,0x0000000017c10000)]
  0x000000001704c800 JavaThread "C2 CompilerThread2" daemon [_thread_in_native, id=10268, stack(0x0000000017a10000,0x0000000017b10000)]
=>0x000000001704c000 JavaThread "C2 CompilerThread1" daemon [_thread_in_native, id=11976, stack(0x0000000017910000,0x0000000017a10000)]
  0x0000000017049000 JavaThread "C2 CompilerThread0" daemon [_thread_in_native, id=12448, stack(0x0000000017810000,0x0000000017910000)]
  0x0000000017055800 JavaThread "Attach Listener" daemon [_thread_blocked, id=1840, stack(0x0000000017710000,0x0000000017810000)]
  0x0000000017054800 JavaThread "Signal Dispatcher" daemon [_thread_blocked, id=14364, stack(0x0000000017610000,0x0000000017710000)]
  0x0000000017040800 JavaThread "Finalizer" daemon [_thread_blocked, id=6540, stack(0x0000000017420000,0x0000000017520000)]
  0x0000000002614000 JavaThread "Reference Handler" daemon [_thread_blocked, id=11908, stack(0x0000000016f20000,0x0000000017020000)]
  0x0000000002520800 JavaThread "main" [_thread_blocked, id=11204, stack(0x0000000002350000,0x0000000002450000)]

Other Threads:
  0x0000000015135000 VMThread [stack: 0x0000000016e20000,0x0000000016f20000] [id=14004]
  0x00000000170d1000 WatcherThread [stack: 0x0000000017d10000,0x0000000017e10000] [id=6544]

VM state:not at safepoint (normal execution)

VM Mutex/Monitor currently owned by a thread: None

Heap:
 PSYoungGen      total 38400K, used 15369K [0x00000000eab00000, 0x00000000ef600000, 0x0000000100000000)
  eden space 33280K, 30% used [0x00000000eab00000,0x00000000eb505c00,0x00000000ecb80000)
  from space 5120K, 99% used [0x00000000ecb80000,0x00000000ed07c9e8,0x00000000ed080000)
  to   space 5120K, 0% used [0x00000000ef100000,0x00000000ef100000,0x00000000ef600000)
 ParOldGen       total 87552K, used 1062K [0x00000000c0000000, 0x00000000c5580000, 0x00000000eab00000)
  object space 87552K, 1% used [0x00000000c0000000,0x00000000c0109860,0x00000000c5580000)
 Metaspace       used 5972K, capacity 6960K, committed 7040K, reserved 1056768K
  class space    used 578K, capacity 616K, committed 640K, reserved 1048576K

Card table byte_map: [0x00000000119e0000,0x0000000011bf0000] byte_map_base: 0x00000000113e0000

Marking Bits: (ParMarkBitMap*) 0x0000000064dc9d00
 Begin Bits: [0x0000000012550000, 0x0000000013550000)
 End Bits:   [0x0000000013550000, 0x0000000014550000)

Polling page: 0x0000000002270000

CodeCache: size=245760Kb used=4981Kb max_used=4990Kb free=240778Kb
 bounds [0x0000000002620000, 0x0000000002b10000, 0x0000000011620000]
 total_blobs=1559 nmethods=1291 adapters=182
 compilation: enabled

Compilation events (10 events):
Event: 1.166 Thread 0x0000000017051800 nmethod 1195 0x0000000002aef710 code [0x0000000002aef860, 0x0000000002aef970]
Event: 1.166 Thread 0x0000000017051800 1269       1       com.android.dx.ssa.back.FirstFitLocalCombiningAllocator$Multiset::getSize (5 bytes)
Event: 1.166 Thread 0x0000000017051800 nmethod 1269 0x0000000002aef450 code [0x0000000002aef5a0, 0x0000000002aef6b0]
Event: 1.168 Thread 0x0000000017051800 1292       3       com.android.dx.rop.cst.CstString::equals (24 bytes)
Event: 1.168 Thread 0x0000000017051800 nmethod 1292 0x0000000002aeed90 code [0x0000000002aeef00, 0x0000000002aef348]
Event: 1.168 Thread 0x0000000017051800 1293       3       com.android.dx.cf.code.Ropper::getRopMethod (64 bytes)
Event: 1.169 Thread 0x0000000017051800 nmethod 1293 0x0000000002af3bd0 code [0x0000000002af3e20, 0x0000000002af4bb8]
Event: 1.169 Thread 0x0000000017051800 1294       3       com.android.dx.ssa.back.FirstFitLocalCombiningAllocator::handleNormalUnassociated (99 bytes)
Event: 1.171 Thread 0x0000000017051800 nmethod 1294 0x0000000002af5490 code [0x0000000002af5740, 0x0000000002af6af8]
Event: 1.175 Thread 0x0000000017051800 1299       3       com.android.dx.cf.code.BaseMachine::popArgs (127 bytes)

GC Heap History (2 events):
Event: 1.037 GC heap before
{Heap before GC invocations=1 (full 0):
 PSYoungGen      total 38400K, used 33280K [0x00000000eab00000, 0x00000000ed580000, 0x0000000100000000)
  eden space 33280K, 100% used [0x00000000eab00000,0x00000000ecb80000,0x00000000ecb80000)
  from space 5120K, 0% used [0x00000000ed080000,0x00000000ed080000,0x00000000ed580000)
  to   space 5120K, 0% used [0x00000000ecb80000,0x00000000ecb80000,0x00000000ed080000)
 ParOldGen       total 87552K, used 0K [0x00000000c0000000, 0x00000000c5580000, 0x00000000eab00000)
  object space 87552K, 0% used [0x00000000c0000000,0x00000000c0000000,0x00000000c5580000)
 Metaspace       used 5906K, capacity 6896K, committed 7040K, reserved 1056768K
  class space    used 578K, capacity 616K, committed 640K, reserved 1048576K
Event: 1.091 GC heap after
Heap after GC invocations=1 (full 0):
 PSYoungGen      total 38400K, used 5106K [0x00000000eab00000, 0x00000000ef600000, 0x0000000100000000)
  eden space 33280K, 0% used [0x00000000eab00000,0x00000000eab00000,0x00000000ecb80000)
  from space 5120K, 99% used [0x00000000ecb80000,0x00000000ed07c9e8,0x00000000ed080000)
  to   space 5120K, 0% used [0x00000000ef100000,0x00000000ef100000,0x00000000ef600000)
 ParOldGen       total 87552K, used 1062K [0x00000000c0000000, 0x00000000c5580000, 0x00000000eab00000)
  object space 87552K, 1% used [0x00000000c0000000,0x00000000c0109860,0x00000000c5580000)
 Metaspace       used 5906K, capacity 6896K, committed 7040K, reserved 1056768K
  class space    used 578K, capacity 616K, committed 640K, reserved 1048576K
}

Deoptimization events (6 events):
Event: 0.268 Thread 0x0000000002520800 Uncommon trap: reason=unstable_if action=reinterpret pc=0x000000000276d8d4 method=java.lang.String.compareTo(Ljava/lang/String;)I @ 38
Event: 0.570 Thread 0x0000000017e1a800 Uncommon trap: reason=unstable_if action=reinterpret pc=0x0000000002838e7c method=java.util.HashMap.getNode(ILjava/lang/Object;)Ljava/util/HashMap$Node; @ 62
Event: 0.588 Thread 0x0000000017e1e000 Uncommon trap: reason=unstable_if action=reinterpret pc=0x000000000283fbb0 method=java.util.BitSet.nextSetBit(I)I @ 87
Event: 0.803 Thread 0x0000000017e1e000 Uncommon trap: reason=unstable_if action=reinterpret pc=0x000000000291842c method=com.android.dx.rop.code.RegisterSpecSet.put(Lcom/android/dx/rop/code/RegisterSpec;)V @ 77
Event: 0.803 Thread 0x0000000017e1e000 Uncommon trap: reason=unstable_if action=reinterpret pc=0x000000000291a86c method=com.android.dx.rop.code.RegisterSpecSet.put(Lcom/android/dx/rop/code/RegisterSpec;)V @ 77
Event: 0.878 Thread 0x0000000017e1d800 Uncommon trap: reason=unstable_if action=reinterpret pc=0x000000000287ba60 method=com.android.dx.rop.code.RegisterSpec.equals(ILcom/android/dx/rop/type/TypeBearer;Lcom/android/dx/rop/code/LocalItem;)Z @ 42

Internal exceptions (2 events):
Event: 0.033 Thread 0x0000000002520800 Exception <a 'java/lang/NoSuchMethodError': Method sun.misc.Unsafe.defineClass(Ljava/lang/String;[BII)Ljava/lang/Class; name or signature does not match> (0x00000000eab07cc0) thrown at [C:\src\android\AOSP-openjdk\external\jetbrains\jdk\hotspot\src\share\v›oüªﬁ'°?
Event: 0.034 Thread 0x0000000002520800 Exception <a 'java/lang/NoSuchMethodError': Method sun.misc.Unsafe.prefetchRead(Ljava/lang/Object;J)V name or signature does not match> (0x00000000eab07fa8) thrown at [C:\src\android\AOSP-openjdk\external\jetbrains\jdk\hotspot\src\share\vm\prims\jni.cpp, l

Events (10 events):
Event: 0.803 Thread 0x0000000017e1e000 DEOPT UNPACKING pc=0x000000000266556a sp=0x0000000018b0e580 mode 2
Event: 0.839 loading class java/util/DualPivotQuicksort
Event: 0.839 loading class java/util/DualPivotQuicksort done
Event: 0.878 Thread 0x0000000017e1d800 Uncommon trap: trap_request=0xffffff65 fr.pc=0x000000000287ba60
Event: 0.878 Thread 0x0000000017e1d800 DEOPT PACKING pc=0x000000000287ba60 sp=0x0000000018a0e810
Event: 0.878 Thread 0x0000000017e1d800 DEOPT UNPACKING pc=0x000000000266556a sp=0x0000000018a0e798 mode 2
Event: 0.901 loading class com/android/dx/dex/file/FieldAnnotationStruct
Event: 0.901 loading class com/android/dx/dex/file/FieldAnnotationStruct done
Event: 0.998 Executing VM operation: ParallelGCFailedAllocation
Event: 1.091 Executing VM operation: ParallelGCFailedAllocation done


Dynamic libraries:
0x00007ff6e47b0000 - 0x00007ff6e47e1000 	C:\Program Files\Android\Android Studio\jre\bin\java.exe
0x00007ffe5a290000 - 0x00007ffe5a451000 	C:\WINDOWS\SYSTEM32\ntdll.dll
0x00007ffe58070000 - 0x00007ffe5811d000 	C:\WINDOWS\system32\KERNEL32.DLL
0x00007ffe574a0000 - 0x00007ffe57688000 	C:\WINDOWS\system32\KERNELBASE.dll
0x00007ffe57950000 - 0x00007ffe579f7000 	C:\WINDOWS\system32\ADVAPI32.dll
0x00007ffe57c30000 - 0x00007ffe57ccd000 	C:\WINDOWS\system32\msvcrt.dll
0x00007ffe59b10000 - 0x00007ffe59b6b000 	C:\WINDOWS\system32\sechost.dll
0x00007ffe57cd0000 - 0x00007ffe57dec000 	C:\WINDOWS\system32\RPCRT4.dll
0x00007ffe577f0000 - 0x00007ffe57946000 	C:\WINDOWS\system32\USER32.dll
0x00007ffe57df0000 - 0x00007ffe57f76000 	C:\WINDOWS\system32\GDI32.dll
0x00007ffe4f430000 - 0x00007ffe4f6a4000 	C:\WINDOWS\WinSxS\amd64_microsoft.windows.common-controls_6595b64144ccf1df_6.0.10586.589_none_a2ddb3caa539acce\COMCTL32.dll
0x00007ffe58270000 - 0x00007ffe584ed000 	C:\WINDOWS\system32\combase.dll
0x00007ffe57210000 - 0x00007ffe5727a000 	C:\WINDOWS\system32\bcryptPrimitives.dll
0x00007ffe577a0000 - 0x00007ffe577db000 	C:\WINDOWS\system32\IMM32.DLL
0x0000000065070000 - 0x0000000065142000 	C:\Program Files\Android\Android Studio\jre\jre\bin\msvcr100.dll
0x0000000064610000 - 0x0000000064e44000 	C:\Program Files\Android\Android Studio\jre\jre\bin\server\jvm.dll
0x00007ffe584f0000 - 0x00007ffe584f8000 	C:\WINDOWS\system32\PSAPI.DLL
0x00007ffe54bc0000 - 0x00007ffe54be3000 	C:\WINDOWS\SYSTEM32\WINMM.dll
0x00007ffe3dd20000 - 0x00007ffe3dd29000 	C:\WINDOWS\SYSTEM32\WSOCK32.dll
0x00007ffe57f80000 - 0x00007ffe57feb000 	C:\WINDOWS\system32\WS2_32.dll
0x00007ffe4f7a0000 - 0x00007ffe4f7aa000 	C:\WINDOWS\SYSTEM32\VERSION.dll
0x00007ffe54ad0000 - 0x00007ffe54afc000 	C:\WINDOWS\SYSTEM32\WINMMBASE.dll
0x00007ffe57280000 - 0x00007ffe572c3000 	C:\WINDOWS\system32\cfgmgr32.dll
0x00007ffe503f0000 - 0x00007ffe503ff000 	C:\Program Files\Android\Android Studio\jre\jre\bin\verify.dll
0x00007ffe496f0000 - 0x00007ffe49719000 	C:\Program Files\Android\Android Studio\jre\jre\bin\java.dll
0x00007ffe50390000 - 0x00007ffe503a6000 	C:\Program Files\Android\Android Studio\jre\jre\bin\zip.dll
0x00007ffe58500000 - 0x00007ffe59a5c000 	C:\WINDOWS\system32\SHELL32.dll
0x00007ffe56b60000 - 0x00007ffe571a5000 	C:\WINDOWS\system32\windows.storage.dll
0x00007ffe57ff0000 - 0x00007ffe58042000 	C:\WINDOWS\system32\shlwapi.dll
0x00007ffe56920000 - 0x00007ffe5692f000 	C:\WINDOWS\system32\kernel.appcore.dll
0x00007ffe569f0000 - 0x00007ffe56aa5000 	C:\WINDOWS\system32\shcore.dll
0x00007ffe568d0000 - 0x00007ffe5691b000 	C:\WINDOWS\system32\powrprof.dll
0x00007ffe568b0000 - 0x00007ffe568c4000 	C:\WINDOWS\system32\profapi.dll

VM Arguments:
jvm_args: -Djava.awt.headless=true -Xmx1024M -Dfile.encoding=windows-1251 -Duser.country=RU -Duser.language=ru -Duser.variant 
java_command: com.android.dx.command.Main --dex --force-jumbo --num-threads=4 --multi-dex --output C:\Users\ren95\AndroidStudioProjects\circles\app\build\intermediates\transforms\dex\debug\folders\1000\10\com.android.support-appcompat-v7-23.3.0_83297df2d3bcc813589df2658ded72fcd9440bb4 C:\Users\ren95\AndroidStudioProjects\circles\app\build\intermediates\exploded-aar\com.android.support\appcompat-v7\23.3.0\jars\classes.jar
java_class_path (initial): C:\Users\ren95\AppData\Local\Android\sdk\build-tools\23.0.3\lib\dx.jar
Launcher Type: SUN_STANDARD

Environment Variables:
PATH=C:\ProgramData\Oracle\Java\javapath;C:\WINDOWS\system32;C:\WINDOWS;C:\WINDOWS\System32\Wbem;C:\WINDOWS\System32\WindowsPowerShell\v1.0\;C:\Program Files\Git\cmd
USERNAME=ren95
OS=Windows_NT
PROCESSOR_IDENTIFIER=Intel64 Family 6 Model 58 Stepping 9, GenuineIntel



---------------  S Y S T E M  ---------------

OS: Windows 10.0 , 64 bit Build 10586 (10.0.10586.589)

CPU:total 8 (4 cores per cpu, 2 threads per core) family 6 model 58 stepping 9, cmov, cx8, fxsr, mmx, sse, sse2, sse3, ssse3, sse4.1, sse4.2, popcnt, avx, aes, clmul, erms, ht, tsc, tscinvbit, tscinv

Memory: 4k page, physical 8266736k(1351700k free), swap 8266736k(3908k free)

vm_info: OpenJDK 64-Bit Server VM (25.76-b03) for windows-amd64 JRE (1.8.0_76-release-b03), built on Jun 29 2016 19:09:20 by "ralucas" with MS VC++ 10.0 (VS2010)

time: Wed Oct 12 02:52:28 2016
elapsed time: 1 seconds (0d 0h 0m 1s)

