#
# There is insufficient memory for the Java Runtime Environment to continue.
# Native memory allocation (malloc) failed to allocate 32744 bytes for ChunkPool::allocate
# Possible reasons:
#   The system is out of physical RAM or swap space
#   In 32 bit mode, the process size limit was hit
# Possible solutions:
#   Reduce memory load on the system
#   Increase physical memory or swap space
#   Check if swap backing store is full
#   Use 64 bit Java on a 64 bit OS
#   Decrease Java heap size (-Xmx/-Xms)
#   Decrease number of Java threads
#   Decrease Java thread stack sizes (-Xss)
#   Set larger code cache with -XX:ReservedCodeCacheSize=
# This output file may be truncated or incomplete.
#
#  Out of Memory Error (allocation.cpp:273), pid=6432, tid=0x000000000000227c
#
# JRE version: OpenJDK Runtime Environment (8.0_76-b03) (build 1.8.0_76-release-b03)
# Java VM: OpenJDK 64-Bit Server VM (25.76-b03 mixed mode windows-amd64 compressed oops)
# Failed to write core dump. Minidumps are not enabled by default on client versions of Windows
#

---------------  T H R E A D  ---------------

Current thread (0x0000000017b6e800):  JavaThread "C2 CompilerThread2" daemon [_thread_in_native, id=8828, stack(0x0000000018630000,0x0000000018730000)]

Stack: [0x0000000018630000,0x0000000018730000]
[error occurred during error reporting (printing stack bounds), id 0xc0000005]

Native frames: (J=compiled Java code, j=interpreted, Vv=VM code, C=native code)


Current CompileTask:
C2:   2271 1820       4       com.android.dx.dex.code.OutputFinisher::getAllConstants (47 bytes)


---------------  P R O C E S S  ---------------

Java Threads: ( => current thread )
  0x0000000017d01800 JavaThread "pool-1-thread-1" [_thread_in_Java, id=664, stack(0x000000001b6d0000,0x000000001b7d0000)]
  0x0000000017b80800 JavaThread "Service Thread" daemon [_thread_blocked, id=2336, stack(0x0000000018830000,0x0000000018930000)]
  0x0000000017b74800 JavaThread "C1 CompilerThread3" daemon [_thread_blocked, id=2364, stack(0x0000000018730000,0x0000000018830000)]
=>0x0000000017b6e800 JavaThread "C2 CompilerThread2" daemon [_thread_in_native, id=8828, stack(0x0000000018630000,0x0000000018730000)]
  0x0000000017b6e000 JavaThread "C2 CompilerThread1" daemon [_thread_in_native, id=9548, stack(0x0000000018530000,0x0000000018630000)]
  0x0000000017b6a800 JavaThread "C2 CompilerThread0" daemon [_thread_in_native, id=3164, stack(0x0000000018430000,0x0000000018530000)]
  0x0000000017b68800 JavaThread "Attach Listener" daemon [_thread_blocked, id=5040, stack(0x0000000018330000,0x0000000018430000)]
  0x0000000017b67000 JavaThread "Signal Dispatcher" daemon [_thread_blocked, id=7732, stack(0x0000000018230000,0x0000000018330000)]
  0x0000000003147800 JavaThread "Finalizer" daemon [_thread_blocked, id=6460, stack(0x0000000017f40000,0x0000000018040000)]
  0x0000000003144000 JavaThread "Reference Handler" daemon [_thread_blocked, id=1736, stack(0x0000000017a40000,0x0000000017b40000)]
  0x0000000003050800 JavaThread "main" [_thread_blocked, id=5856, stack(0x0000000002f20000,0x0000000003020000)]

Other Threads:
  0x0000000015c65000 VMThread [stack: 0x0000000017940000,0x0000000017a40000] [id=4764]
  0x0000000017b81000 WatcherThread [stack: 0x0000000018930000,0x0000000018a30000] [id=6752]

VM state:not at safepoint (normal execution)

VM Mutex/Monitor currently owned by a thread: None

Heap:
 PSYoungGen      total 71680K, used 62286K [0x00000000eab00000, 0x00000000ef600000, 0x0000000100000000)
  eden space 66560K, 85% used [0x00000000eab00000,0x00000000ee2d9e78,0x00000000eec00000)
  from space 5120K, 99% used [0x00000000ef100000,0x00000000ef5f9c80,0x00000000ef600000)
  to   space 5120K, 0% used [0x00000000eec00000,0x00000000eec00000,0x00000000ef100000)
 ParOldGen       total 87552K, used 4659K [0x00000000c0000000, 0x00000000c5580000, 0x00000000eab00000)
  object space 87552K, 5% used [0x00000000c0000000,0x00000000c048ce08,0x00000000c5580000)
 Metaspace       used 6317K, capacity 7152K, committed 7296K, reserved 1056768K
  class space    used 584K, capacity 616K, committed 640K, reserved 1048576K

Card table byte_map: [0x0000000012510000,0x0000000012720000] byte_map_base: 0x0000000011f10000

Marking Bits: (ParMarkBitMap*) 0x0000000052de9d00
 Begin Bits: [0x0000000013080000, 0x0000000014080000)
 End Bits:   [0x0000000014080000, 0x0000000015080000)

Polling page: 0x0000000002e70000

CodeCache: size=245760Kb used=7173Kb max_used=7173Kb free=238586Kb
 bounds [0x0000000003150000, 0x0000000003860000, 0x0000000012150000]
 total_blobs=2069 nmethods=1800 adapters=182
 compilation: enabled

Compilation events (10 events):
Event: 2.248 Thread 0x0000000017b74800 1837  s    3       com.android.dx.dex.file.ProtoIdsSection::intern (55 bytes)
Event: 2.249 Thread 0x0000000017b74800 nmethod 1837 0x0000000003851c90 code [0x0000000003851e80, 0x0000000003852788]
Event: 2.249 Thread 0x0000000017b74800 1838       3       java.lang.StringBuilder::<init> (6 bytes)
Event: 2.249 Thread 0x0000000017b74800 nmethod 1838 0x0000000003852b50 code [0x0000000003852cc0, 0x0000000003852f70]
Event: 2.250 Thread 0x0000000017b74800 1839       3       com.android.dx.dex.file.ProtoIdItem::makeShortForm (74 bytes)
Event: 2.251 Thread 0x0000000017b74800 nmethod 1839 0x0000000003853090 code [0x0000000003853340, 0x0000000003854ae8]
Event: 2.251 Thread 0x0000000017b74800 1841       3       com.android.dx.dex.file.TypeListItem::<init> (21 bytes)
Event: 2.251 Thread 0x0000000017b74800 nmethod 1841 0x0000000003855910 code [0x0000000003855a80, 0x0000000003855d18]
Event: 2.251 Thread 0x0000000017b74800 1842       3       com.android.dx.dex.file.ProtoIdItem::<init> (60 bytes)
Event: 2.252 Thread 0x0000000017b74800 nmethod 1842 0x0000000003855e10 code [0x0000000003855fe0, 0x00000000038567e8]

GC Heap History (4 events):
Event: 1.273 GC heap before
{Heap before GC invocations=1 (full 0):
 PSYoungGen      total 38400K, used 33280K [0x00000000eab00000, 0x00000000ed580000, 0x0000000100000000)
  eden space 33280K, 100% used [0x00000000eab00000,0x00000000ecb80000,0x00000000ecb80000)
  from space 5120K, 0% used [0x00000000ed080000,0x00000000ed080000,0x00000000ed580000)
  to   space 5120K, 0% used [0x00000000ecb80000,0x00000000ecb80000,0x00000000ed080000)
 ParOldGen       total 87552K, used 0K [0x00000000c0000000, 0x00000000c5580000, 0x00000000eab00000)
  object space 87552K, 0% used [0x00000000c0000000,0x00000000c0000000,0x00000000c5580000)
 Metaspace       used 5801K, capacity 6768K, committed 7040K, reserved 1056768K
  class space    used 572K, capacity 616K, committed 640K, reserved 1048576K
Event: 1.288 GC heap after
Heap after GC invocations=1 (full 0):
 PSYoungGen      total 38400K, used 5088K [0x00000000eab00000, 0x00000000ef600000, 0x0000000100000000)
  eden space 33280K, 0% used [0x00000000eab00000,0x00000000eab00000,0x00000000ecb80000)
  from space 5120K, 99% used [0x00000000ecb80000,0x00000000ed078368,0x00000000ed080000)
  to   space 5120K, 0% used [0x00000000ef100000,0x00000000ef100000,0x00000000ef600000)
 ParOldGen       total 87552K, used 791K [0x00000000c0000000, 0x00000000c5580000, 0x00000000eab00000)
  object space 87552K, 0% used [0x00000000c0000000,0x00000000c00c5df0,0x00000000c5580000)
 Metaspace       used 5801K, capacity 6768K, committed 7040K, reserved 1056768K
  class space    used 572K, capacity 616K, committed 640K, reserved 1048576K
}
Event: 1.679 GC heap before
{Heap before GC invocations=2 (full 0):
 PSYoungGen      total 38400K, used 38368K [0x00000000eab00000, 0x00000000ef600000, 0x0000000100000000)
  eden space 33280K, 100% used [0x00000000eab00000,0x00000000ecb80000,0x00000000ecb80000)
  from space 5120K, 99% used [0x00000000ecb80000,0x00000000ed078368,0x00000000ed080000)
  to   space 5120K, 0% used [0x00000000ef100000,0x00000000ef100000,0x00000000ef600000)
 ParOldGen       total 87552K, used 791K [0x00000000c0000000, 0x00000000c5580000, 0x00000000eab00000)
  object space 87552K, 0% used [0x00000000c0000000,0x00000000c00c5df0,0x00000000c5580000)
 Metaspace       used 6118K, capacity 7088K, committed 7296K, reserved 1056768K
  class space    used 578K, capacity 616K, committed 640K, reserved 1048576K
Event: 1.686 GC heap after
Heap after GC invocations=2 (full 0):
 PSYoungGen      total 71680K, used 5095K [0x00000000eab00000, 0x00000000ef600000, 0x0000000100000000)
  eden space 66560K, 0% used [0x00000000eab00000,0x00000000eab00000,0x00000000eec00000)
  from space 5120K, 99% used [0x00000000ef100000,0x00000000ef5f9c80,0x00000000ef600000)
  to   space 5120K, 0% used [0x00000000eec00000,0x00000000eec00000,0x00000000ef100000)
 ParOldGen       total 87552K, used 4659K [0x00000000c0000000, 0x00000000c5580000, 0x00000000eab00000)
  object space 87552K, 5% used [0x00000000c0000000,0x00000000c048ce08,0x00000000c5580000)
 Metaspace       used 6118K, capacity 7088K, committed 7296K, reserved 1056768K
  class space    used 578K, capacity 616K, committed 640K, reserved 1048576K
}

Deoptimization events (10 events):
Event: 2.085 Thread 0x0000000017d01800 Uncommon trap: reason=bimorphic action=maybe_recompile pc=0x00000000033f4c20 method=java.util.HashMap.getNode(ILjava/lang/Object;)Ljava/util/HashMap$Node; @ 126
Event: 2.087 Thread 0x0000000017d01800 Uncommon trap: reason=bimorphic action=maybe_recompile pc=0x00000000033f4c20 method=java.util.HashMap.getNode(ILjava/lang/Object;)Ljava/util/HashMap$Node; @ 126
Event: 2.095 Thread 0x0000000017d01800 Uncommon trap: reason=bimorphic action=maybe_recompile pc=0x00000000033f4c20 method=java.util.HashMap.getNode(ILjava/lang/Object;)Ljava/util/HashMap$Node; @ 126
Event: 2.095 Thread 0x0000000017d01800 Uncommon trap: reason=bimorphic action=maybe_recompile pc=0x00000000033f4c20 method=java.util.HashMap.getNode(ILjava/lang/Object;)Ljava/util/HashMap$Node; @ 126
Event: 2.096 Thread 0x0000000017d01800 Uncommon trap: reason=class_check action=maybe_recompile pc=0x0000000003566284 method=java.util.HashMap.putVal(ILjava/lang/Object;Ljava/lang/Object;ZZ)Ljava/lang/Object; @ 203
Event: 2.096 Thread 0x0000000017d01800 Uncommon trap: reason=class_check action=maybe_recompile pc=0x0000000003566284 method=java.util.HashMap.putVal(ILjava/lang/Object;Ljava/lang/Object;ZZ)Ljava/lang/Object; @ 203
Event: 2.096 Thread 0x0000000017d01800 Uncommon trap: reason=class_check action=maybe_recompile pc=0x0000000003566284 method=java.util.HashMap.putVal(ILjava/lang/Object;Ljava/lang/Object;ZZ)Ljava/lang/Object; @ 203
Event: 2.097 Thread 0x0000000017d01800 Uncommon trap: reason=class_check action=maybe_recompile pc=0x0000000003566284 method=java.util.HashMap.putVal(ILjava/lang/Object;Ljava/lang/Object;ZZ)Ljava/lang/Object; @ 203
Event: 2.097 Thread 0x0000000017d01800 Uncommon trap: reason=class_check action=maybe_recompile pc=0x00000000034c4104 method=java.util.HashMap.putVal(ILjava/lang/Object;Ljava/lang/Object;ZZ)Ljava/lang/Object; @ 203
Event: 2.114 Thread 0x0000000017d01800 Uncommon trap: reason=unstable_if action=reinterpret pc=0x000000000384047c method=java.util.HashMap.putVal(ILjava/lang/Object;Ljava/lang/Object;ZZ)Ljava/lang/Object; @ 94

Internal exceptions (2 events):
Event: 0.080 Thread 0x0000000003050800 Exception <a 'java/lang/NoSuchMethodError': Method sun.misc.Unsafe.defineClass(Ljava/lang/String;[BII)Ljava/lang/Class; name or signature does not match> (0x00000000eab07cc0) thrown at [C:\src\android\AOSP-openjdk\external\jetbrains\jdk\hotspot\src\share\vV×WHŽ´?
Event: 0.080 Thread 0x0000000003050800 Exception <a 'java/lang/NoSuchMethodError': Method sun.misc.Unsafe.prefetchRead(Ljava/lang/Object;J)V name or signature does not match> (0x00000000eab07fa8) thrown at [C:\src\android\AOSP-openjdk\external\jetbrains\jdk\hotspot\src\share\vm\prims\jni.cpp, l

Events (10 events):
Event: 2.097 Thread 0x0000000017d01800 Uncommon trap: trap_request=0xffffffde fr.pc=0x00000000034c4104
Event: 2.097 Thread 0x0000000017d01800 DEOPT PACKING pc=0x00000000034c4104 sp=0x000000001b7cec50
Event: 2.097 Thread 0x0000000017d01800 DEOPT UNPACKING pc=0x000000000319556a sp=0x000000001b7cec08 mode 2
Event: 2.100 loading class com/android/dx/dex/file/CatchStructs
Event: 2.100 loading class com/android/dx/dex/file/CatchStructs done
Event: 2.114 Thread 0x0000000017d01800 Uncommon trap: trap_request=0xffffff65 fr.pc=0x000000000384047c
Event: 2.114 Thread 0x0000000017d01800 DEOPT PACKING pc=0x000000000384047c sp=0x000000001b7ceb80
Event: 2.114 Thread 0x0000000017d01800 DEOPT UNPACKING pc=0x000000000319556a sp=0x000000001b7ceb10 mode 2
Event: 2.207 loading class com/android/dx/dex/file/ProtoIdItem
Event: 2.207 loading class com/android/dx/dex/file/ProtoIdItem done


Dynamic libraries:
0x00007ff614890000 - 0x00007ff6148c1000 	C:\Program Files\Android\Android Studio\jre\bin\java.exe
0x00007ffff36b0000 - 0x00007ffff3871000 	C:\WINDOWS\SYSTEM32\ntdll.dll
0x00007ffff2410000 - 0x00007ffff24bd000 	C:\WINDOWS\system32\KERNEL32.DLL
0x00007fffefdb0000 - 0x00007fffeff98000 	C:\WINDOWS\system32\KERNELBASE.dll
0x00007ffff3540000 - 0x00007ffff35e7000 	C:\WINDOWS\system32\ADVAPI32.dll
0x00007ffff2020000 - 0x00007ffff20bd000 	C:\WINDOWS\system32\msvcrt.dll
0x00007ffff20c0000 - 0x00007ffff211b000 	C:\WINDOWS\system32\sechost.dll
0x00007ffff2120000 - 0x00007ffff223c000 	C:\WINDOWS\system32\RPCRT4.dll
0x00007ffff33e0000 - 0x00007ffff3536000 	C:\WINDOWS\system32\USER32.dll
0x00007ffff2e70000 - 0x00007ffff2ff6000 	C:\WINDOWS\system32\GDI32.dll
0x00007fffe8b80000 - 0x00007fffe8df4000 	C:\WINDOWS\WinSxS\amd64_microsoft.windows.common-controls_6595b64144ccf1df_6.0.10586.589_none_a2ddb3caa539acce\COMCTL32.dll
0x00007ffff2bf0000 - 0x00007ffff2e6d000 	C:\WINDOWS\system32\combase.dll
0x00007ffff0900000 - 0x00007ffff096a000 	C:\WINDOWS\system32\bcryptPrimitives.dll
0x00007ffff33a0000 - 0x00007ffff33db000 	C:\WINDOWS\system32\IMM32.DLL
0x0000000052470000 - 0x0000000052542000 	C:\Program Files\Android\Android Studio\jre\jre\bin\msvcr100.dll
0x0000000052630000 - 0x0000000052e64000 	C:\Program Files\Android\Android Studio\jre\jre\bin\server\jvm.dll
0x00007ffff3180000 - 0x00007ffff3188000 	C:\WINDOWS\system32\PSAPI.DLL
0x00007fffd2020000 - 0x00007fffd2029000 	C:\WINDOWS\SYSTEM32\WSOCK32.dll
0x00007ffff3000000 - 0x00007ffff306b000 	C:\WINDOWS\system32\WS2_32.dll
0x00007fffee010000 - 0x00007fffee033000 	C:\WINDOWS\SYSTEM32\WINMM.dll
0x00007fffe8eb0000 - 0x00007fffe8eba000 	C:\WINDOWS\SYSTEM32\VERSION.dll
0x00007fffedef0000 - 0x00007fffedf1c000 	C:\WINDOWS\SYSTEM32\WINMMBASE.dll
0x00007fffefd60000 - 0x00007fffefda3000 	C:\WINDOWS\system32\cfgmgr32.dll
0x00007fffed250000 - 0x00007fffed25f000 	C:\Program Files\Android\Android Studio\jre\jre\bin\verify.dll
0x00007fffe9970000 - 0x00007fffe9999000 	C:\Program Files\Android\Android Studio\jre\jre\bin\java.dll
0x00007fffe9950000 - 0x00007fffe9966000 	C:\Program Files\Android\Android Studio\jre\jre\bin\zip.dll
0x00007ffff0ab0000 - 0x00007ffff200c000 	C:\WINDOWS\system32\SHELL32.dll
0x00007ffff0000000 - 0x00007ffff0645000 	C:\WINDOWS\system32\windows.storage.dll
0x00007ffff2ac0000 - 0x00007ffff2b12000 	C:\WINDOWS\system32\shlwapi.dll
0x00007fffefcd0000 - 0x00007fffefcdf000 	C:\WINDOWS\system32\kernel.appcore.dll
0x00007ffff0650000 - 0x00007ffff0705000 	C:\WINDOWS\system32\shcore.dll
0x00007fffefce0000 - 0x00007fffefd2b000 	C:\WINDOWS\system32\powrprof.dll
0x00007fffefd30000 - 0x00007fffefd44000 	C:\WINDOWS\system32\profapi.dll

VM Arguments:
jvm_args: -Djava.awt.headless=true -Xmx1024M -Dfile.encoding=windows-1251 -Duser.country=RU -Duser.language=ru -Duser.variant 
java_command: com.android.dx.command.Main --dex --force-jumbo --num-threads=4 --multi-dex --output C:\Users\ren95\AndroidStudioProjects\circles\app\build\intermediates\transforms\dex\debug\folders\1000\10\internal_impl-23.3.0_2887c93337ab83ddb6671952cf6a25e2eceb54f9 C:\Users\ren95\AndroidStudioProjects\circles\app\build\intermediates\exploded-aar\com.android.support\support-v4\23.3.0\jars\libs\internal_impl-23.3.0.jar
java_class_path (initial): C:\Users\ren95\AppData\Local\Android\sdk\build-tools\23.0.3\lib\dx.jar
Launcher Type: SUN_STANDARD

Environment Variables:
PATH=C:\ProgramData\Oracle\Java\javapath;C:\WINDOWS\system32;C:\WINDOWS;C:\WINDOWS\System32\Wbem;C:\WINDOWS\System32\WindowsPowerShell\v1.0\;C:\Program Files\Git\cmd
USERNAME=ren95
OS=Windows_NT
PROCESSOR_IDENTIFIER=Intel64 Family 6 Model 58 Stepping 9, GenuineIntel



---------------  S Y S T E M  ---------------

OS: Windows 10.0 , 64 bit Build 10586 (10.0.10586.589)

CPU:total 8 (4 cores per cpu, 2 threads per core) family 6 model 58 stepping 9, cmov, cx8, fxsr, mmx, sse, sse2, sse3, ssse3, sse4.1, sse4.2, popcnt, avx, aes, clmul, erms, ht, tsc, tscinvbit, tscinv

Memory: 4k page, physical 8266736k(915968k free), swap 8266736k(5132k free)

vm_info: OpenJDK 64-Bit Server VM (25.76-b03) for windows-amd64 JRE (1.8.0_76-release-b03), built on Jun 29 2016 19:09:20 by "ralucas" with MS VC++ 10.0 (VS2010)

time: Wed Oct 12 21:01:12 2016
elapsed time: 2 seconds (0d 0h 0m 2s)

