#
# There is insufficient memory for the Java Runtime Environment to continue.
# Native memory allocation (malloc) failed to allocate 32744 bytes for ChunkPool::allocate
# Possible reasons:
#   The system is out of physical RAM or swap space
#   In 32 bit mode, the process size limit was hit
# Possible solutions:
#   Reduce memory load on the system
#   Increase physical memory or swap space
#   Check if swap backing store is full
#   Use 64 bit Java on a 64 bit OS
#   Decrease Java heap size (-Xmx/-Xms)
#   Decrease number of Java threads
#   Decrease Java thread stack sizes (-Xss)
#   Set larger code cache with -XX:ReservedCodeCacheSize=
# This output file may be truncated or incomplete.
#
#  Out of Memory Error (allocation.cpp:273), pid=1628, tid=0x0000000000002424
#
# JRE version: OpenJDK Runtime Environment (8.0_76-b03) (build 1.8.0_76-release-b03)
# Java VM: OpenJDK 64-Bit Server VM (25.76-b03 mixed mode windows-amd64 compressed oops)
# Failed to write core dump. Minidumps are not enabled by default on client versions of Windows
#

---------------  T H R E A D  ---------------

Current thread (0x00000000172e4800):  JavaThread "C1 CompilerThread3" daemon [_thread_in_native, id=9252, stack(0x0000000017da0000,0x0000000017ea0000)]

Stack: [0x0000000017da0000,0x0000000017ea0000]
[error occurred during error reporting (printing stack bounds), id 0xc0000005]

Native frames: (J=compiled Java code, j=interpreted, Vv=VM code, C=native code)


Current CompileTask:
C1:   2376  642       3      
[error occurred during error reporting (printing current compile task), id 0xe0000001]


---------------  P R O C E S S  ---------------

Java Threads: ( => current thread )
  0x000000001758c000 JavaThread "pool-2-thread-4" [_thread_in_Java, id=9680, stack(0x00000000184a0000,0x00000000185a0000)]
  0x000000001758e800 JavaThread "pool-2-thread-3" [_thread_blocked, id=4548, stack(0x00000000183a0000,0x00000000184a0000)]
  0x0000000017493800 JavaThread "pool-2-thread-2" [_thread_in_vm, id=3856, stack(0x00000000182a0000,0x00000000183a0000)]
  0x0000000017490800 JavaThread "pool-3-thread-1" [_thread_blocked, id=9872, stack(0x00000000181a0000,0x00000000182a0000)]
  0x000000001748f800 JavaThread "pool-2-thread-1" [_thread_blocked, id=9300, stack(0x00000000180a0000,0x00000000181a0000)]
  0x00000000172f0800 JavaThread "Service Thread" daemon [_thread_blocked, id=8584, stack(0x0000000017ea0000,0x0000000017fa0000)]
=>0x00000000172e4800 JavaThread "C1 CompilerThread3" daemon [_thread_in_native, id=9252, stack(0x0000000017da0000,0x0000000017ea0000)]
  0x00000000172de800 JavaThread "C2 CompilerThread2" daemon [_thread_in_native, id=9460, stack(0x0000000017ca0000,0x0000000017da0000)]
  0x00000000172de000 JavaThread "C2 CompilerThread1" daemon [_thread_in_native, id=3792, stack(0x0000000017ba0000,0x0000000017ca0000)]
  0x00000000172da800 JavaThread "C2 CompilerThread0" daemon [_thread_blocked, id=8092, stack(0x0000000017aa0000,0x0000000017ba0000)]
  0x00000000172d8800 JavaThread "Attach Listener" daemon [_thread_blocked, id=804, stack(0x00000000179a0000,0x0000000017aa0000)]
  0x00000000172d7000 JavaThread "Signal Dispatcher" daemon [_thread_blocked, id=9108, stack(0x00000000178a0000,0x00000000179a0000)]
  0x00000000028a7800 JavaThread "Finalizer" daemon [_thread_blocked, id=9832, stack(0x00000000176b0000,0x00000000177b0000)]
  0x00000000028a4000 JavaThread "Reference Handler" daemon [_thread_blocked, id=3788, stack(0x00000000171b0000,0x00000000172b0000)]
  0x00000000027b0800 JavaThread "main" [_thread_in_Java, id=860, stack(0x00000000026b0000,0x00000000027b0000)]

Other Threads:
  0x00000000153c5000 VMThread [stack: 0x00000000170b0000,0x00000000171b0000] [id=5456]
  0x00000000172f1000 WatcherThread [stack: 0x0000000017fa0000,0x00000000180a0000] [id=3956]

VM state:not at safepoint (normal execution)

VM Mutex/Monitor currently owned by a thread: None

Heap:
 PSYoungGen      total 38400K, used 14680K [0x00000000eab00000, 0x00000000ed580000, 0x0000000100000000)
  eden space 33280K, 44% used [0x00000000eab00000,0x00000000eb956378,0x00000000ecb80000)
  from space 5120K, 0% used [0x00000000ed080000,0x00000000ed080000,0x00000000ed580000)
  to   space 5120K, 0% used [0x00000000ecb80000,0x00000000ecb80000,0x00000000ed080000)
 ParOldGen       total 87552K, used 0K [0x00000000c0000000, 0x00000000c5580000, 0x00000000eab00000)
  object space 87552K, 0% used [0x00000000c0000000,0x00000000c0000000,0x00000000c5580000)
 Metaspace       used 5568K, capacity 6640K, committed 6784K, reserved 1056768K
  class space    used 576K, capacity 616K, committed 640K, reserved 1048576K

Card table byte_map: [0x0000000011c70000,0x0000000011e80000] byte_map_base: 0x0000000011670000

Marking Bits: (ParMarkBitMap*) 0x0000000052de9d00
 Begin Bits: [0x00000000127e0000, 0x00000000137e0000)
 End Bits:   [0x00000000137e0000, 0x00000000147e0000)

Polling page: 0x00000000024b0000

CodeCache: size=245760Kb used=2506Kb max_used=2506Kb free=243253Kb
 bounds [0x00000000028b0000, 0x0000000002b30000, 0x00000000118b0000]
 total_blobs=897 nmethods=629 adapters=182
 compilation: enabled

Compilation events (10 events):
Event: 2.373 Thread 0x00000000172e4800 nmethod 631 0x0000000002b15c90 code [0x0000000002b15e60, 0x0000000002b166b8]
Event: 2.373 Thread 0x00000000172e4800  632       3       java.util.Collections$UnmodifiableRandomAccessList::<init> (6 bytes)
Event: 2.373 Thread 0x00000000172e4800 nmethod 632 0x0000000002b23610 code [0x0000000002b237a0, 0x0000000002b23b48]
Event: 2.373 Thread 0x00000000172e4800  640       3       com.android.dx.cf.code.BasicBlocker::setPreviousOffset (6 bytes)
Event: 2.374 Thread 0x00000000172e4800 nmethod 640 0x0000000002b15950 code [0x0000000002b15aa0, 0x0000000002b15bf0]
Event: 2.374 Thread 0x00000000172e4800  639       3       com.android.dx.cf.code.BasicBlocker::visitCommon (34 bytes)
Event: 2.374 Thread 0x00000000172e4800 nmethod 639 0x0000000002b23d10 code [0x0000000002b23ec0, 0x0000000002b243d0]
Event: 2.374 Thread 0x00000000172e4800  644       1       com.android.dx.cf.code.BasicBlocker::setPreviousOffset (6 bytes)
Event: 2.374 Thread 0x00000000172e4800 nmethod 644 0x0000000002b247d0 code [0x0000000002b24920, 0x0000000002b24a30]
Event: 2.374 Thread 0x00000000172e4800  642       3       com.android.dx.cf.code.RopperMachine::jopToRopOpcode (1103 bytes)

GC Heap History (0 events):
No events

Deoptimization events (2 events):
Event: 2.017 Thread 0x00000000027b0800 Uncommon trap: reason=unstable_if action=reinterpret pc=0x0000000002a443d4 method=java.lang.String.indexOf(II)I @ 49
Event: 2.178 Thread 0x00000000027b0800 Uncommon trap: reason=unstable_if action=reinterpret pc=0x0000000002a95d74 method=java.util.HashMap.getNode(ILjava/lang/Object;)Ljava/util/HashMap$Node; @ 62

Internal exceptions (2 events):
Event: 0.289 Thread 0x00000000027b0800 Exception <a 'java/lang/NoSuchMethodError': Method sun.misc.Unsafe.defineClass(Ljava/lang/String;[BII)Ljava/lang/Class; name or signature does not match> (0x00000000eab07cc0) thrown at [C:\src\android\AOSP-openjdk\external\jetbrains\jdk\hotspot\src\share\v\gıìxÅ“?
Event: 0.289 Thread 0x00000000027b0800 Exception <a 'java/lang/NoSuchMethodError': Method sun.misc.Unsafe.prefetchRead(Ljava/lang/Object;J)V name or signature does not match> (0x00000000eab07fa8) thrown at [C:\src\android\AOSP-openjdk\external\jetbrains\jdk\hotspot\src\share\vm\prims\jni.cpp, l

Events (10 events):
Event: 2.305 Executing VM operation: ForceSafepoint
Event: 2.307 Executing VM operation: ForceSafepoint done
Event: 2.308 loading class com/android/dx/dex/file/UniformListItem
Event: 2.308 loading class com/android/dx/dex/file/UniformListItem done
Event: 2.309 loading class com/android/dx/dex/file/AnnotationSetRefItem
Event: 2.309 loading class com/android/dx/dex/file/AnnotationSetRefItem done
Event: 2.314 loading class com/android/dx/cf/code/SwitchList
Event: 2.314 loading class com/android/dx/cf/code/SwitchList done
Event: 2.370 loading class java/util/ArrayList$1
Event: 2.371 loading class java/util/ArrayList$1 done


Dynamic libraries:
0x00007ff614890000 - 0x00007ff6148c1000 	C:\Program Files\Android\Android Studio\jre\bin\java.exe
0x00007ffff36b0000 - 0x00007ffff3871000 	C:\WINDOWS\SYSTEM32\ntdll.dll
0x00007ffff2410000 - 0x00007ffff24bd000 	C:\WINDOWS\system32\KERNEL32.DLL
0x00007fffefdb0000 - 0x00007fffeff98000 	C:\WINDOWS\system32\KERNELBASE.dll
0x00007ffff3540000 - 0x00007ffff35e7000 	C:\WINDOWS\system32\ADVAPI32.dll
0x00007ffff2020000 - 0x00007ffff20bd000 	C:\WINDOWS\system32\msvcrt.dll
0x00007ffff20c0000 - 0x00007ffff211b000 	C:\WINDOWS\system32\sechost.dll
0x00007ffff2120000 - 0x00007ffff223c000 	C:\WINDOWS\system32\RPCRT4.dll
0x00007ffff33e0000 - 0x00007ffff3536000 	C:\WINDOWS\system32\USER32.dll
0x00007ffff2e70000 - 0x00007ffff2ff6000 	C:\WINDOWS\system32\GDI32.dll
0x00007fffe8b80000 - 0x00007fffe8df4000 	C:\WINDOWS\WinSxS\amd64_microsoft.windows.common-controls_6595b64144ccf1df_6.0.10586.589_none_a2ddb3caa539acce\COMCTL32.dll
0x00007ffff2bf0000 - 0x00007ffff2e6d000 	C:\WINDOWS\system32\combase.dll
0x00007ffff0900000 - 0x00007ffff096a000 	C:\WINDOWS\system32\bcryptPrimitives.dll
0x00007ffff33a0000 - 0x00007ffff33db000 	C:\WINDOWS\system32\IMM32.DLL
0x0000000052470000 - 0x0000000052542000 	C:\Program Files\Android\Android Studio\jre\jre\bin\msvcr100.dll
0x0000000052630000 - 0x0000000052e64000 	C:\Program Files\Android\Android Studio\jre\jre\bin\server\jvm.dll
0x00007ffff3180000 - 0x00007ffff3188000 	C:\WINDOWS\system32\PSAPI.DLL
0x00007fffd2020000 - 0x00007fffd2029000 	C:\WINDOWS\SYSTEM32\WSOCK32.dll
0x00007fffee010000 - 0x00007fffee033000 	C:\WINDOWS\SYSTEM32\WINMM.dll
0x00007ffff3000000 - 0x00007ffff306b000 	C:\WINDOWS\system32\WS2_32.dll
0x00007fffe8eb0000 - 0x00007fffe8eba000 	C:\WINDOWS\SYSTEM32\VERSION.dll
0x00007fffedef0000 - 0x00007fffedf1c000 	C:\WINDOWS\SYSTEM32\WINMMBASE.dll
0x00007fffefd60000 - 0x00007fffefda3000 	C:\WINDOWS\system32\cfgmgr32.dll
0x00007fffed250000 - 0x00007fffed25f000 	C:\Program Files\Android\Android Studio\jre\jre\bin\verify.dll
0x00007fffe9970000 - 0x00007fffe9999000 	C:\Program Files\Android\Android Studio\jre\jre\bin\java.dll
0x00007fffe9950000 - 0x00007fffe9966000 	C:\Program Files\Android\Android Studio\jre\jre\bin\zip.dll
0x00007ffff0ab0000 - 0x00007ffff200c000 	C:\WINDOWS\system32\SHELL32.dll
0x00007ffff0000000 - 0x00007ffff0645000 	C:\WINDOWS\system32\windows.storage.dll
0x00007ffff2ac0000 - 0x00007ffff2b12000 	C:\WINDOWS\system32\shlwapi.dll
0x00007fffefcd0000 - 0x00007fffefcdf000 	C:\WINDOWS\system32\kernel.appcore.dll
0x00007ffff0650000 - 0x00007ffff0705000 	C:\WINDOWS\system32\shcore.dll
0x00007fffefce0000 - 0x00007fffefd2b000 	C:\WINDOWS\system32\powrprof.dll
0x00007fffefd30000 - 0x00007fffefd44000 	C:\WINDOWS\system32\profapi.dll

VM Arguments:
jvm_args: -Djava.awt.headless=true -Xmx1024M -Dfile.encoding=windows-1251 -Duser.country=RU -Duser.language=ru -Duser.variant 
java_command: com.android.dx.command.Main --dex --force-jumbo --num-threads=4 --multi-dex --output C:\Users\ren95\AndroidStudioProjects\circles\app\build\intermediates\transforms\dex\debug\folders\1000\10\com.android.support-support-vector-drawable-23.3.0_a3db7e87bb502d45216384a46d47059792d3f7c8 C:\Users\ren95\AndroidStudioProjects\circles\app\build\intermediates\exploded-aar\com.android.support\support-vector-drawable\23.3.0\jars\classes.jar
java_class_path (initial): C:\Users\ren95\AppData\Local\Android\sdk\build-tools\23.0.3\lib\dx.jar
Launcher Type: SUN_STANDARD

Environment Variables:
PATH=C:\ProgramData\Oracle\Java\javapath;C:\WINDOWS\system32;C:\WINDOWS;C:\WINDOWS\System32\Wbem;C:\WINDOWS\System32\WindowsPowerShell\v1.0\;C:\Program Files\Git\cmd
USERNAME=ren95
OS=Windows_NT
PROCESSOR_IDENTIFIER=Intel64 Family 6 Model 58 Stepping 9, GenuineIntel



---------------  S Y S T E M  ---------------

OS: Windows 10.0 , 64 bit Build 10586 (10.0.10586.589)

CPU:total 8 (4 cores per cpu, 2 threads per core) family 6 model 58 stepping 9, cmov, cx8, fxsr, mmx, sse, sse2, sse3, ssse3, sse4.1, sse4.2, popcnt, avx, aes, clmul, erms, ht, tsc, tscinvbit, tscinv

Memory: 4k page, physical 8266736k(962668k free), swap 8266736k(5148k free)

vm_info: OpenJDK 64-Bit Server VM (25.76-b03) for windows-amd64 JRE (1.8.0_76-release-b03), built on Jun 29 2016 19:09:20 by "ralucas" with MS VC++ 10.0 (VS2010)

time: Wed Oct 12 21:07:58 2016
elapsed time: 2 seconds (0d 0h 0m 2s)

