#
# There is insufficient memory for the Java Runtime Environment to continue.
# Native memory allocation (malloc) failed to allocate 123536 bytes for Chunk::new
# Possible reasons:
#   The system is out of physical RAM or swap space
#   In 32 bit mode, the process size limit was hit
# Possible solutions:
#   Reduce memory load on the system
#   Increase physical memory or swap space
#   Check if swap backing store is full
#   Use 64 bit Java on a 64 bit OS
#   Decrease Java heap size (-Xmx/-Xms)
#   Decrease number of Java threads
#   Decrease Java thread stack sizes (-Xss)
#   Set larger code cache with -XX:ReservedCodeCacheSize=
# This output file may be truncated or incomplete.
#
#  Out of Memory Error (allocation.cpp:390), pid=16200, tid=0x00000000000027ec
#
# JRE version: OpenJDK Runtime Environment (8.0_76-b03) (build 1.8.0_76-release-b03)
# Java VM: OpenJDK 64-Bit Server VM (25.76-b03 mixed mode windows-amd64 compressed oops)
# Failed to write core dump. Minidumps are not enabled by default on client versions of Windows
#

---------------  T H R E A D  ---------------

Current thread (0x00000000178f3000):  JavaThread "C2 CompilerThread2" daemon [_thread_in_native, id=10220, stack(0x00000000182b0000,0x00000000183b0000)]

Stack: [0x00000000182b0000,0x00000000183b0000]
[error occurred during error reporting (printing stack bounds), id 0xc0000005]

Native frames: (J=compiled Java code, j=interpreted, Vv=VM code, C=native code)


Current CompileTask:
C2:   3127 1682 %     4       sun.security.provider.SHA::implCompress @ 12 (491 bytes)


---------------  P R O C E S S  ---------------

Java Threads: ( => current thread )
  0x0000000017a86000 JavaThread "pool-1-thread-1" [_thread_in_Java, id=3884, stack(0x000000001b350000,0x000000001b450000)]
  0x0000000017971000 JavaThread "Service Thread" daemon [_thread_blocked, id=9568, stack(0x00000000184b0000,0x00000000185b0000)]
  0x00000000159fd000 JavaThread "C1 CompilerThread3" daemon [_thread_blocked, id=7892, stack(0x00000000183b0000,0x00000000184b0000)]
=>0x00000000178f3000 JavaThread "C2 CompilerThread2" daemon [_thread_in_native, id=10220, stack(0x00000000182b0000,0x00000000183b0000)]
  0x00000000178ee000 JavaThread "C2 CompilerThread1" daemon [_thread_blocked, id=5548, stack(0x00000000181b0000,0x00000000182b0000)]
  0x00000000178eb000 JavaThread "C2 CompilerThread0" daemon [_thread_blocked, id=14384, stack(0x00000000180b0000,0x00000000181b0000)]
  0x00000000178e9000 JavaThread "Attach Listener" daemon [_thread_blocked, id=13184, stack(0x0000000017fb0000,0x00000000180b0000)]
  0x00000000178e8000 JavaThread "Signal Dispatcher" daemon [_thread_blocked, id=11876, stack(0x0000000017eb0000,0x0000000017fb0000)]
  0x00000000159f1800 JavaThread "Finalizer" daemon [_thread_blocked, id=4188, stack(0x0000000017cc0000,0x0000000017dc0000)]
  0x0000000002ec6000 JavaThread "Reference Handler" daemon [_thread_blocked, id=10288, stack(0x00000000177c0000,0x00000000178c0000)]
  0x0000000002dd0800 JavaThread "main" [_thread_blocked, id=15108, stack(0x0000000002cd0000,0x0000000002dd0000)]

Other Threads:
  0x00000000159e5000 VMThread [stack: 0x00000000176c0000,0x00000000177c0000] [id=11848]
  0x0000000017972000 WatcherThread [stack: 0x00000000185b0000,0x00000000186b0000] [id=15132]

VM state:not at safepoint (normal execution)

VM Mutex/Monitor currently owned by a thread: None

Heap:
 PSYoungGen      total 71680K, used 30328K [0x00000000eab00000, 0x00000000ef600000, 0x0000000100000000)
  eden space 66560K, 37% used [0x00000000eab00000,0x00000000ec3a59b0,0x00000000eec00000)
  from space 5120K, 99% used [0x00000000ef100000,0x00000000ef5f86f0,0x00000000ef600000)
  to   space 5120K, 0% used [0x00000000eec00000,0x00000000eec00000,0x00000000ef100000)
 ParOldGen       total 87552K, used 17032K [0x00000000c0000000, 0x00000000c5580000, 0x00000000eab00000)
  object space 87552K, 19% used [0x00000000c0000000,0x00000000c10a2320,0x00000000c5580000)
 Metaspace       used 6240K, capacity 7152K, committed 7296K, reserved 1056768K
  class space    used 604K, capacity 616K, committed 640K, reserved 1048576K

Card table byte_map: [0x0000000012290000,0x00000000124a0000] byte_map_base: 0x0000000011c90000

Marking Bits: (ParMarkBitMap*) 0x0000000064dc9d00
 Begin Bits: [0x0000000012e00000, 0x0000000013e00000)
 End Bits:   [0x0000000013e00000, 0x0000000014e00000)

Polling page: 0x0000000001020000

CodeCache: size=245760Kb used=6627Kb max_used=6634Kb free=239132Kb
 bounds [0x0000000002ed0000, 0x0000000003560000, 0x0000000011ed0000]
 total_blobs=1923 nmethods=1655 adapters=182
 compilation: enabled

Compilation events (10 events):
Event: 3.118 Thread 0x00000000159fd000 1678       3       java.lang.Integer::reverseBytes (26 bytes)
Event: 3.118 Thread 0x00000000159fd000 nmethod 1678 0x0000000003543610 code [0x0000000003543760, 0x00000000035438b0]
Event: 3.119 Thread 0x00000000178ee000 1679       4       java.lang.Integer::reverseBytes (26 bytes)
Event: 3.119 Thread 0x00000000178ee000 nmethod 1679 0x000000000354ba90 code [0x000000000354bbc0, 0x000000000354bc38]
Event: 3.120 Thread 0x00000000159fd000 1680       3       sun.security.provider.SHA::implCompress (491 bytes)
Event: 3.121 Thread 0x00000000159fd000 nmethod 1680 0x000000000354be50 code [0x000000000354c040, 0x000000000354c928]
Event: 3.121 Thread 0x00000000159fd000 1681       3       sun.security.provider.ByteArrayAccess::b2iBig64 (614 bytes)
Event: 3.121 Thread 0x00000000178eb000 nmethod 1675 0x000000000354b150 code [0x000000000354b2a0, 0x000000000354b778]
Event: 3.122 Thread 0x00000000178f3000 1682 %     4       sun.security.provider.SHA::implCompress @ 12 (491 bytes)
Event: 3.122 Thread 0x00000000159fd000 nmethod 1681 0x000000000354f290 code [0x000000000354f4a0, 0x0000000003550268]

GC Heap History (4 events):
Event: 0.855 GC heap before
{Heap before GC invocations=1 (full 0):
 PSYoungGen      total 38400K, used 33280K [0x00000000eab00000, 0x00000000ed580000, 0x0000000100000000)
  eden space 33280K, 100% used [0x00000000eab00000,0x00000000ecb80000,0x00000000ecb80000)
  from space 5120K, 0% used [0x00000000ed080000,0x00000000ed080000,0x00000000ed580000)
  to   space 5120K, 0% used [0x00000000ecb80000,0x00000000ecb80000,0x00000000ed080000)
 ParOldGen       total 87552K, used 0K [0x00000000c0000000, 0x00000000c5580000, 0x00000000eab00000)
  object space 87552K, 0% used [0x00000000c0000000,0x00000000c0000000,0x00000000c5580000)
 Metaspace       used 5625K, capacity 6832K, committed 7040K, reserved 1056768K
  class space    used 556K, capacity 616K, committed 640K, reserved 1048576K
Event: 0.901 GC heap after
Heap after GC invocations=1 (full 0):
 PSYoungGen      total 38400K, used 5104K [0x00000000eab00000, 0x00000000ef600000, 0x0000000100000000)
  eden space 33280K, 0% used [0x00000000eab00000,0x00000000eab00000,0x00000000ecb80000)
  from space 5120K, 99% used [0x00000000ecb80000,0x00000000ed07c010,0x00000000ed080000)
  to   space 5120K, 0% used [0x00000000ef100000,0x00000000ef100000,0x00000000ef600000)
 ParOldGen       total 87552K, used 4243K [0x00000000c0000000, 0x00000000c5580000, 0x00000000eab00000)
  object space 87552K, 4% used [0x00000000c0000000,0x00000000c0424db8,0x00000000c5580000)
 Metaspace       used 5625K, capacity 6832K, committed 7040K, reserved 1056768K
  class space    used 556K, capacity 616K, committed 640K, reserved 1048576K
}
Event: 1.417 GC heap before
{Heap before GC invocations=2 (full 0):
 PSYoungGen      total 38400K, used 38384K [0x00000000eab00000, 0x00000000ef600000, 0x0000000100000000)
  eden space 33280K, 100% used [0x00000000eab00000,0x00000000ecb80000,0x00000000ecb80000)
  from space 5120K, 99% used [0x00000000ecb80000,0x00000000ed07c010,0x00000000ed080000)
  to   space 5120K, 0% used [0x00000000ef100000,0x00000000ef100000,0x00000000ef600000)
 ParOldGen       total 87552K, used 4243K [0x00000000c0000000, 0x00000000c5580000, 0x00000000eab00000)
  object space 87552K, 4% used [0x00000000c0000000,0x00000000c0424db8,0x00000000c5580000)
 Metaspace       used 5684K, capacity 6896K, committed 7040K, reserved 1056768K
  class space    used 557K, capacity 616K, committed 640K, reserved 1048576K
Event: 1.486 GC heap after
Heap after GC invocations=2 (full 0):
 PSYoungGen      total 71680K, used 5089K [0x00000000eab00000, 0x00000000ef600000, 0x0000000100000000)
  eden space 66560K, 0% used [0x00000000eab00000,0x00000000eab00000,0x00000000eec00000)
  from space 5120K, 99% used [0x00000000ef100000,0x00000000ef5f86f0,0x00000000ef600000)
  to   space 5120K, 0% used [0x00000000eec00000,0x00000000eec00000,0x00000000ef100000)
 ParOldGen       total 87552K, used 17032K [0x00000000c0000000, 0x00000000c5580000, 0x00000000eab00000)
  object space 87552K, 19% used [0x00000000c0000000,0x00000000c10a2320,0x00000000c5580000)
 Metaspace       used 5684K, capacity 6896K, committed 7040K, reserved 1056768K
  class space    used 557K, capacity 616K, committed 640K, reserved 1048576K
}

Deoptimization events (10 events):
Event: 2.405 Thread 0x0000000017a86000 Uncommon trap: reason=class_check action=maybe_recompile pc=0x0000000003373c84 method=java.util.HashMap.putVal(ILjava/lang/Object;Ljava/lang/Object;ZZ)Ljava/lang/Object; @ 203
Event: 2.581 Thread 0x0000000017a86000 Uncommon trap: reason=bimorphic action=maybe_recompile pc=0x000000000312ba18 method=java.util.HashMap.getNode(ILjava/lang/Object;)Ljava/util/HashMap$Node; @ 126
Event: 2.582 Thread 0x0000000017a86000 Uncommon trap: reason=bimorphic action=maybe_recompile pc=0x000000000312ba18 method=java.util.HashMap.getNode(ILjava/lang/Object;)Ljava/util/HashMap$Node; @ 126
Event: 2.583 Thread 0x0000000017a86000 Uncommon trap: reason=bimorphic action=maybe_recompile pc=0x000000000312ba18 method=java.util.HashMap.getNode(ILjava/lang/Object;)Ljava/util/HashMap$Node; @ 126
Event: 2.774 Thread 0x0000000017a86000 Uncommon trap: reason=unstable_if action=reinterpret pc=0x00000000034dcdd0 method=com.android.dx.dex.code.LocalList$MakeState.snapshot(ILcom/android/dx/rop/code/RegisterSpecSet;)V @ 46
Event: 3.007 Thread 0x0000000017a86000 Uncommon trap: reason=unstable_if action=reinterpret pc=0x00000000035098d8 method=com.android.dx.util.ByteArrayAnnotatedOutput.writeByte(I)V @ 13
Event: 3.097 Thread 0x0000000017a86000 Uncommon trap: reason=unstable_if action=reinterpret pc=0x00000000031ef82c method=java.util.Arrays.copyOf([Ljava/lang/Object;ILjava/lang/Class;)[Ljava/lang/Object; @ 3
Event: 3.100 Thread 0x0000000017a86000 Uncommon trap: reason=class_check action=maybe_recompile pc=0x0000000003495e7c method=java.util.HashMap.putVal(ILjava/lang/Object;Ljava/lang/Object;ZZ)Ljava/lang/Object; @ 56
Event: 3.100 Thread 0x0000000017a86000 Uncommon trap: reason=class_check action=maybe_recompile pc=0x0000000003495f08 method=java.util.HashMap.putVal(ILjava/lang/Object;Ljava/lang/Object;ZZ)Ljava/lang/Object; @ 152
Event: 3.100 Thread 0x0000000017a86000 Uncommon trap: reason=class_check action=maybe_recompile pc=0x0000000003495e7c method=java.util.HashMap.putVal(ILjava/lang/Object;Ljava/lang/Object;ZZ)Ljava/lang/Object; @ 56

Internal exceptions (2 events):
Event: 0.034 Thread 0x0000000002dd0800 Exception <a 'java/lang/NoSuchMethodError': Method sun.misc.Unsafe.defineClass(Ljava/lang/String;[BII)Ljava/lang/Class; name or signature does not match> (0x00000000eab07cc0) thrown at [C:\src\android\AOSP-openjdk\external\jetbrains\jdk\hotspot\src\share\v9Tè'N¡?
Event: 0.034 Thread 0x0000000002dd0800 Exception <a 'java/lang/NoSuchMethodError': Method sun.misc.Unsafe.prefetchRead(Ljava/lang/Object;J)V name or signature does not match> (0x00000000eab07fa8) thrown at [C:\src\android\AOSP-openjdk\external\jetbrains\jdk\hotspot\src\share\vm\prims\jni.cpp, l

Events (10 events):
Event: 3.116 loading class sun/security/provider/SHA
Event: 3.116 loading class sun/security/provider/DigestBase
Event: 3.117 loading class sun/security/provider/DigestBase done
Event: 3.117 loading class sun/security/provider/SHA done
Event: 3.117 loading class sun/security/jca/GetInstance$Instance
Event: 3.117 loading class sun/security/jca/GetInstance$Instance done
Event: 3.117 loading class java/security/MessageDigest$Delegate
Event: 3.117 loading class java/security/MessageDigest$Delegate done
Event: 3.117 loading class sun/security/provider/ByteArrayAccess
Event: 3.117 loading class sun/security/provider/ByteArrayAccess done


Dynamic libraries:
0x00007ff6e47b0000 - 0x00007ff6e47e1000 	C:\Program Files\Android\Android Studio\jre\bin\java.exe
0x00007ffe5a290000 - 0x00007ffe5a451000 	C:\WINDOWS\SYSTEM32\ntdll.dll
0x00007ffe58070000 - 0x00007ffe5811d000 	C:\WINDOWS\system32\KERNEL32.DLL
0x00007ffe574a0000 - 0x00007ffe57688000 	C:\WINDOWS\system32\KERNELBASE.dll
0x00007ffe57950000 - 0x00007ffe579f7000 	C:\WINDOWS\system32\ADVAPI32.dll
0x00007ffe57c30000 - 0x00007ffe57ccd000 	C:\WINDOWS\system32\msvcrt.dll
0x00007ffe59b10000 - 0x00007ffe59b6b000 	C:\WINDOWS\system32\sechost.dll
0x00007ffe57cd0000 - 0x00007ffe57dec000 	C:\WINDOWS\system32\RPCRT4.dll
0x00007ffe577f0000 - 0x00007ffe57946000 	C:\WINDOWS\system32\USER32.dll
0x00007ffe57df0000 - 0x00007ffe57f76000 	C:\WINDOWS\system32\GDI32.dll
0x00007ffe4f430000 - 0x00007ffe4f6a4000 	C:\WINDOWS\WinSxS\amd64_microsoft.windows.common-controls_6595b64144ccf1df_6.0.10586.589_none_a2ddb3caa539acce\COMCTL32.dll
0x00007ffe58270000 - 0x00007ffe584ed000 	C:\WINDOWS\system32\combase.dll
0x00007ffe57210000 - 0x00007ffe5727a000 	C:\WINDOWS\system32\bcryptPrimitives.dll
0x00007ffe577a0000 - 0x00007ffe577db000 	C:\WINDOWS\system32\IMM32.DLL
0x0000000065070000 - 0x0000000065142000 	C:\Program Files\Android\Android Studio\jre\jre\bin\msvcr100.dll
0x0000000064610000 - 0x0000000064e44000 	C:\Program Files\Android\Android Studio\jre\jre\bin\server\jvm.dll
0x00007ffe584f0000 - 0x00007ffe584f8000 	C:\WINDOWS\system32\PSAPI.DLL
0x00007ffe3dd20000 - 0x00007ffe3dd29000 	C:\WINDOWS\SYSTEM32\WSOCK32.dll
0x00007ffe54bc0000 - 0x00007ffe54be3000 	C:\WINDOWS\SYSTEM32\WINMM.dll
0x00007ffe57f80000 - 0x00007ffe57feb000 	C:\WINDOWS\system32\WS2_32.dll
0x00007ffe4f7a0000 - 0x00007ffe4f7aa000 	C:\WINDOWS\SYSTEM32\VERSION.dll
0x00007ffe54ad0000 - 0x00007ffe54afc000 	C:\WINDOWS\SYSTEM32\WINMMBASE.dll
0x00007ffe57280000 - 0x00007ffe572c3000 	C:\WINDOWS\system32\cfgmgr32.dll
0x00007ffe503f0000 - 0x00007ffe503ff000 	C:\Program Files\Android\Android Studio\jre\jre\bin\verify.dll
0x00007ffe496f0000 - 0x00007ffe49719000 	C:\Program Files\Android\Android Studio\jre\jre\bin\java.dll
0x00007ffe50390000 - 0x00007ffe503a6000 	C:\Program Files\Android\Android Studio\jre\jre\bin\zip.dll
0x00007ffe58500000 - 0x00007ffe59a5c000 	C:\WINDOWS\system32\SHELL32.dll
0x00007ffe56b60000 - 0x00007ffe571a5000 	C:\WINDOWS\system32\windows.storage.dll
0x00007ffe57ff0000 - 0x00007ffe58042000 	C:\WINDOWS\system32\shlwapi.dll
0x00007ffe56920000 - 0x00007ffe5692f000 	C:\WINDOWS\system32\kernel.appcore.dll
0x00007ffe569f0000 - 0x00007ffe56aa5000 	C:\WINDOWS\system32\shcore.dll
0x00007ffe568d0000 - 0x00007ffe5691b000 	C:\WINDOWS\system32\powrprof.dll
0x00007ffe568b0000 - 0x00007ffe568c4000 	C:\WINDOWS\system32\profapi.dll

VM Arguments:
jvm_args: -Djava.awt.headless=true -Xmx1024M -Dfile.encoding=windows-1251 -Duser.country=RU -Duser.language=ru -Duser.variant 
java_command: com.android.dx.command.Main --dex --force-jumbo --num-threads=4 --multi-dex --output C:\Users\ren95\AndroidStudioProjects\circles\app\build\intermediates\transforms\dex\debug\folders\1000\5\slice_3 C:\Users\ren95\AndroidStudioProjects\circles\app\build\intermediates\transforms\instantRunSlicer\debug\folders\1\5\slice_3
java_class_path (initial): C:\Users\ren95\AppData\Local\Android\sdk\build-tools\23.0.3\lib\dx.jar
Launcher Type: SUN_STANDARD

Environment Variables:
PATH=C:\ProgramData\Oracle\Java\javapath;C:\WINDOWS\system32;C:\WINDOWS;C:\WINDOWS\System32\Wbem;C:\WINDOWS\System32\WindowsPowerShell\v1.0\;C:\Program Files\Git\cmd
USERNAME=ren95
OS=Windows_NT
PROCESSOR_IDENTIFIER=Intel64 Family 6 Model 58 Stepping 9, GenuineIntel



---------------  S Y S T E M  ---------------

OS: Windows 10.0 , 64 bit Build 10586 (10.0.10586.589)

CPU:total 8 (4 cores per cpu, 2 threads per core) family 6 model 58 stepping 9, cmov, cx8, fxsr, mmx, sse, sse2, sse3, ssse3, sse4.1, sse4.2, popcnt, avx, aes, clmul, erms, ht, tsc, tscinvbit, tscinv

Memory: 4k page, physical 8266736k(1278480k free), swap 8266736k(2020k free)

vm_info: OpenJDK 64-Bit Server VM (25.76-b03) for windows-amd64 JRE (1.8.0_76-release-b03), built on Jun 29 2016 19:09:20 by "ralucas" with MS VC++ 10.0 (VS2010)

time: Wed Oct 12 02:54:25 2016
elapsed time: 3 seconds (0d 0h 0m 3s)

