#
# There is insufficient memory for the Java Runtime Environment to continue.
# Native memory allocation (malloc) failed to allocate 850736 bytes for Chunk::new
# Possible reasons:
#   The system is out of physical RAM or swap space
#   In 32 bit mode, the process size limit was hit
# Possible solutions:
#   Reduce memory load on the system
#   Increase physical memory or swap space
#   Check if swap backing store is full
#   Use 64 bit Java on a 64 bit OS
#   Decrease Java heap size (-Xmx/-Xms)
#   Decrease number of Java threads
#   Decrease Java thread stack sizes (-Xss)
#   Set larger code cache with -XX:ReservedCodeCacheSize=
# This output file may be truncated or incomplete.
#
#  Out of Memory Error (allocation.cpp:390), pid=12488, tid=0x000000000000282c
#
# JRE version: OpenJDK Runtime Environment (8.0_76-b03) (build 1.8.0_76-release-b03)
# Java VM: OpenJDK 64-Bit Server VM (25.76-b03 mixed mode windows-amd64 compressed oops)
# Failed to write core dump. Minidumps are not enabled by default on client versions of Windows
#

---------------  T H R E A D  ---------------

Current thread (0x0000000017871800):  JavaThread "C2 CompilerThread1" daemon [_thread_in_native, id=10284, stack(0x0000000018130000,0x0000000018230000)]

Stack: [0x0000000018130000,0x0000000018230000]
[error occurred during error reporting (printing stack bounds), id 0xc0000005]

Native frames: (J=compiled Java code, j=interpreted, Vv=VM code, C=native code)


Current CompileTask:
C2:   4350 2071 %     4       com.android.dx.dex.code.OutputFinisher::getAllConstants @ 18 (47 bytes)


---------------  P R O C E S S  ---------------

Java Threads: ( => current thread )
  0x0000000017bc4000 JavaThread "pool-1-thread-1" [_thread_in_Java, id=3748, stack(0x000000001c2a0000,0x000000001c3a0000)]
  0x00000000178e3800 JavaThread "Service Thread" daemon [_thread_blocked, id=12816, stack(0x0000000018430000,0x0000000018530000)]
  0x00000000178c3000 JavaThread "C1 CompilerThread3" daemon [_thread_blocked, id=8924, stack(0x0000000018330000,0x0000000018430000)]
  0x0000000017872800 JavaThread "C2 CompilerThread2" daemon [_thread_in_native, id=9396, stack(0x0000000018230000,0x0000000018330000)]
=>0x0000000017871800 JavaThread "C2 CompilerThread1" daemon [_thread_in_native, id=10284, stack(0x0000000018130000,0x0000000018230000)]
  0x000000001786c000 JavaThread "C2 CompilerThread0" daemon [_thread_in_native, id=13448, stack(0x0000000018030000,0x0000000018130000)]
  0x000000001786a000 JavaThread "Attach Listener" daemon [_thread_blocked, id=14068, stack(0x0000000017f30000,0x0000000018030000)]
  0x0000000017875800 JavaThread "Signal Dispatcher" daemon [_thread_blocked, id=14572, stack(0x0000000017e30000,0x0000000017f30000)]
  0x0000000002e2c800 JavaThread "Finalizer" daemon [_thread_blocked, id=8932, stack(0x0000000017c40000,0x0000000017d40000)]
  0x0000000002e24000 JavaThread "Reference Handler" daemon [_thread_blocked, id=16064, stack(0x0000000017740000,0x0000000017840000)]
  0x0000000002d30800 JavaThread "main" [_thread_blocked, id=15168, stack(0x0000000002c30000,0x0000000002d30000)]

Other Threads:
  0x0000000015945000 VMThread [stack: 0x0000000017640000,0x0000000017740000] [id=6012]
  0x00000000178e4800 WatcherThread [stack: 0x0000000018530000,0x0000000018630000] [id=15864]

VM state:not at safepoint (normal execution)

VM Mutex/Monitor currently owned by a thread: None

Heap:
 PSYoungGen      total 56832K, used 6541K [0x00000000eab00000, 0x00000000f5400000, 0x0000000100000000)
  eden space 51712K, 2% used [0x00000000eab00000,0x00000000eac67310,0x00000000edd80000)
  from space 5120K, 99% used [0x00000000ef100000,0x00000000ef5fc398,0x00000000ef600000)
  to   space 19968K, 0% used [0x00000000edd80000,0x00000000edd80000,0x00000000ef100000)
 ParOldGen       total 87552K, used 44317K [0x00000000c0000000, 0x00000000c5580000, 0x00000000eab00000)
  object space 87552K, 50% used [0x00000000c0000000,0x00000000c2b47588,0x00000000c5580000)
 Metaspace       used 6708K, capacity 7416K, committed 7552K, reserved 1056768K
  class space    used 617K, capacity 624K, committed 640K, reserved 1048576K

Card table byte_map: [0x00000000121f0000,0x0000000012400000] byte_map_base: 0x0000000011bf0000

Marking Bits: (ParMarkBitMap*) 0x0000000064dc9d00
 Begin Bits: [0x0000000012d60000, 0x0000000013d60000)
 End Bits:   [0x0000000013d60000, 0x0000000014d60000)

Polling page: 0x0000000001550000

CodeCache: size=245760Kb used=9448Kb max_used=9448Kb free=236311Kb
 bounds [0x0000000002e30000, 0x0000000003780000, 0x0000000011e30000]
 total_blobs=2512 nmethods=2243 adapters=182
 compilation: enabled

Compilation events (10 events):
Event: 4.320 Thread 0x00000000178c3000 2323 %     3       com.android.dx.dex.code.StdCatchBuilder::build @ 33 (262 bytes)
Event: 4.324 Thread 0x00000000178c3000 nmethod 2323% 0x000000000376a650 code [0x000000000376ab60, 0x000000000376e668]
Event: 4.324 Thread 0x00000000178c3000 2324       1       com.android.dx.rop.cst.CstKnownNull::fitsInInt (2 bytes)
Event: 4.324 Thread 0x00000000178c3000 nmethod 2324 0x0000000003771890 code [0x00000000037719e0, 0x0000000003771af0]
Event: 4.324 Thread 0x00000000178c3000 2325       1       com.android.dx.rop.cst.CstKnownNull::getIntBits (2 bytes)
Event: 4.324 Thread 0x00000000178c3000 nmethod 2325 0x0000000003771b50 code [0x0000000003771ca0, 0x0000000003771db0]
Event: 4.327 Thread 0x00000000178c3000 2326       2       com.android.dx.dex.code.TargetInsn::withRegisters (21 bytes)
Event: 4.328 Thread 0x00000000178c3000 nmethod 2326 0x0000000003771e10 code [0x0000000003771f80, 0x0000000003772258]
Event: 4.331 Thread 0x00000000178c3000 2327       2       com.android.dx.dex.code.form.Form22t::isCompatible (72 bytes)
Event: 4.332 Thread 0x00000000178c3000 nmethod 2327 0x00000000037723d0 code [0x0000000003772580, 0x0000000003772a98]

GC Heap History (10 events):
Event: 1.827 GC heap before
{Heap before GC invocations=2 (full 0):
 PSYoungGen      total 38400K, used 38380K [0x00000000eab00000, 0x00000000ef600000, 0x0000000100000000)
  eden space 33280K, 100% used [0x00000000eab00000,0x00000000ecb80000,0x00000000ecb80000)
  from space 5120K, 99% used [0x00000000ecb80000,0x00000000ed07b040,0x00000000ed080000)
  to   space 5120K, 0% used [0x00000000ef100000,0x00000000ef100000,0x00000000ef600000)
 ParOldGen       total 87552K, used 1294K [0x00000000c0000000, 0x00000000c5580000, 0x00000000eab00000)
  object space 87552K, 1% used [0x00000000c0000000,0x00000000c0143b78,0x00000000c5580000)
 Metaspace       used 6148K, capacity 7088K, committed 7296K, reserved 1056768K
  class space    used 579K, capacity 616K, committed 640K, reserved 1048576K
Event: 1.854 GC heap after
Heap after GC invocations=2 (full 0):
 PSYoungGen      total 71680K, used 5109K [0x00000000eab00000, 0x00000000ef600000, 0x0000000100000000)
  eden space 66560K, 0% used [0x00000000eab00000,0x00000000eab00000,0x00000000eec00000)
  from space 5120K, 99% used [0x00000000ef100000,0x00000000ef5fd4e8,0x00000000ef600000)
  to   space 5120K, 0% used [0x00000000eec00000,0x00000000eec00000,0x00000000ef100000)
 ParOldGen       total 87552K, used 5271K [0x00000000c0000000, 0x00000000c5580000, 0x00000000eab00000)
  object space 87552K, 6% used [0x00000000c0000000,0x00000000c0525ee8,0x00000000c5580000)
 Metaspace       used 6148K, capacity 7088K, committed 7296K, reserved 1056768K
  class space    used 579K, capacity 616K, committed 640K, reserved 1048576K
}
Event: 2.763 GC heap before
{Heap before GC invocations=3 (full 0):
 PSYoungGen      total 71680K, used 71669K [0x00000000eab00000, 0x00000000ef600000, 0x0000000100000000)
  eden space 66560K, 100% used [0x00000000eab00000,0x00000000eec00000,0x00000000eec00000)
  from space 5120K, 99% used [0x00000000ef100000,0x00000000ef5fd4e8,0x00000000ef600000)
  to   space 5120K, 0% used [0x00000000eec00000,0x00000000eec00000,0x00000000ef100000)
 ParOldGen       total 87552K, used 5271K [0x00000000c0000000, 0x00000000c5580000, 0x00000000eab00000)
  object space 87552K, 6% used [0x00000000c0000000,0x00000000c0525ee8,0x00000000c5580000)
 Metaspace       used 6239K, capacity 7152K, committed 7296K, reserved 1056768K
  class space    used 579K, capacity 616K, committed 640K, reserved 1048576K
Event: 2.861 GC heap after
Heap after GC invocations=3 (full 0):
 PSYoungGen      total 71680K, used 5111K [0x00000000eab00000, 0x00000000ef600000, 0x0000000100000000)
  eden space 66560K, 0% used [0x00000000eab00000,0x00000000eab00000,0x00000000eec00000)
  from space 5120K, 99% used [0x00000000eec00000,0x00000000ef0fdc58,0x00000000ef100000)
  to   space 5120K, 0% used [0x00000000ef100000,0x00000000ef100000,0x00000000ef600000)
 ParOldGen       total 87552K, used 15241K [0x00000000c0000000, 0x00000000c5580000, 0x00000000eab00000)
  object space 87552K, 17% used [0x00000000c0000000,0x00000000c0ee26e8,0x00000000c5580000)
 Metaspace       used 6239K, capacity 7152K, committed 7296K, reserved 1056768K
  class space    used 579K, capacity 616K, committed 640K, reserved 1048576K
}
Event: 3.169 GC heap before
{Heap before GC invocations=4 (full 0):
 PSYoungGen      total 71680K, used 71671K [0x00000000eab00000, 0x00000000ef600000, 0x0000000100000000)
  eden space 66560K, 100% used [0x00000000eab00000,0x00000000eec00000,0x00000000eec00000)
  from space 5120K, 99% used [0x00000000eec00000,0x00000000ef0fdc58,0x00000000ef100000)
  to   space 5120K, 0% used [0x00000000ef100000,0x00000000ef100000,0x00000000ef600000)
 ParOldGen       total 87552K, used 15241K [0x00000000c0000000, 0x00000000c5580000, 0x00000000eab00000)
  object space 87552K, 17% used [0x00000000c0000000,0x00000000c0ee26e8,0x00000000c5580000)
 Metaspace       used 6347K, capacity 7154K, committed 7296K, reserved 1056768K
  class space    used 598K, capacity 618K, committed 640K, reserved 1048576K
Event: 3.232 GC heap after
Heap after GC invocations=4 (full 0):
 PSYoungGen      total 71680K, used 5105K [0x00000000eab00000, 0x00000000ef600000, 0x0000000100000000)
  eden space 66560K, 0% used [0x00000000eab00000,0x00000000eab00000,0x00000000eec00000)
  from space 5120K, 99% used [0x00000000ef100000,0x00000000ef5fc490,0x00000000ef600000)
  to   space 5120K, 0% used [0x00000000eec00000,0x00000000eec00000,0x00000000ef100000)
 ParOldGen       total 87552K, used 24540K [0x00000000c0000000, 0x00000000c5580000, 0x00000000eab00000)
  object space 87552K, 28% used [0x00000000c0000000,0x00000000c17f7078,0x00000000c5580000)
 Metaspace       used 6347K, capacity 7154K, committed 7296K, reserved 1056768K
  class space    used 598K, capacity 618K, committed 640K, reserved 1048576K
}
Event: 3.526 GC heap before
{Heap before GC invocations=5 (full 0):
 PSYoungGen      total 71680K, used 71665K [0x00000000eab00000, 0x00000000ef600000, 0x0000000100000000)
  eden space 66560K, 100% used [0x00000000eab00000,0x00000000eec00000,0x00000000eec00000)
  from space 5120K, 99% used [0x00000000ef100000,0x00000000ef5fc490,0x00000000ef600000)
  to   space 5120K, 0% used [0x00000000eec00000,0x00000000eec00000,0x00000000ef100000)
 ParOldGen       total 87552K, used 24540K [0x00000000c0000000, 0x00000000c5580000, 0x00000000eab00000)
  object space 87552K, 28% used [0x00000000c0000000,0x00000000c17f7078,0x00000000c5580000)
 Metaspace       used 6383K, capacity 7154K, committed 7296K, reserved 1056768K
  class space    used 598K, capacity 618K, committed 640K, reserved 1048576K
Event: 3.589 GC heap after
Heap after GC invocations=5 (full 0):
 PSYoungGen      total 71680K, used 5091K [0x00000000eab00000, 0x00000000ef600000, 0x0000000100000000)
  eden space 66560K, 0% used [0x00000000eab00000,0x00000000eab00000,0x00000000eec00000)
  from space 5120K, 99% used [0x00000000eec00000,0x00000000ef0f8f90,0x00000000ef100000)
  to   space 5120K, 0% used [0x00000000ef100000,0x00000000ef100000,0x00000000ef600000)
 ParOldGen       total 87552K, used 35000K [0x00000000c0000000, 0x00000000c5580000, 0x00000000eab00000)
  object space 87552K, 39% used [0x00000000c0000000,0x00000000c222e2b8,0x00000000c5580000)
 Metaspace       used 6383K, capacity 7154K, committed 7296K, reserved 1056768K
  class space    used 598K, capacity 618K, committed 640K, reserved 1048576K
}
Event: 4.264 GC heap before
{Heap before GC invocations=6 (full 0):
 PSYoungGen      total 71680K, used 71651K [0x00000000eab00000, 0x00000000ef600000, 0x0000000100000000)
  eden space 66560K, 100% used [0x00000000eab00000,0x00000000eec00000,0x00000000eec00000)
  from space 5120K, 99% used [0x00000000eec00000,0x00000000ef0f8f90,0x00000000ef100000)
  to   space 5120K, 0% used [0x00000000ef100000,0x00000000ef100000,0x00000000ef600000)
 ParOldGen       total 87552K, used 35000K [0x00000000c0000000, 0x00000000c5580000, 0x00000000eab00000)
  object space 87552K, 39% used [0x00000000c0000000,0x00000000c222e2b8,0x00000000c5580000)
 Metaspace       used 6697K, capacity 7416K, committed 7552K, reserved 1056768K
  class space    used 617K, capacity 624K, committed 640K, reserved 1048576K
Event: 4.285 GC heap after
Heap after GC invocations=6 (full 0):
 PSYoungGen      total 56832K, used 5104K [0x00000000eab00000, 0x00000000f5400000, 0x0000000100000000)
  eden space 51712K, 0% used [0x00000000eab00000,0x00000000eab00000,0x00000000edd80000)
  from space 5120K, 99% used [0x00000000ef100000,0x00000000ef5fc398,0x00000000ef600000)
  to   space 19968K, 0% used [0x00000000edd80000,0x00000000edd80000,0x00000000ef100000)
 ParOldGen       total 87552K, used 44317K [0x00000000c0000000, 0x00000000c5580000, 0x00000000eab00000)
  object space 87552K, 50% used [0x00000000c0000000,0x00000000c2b47588,0x00000000c5580000)
 Metaspace       used 6697K, capacity 7416K, committed 7552K, reserved 1056768K
  class space    used 617K, capacity 624K, committed 640K, reserved 1048576K
}

Deoptimization events (10 events):
Event: 3.917 Thread 0x0000000017bc4000 Uncommon trap: reason=class_check action=maybe_recompile pc=0x000000000326fac8 method=java.util.Arrays.hashCode([Ljava/lang/Object;)I @ 43
Event: 3.917 Thread 0x0000000017bc4000 Uncommon trap: reason=class_check action=maybe_recompile pc=0x000000000326fac8 method=java.util.Arrays.hashCode([Ljava/lang/Object;)I @ 43
Event: 3.917 Thread 0x0000000017bc4000 Uncommon trap: reason=class_check action=maybe_recompile pc=0x000000000326fac8 method=java.util.Arrays.hashCode([Ljava/lang/Object;)I @ 43
Event: 3.917 Thread 0x0000000017bc4000 Uncommon trap: reason=class_check action=maybe_recompile pc=0x000000000326fac8 method=java.util.Arrays.hashCode([Ljava/lang/Object;)I @ 43
Event: 3.918 Thread 0x0000000017bc4000 Uncommon trap: reason=class_check action=maybe_recompile pc=0x000000000327bd74 method=java.util.Arrays.hashCode([Ljava/lang/Object;)I @ 43
Event: 4.170 Thread 0x0000000017bc4000 Uncommon trap: reason=speculate_class_check action=maybe_recompile pc=0x000000000317ad9c method=com.android.dx.util.FixedSizeList.equals(Ljava/lang/Object;)Z @ 25
Event: 4.213 Thread 0x0000000017bc4000 Uncommon trap: reason=speculate_class_check action=maybe_recompile pc=0x000000000317ad9c method=com.android.dx.util.FixedSizeList.equals(Ljava/lang/Object;)Z @ 25
Event: 4.214 Thread 0x0000000017bc4000 Uncommon trap: reason=speculate_class_check action=maybe_recompile pc=0x000000000317ad9c method=com.android.dx.util.FixedSizeList.equals(Ljava/lang/Object;)Z @ 25
Event: 4.214 Thread 0x0000000017bc4000 Uncommon trap: reason=speculate_class_check action=maybe_recompile pc=0x000000000317ad9c method=com.android.dx.util.FixedSizeList.equals(Ljava/lang/Object;)Z @ 25
Event: 4.253 Thread 0x0000000017bc4000 Uncommon trap: reason=unstable_if action=reinterpret pc=0x00000000034a190c method=java.util.TreeMap.put(Ljava/lang/Object;Ljava/lang/Object;)Ljava/lang/Object; @ 163

Internal exceptions (5 events):
Event: 0.037 Thread 0x0000000002d30800 Exception <a 'java/lang/NoSuchMethodError': Method sun.misc.Unsafe.defineClass(Ljava/lang/String;[BII)Ljava/lang/Class; name or signature does not match> (0x00000000eab07cc0) thrown at [C:\src\android\AOSP-openjdk\external\jetbrains\jdk\hotspot\src\share\vyèHÕå&£?
Event: 0.037 Thread 0x0000000002d30800 Exception <a 'java/lang/NoSuchMethodError': Method sun.misc.Unsafe.prefetchRead(Ljava/lang/Object;J)V name or signature does not match> (0x00000000eab07fa8) thrown at [C:\src\android\AOSP-openjdk\external\jetbrains\jdk\hotspot\src\share\vm\prims\jni.cpp, læ¯j∆Óï@
Event: 3.073 Thread 0x0000000018633800 Exception <a 'java/lang/ArrayIndexOutOfBoundsException': 18> (0x00000000ed40ed50) thrown at [C:\src\android\AOSP-openjdk\external\jetbrains\jdk\hotspot\src\share\vm\interpreter\interpreterRuntime.cpp, line 366]
Event: 3.074 Thread 0x0000000018633800 Exception <a 'java/lang/ArrayIndexOutOfBoundsException'> (0x00000000ed4108d0) thrown at [C:\src\android\AOSP-openjdk\external\jetbrains\jdk\hotspot\src\share\vm\runtime\sharedRuntime.cpp, line 605]
Event: 3.075 Thread 0x0000000018633800 Exception <a 'java/lang/ArrayIndexOutOfBoundsException'> (0x00000000ed411bb8) thrown at [C:\src\android\AOSP-openjdk\external\jetbrains\jdk\hotspot\src\share\vm\runtime\sharedRuntime.cpp, line 605]

Events (10 events):
Event: 4.253 Thread 0x0000000017bc4000 DEOPT PACKING pc=0x00000000034a190c sp=0x000000001c39eb00
Event: 4.253 Thread 0x0000000017bc4000 DEOPT UNPACKING pc=0x0000000002e7556a sp=0x000000001c39eaa0 mode 2
Event: 4.259 Thread 0x0000000017bc4000 DEOPT PACKING pc=0x0000000003701462 sp=0x000000001c39e8b0
Event: 4.259 Thread 0x0000000017bc4000 DEOPT UNPACKING pc=0x0000000002e775bf sp=0x000000001c39e630 mode 0
Event: 4.264 Executing VM operation: ParallelGCFailedAllocation
Event: 4.285 Executing VM operation: ParallelGCFailedAllocation done
Event: 4.293 Thread 0x0000000017bc4000 DEOPT PACKING pc=0x0000000003714bb0 sp=0x000000001c39ea20
Event: 4.293 Thread 0x0000000017bc4000 DEOPT UNPACKING pc=0x0000000002e775bf sp=0x000000001c39e7e8 mode 0
Event: 4.299 Thread 0x0000000017bc4000 DEOPT PACKING pc=0x000000000370b940 sp=0x000000001c39e920
Event: 4.299 Thread 0x0000000017bc4000 DEOPT UNPACKING pc=0x0000000002e775bf sp=0x000000001c39e648 mode 0


Dynamic libraries:
0x00007ff6e47b0000 - 0x00007ff6e47e1000 	C:\Program Files\Android\Android Studio\jre\bin\java.exe
0x00007ffe5a290000 - 0x00007ffe5a451000 	C:\WINDOWS\SYSTEM32\ntdll.dll
0x00007ffe58070000 - 0x00007ffe5811d000 	C:\WINDOWS\system32\KERNEL32.DLL
0x00007ffe574a0000 - 0x00007ffe57688000 	C:\WINDOWS\system32\KERNELBASE.dll
0x00007ffe57950000 - 0x00007ffe579f7000 	C:\WINDOWS\system32\ADVAPI32.dll
0x00007ffe57c30000 - 0x00007ffe57ccd000 	C:\WINDOWS\system32\msvcrt.dll
0x00007ffe59b10000 - 0x00007ffe59b6b000 	C:\WINDOWS\system32\sechost.dll
0x00007ffe57cd0000 - 0x00007ffe57dec000 	C:\WINDOWS\system32\RPCRT4.dll
0x00007ffe577f0000 - 0x00007ffe57946000 	C:\WINDOWS\system32\USER32.dll
0x00007ffe57df0000 - 0x00007ffe57f76000 	C:\WINDOWS\system32\GDI32.dll
0x00007ffe4f430000 - 0x00007ffe4f6a4000 	C:\WINDOWS\WinSxS\amd64_microsoft.windows.common-controls_6595b64144ccf1df_6.0.10586.589_none_a2ddb3caa539acce\COMCTL32.dll
0x00007ffe58270000 - 0x00007ffe584ed000 	C:\WINDOWS\system32\combase.dll
0x00007ffe57210000 - 0x00007ffe5727a000 	C:\WINDOWS\system32\bcryptPrimitives.dll
0x00007ffe577a0000 - 0x00007ffe577db000 	C:\WINDOWS\system32\IMM32.DLL
0x0000000065070000 - 0x0000000065142000 	C:\Program Files\Android\Android Studio\jre\jre\bin\msvcr100.dll
0x0000000064610000 - 0x0000000064e44000 	C:\Program Files\Android\Android Studio\jre\jre\bin\server\jvm.dll
0x00007ffe584f0000 - 0x00007ffe584f8000 	C:\WINDOWS\system32\PSAPI.DLL
0x00007ffe3dd20000 - 0x00007ffe3dd29000 	C:\WINDOWS\SYSTEM32\WSOCK32.dll
0x00007ffe57f80000 - 0x00007ffe57feb000 	C:\WINDOWS\system32\WS2_32.dll
0x00007ffe54bc0000 - 0x00007ffe54be3000 	C:\WINDOWS\SYSTEM32\WINMM.dll
0x00007ffe4f7a0000 - 0x00007ffe4f7aa000 	C:\WINDOWS\SYSTEM32\VERSION.dll
0x00007ffe54ad0000 - 0x00007ffe54afc000 	C:\WINDOWS\SYSTEM32\WINMMBASE.dll
0x00007ffe57280000 - 0x00007ffe572c3000 	C:\WINDOWS\system32\cfgmgr32.dll
0x00007ffe503f0000 - 0x00007ffe503ff000 	C:\Program Files\Android\Android Studio\jre\jre\bin\verify.dll
0x00007ffe496f0000 - 0x00007ffe49719000 	C:\Program Files\Android\Android Studio\jre\jre\bin\java.dll
0x00007ffe50390000 - 0x00007ffe503a6000 	C:\Program Files\Android\Android Studio\jre\jre\bin\zip.dll
0x00007ffe58500000 - 0x00007ffe59a5c000 	C:\WINDOWS\system32\SHELL32.dll
0x00007ffe56b60000 - 0x00007ffe571a5000 	C:\WINDOWS\system32\windows.storage.dll
0x00007ffe57ff0000 - 0x00007ffe58042000 	C:\WINDOWS\system32\shlwapi.dll
0x00007ffe56920000 - 0x00007ffe5692f000 	C:\WINDOWS\system32\kernel.appcore.dll
0x00007ffe569f0000 - 0x00007ffe56aa5000 	C:\WINDOWS\system32\shcore.dll
0x00007ffe568d0000 - 0x00007ffe5691b000 	C:\WINDOWS\system32\powrprof.dll
0x00007ffe568b0000 - 0x00007ffe568c4000 	C:\WINDOWS\system32\profapi.dll

VM Arguments:
jvm_args: -Djava.awt.headless=true -Xmx1024M -Dfile.encoding=windows-1251 -Duser.country=RU -Duser.language=ru -Duser.variant 
java_command: com.android.dx.command.Main --dex --force-jumbo --num-threads=4 --multi-dex --output C:\Users\ren95\AndroidStudioProjects\circles\app\build\intermediates\transforms\dex\debug\folders\1000\10\com.android.support-appcompat-v7-23.3.0_83297df2d3bcc813589df2658ded72fcd9440bb4 C:\Users\ren95\AndroidStudioProjects\circles\app\build\intermediates\exploded-aar\com.android.support\appcompat-v7\23.3.0\jars\classes.jar
java_class_path (initial): C:\Users\ren95\AppData\Local\Android\sdk\build-tools\23.0.3\lib\dx.jar
Launcher Type: SUN_STANDARD

Environment Variables:
PATH=C:\ProgramData\Oracle\Java\javapath;C:\WINDOWS\system32;C:\WINDOWS;C:\WINDOWS\System32\Wbem;C:\WINDOWS\System32\WindowsPowerShell\v1.0\;C:\Program Files\Git\cmd
USERNAME=ren95
OS=Windows_NT
PROCESSOR_IDENTIFIER=Intel64 Family 6 Model 58 Stepping 9, GenuineIntel



---------------  S Y S T E M  ---------------

OS: Windows 10.0 , 64 bit Build 10586 (10.0.10586.589)

CPU:total 8 (4 cores per cpu, 2 threads per core) family 6 model 58 stepping 9, cmov, cx8, fxsr, mmx, sse, sse2, sse3, ssse3, sse4.1, sse4.2, popcnt, avx, aes, clmul, erms, ht, tsc, tscinvbit, tscinv

Memory: 4k page, physical 8266736k(1360212k free), swap 8266736k(5612k free)

vm_info: OpenJDK 64-Bit Server VM (25.76-b03) for windows-amd64 JRE (1.8.0_76-release-b03), built on Jun 29 2016 19:09:20 by "ralucas" with MS VC++ 10.0 (VS2010)

time: Wed Oct 12 02:54:30 2016
elapsed time: 4 seconds (0d 0h 0m 4s)

