#
# There is insufficient memory for the Java Runtime Environment to continue.
# Native memory allocation (malloc) failed to allocate 303536 bytes for Chunk::new
# Possible reasons:
#   The system is out of physical RAM or swap space
#   In 32 bit mode, the process size limit was hit
# Possible solutions:
#   Reduce memory load on the system
#   Increase physical memory or swap space
#   Check if swap backing store is full
#   Use 64 bit Java on a 64 bit OS
#   Decrease Java heap size (-Xmx/-Xms)
#   Decrease number of Java threads
#   Decrease Java thread stack sizes (-Xss)
#   Set larger code cache with -XX:ReservedCodeCacheSize=
# This output file may be truncated or incomplete.
#
#  Out of Memory Error (allocation.cpp:390), pid=10416, tid=0x0000000000000d9c
#
# JRE version: OpenJDK Runtime Environment (8.0_76-b03) (build 1.8.0_76-release-b03)
# Java VM: OpenJDK 64-Bit Server VM (25.76-b03 mixed mode windows-amd64 compressed oops)
# Failed to write core dump. Minidumps are not enabled by default on client versions of Windows
#

---------------  T H R E A D  ---------------

Current thread (0x00000000175db000):  JavaThread "C2 CompilerThread0" daemon [_thread_in_native, id=3484, stack(0x0000000017da0000,0x0000000017ea0000)]

Stack: [0x0000000017da0000,0x0000000017ea0000]
[error occurred during error reporting (printing stack bounds), id 0xc0000005]

Native frames: (J=compiled Java code, j=interpreted, Vv=VM code, C=native code)


Current CompileTask:
C2:   1562 1267   !   4       com.android.dx.cf.code.BytecodeArray::parseInstruction (2764 bytes)


---------------  P R O C E S S  ---------------

Java Threads: ( => current thread )
  0x0000000017787000 JavaThread "pool-2-thread-2" [_thread_in_Java, id=9072, stack(0x00000000185a0000,0x00000000186a0000)]
  0x0000000017784800 JavaThread "pool-3-thread-1" [_thread_blocked, id=3864, stack(0x00000000184a0000,0x00000000185a0000)]
  0x000000001766c800 JavaThread "Service Thread" daemon [_thread_blocked, id=12168, stack(0x00000000181a0000,0x00000000182a0000)]
  0x00000000156f9000 JavaThread "C1 CompilerThread3" daemon [_thread_blocked, id=14676, stack(0x00000000180a0000,0x00000000181a0000)]
  0x00000000175df000 JavaThread "C2 CompilerThread2" daemon [_thread_in_native, id=11832, stack(0x0000000017fa0000,0x00000000180a0000)]
  0x00000000175de000 JavaThread "C2 CompilerThread1" daemon [_thread_in_native, id=9792, stack(0x0000000017ea0000,0x0000000017fa0000)]
=>0x00000000175db000 JavaThread "C2 CompilerThread0" daemon [_thread_in_native, id=3484, stack(0x0000000017da0000,0x0000000017ea0000)]
  0x00000000175d8800 JavaThread "Attach Listener" daemon [_thread_blocked, id=4732, stack(0x0000000017ca0000,0x0000000017da0000)]
  0x00000000175e6800 JavaThread "Signal Dispatcher" daemon [_thread_blocked, id=4712, stack(0x0000000017ba0000,0x0000000017ca0000)]
  0x00000000175d0800 JavaThread "Finalizer" daemon [_thread_blocked, id=14888, stack(0x00000000179b0000,0x0000000017ab0000)]
  0x0000000002bc4000 JavaThread "Reference Handler" daemon [_thread_blocked, id=7868, stack(0x00000000174b0000,0x00000000175b0000)]
  0x0000000002ad0800 JavaThread "main" [_thread_blocked, id=13832, stack(0x0000000002930000,0x0000000002a30000)]

Other Threads:
  0x00000000156e5000 VMThread [stack: 0x00000000173b0000,0x00000000174b0000] [id=11300]
  0x0000000017675000 WatcherThread [stack: 0x00000000182a0000,0x00000000183a0000] [id=8268]

VM state:not at safepoint (normal execution)

VM Mutex/Monitor currently owned by a thread: None

Heap:
 PSYoungGen      total 38400K, used 10486K [0x00000000eab00000, 0x00000000ed580000, 0x0000000100000000)
  eden space 33280K, 16% used [0x00000000eab00000,0x00000000eb042218,0x00000000ecb80000)
  from space 5120K, 99% used [0x00000000ecb80000,0x00000000ed07b658,0x00000000ed080000)
  to   space 5120K, 0% used [0x00000000ed080000,0x00000000ed080000,0x00000000ed580000)
 ParOldGen       total 87552K, used 1439K [0x00000000c0000000, 0x00000000c5580000, 0x00000000eab00000)
  object space 87552K, 1% used [0x00000000c0000000,0x00000000c0167ec0,0x00000000c5580000)
 Metaspace       used 5968K, capacity 6960K, committed 7040K, reserved 1056768K
  class space    used 581K, capacity 616K, committed 640K, reserved 1048576K

Card table byte_map: [0x0000000011f90000,0x00000000121a0000] byte_map_base: 0x0000000011990000

Marking Bits: (ParMarkBitMap*) 0x0000000064dc9d00
 Begin Bits: [0x0000000012b00000, 0x0000000013b00000)
 End Bits:   [0x0000000013b00000, 0x0000000014b00000)

Polling page: 0x0000000000d60000

CodeCache: size=245760Kb used=5112Kb max_used=5127Kb free=240647Kb
 bounds [0x0000000002bd0000, 0x00000000030e0000, 0x0000000011bd0000]
 total_blobs=1541 nmethods=1270 adapters=185
 compilation: enabled

Compilation events (10 events):
Event: 1.474 Thread 0x00000000156f9000 1277       1       java.util.concurrent.locks.AbstractQueuedSynchronizer::getState (5 bytes)
Event: 1.474 Thread 0x00000000156f9000 nmethod 1277 0x00000000030a6990 code [0x00000000030a6ae0, 0x00000000030a6bf0]
Event: 1.474 Thread 0x00000000156f9000 1278       1       java.util.concurrent.locks.AbstractOwnableSynchronizer::getExclusiveOwnerThread (5 bytes)
Event: 1.474 Thread 0x00000000156f9000 nmethod 1278 0x00000000030a2a50 code [0x00000000030a2ba0, 0x00000000030a2cb0]
Event: 1.504 Thread 0x00000000175df000 nmethod 1248 0x00000000030d5290 code [0x00000000030d54e0, 0x00000000030d69e0]
Event: 1.504 Thread 0x00000000175df000 1276       4       com.android.dx.rop.cst.Constant::compareTo (9 bytes)
Event: 1.505 Thread 0x00000000175df000 nmethod 1276 0x00000000030aac90 code [0x00000000030aae00, 0x00000000030ab018]
Event: 1.505 Thread 0x00000000175df000 1268       4       java.util.ArrayList::subListRangeCheck (110 bytes)
Event: 1.506 Thread 0x00000000175df000 nmethod 1268 0x00000000030c7e50 code [0x00000000030c7f80, 0x00000000030c8018]
Event: 1.506 Thread 0x00000000175df000 1262       4       com.android.dx.ssa.back.FirstFitLocalCombiningAllocator$1::processInsn (169 bytes)

GC Heap History (2 events):
Event: 1.361 GC heap before
{Heap before GC invocations=1 (full 0):
 PSYoungGen      total 38400K, used 33280K [0x00000000eab00000, 0x00000000ed580000, 0x0000000100000000)
  eden space 33280K, 100% used [0x00000000eab00000,0x00000000ecb80000,0x00000000ecb80000)
  from space 5120K, 0% used [0x00000000ed080000,0x00000000ed080000,0x00000000ed580000)
  to   space 5120K, 0% used [0x00000000ecb80000,0x00000000ecb80000,0x00000000ed080000)
 ParOldGen       total 87552K, used 0K [0x00000000c0000000, 0x00000000c5580000, 0x00000000eab00000)
  object space 87552K, 0% used [0x00000000c0000000,0x00000000c0000000,0x00000000c5580000)
 Metaspace       used 5918K, capacity 6896K, committed 7040K, reserved 1056768K
  class space    used 581K, capacity 616K, committed 640K, reserved 1048576K
Event: 1.372 GC heap after
Heap after GC invocations=1 (full 0):
 PSYoungGen      total 38400K, used 5101K [0x00000000eab00000, 0x00000000ed580000, 0x0000000100000000)
  eden space 33280K, 0% used [0x00000000eab00000,0x00000000eab00000,0x00000000ecb80000)
  from space 5120K, 99% used [0x00000000ecb80000,0x00000000ed07b658,0x00000000ed080000)
  to   space 5120K, 0% used [0x00000000ed080000,0x00000000ed080000,0x00000000ed580000)
 ParOldGen       total 87552K, used 1439K [0x00000000c0000000, 0x00000000c5580000, 0x00000000eab00000)
  object space 87552K, 1% used [0x00000000c0000000,0x00000000c0167ec0,0x00000000c5580000)
 Metaspace       used 5918K, capacity 6896K, committed 7040K, reserved 1056768K
  class space    used 581K, capacity 616K, committed 640K, reserved 1048576K
}

Deoptimization events (10 events):
Event: 1.271 Thread 0x00000000178cd800 Uncommon trap: reason=null_check action=make_not_entrant pc=0x0000000002e59b60 method=com.android.dx.rop.type.Type.equals(Ljava/lang/Object;)Z @ 8
Event: 1.274 Thread 0x0000000017782800 Uncommon trap: reason=bimorphic action=maybe_recompile pc=0x0000000002df17d0 method=java.util.HashMap.getNode(ILjava/lang/Object;)Ljava/util/HashMap$Node; @ 126
Event: 1.274 Thread 0x0000000017782800 Uncommon trap: reason=class_check action=maybe_recompile pc=0x0000000002f8ec50 method=java.util.HashMap.putVal(ILjava/lang/Object;Ljava/lang/Object;ZZ)Ljava/lang/Object; @ 203
Event: 1.281 Thread 0x00000000178cd800 Uncommon trap: reason=unstable_if action=reinterpret pc=0x0000000002e65590 method=com.android.dx.rop.code.RegisterSpec.equals(ILcom/android/dx/rop/type/TypeBearer;Lcom/android/dx/rop/code/LocalItem;)Z @ 42
Event: 1.465 Thread 0x00000000178cd800 Uncommon trap: reason=bimorphic action=maybe_recompile pc=0x00000000030b905c method=com.android.dx.cf.code.BytecodeArray.parseInstruction(ILcom/android/dx/cf/code/BytecodeArray$Visitor;)I @ 971
Event: 1.465 Thread 0x00000000178cd800 Uncommon trap: reason=bimorphic action=maybe_recompile pc=0x00000000030b915c method=com.android.dx.cf.code.BytecodeArray.parseInstruction(ILcom/android/dx/cf/code/BytecodeArray$Visitor;)I @ 1035
Event: 1.465 Thread 0x00000000178cd800 Uncommon trap: reason=bimorphic action=maybe_recompile pc=0x00000000030b8ed4 method=com.android.dx.cf.code.BytecodeArray.parseInstruction(ILcom/android/dx/cf/code/BytecodeArray$Visitor;)I @ 923
Event: 1.465 Thread 0x00000000178cd800 Uncommon trap: reason=bimorphic action=maybe_recompile pc=0x00000000030b91d8 method=com.android.dx.cf.code.BytecodeArray.parseInstruction(ILcom/android/dx/cf/code/BytecodeArray$Visitor;)I @ 1051
Event: 1.465 Thread 0x00000000178cd800 Uncommon trap: reason=bimorphic action=maybe_recompile pc=0x00000000030b8f58 method=com.android.dx.cf.code.BytecodeArray.parseInstruction(ILcom/android/dx/cf/code/BytecodeArray$Visitor;)I @ 939
Event: 1.465 Thread 0x00000000178cd800 Uncommon trap: reason=bimorphic action=maybe_recompile pc=0x00000000030b91d8 method=com.android.dx.cf.code.BytecodeArray.parseInstruction(ILcom/android/dx/cf/code/BytecodeArray$Visitor;)I @ 1051

Internal exceptions (3 events):
Event: 0.042 Thread 0x0000000002ad0800 Exception <a 'java/lang/NoSuchMethodError': Method sun.misc.Unsafe.defineClass(Ljava/lang/String;[BII)Ljava/lang/Class; name or signature does not match> (0x00000000eab07cc0) thrown at [C:\src\android\AOSP-openjdk\external\jetbrains\jdk\hotspot\src\share\v<Ë#Ë=x¥?
Event: 0.042 Thread 0x0000000002ad0800 Exception <a 'java/lang/NoSuchMethodError': Method sun.misc.Unsafe.prefetchRead(Ljava/lang/Object;J)V name or signature does not match> (0x00000000eab07fa8) thrown at [C:\src\android\AOSP-openjdk\external\jetbrains\jdk\hotspot\src\share\vm\prims\jni.cpp, l$h©…„Vô?
Event: 1.271 Thread 0x00000000178cd800 Implicit null exception at 0x0000000002e59a62 to 0x0000000002e59b52

Events (10 events):
Event: 1.465 Thread 0x00000000178cd800 Uncommon trap: trap_request=0xffffffc6 fr.pc=0x00000000030b91d8
Event: 1.465 Thread 0x00000000178cd800 DEOPT PACKING pc=0x00000000030b91d8 sp=0x000000001879e910
Event: 1.465 Thread 0x00000000178cd800 DEOPT UNPACKING pc=0x0000000002c1556a sp=0x000000001879e888 mode 2
Event: 1.465 Thread 0x00000000178cd800 Uncommon trap: trap_request=0xffffffc6 fr.pc=0x00000000030b8f58
Event: 1.465 Thread 0x00000000178cd800 DEOPT PACKING pc=0x00000000030b8f58 sp=0x000000001879e910
Event: 1.465 Thread 0x00000000178cd800 DEOPT UNPACKING pc=0x0000000002c1556a sp=0x000000001879e888 mode 2
Event: 1.465 Thread 0x00000000178cd800 Uncommon trap: trap_request=0xffffffc6 fr.pc=0x00000000030b91d8
Event: 1.465 Thread 0x00000000178cd800 DEOPT PACKING pc=0x00000000030b91d8 sp=0x000000001879e910
Event: 1.465 Thread 0x00000000178cd800 DEOPT UNPACKING pc=0x0000000002c1556a sp=0x000000001879e888 mode 2
Event: 1.471 Thread 0x00000000178cd800 Thread exited: 0x00000000178cd800


Dynamic libraries:
0x00007ff6e47b0000 - 0x00007ff6e47e1000 	C:\Program Files\Android\Android Studio\jre\bin\java.exe
0x00007ffe5a290000 - 0x00007ffe5a451000 	C:\WINDOWS\SYSTEM32\ntdll.dll
0x00007ffe58070000 - 0x00007ffe5811d000 	C:\WINDOWS\system32\KERNEL32.DLL
0x00007ffe574a0000 - 0x00007ffe57688000 	C:\WINDOWS\system32\KERNELBASE.dll
0x00007ffe57950000 - 0x00007ffe579f7000 	C:\WINDOWS\system32\ADVAPI32.dll
0x00007ffe57c30000 - 0x00007ffe57ccd000 	C:\WINDOWS\system32\msvcrt.dll
0x00007ffe59b10000 - 0x00007ffe59b6b000 	C:\WINDOWS\system32\sechost.dll
0x00007ffe57cd0000 - 0x00007ffe57dec000 	C:\WINDOWS\system32\RPCRT4.dll
0x00007ffe577f0000 - 0x00007ffe57946000 	C:\WINDOWS\system32\USER32.dll
0x00007ffe57df0000 - 0x00007ffe57f76000 	C:\WINDOWS\system32\GDI32.dll
0x00007ffe4f430000 - 0x00007ffe4f6a4000 	C:\WINDOWS\WinSxS\amd64_microsoft.windows.common-controls_6595b64144ccf1df_6.0.10586.589_none_a2ddb3caa539acce\COMCTL32.dll
0x00007ffe58270000 - 0x00007ffe584ed000 	C:\WINDOWS\system32\combase.dll
0x00007ffe57210000 - 0x00007ffe5727a000 	C:\WINDOWS\system32\bcryptPrimitives.dll
0x00007ffe577a0000 - 0x00007ffe577db000 	C:\WINDOWS\system32\IMM32.DLL
0x0000000065070000 - 0x0000000065142000 	C:\Program Files\Android\Android Studio\jre\jre\bin\msvcr100.dll
0x0000000064610000 - 0x0000000064e44000 	C:\Program Files\Android\Android Studio\jre\jre\bin\server\jvm.dll
0x00007ffe584f0000 - 0x00007ffe584f8000 	C:\WINDOWS\system32\PSAPI.DLL
0x00007ffe54bc0000 - 0x00007ffe54be3000 	C:\WINDOWS\SYSTEM32\WINMM.dll
0x00007ffe4f7a0000 - 0x00007ffe4f7aa000 	C:\WINDOWS\SYSTEM32\VERSION.dll
0x00007ffe3dd20000 - 0x00007ffe3dd29000 	C:\WINDOWS\SYSTEM32\WSOCK32.dll
0x00007ffe54ad0000 - 0x00007ffe54afc000 	C:\WINDOWS\SYSTEM32\WINMMBASE.dll
0x00007ffe57280000 - 0x00007ffe572c3000 	C:\WINDOWS\system32\cfgmgr32.dll
0x00007ffe57f80000 - 0x00007ffe57feb000 	C:\WINDOWS\system32\WS2_32.dll
0x00007ffe503f0000 - 0x00007ffe503ff000 	C:\Program Files\Android\Android Studio\jre\jre\bin\verify.dll
0x00007ffe496f0000 - 0x00007ffe49719000 	C:\Program Files\Android\Android Studio\jre\jre\bin\java.dll
0x00007ffe50390000 - 0x00007ffe503a6000 	C:\Program Files\Android\Android Studio\jre\jre\bin\zip.dll
0x00007ffe58500000 - 0x00007ffe59a5c000 	C:\WINDOWS\system32\SHELL32.dll
0x00007ffe56b60000 - 0x00007ffe571a5000 	C:\WINDOWS\system32\windows.storage.dll
0x00007ffe57ff0000 - 0x00007ffe58042000 	C:\WINDOWS\system32\shlwapi.dll
0x00007ffe56920000 - 0x00007ffe5692f000 	C:\WINDOWS\system32\kernel.appcore.dll
0x00007ffe569f0000 - 0x00007ffe56aa5000 	C:\WINDOWS\system32\shcore.dll
0x00007ffe568d0000 - 0x00007ffe5691b000 	C:\WINDOWS\system32\powrprof.dll
0x00007ffe568b0000 - 0x00007ffe568c4000 	C:\WINDOWS\system32\profapi.dll

VM Arguments:
jvm_args: -Djava.awt.headless=true -Xmx1024M -Dfile.encoding=windows-1251 -Duser.country=RU -Duser.language=ru -Duser.variant 
java_command: com.android.dx.command.Main --dex --force-jumbo --num-threads=4 --multi-dex --output C:\Users\ren95\AndroidStudioProjects\circles\app\build\intermediates\transforms\dex\debug\folders\1000\10\com.android.support-support-vector-drawable-23.3.0_a3db7e87bb502d45216384a46d47059792d3f7c8 C:\Users\ren95\AndroidStudioProjects\circles\app\build\intermediates\exploded-aar\com.android.support\support-vector-drawable\23.3.0\jars\classes.jar
java_class_path (initial): C:\Users\ren95\AppData\Local\Android\sdk\build-tools\23.0.3\lib\dx.jar
Launcher Type: SUN_STANDARD

Environment Variables:
PATH=C:\ProgramData\Oracle\Java\javapath;C:\WINDOWS\system32;C:\WINDOWS;C:\WINDOWS\System32\Wbem;C:\WINDOWS\System32\WindowsPowerShell\v1.0\;C:\Program Files\Git\cmd
USERNAME=ren95
OS=Windows_NT
PROCESSOR_IDENTIFIER=Intel64 Family 6 Model 58 Stepping 9, GenuineIntel



---------------  S Y S T E M  ---------------

OS: Windows 10.0 , 64 bit Build 10586 (10.0.10586.589)

CPU:total 8 (4 cores per cpu, 2 threads per core) family 6 model 58 stepping 9, cmov, cx8, fxsr, mmx, sse, sse2, sse3, ssse3, sse4.1, sse4.2, popcnt, avx, aes, clmul, erms, ht, tsc, tscinvbit, tscinv

Memory: 4k page, physical 8266736k(1343740k free), swap 8266736k(4092k free)

vm_info: OpenJDK 64-Bit Server VM (25.76-b03) for windows-amd64 JRE (1.8.0_76-release-b03), built on Jun 29 2016 19:09:20 by "ralucas" with MS VC++ 10.0 (VS2010)

time: Wed Oct 12 02:51:30 2016
elapsed time: 1 seconds (0d 0h 0m 1s)

